2019-05-15 11:52:44,449 INFO (SpringApplication.java:597)- The following profiles are active: dev
2019-05-15 11:53:01,904 INFO (StartupInfoLogger.java:57)- Started ClientServiceApp in 21.99 seconds (JVM running for 24.743)
2019-05-15 12:00:57,843 INFO (SpringApplication.java:597)- The following profiles are active: dev
2019-05-15 21:26:47,960 INFO (SpringApplication.java:597)- The following profiles are active: dev
2019-05-15 21:27:04,349 INFO (StartupInfoLogger.java:57)- Started ClientServiceApp in 20.61 seconds (JVM running for 22.572)
2019-05-15 21:31:51,056 DEBUG (BaseJdbcLogger.java:159)- ==>  Preparing: SELECT id,user_id,canteen_id FROM user_collect WHERE canteen_id = ? 
2019-05-15 21:31:51,077 DEBUG (BaseJdbcLogger.java:159)- ==> Parameters: 8(Long)
2019-05-15 21:31:51,092 DEBUG (BaseJdbcLogger.java:159)- <==      Total: 1
2019-05-15 21:31:54,640 DEBUG (BaseJdbcLogger.java:159)- ==>  Preparing: SELECT id,user_id,canteen_id FROM user_collect WHERE canteen_id = ? 
2019-05-15 21:31:54,640 DEBUG (BaseJdbcLogger.java:159)- ==> Parameters: 9(Long)
2019-05-15 21:31:54,643 DEBUG (BaseJdbcLogger.java:159)- <==      Total: 0
2019-05-15 21:31:56,978 DEBUG (BaseJdbcLogger.java:159)- ==>  Preparing: SELECT id,user_id,canteen_id FROM user_collect WHERE canteen_id = ? 
2019-05-15 21:31:56,979 DEBUG (BaseJdbcLogger.java:159)- ==> Parameters: 8(Long)
2019-05-15 21:31:56,983 DEBUG (BaseJdbcLogger.java:159)- <==      Total: 1
2019-05-15 21:33:16,315 DEBUG (BaseJdbcLogger.java:159)- ==>  Preparing: SELECT id,user_id,canteen_id FROM user_collect WHERE canteen_id = ? 
2019-05-15 21:33:16,318 DEBUG (BaseJdbcLogger.java:159)- ==> Parameters: 8(Long)
2019-05-15 21:33:16,323 DEBUG (BaseJdbcLogger.java:159)- <==      Total: 1
2019-05-15 21:34:12,895 DEBUG (BaseJdbcLogger.java:159)- ==>  Preparing: SELECT id,user_id,canteen_id FROM user_collect WHERE canteen_id = ? 
2019-05-15 21:34:12,896 DEBUG (BaseJdbcLogger.java:159)- ==> Parameters: 8(Long)
2019-05-15 21:34:12,898 DEBUG (BaseJdbcLogger.java:159)- <==      Total: 1
2019-05-15 21:37:29,295 DEBUG (BaseJdbcLogger.java:159)- ==>  Preparing: SELECT id,user_id,canteen_id FROM user_collect WHERE user_id = ? AND canteen_id = ? 
2019-05-15 21:37:29,298 DEBUG (BaseJdbcLogger.java:159)- ==> Parameters: 75(Integer), 8(Long)
2019-05-15 21:37:29,301 DEBUG (BaseJdbcLogger.java:159)- <==      Total: 0
