2019-05-16 10:42:07,386 INFO (SpringApplication.java:597)- The following profiles are active: dev
2019-05-16 10:42:26,158 INFO (StartupInfoLogger.java:57)- Started ClientServiceApp in 23.039 seconds (JVM running for 25.494)
2019-05-16 10:44:21,870 DEBUG (BaseJdbcLogger.java:159)- ==>  Preparing: SELECT id,user_id,canteen_id FROM user_collect WHERE canteen_id = ? 
2019-05-16 10:44:21,897 DEBUG (BaseJdbcLogger.java:159)- ==> Parameters: 8(Long)
2019-05-16 10:44:21,914 DEBUG (BaseJdbcLogger.java:159)- <==      Total: 1
2019-05-16 10:46:20,911 DEBUG (BaseJdbcLogger.java:159)- ==>  Preparing: SELECT id,user_id,canteen_id FROM user_collect WHERE canteen_id = ? 
2019-05-16 10:46:20,912 DEBUG (BaseJdbcLogger.java:159)- ==> Parameters: 8(Long)
2019-05-16 10:46:20,915 DEBUG (BaseJdbcLogger.java:159)- <==      Total: 1
2019-05-16 10:48:18,965 DEBUG (BaseJdbcLogger.java:159)- ==>  Preparing: SELECT id,user_id,canteen_id FROM user_collect WHERE canteen_id = ? 
2019-05-16 10:48:18,967 DEBUG (BaseJdbcLogger.java:159)- ==> Parameters: 8(Long)
2019-05-16 10:48:18,973 DEBUG (BaseJdbcLogger.java:159)- <==      Total: 1
2019-05-16 10:49:43,558 DEBUG (BaseJdbcLogger.java:159)- ==>  Preparing: SELECT id,user_id,canteen_id FROM user_collect WHERE user_id = ? AND canteen_id = ? 
2019-05-16 10:49:43,561 DEBUG (BaseJdbcLogger.java:159)- ==> Parameters: 75(Integer), 8(Long)
2019-05-16 10:49:43,564 DEBUG (BaseJdbcLogger.java:159)- <==      Total: 0
2019-05-16 10:50:01,958 DEBUG (BaseJdbcLogger.java:159)- ==>  Preparing: SELECT id,user_id,canteen_id FROM user_collect WHERE user_id = ? AND canteen_id = ? 
2019-05-16 10:50:01,959 DEBUG (BaseJdbcLogger.java:159)- ==> Parameters: 75(Integer), 8(Long)
2019-05-16 10:50:01,962 DEBUG (BaseJdbcLogger.java:159)- <==      Total: 0
2019-05-16 10:50:08,105 DEBUG (BaseJdbcLogger.java:159)- ==>  Preparing: SELECT id,user_id,canteen_id FROM user_collect WHERE user_id = ? AND canteen_id = ? 
2019-05-16 10:50:08,106 DEBUG (BaseJdbcLogger.java:159)- ==> Parameters: 75(Integer), 8(Long)
2019-05-16 10:50:08,109 DEBUG (BaseJdbcLogger.java:159)- <==      Total: 0
2019-05-16 10:50:24,436 DEBUG (BaseJdbcLogger.java:159)- ==>  Preparing: SELECT id,user_id,canteen_id FROM user_collect WHERE user_id = ? AND canteen_id = ? 
2019-05-16 10:50:24,438 DEBUG (BaseJdbcLogger.java:159)- ==> Parameters: 75(Integer), 8(Long)
2019-05-16 10:50:24,442 DEBUG (BaseJdbcLogger.java:159)- <==      Total: 0
2019-05-16 10:50:38,855 DEBUG (BaseJdbcLogger.java:159)- ==>  Preparing: SELECT id,user_id,canteen_id FROM user_collect WHERE user_id = ? AND canteen_id = ? 
2019-05-16 10:50:38,856 DEBUG (BaseJdbcLogger.java:159)- ==> Parameters: 75(Integer), 8(Long)
2019-05-16 10:50:38,859 DEBUG (BaseJdbcLogger.java:159)- <==      Total: 0
2019-05-16 10:52:04,010 DEBUG (BaseJdbcLogger.java:159)- ==>  Preparing: SELECT id,user_id,canteen_id FROM user_collect WHERE user_id = ? AND canteen_id = ? 
2019-05-16 10:52:04,011 DEBUG (BaseJdbcLogger.java:159)- ==> Parameters: 75(Integer), 8(Long)
2019-05-16 10:52:04,015 DEBUG (BaseJdbcLogger.java:159)- <==      Total: 0
2019-05-16 10:52:20,811 DEBUG (BaseJdbcLogger.java:159)- ==>  Preparing: SELECT id,user_id,canteen_id FROM user_collect WHERE user_id = ? AND canteen_id = ? 
2019-05-16 10:52:20,813 DEBUG (BaseJdbcLogger.java:159)- ==> Parameters: 75(Integer), 8(Long)
2019-05-16 10:52:20,815 DEBUG (BaseJdbcLogger.java:159)- <==      Total: 0
2019-05-16 10:52:41,556 DEBUG (BaseJdbcLogger.java:159)- ==>  Preparing: SELECT id,user_id,canteen_id FROM user_collect WHERE user_id = ? AND canteen_id = ? 
2019-05-16 10:52:41,558 DEBUG (BaseJdbcLogger.java:159)- ==> Parameters: 75(Integer), 8(Long)
2019-05-16 10:52:41,565 DEBUG (BaseJdbcLogger.java:159)- <==      Total: 0
2019-05-16 10:56:15,063 DEBUG (BaseJdbcLogger.java:159)- ==>  Preparing: SELECT id,user_id,canteen_id FROM user_collect WHERE user_id = ? AND canteen_id = ? 
2019-05-16 10:56:15,064 DEBUG (BaseJdbcLogger.java:159)- ==> Parameters: 75(Integer), 8(Long)
2019-05-16 10:56:15,075 DEBUG (BaseJdbcLogger.java:159)- <==      Total: 0
2019-05-16 10:56:57,458 DEBUG (BaseJdbcLogger.java:159)- ==>  Preparing: SELECT id,user_id,canteen_id FROM user_collect WHERE user_id = ? AND canteen_id = ? 
2019-05-16 10:56:57,459 DEBUG (BaseJdbcLogger.java:159)- ==> Parameters: 75(Integer), 8(Long)
2019-05-16 10:56:57,464 DEBUG (BaseJdbcLogger.java:159)- <==      Total: 0
2019-05-16 10:57:00,091 DEBUG (BaseJdbcLogger.java:159)- ==>  Preparing: SELECT id,user_id,canteen_id FROM user_collect WHERE user_id = ? AND canteen_id = ? 
2019-05-16 10:57:00,092 DEBUG (BaseJdbcLogger.java:159)- ==> Parameters: 75(Integer), 8(Long)
2019-05-16 10:57:00,095 DEBUG (BaseJdbcLogger.java:159)- <==      Total: 0
2019-05-16 10:57:35,065 DEBUG (BaseJdbcLogger.java:159)- ==>  Preparing: SELECT id,user_id,canteen_id FROM user_collect WHERE user_id = ? AND canteen_id = ? 
2019-05-16 10:57:35,066 DEBUG (BaseJdbcLogger.java:159)- ==> Parameters: 75(Integer), 8(Long)
2019-05-16 10:57:35,068 DEBUG (BaseJdbcLogger.java:159)- <==      Total: 0
2019-05-16 10:57:37,140 DEBUG (BaseJdbcLogger.java:159)- ==>  Preparing: SELECT id,user_id,canteen_id FROM user_collect WHERE user_id = ? AND canteen_id = ? 
2019-05-16 10:57:37,154 DEBUG (BaseJdbcLogger.java:159)- ==> Parameters: 75(Integer), 8(Long)
2019-05-16 10:57:37,161 DEBUG (BaseJdbcLogger.java:159)- <==      Total: 0
2019-05-16 10:57:40,911 DEBUG (BaseJdbcLogger.java:159)- ==>  Preparing: SELECT id,user_id,canteen_id FROM user_collect WHERE user_id = ? AND canteen_id = ? 
2019-05-16 10:57:40,917 DEBUG (BaseJdbcLogger.java:159)- ==> Parameters: 75(Integer), 8(Long)
2019-05-16 10:57:40,919 DEBUG (BaseJdbcLogger.java:159)- <==      Total: 0
2019-05-16 11:01:45,258 DEBUG (BaseJdbcLogger.java:159)- ==>  Preparing: SELECT id,user_id,canteen_id FROM user_collect WHERE user_id = ? AND canteen_id = ? 
2019-05-16 11:01:45,259 DEBUG (BaseJdbcLogger.java:159)- ==> Parameters: 75(Integer), 9(Long)
2019-05-16 11:01:45,261 DEBUG (BaseJdbcLogger.java:159)- <==      Total: 0
2019-05-16 11:01:49,894 DEBUG (BaseJdbcLogger.java:159)- ==>  Preparing: SELECT id,user_id,canteen_id FROM user_collect WHERE user_id = ? AND canteen_id = ? 
2019-05-16 11:01:49,896 DEBUG (BaseJdbcLogger.java:159)- ==> Parameters: 75(Integer), 8(Long)
2019-05-16 11:01:49,899 DEBUG (BaseJdbcLogger.java:159)- <==      Total: 0
2019-05-16 11:01:54,925 DEBUG (BaseJdbcLogger.java:159)- ==>  Preparing: SELECT id,user_id,canteen_id FROM user_collect WHERE user_id = ? AND canteen_id = ? 
2019-05-16 11:01:54,926 DEBUG (BaseJdbcLogger.java:159)- ==> Parameters: 75(Integer), 8(Long)
2019-05-16 11:01:54,929 DEBUG (BaseJdbcLogger.java:159)- <==      Total: 0
2019-05-16 11:01:58,630 DEBUG (BaseJdbcLogger.java:159)- ==>  Preparing: SELECT id,user_id,canteen_id FROM user_collect WHERE user_id = ? AND canteen_id = ? 
2019-05-16 11:01:58,631 DEBUG (BaseJdbcLogger.java:159)- ==> Parameters: 75(Integer), 8(Long)
2019-05-16 11:01:58,633 DEBUG (BaseJdbcLogger.java:159)- <==      Total: 0
2019-05-16 11:02:06,229 DEBUG (BaseJdbcLogger.java:159)- ==>  Preparing: SELECT id,user_id,canteen_id FROM user_collect WHERE user_id = ? AND canteen_id = ? 
2019-05-16 11:02:06,230 DEBUG (BaseJdbcLogger.java:159)- ==> Parameters: 75(Integer), 8(Long)
2019-05-16 11:02:06,238 DEBUG (BaseJdbcLogger.java:159)- <==      Total: 0
2019-05-16 11:02:22,131 DEBUG (BaseJdbcLogger.java:159)- ==>  Preparing: INSERT INTO user_collect ( id,user_id,canteen_id ) VALUES( ?,?,? ) 
2019-05-16 11:02:22,134 DEBUG (BaseJdbcLogger.java:159)- ==> Parameters: null, 75(Integer), 8(Long)
2019-05-16 11:02:22,139 DEBUG (BaseJdbcLogger.java:159)- <==    Updates: 1
2019-05-16 11:02:23,287 DEBUG (BaseJdbcLogger.java:159)- ==>  Preparing: DELETE FROM user_collect WHERE user_id = ? AND canteen_id = ? 
2019-05-16 11:02:23,289 DEBUG (BaseJdbcLogger.java:159)- ==> Parameters: 75(Integer), 8(Long)
2019-05-16 11:02:23,294 DEBUG (BaseJdbcLogger.java:159)- <==    Updates: 1
2019-05-16 11:06:23,687 DEBUG (BaseJdbcLogger.java:159)- ==>  Preparing: SELECT id,user_id,canteen_id FROM user_collect WHERE user_id = ? AND canteen_id = ? 
2019-05-16 11:06:23,688 DEBUG (BaseJdbcLogger.java:159)- ==> Parameters: 75(Integer), 8(Long)
2019-05-16 11:06:23,691 DEBUG (BaseJdbcLogger.java:159)- <==      Total: 0
2019-05-16 11:06:41,216 DEBUG (BaseJdbcLogger.java:159)- ==>  Preparing: SELECT id,user_id,canteen_id FROM user_collect WHERE user_id = ? AND canteen_id = ? 
2019-05-16 11:06:41,218 DEBUG (BaseJdbcLogger.java:159)- ==> Parameters: 75(Integer), 8(Long)
2019-05-16 11:06:41,220 DEBUG (BaseJdbcLogger.java:159)- <==      Total: 0
2019-05-16 11:06:48,244 DEBUG (BaseJdbcLogger.java:159)- ==>  Preparing: SELECT id,user_id,canteen_id FROM user_collect WHERE user_id = ? AND canteen_id = ? 
2019-05-16 11:06:48,246 DEBUG (BaseJdbcLogger.java:159)- ==> Parameters: 75(Integer), 8(Long)
2019-05-16 11:06:48,249 DEBUG (BaseJdbcLogger.java:159)- <==      Total: 0
2019-05-16 11:07:07,526 DEBUG (BaseJdbcLogger.java:159)- ==>  Preparing: SELECT id,user_id,canteen_id FROM user_collect WHERE user_id = ? AND canteen_id = ? 
2019-05-16 11:07:07,528 DEBUG (BaseJdbcLogger.java:159)- ==> Parameters: 75(Integer), 8(Long)
2019-05-16 11:07:07,535 DEBUG (BaseJdbcLogger.java:159)- <==      Total: 0
2019-05-16 11:14:03,864 DEBUG (BaseJdbcLogger.java:159)- ==>  Preparing: SELECT id,user_id,canteen_id FROM user_collect WHERE user_id = ? AND canteen_id = ? 
2019-05-16 11:14:03,865 DEBUG (BaseJdbcLogger.java:159)- ==> Parameters: 75(Integer), 8(Long)
2019-05-16 11:14:03,868 DEBUG (BaseJdbcLogger.java:159)- <==      Total: 0
2019-05-16 13:26:38,419 INFO (SpringApplication.java:597)- The following profiles are active: dev
2019-05-16 13:26:52,891 INFO (StartupInfoLogger.java:57)- Started ClientServiceApp in 18.289 seconds (JVM running for 20.202)
2019-05-16 13:29:55,282 DEBUG (BaseJdbcLogger.java:159)- ==>  Preparing: SELECT id,user_id,canteen_id FROM user_collect WHERE canteen_id = ? 
2019-05-16 13:29:55,296 DEBUG (BaseJdbcLogger.java:159)- ==> Parameters: 8(Long)
2019-05-16 13:29:55,305 DEBUG (BaseJdbcLogger.java:159)- <==      Total: 1
2019-05-16 13:30:08,870 DEBUG (BaseJdbcLogger.java:159)- ==>  Preparing: SELECT id,user_id,canteen_id FROM user_collect WHERE canteen_id = ? 
2019-05-16 13:30:08,872 DEBUG (BaseJdbcLogger.java:159)- ==> Parameters: 8(Long)
2019-05-16 13:30:08,873 DEBUG (BaseJdbcLogger.java:159)- <==      Total: 1
2019-05-16 13:30:39,510 DEBUG (BaseJdbcLogger.java:159)- ==>  Preparing: SELECT id,user_id,canteen_id FROM user_collect WHERE user_id = ? AND canteen_id = ? 
2019-05-16 13:30:39,515 DEBUG (BaseJdbcLogger.java:159)- ==> Parameters: 75(Integer), 8(Long)
2019-05-16 13:30:39,518 DEBUG (BaseJdbcLogger.java:159)- <==      Total: 0
2019-05-16 13:31:35,091 DEBUG (BaseJdbcLogger.java:159)- ==>  Preparing: SELECT id,user_id,canteen_id FROM user_collect WHERE user_id = ? AND canteen_id = ? 
2019-05-16 13:31:35,093 DEBUG (BaseJdbcLogger.java:159)- ==> Parameters: 75(Integer), 8(Long)
2019-05-16 13:31:35,094 DEBUG (BaseJdbcLogger.java:159)- <==      Total: 0
2019-05-16 13:32:41,367 DEBUG (BaseJdbcLogger.java:159)- ==>  Preparing: SELECT id,user_id,canteen_id FROM user_collect WHERE user_id = ? AND canteen_id = ? 
2019-05-16 13:32:41,367 DEBUG (BaseJdbcLogger.java:159)- ==> Parameters: 75(Integer), 8(Long)
2019-05-16 13:32:41,369 DEBUG (BaseJdbcLogger.java:159)- <==      Total: 0
2019-05-16 13:32:44,232 DEBUG (BaseJdbcLogger.java:159)- ==>  Preparing: SELECT id,user_id,canteen_id FROM user_collect WHERE user_id = ? AND canteen_id = ? 
2019-05-16 13:32:44,234 DEBUG (BaseJdbcLogger.java:159)- ==> Parameters: 75(Integer), 8(Long)
2019-05-16 13:32:44,236 DEBUG (BaseJdbcLogger.java:159)- <==      Total: 0
2019-05-16 13:32:53,340 DEBUG (BaseJdbcLogger.java:159)- ==>  Preparing: SELECT id,user_id,canteen_id FROM user_collect WHERE user_id = ? AND canteen_id = ? 
2019-05-16 13:32:53,341 DEBUG (BaseJdbcLogger.java:159)- ==> Parameters: 75(Integer), 8(Long)
2019-05-16 13:32:53,342 DEBUG (BaseJdbcLogger.java:159)- <==      Total: 0
2019-05-16 13:33:46,341 DEBUG (BaseJdbcLogger.java:159)- ==>  Preparing: SELECT id,user_id,canteen_id FROM user_collect WHERE user_id = ? AND canteen_id = ? 
2019-05-16 13:33:46,343 DEBUG (BaseJdbcLogger.java:159)- ==> Parameters: 75(Integer), 8(Long)
2019-05-16 13:33:46,345 DEBUG (BaseJdbcLogger.java:159)- <==      Total: 0
2019-05-16 13:33:52,124 DEBUG (BaseJdbcLogger.java:159)- ==>  Preparing: SELECT id,user_id,canteen_id FROM user_collect WHERE user_id = ? AND canteen_id = ? 
2019-05-16 13:33:52,125 DEBUG (BaseJdbcLogger.java:159)- ==> Parameters: 75(Integer), 8(Long)
2019-05-16 13:33:52,126 DEBUG (BaseJdbcLogger.java:159)- <==      Total: 0
2019-05-16 13:34:05,819 DEBUG (BaseJdbcLogger.java:159)- ==>  Preparing: SELECT id,user_id,canteen_id FROM user_collect WHERE user_id = ? AND canteen_id = ? 
2019-05-16 13:34:05,821 DEBUG (BaseJdbcLogger.java:159)- ==> Parameters: 75(Integer), 8(Long)
2019-05-16 13:34:05,822 DEBUG (BaseJdbcLogger.java:159)- <==      Total: 0
2019-05-16 13:36:23,494 DEBUG (BaseJdbcLogger.java:159)- ==>  Preparing: SELECT id,user_id,canteen_id FROM user_collect WHERE user_id = ? AND canteen_id = ? 
2019-05-16 13:36:23,495 DEBUG (BaseJdbcLogger.java:159)- ==> Parameters: 75(Integer), 8(Long)
2019-05-16 13:36:23,496 DEBUG (BaseJdbcLogger.java:159)- <==      Total: 0
2019-05-16 13:36:27,909 DEBUG (BaseJdbcLogger.java:159)- ==>  Preparing: SELECT id,user_id,canteen_id FROM user_collect WHERE user_id = ? AND canteen_id = ? 
2019-05-16 13:36:27,910 DEBUG (BaseJdbcLogger.java:159)- ==> Parameters: 75(Integer), 8(Long)
2019-05-16 13:36:27,913 DEBUG (BaseJdbcLogger.java:159)- <==      Total: 0
2019-05-16 13:36:51,450 DEBUG (BaseJdbcLogger.java:159)- ==>  Preparing: SELECT id,user_id,canteen_id FROM user_collect WHERE user_id = ? AND canteen_id = ? 
2019-05-16 13:36:51,452 DEBUG (BaseJdbcLogger.java:159)- ==> Parameters: 75(Integer), 8(Long)
2019-05-16 13:36:51,453 DEBUG (BaseJdbcLogger.java:159)- <==      Total: 0
2019-05-16 13:36:56,789 DEBUG (BaseJdbcLogger.java:159)- ==>  Preparing: SELECT id,user_id,canteen_id FROM user_collect WHERE user_id = ? AND canteen_id = ? 
2019-05-16 13:36:56,793 DEBUG (BaseJdbcLogger.java:159)- ==> Parameters: 75(Integer), 8(Long)
2019-05-16 13:36:56,795 DEBUG (BaseJdbcLogger.java:159)- <==      Total: 0
2019-05-16 13:38:20,336 DEBUG (BaseJdbcLogger.java:159)- ==>  Preparing: SELECT id,user_id,canteen_id FROM user_collect WHERE user_id = ? AND canteen_id = ? 
2019-05-16 13:38:20,337 DEBUG (BaseJdbcLogger.java:159)- ==> Parameters: 75(Integer), 8(Long)
2019-05-16 13:38:20,339 DEBUG (BaseJdbcLogger.java:159)- <==      Total: 0
2019-05-16 13:38:34,161 DEBUG (BaseJdbcLogger.java:159)- ==>  Preparing: SELECT id,user_id,canteen_id FROM user_collect WHERE user_id = ? AND canteen_id = ? 
2019-05-16 13:38:34,164 DEBUG (BaseJdbcLogger.java:159)- ==> Parameters: 75(Integer), 8(Long)
2019-05-16 13:38:34,168 DEBUG (BaseJdbcLogger.java:159)- <==      Total: 0
2019-05-16 13:39:31,537 DEBUG (BaseJdbcLogger.java:159)- ==>  Preparing: SELECT id,user_id,canteen_id FROM user_collect WHERE user_id = ? AND canteen_id = ? 
2019-05-16 13:39:31,538 DEBUG (BaseJdbcLogger.java:159)- ==> Parameters: 75(Integer), 8(Long)
2019-05-16 13:39:31,540 DEBUG (BaseJdbcLogger.java:159)- <==      Total: 0
2019-05-16 13:40:30,723 DEBUG (BaseJdbcLogger.java:159)- ==>  Preparing: SELECT id,user_id,canteen_id FROM user_collect WHERE user_id = ? AND canteen_id = ? 
2019-05-16 13:40:30,724 DEBUG (BaseJdbcLogger.java:159)- ==> Parameters: 75(Integer), 8(Long)
2019-05-16 13:40:30,725 DEBUG (BaseJdbcLogger.java:159)- <==      Total: 0
2019-05-16 13:40:33,579 DEBUG (BaseJdbcLogger.java:159)- ==>  Preparing: SELECT id,user_id,canteen_id FROM user_collect WHERE user_id = ? AND canteen_id = ? 
2019-05-16 13:40:33,580 DEBUG (BaseJdbcLogger.java:159)- ==> Parameters: 75(Integer), 8(Long)
2019-05-16 13:40:33,582 DEBUG (BaseJdbcLogger.java:159)- <==      Total: 0
2019-05-16 13:40:38,215 DEBUG (BaseJdbcLogger.java:159)- ==>  Preparing: SELECT id,user_id,canteen_id FROM user_collect WHERE user_id = ? AND canteen_id = ? 
2019-05-16 13:40:38,216 DEBUG (BaseJdbcLogger.java:159)- ==> Parameters: 75(Integer), 9(Long)
2019-05-16 13:40:38,217 DEBUG (BaseJdbcLogger.java:159)- <==      Total: 0
2019-05-16 13:40:40,525 DEBUG (BaseJdbcLogger.java:159)- ==>  Preparing: SELECT id,user_id,canteen_id FROM user_collect WHERE user_id = ? AND canteen_id = ? 
2019-05-16 13:40:40,526 DEBUG (BaseJdbcLogger.java:159)- ==> Parameters: 75(Integer), 10(Long)
2019-05-16 13:40:40,528 DEBUG (BaseJdbcLogger.java:159)- <==      Total: 0
2019-05-16 13:40:55,768 DEBUG (BaseJdbcLogger.java:159)- ==>  Preparing: SELECT id,user_id,canteen_id FROM user_collect WHERE user_id = ? AND canteen_id = ? 
2019-05-16 13:40:55,775 DEBUG (BaseJdbcLogger.java:159)- ==> Parameters: 75(Integer), 8(Long)
2019-05-16 13:40:55,777 DEBUG (BaseJdbcLogger.java:159)- <==      Total: 0
2019-05-16 14:43:37,970 DEBUG (BaseJdbcLogger.java:159)- ==>  Preparing: SELECT id,user_id,canteen_id FROM user_collect WHERE canteen_id = ? 
2019-05-16 14:43:37,977 DEBUG (BaseJdbcLogger.java:159)- ==> Parameters: 8(Long)
2019-05-16 14:43:37,980 DEBUG (BaseJdbcLogger.java:159)- <==      Total: 1
2019-05-16 15:52:57,876 INFO (SpringApplication.java:597)- The following profiles are active: dev
2019-05-16 15:53:15,883 INFO (StartupInfoLogger.java:57)- Started ClientServiceApp in 22.39 seconds (JVM running for 23.982)
2019-05-16 17:49:48,669 DEBUG (BaseJdbcLogger.java:159)- ==>  Preparing: SELECT id,user_id,canteen_id FROM user_collect WHERE user_id = ? AND canteen_id = ? 
2019-05-16 17:49:48,695 DEBUG (BaseJdbcLogger.java:159)- ==> Parameters: 75(Integer), 8(Long)
2019-05-16 17:49:48,708 DEBUG (BaseJdbcLogger.java:159)- <==      Total: 0
2019-05-16 17:50:02,870 DEBUG (BaseJdbcLogger.java:159)- ==>  Preparing: SELECT id,user_id,canteen_id FROM user_collect WHERE user_id = ? AND canteen_id = ? 
2019-05-16 17:50:02,871 DEBUG (BaseJdbcLogger.java:159)- ==> Parameters: 75(Integer), 8(Long)
2019-05-16 17:50:02,876 DEBUG (BaseJdbcLogger.java:159)- <==      Total: 0
2019-05-16 17:53:12,135 DEBUG (BaseJdbcLogger.java:159)- ==>  Preparing: SELECT id,user_id,canteen_id FROM user_collect WHERE user_id = ? AND canteen_id = ? 
2019-05-16 17:53:12,136 DEBUG (BaseJdbcLogger.java:159)- ==> Parameters: 75(Integer), 8(Long)
2019-05-16 17:53:12,137 DEBUG (BaseJdbcLogger.java:159)- <==      Total: 0
2019-05-16 17:53:15,848 DEBUG (BaseJdbcLogger.java:159)- ==>  Preparing: SELECT id,user_id,canteen_id FROM user_collect WHERE user_id = ? AND canteen_id = ? 
2019-05-16 17:53:15,849 DEBUG (BaseJdbcLogger.java:159)- ==> Parameters: 75(Integer), 8(Long)
2019-05-16 17:53:15,850 DEBUG (BaseJdbcLogger.java:159)- <==      Total: 0
2019-05-16 17:53:37,864 DEBUG (BaseJdbcLogger.java:159)- ==>  Preparing: SELECT id,user_id,canteen_id FROM user_collect WHERE user_id = ? AND canteen_id = ? 
2019-05-16 17:53:37,865 DEBUG (BaseJdbcLogger.java:159)- ==> Parameters: 75(Integer), 8(Long)
2019-05-16 17:53:37,867 DEBUG (BaseJdbcLogger.java:159)- <==      Total: 0
2019-05-16 18:00:52,881 DEBUG (BaseJdbcLogger.java:159)- ==>  Preparing: SELECT id,user_id,canteen_id FROM user_collect WHERE user_id = ? AND canteen_id = ? 
2019-05-16 18:00:52,883 DEBUG (BaseJdbcLogger.java:159)- ==> Parameters: 75(Integer), 8(Long)
2019-05-16 18:00:52,884 DEBUG (BaseJdbcLogger.java:159)- <==      Total: 0
2019-05-16 18:00:57,817 DEBUG (BaseJdbcLogger.java:159)- ==>  Preparing: SELECT id,user_id,canteen_id FROM user_collect WHERE user_id = ? AND canteen_id = ? 
2019-05-16 18:00:57,819 DEBUG (BaseJdbcLogger.java:159)- ==> Parameters: 75(Integer), 8(Long)
2019-05-16 18:00:57,821 DEBUG (BaseJdbcLogger.java:159)- <==      Total: 0
2019-05-16 18:01:35,767 DEBUG (BaseJdbcLogger.java:159)- ==>  Preparing: SELECT id,user_id,canteen_id FROM user_collect WHERE user_id = ? AND canteen_id = ? 
2019-05-16 18:01:35,769 DEBUG (BaseJdbcLogger.java:159)- ==> Parameters: 75(Integer), 8(Long)
2019-05-16 18:01:35,770 DEBUG (BaseJdbcLogger.java:159)- <==      Total: 0
2019-05-16 18:01:38,196 DEBUG (BaseJdbcLogger.java:159)- ==>  Preparing: SELECT id,user_id,canteen_id FROM user_collect WHERE user_id = ? AND canteen_id = ? 
2019-05-16 18:01:38,198 DEBUG (BaseJdbcLogger.java:159)- ==> Parameters: 75(Integer), 8(Long)
2019-05-16 18:01:38,199 DEBUG (BaseJdbcLogger.java:159)- <==      Total: 0
2019-05-16 18:01:47,662 DEBUG (BaseJdbcLogger.java:159)- ==>  Preparing: SELECT id,user_id,canteen_id FROM user_collect WHERE user_id = ? AND canteen_id = ? 
2019-05-16 18:01:47,663 DEBUG (BaseJdbcLogger.java:159)- ==> Parameters: 75(Integer), 8(Long)
2019-05-16 18:01:47,664 DEBUG (BaseJdbcLogger.java:159)- <==      Total: 0
2019-05-16 18:02:05,178 DEBUG (BaseJdbcLogger.java:159)- ==>  Preparing: SELECT id,user_id,canteen_id FROM user_collect WHERE user_id = ? AND canteen_id = ? 
2019-05-16 18:02:05,179 DEBUG (BaseJdbcLogger.java:159)- ==> Parameters: 75(Integer), 8(Long)
2019-05-16 18:02:05,180 DEBUG (BaseJdbcLogger.java:159)- <==      Total: 0
2019-05-16 21:10:46,430 DEBUG (BaseJdbcLogger.java:159)- ==>  Preparing: SELECT id,user_id,canteen_id FROM user_collect WHERE user_id = ? AND canteen_id = ? 
2019-05-16 21:10:46,437 DEBUG (BaseJdbcLogger.java:159)- ==> Parameters: 75(Integer), 8(Long)
2019-05-16 21:10:46,441 DEBUG (BaseJdbcLogger.java:159)- <==      Total: 0
2019-05-16 21:10:54,967 DEBUG (BaseJdbcLogger.java:159)- ==>  Preparing: SELECT id,user_id,canteen_id FROM user_collect WHERE user_id = ? AND canteen_id = ? 
2019-05-16 21:10:54,969 DEBUG (BaseJdbcLogger.java:159)- ==> Parameters: 75(Integer), 8(Long)
2019-05-16 21:10:54,971 DEBUG (BaseJdbcLogger.java:159)- <==      Total: 0
2019-05-16 21:10:56,719 DEBUG (BaseJdbcLogger.java:159)- ==>  Preparing: SELECT id,user_id,canteen_id FROM user_collect WHERE user_id = ? AND canteen_id = ? 
2019-05-16 21:10:56,721 DEBUG (BaseJdbcLogger.java:159)- ==> Parameters: 75(Integer), 8(Long)
2019-05-16 21:10:56,722 DEBUG (BaseJdbcLogger.java:159)- <==      Total: 0
2019-05-16 21:11:00,316 DEBUG (BaseJdbcLogger.java:159)- ==>  Preparing: SELECT id,user_id,canteen_id FROM user_collect WHERE user_id = ? AND canteen_id = ? 
2019-05-16 21:11:00,321 DEBUG (BaseJdbcLogger.java:159)- ==> Parameters: 75(Integer), 8(Long)
2019-05-16 21:11:00,323 DEBUG (BaseJdbcLogger.java:159)- <==      Total: 0
2019-05-16 21:11:06,997 DEBUG (BaseJdbcLogger.java:159)- ==>  Preparing: SELECT id,user_id,canteen_id FROM user_collect WHERE user_id = ? AND canteen_id = ? 
2019-05-16 21:11:07,000 DEBUG (BaseJdbcLogger.java:159)- ==> Parameters: 75(Integer), 8(Long)
2019-05-16 21:11:07,004 DEBUG (BaseJdbcLogger.java:159)- <==      Total: 0
2019-05-16 21:16:35,917 DEBUG (BaseJdbcLogger.java:159)- ==>  Preparing: SELECT id,user_id,canteen_id FROM user_collect WHERE user_id = ? AND canteen_id = ? 
2019-05-16 21:16:35,921 DEBUG (BaseJdbcLogger.java:159)- ==> Parameters: 75(Integer), 8(Long)
2019-05-16 21:16:35,926 DEBUG (BaseJdbcLogger.java:159)- <==      Total: 0
2019-05-16 21:27:01,578 INFO (SpringApplication.java:597)- The following profiles are active: dev
2019-05-16 21:27:21,765 INFO (StartupInfoLogger.java:57)- Started ClientServiceApp in 24.159 seconds (JVM running for 20069.864)
2019-05-16 22:05:56,188 INFO (SpringApplication.java:597)- The following profiles are active: dev
2019-05-16 22:06:11,552 INFO (StartupInfoLogger.java:57)- Started ClientServiceApp in 17.95 seconds (JVM running for 22399.65)
2019-05-16 22:07:14,759 INFO (SpringApplication.java:597)- The following profiles are active: dev
2019-05-16 22:07:28,800 INFO (StartupInfoLogger.java:57)- Started ClientServiceApp in 16.577 seconds (JVM running for 22476.899)
2019-05-16 22:33:19,632 INFO (SpringApplication.java:597)- The following profiles are active: dev
2019-05-16 22:33:34,488 INFO (StartupInfoLogger.java:57)- Started ClientServiceApp in 17.44 seconds (JVM running for 24042.587)
2019-05-16 22:44:51,915 INFO (SpringApplication.java:597)- The following profiles are active: dev
2019-05-16 22:45:09,098 INFO (StartupInfoLogger.java:57)- Started ClientServiceApp in 19.964 seconds (JVM running for 24737.197)
2019-05-16 23:22:06,830 INFO (SpringApplication.java:597)- The following profiles are active: dev
