2019-05-18 12:42:54,704 INFO (SpringApplication.java:597)- The following profiles are active: dev
2019-05-18 12:43:11,636 INFO (StartupInfoLogger.java:57)- Started ClientServiceApp in 21.025 seconds (JVM running for 23.007)
2019-05-18 12:44:11,824 DEBUG (BaseJdbcLogger.java:159)- ==>  Preparing: SELECT id,user_id,canteen_id FROM user_collect WHERE canteen_id = ? 
2019-05-18 12:44:11,845 DEBUG (BaseJdbcLogger.java:159)- ==> Parameters: 8(Integer)
2019-05-18 12:44:11,860 DEBUG (BaseJdbcLogger.java:159)- <==      Total: 2
2019-05-18 12:44:23,050 DEBUG (BaseJdbcLogger.java:159)- ==>  Preparing: SELECT id,user_id,canteen_id FROM user_collect WHERE canteen_id = ? 
2019-05-18 12:44:23,051 DEBUG (BaseJdbcLogger.java:159)- ==> Parameters: 8(Integer)
2019-05-18 12:44:23,053 DEBUG (BaseJdbcLogger.java:159)- <==      Total: 2
2019-05-18 12:47:06,056 DEBUG (BaseJdbcLogger.java:159)- ==>  Preparing: SELECT id,user_id,canteen_id FROM user_collect WHERE user_id = ? AND canteen_id = ? 
2019-05-18 12:47:06,058 DEBUG (BaseJdbcLogger.java:159)- ==> Parameters: 75(Long), 8(Integer)
2019-05-18 12:47:06,061 DEBUG (BaseJdbcLogger.java:159)- <==      Total: 1
2019-05-18 12:47:31,373 DEBUG (BaseJdbcLogger.java:159)- ==>  Preparing: SELECT id,user_id,canteen_id FROM user_collect WHERE user_id = ? AND canteen_id = ? 
2019-05-18 12:47:31,374 DEBUG (BaseJdbcLogger.java:159)- ==> Parameters: 75(Long), 8(Integer)
2019-05-18 12:47:31,377 DEBUG (BaseJdbcLogger.java:159)- <==      Total: 1
2019-05-18 12:47:39,963 DEBUG (BaseJdbcLogger.java:159)- ==>  Preparing: SELECT id,user_id,canteen_id FROM user_collect WHERE user_id = ? AND canteen_id = ? 
2019-05-18 12:47:39,964 DEBUG (BaseJdbcLogger.java:159)- ==> Parameters: 75(Long), 8(Integer)
2019-05-18 12:47:39,967 DEBUG (BaseJdbcLogger.java:159)- <==      Total: 1
2019-05-18 12:57:33,383 DEBUG (BaseJdbcLogger.java:159)- ==>  Preparing: SELECT id,user_id,canteen_id FROM user_collect WHERE user_id = ? AND canteen_id = ? 
2019-05-18 12:57:33,384 DEBUG (BaseJdbcLogger.java:159)- ==> Parameters: 75(Long), 8(Integer)
2019-05-18 12:57:33,387 DEBUG (BaseJdbcLogger.java:159)- <==      Total: 1
2019-05-18 12:59:22,216 DEBUG (BaseJdbcLogger.java:159)- ==>  Preparing: SELECT id,user_id,canteen_id FROM user_collect WHERE user_id = ? AND canteen_id = ? 
2019-05-18 12:59:22,218 DEBUG (BaseJdbcLogger.java:159)- ==> Parameters: 75(Long), 8(Integer)
2019-05-18 12:59:22,221 DEBUG (BaseJdbcLogger.java:159)- <==      Total: 1
2019-05-18 12:59:51,273 DEBUG (BaseJdbcLogger.java:159)- ==>  Preparing: SELECT id,user_id,canteen_id FROM user_collect WHERE user_id = ? AND canteen_id = ? 
2019-05-18 12:59:51,275 DEBUG (BaseJdbcLogger.java:159)- ==> Parameters: 75(Long), 8(Integer)
2019-05-18 12:59:51,278 DEBUG (BaseJdbcLogger.java:159)- <==      Total: 1
2019-05-18 13:00:51,617 DEBUG (BaseJdbcLogger.java:159)- ==>  Preparing: SELECT id,user_id,canteen_id FROM user_collect WHERE user_id = ? AND canteen_id = ? 
2019-05-18 13:00:51,618 DEBUG (BaseJdbcLogger.java:159)- ==> Parameters: 75(Long), 8(Integer)
2019-05-18 13:00:51,619 DEBUG (BaseJdbcLogger.java:159)- <==      Total: 1
2019-05-18 13:01:30,097 DEBUG (BaseJdbcLogger.java:159)- ==>  Preparing: SELECT id,user_id,canteen_id FROM user_collect WHERE user_id = ? AND canteen_id = ? 
2019-05-18 13:01:30,099 DEBUG (BaseJdbcLogger.java:159)- ==> Parameters: 75(Long), 8(Integer)
2019-05-18 13:01:30,100 DEBUG (BaseJdbcLogger.java:159)- <==      Total: 1
2019-05-18 13:08:04,336 DEBUG (BaseJdbcLogger.java:159)- ==>  Preparing: SELECT id,user_id,canteen_id FROM user_collect WHERE canteen_id = ? 
2019-05-18 13:08:04,337 DEBUG (BaseJdbcLogger.java:159)- ==> Parameters: 8(Integer)
2019-05-18 13:08:04,339 DEBUG (BaseJdbcLogger.java:159)- <==      Total: 2
2019-05-18 13:08:14,580 DEBUG (BaseJdbcLogger.java:159)- ==>  Preparing: SELECT id,user_id,canteen_id FROM user_collect WHERE canteen_id = ? 
2019-05-18 13:08:14,582 DEBUG (BaseJdbcLogger.java:159)- ==> Parameters: 8(Integer)
2019-05-18 13:08:14,587 DEBUG (BaseJdbcLogger.java:159)- <==      Total: 2
2019-05-18 13:08:17,940 DEBUG (BaseJdbcLogger.java:159)- ==>  Preparing: SELECT id,user_id,canteen_id FROM user_collect WHERE user_id = ? AND canteen_id = ? 
2019-05-18 13:08:17,943 DEBUG (BaseJdbcLogger.java:159)- ==> Parameters: 75(Long), 8(Integer)
2019-05-18 13:08:17,946 DEBUG (BaseJdbcLogger.java:159)- <==      Total: 1
2019-05-18 13:14:10,843 DEBUG (BaseJdbcLogger.java:159)- ==>  Preparing: SELECT id,user_id,canteen_id FROM user_collect WHERE user_id = ? AND canteen_id = ? 
2019-05-18 13:14:10,844 DEBUG (BaseJdbcLogger.java:159)- ==> Parameters: 75(Long), 8(Integer)
2019-05-18 13:14:10,846 DEBUG (BaseJdbcLogger.java:159)- <==      Total: 1
2019-05-18 13:14:17,728 DEBUG (BaseJdbcLogger.java:159)- ==>  Preparing: SELECT id,user_id,canteen_id FROM user_collect WHERE user_id = ? AND canteen_id = ? 
2019-05-18 13:14:17,729 DEBUG (BaseJdbcLogger.java:159)- ==> Parameters: 75(Long), 9(Integer)
2019-05-18 13:14:17,738 DEBUG (BaseJdbcLogger.java:159)- <==      Total: 0
2019-05-18 13:14:31,224 DEBUG (BaseJdbcLogger.java:159)- ==>  Preparing: SELECT id,user_id,canteen_id FROM user_collect WHERE user_id = ? AND canteen_id = ? 
2019-05-18 13:14:31,229 DEBUG (BaseJdbcLogger.java:159)- ==> Parameters: 75(Long), 8(Integer)
2019-05-18 13:14:31,235 DEBUG (BaseJdbcLogger.java:159)- <==      Total: 1
2019-05-18 13:15:38,265 DEBUG (BaseJdbcLogger.java:159)- ==>  Preparing: SELECT id,user_id,canteen_id FROM user_collect WHERE user_id = ? AND canteen_id = ? 
2019-05-18 13:15:38,266 DEBUG (BaseJdbcLogger.java:159)- ==> Parameters: 75(Long), 8(Integer)
2019-05-18 13:15:38,267 DEBUG (BaseJdbcLogger.java:159)- <==      Total: 1
2019-05-18 13:15:46,068 DEBUG (BaseJdbcLogger.java:159)- ==>  Preparing: SELECT id,user_id,canteen_id FROM user_collect WHERE user_id = ? AND canteen_id = ? 
2019-05-18 13:15:46,069 DEBUG (BaseJdbcLogger.java:159)- ==> Parameters: 75(Long), 9(Integer)
2019-05-18 13:15:46,071 DEBUG (BaseJdbcLogger.java:159)- <==      Total: 0
2019-05-18 13:15:50,523 DEBUG (BaseJdbcLogger.java:159)- ==>  Preparing: SELECT id,user_id,canteen_id FROM user_collect WHERE user_id = ? AND canteen_id = ? 
2019-05-18 13:15:50,524 DEBUG (BaseJdbcLogger.java:159)- ==> Parameters: 75(Long), 8(Integer)
2019-05-18 13:15:50,525 DEBUG (BaseJdbcLogger.java:159)- <==      Total: 1
2019-05-18 13:16:02,266 DEBUG (BaseJdbcLogger.java:159)- ==>  Preparing: SELECT id,user_id,canteen_id FROM user_collect WHERE user_id = ? AND canteen_id = ? 
2019-05-18 13:16:02,267 DEBUG (BaseJdbcLogger.java:159)- ==> Parameters: 75(Long), 8(Integer)
2019-05-18 13:16:02,268 DEBUG (BaseJdbcLogger.java:159)- <==      Total: 1
2019-05-18 13:17:00,001 DEBUG (BaseJdbcLogger.java:159)- ==>  Preparing: SELECT id,user_id,canteen_id FROM user_collect WHERE user_id = ? AND canteen_id = ? 
2019-05-18 13:17:00,002 DEBUG (BaseJdbcLogger.java:159)- ==> Parameters: 75(Long), 8(Integer)
2019-05-18 13:17:00,003 DEBUG (BaseJdbcLogger.java:159)- <==      Total: 1
2019-05-18 14:16:02,765 DEBUG (BaseJdbcLogger.java:159)- ==>  Preparing: SELECT id,user_id,canteen_id FROM user_collect WHERE user_id = ? AND canteen_id = ? 
2019-05-18 14:16:02,772 DEBUG (BaseJdbcLogger.java:159)- ==> Parameters: 75(Long), 8(Integer)
2019-05-18 14:16:02,775 DEBUG (BaseJdbcLogger.java:159)- <==      Total: 1
2019-05-18 14:25:24,767 DEBUG (BaseJdbcLogger.java:159)- ==>  Preparing: SELECT id,user_id,canteen_id FROM user_collect WHERE user_id = ? AND canteen_id = ? 
2019-05-18 14:25:24,771 DEBUG (BaseJdbcLogger.java:159)- ==> Parameters: 75(Long), 8(Integer)
2019-05-18 14:25:24,775 DEBUG (BaseJdbcLogger.java:159)- <==      Total: 1
2019-05-18 14:25:39,043 DEBUG (BaseJdbcLogger.java:159)- ==>  Preparing: SELECT id,user_id,canteen_id FROM user_collect WHERE user_id = ? AND canteen_id = ? 
2019-05-18 14:25:39,046 DEBUG (BaseJdbcLogger.java:159)- ==> Parameters: 75(Long), 8(Integer)
2019-05-18 14:25:39,047 DEBUG (BaseJdbcLogger.java:159)- <==      Total: 1
2019-05-18 14:28:11,414 DEBUG (BaseJdbcLogger.java:159)- ==>  Preparing: SELECT id,user_id,canteen_id FROM user_collect WHERE user_id = ? AND canteen_id = ? 
2019-05-18 14:28:11,415 DEBUG (BaseJdbcLogger.java:159)- ==> Parameters: 75(Long), 8(Integer)
2019-05-18 14:28:11,417 DEBUG (BaseJdbcLogger.java:159)- <==      Total: 1
2019-05-18 14:30:00,179 DEBUG (BaseJdbcLogger.java:159)- ==>  Preparing: SELECT id,user_id,canteen_id FROM user_collect WHERE user_id = ? AND canteen_id = ? 
2019-05-18 14:30:00,181 DEBUG (BaseJdbcLogger.java:159)- ==> Parameters: 75(Long), 8(Integer)
2019-05-18 14:30:00,182 DEBUG (BaseJdbcLogger.java:159)- <==      Total: 1
2019-05-18 14:30:38,882 DEBUG (BaseJdbcLogger.java:159)- ==>  Preparing: SELECT id,user_id,canteen_id FROM user_collect WHERE user_id = ? AND canteen_id = ? 
2019-05-18 14:30:38,883 DEBUG (BaseJdbcLogger.java:159)- ==> Parameters: 75(Long), 8(Integer)
2019-05-18 14:30:38,885 DEBUG (BaseJdbcLogger.java:159)- <==      Total: 1
2019-05-18 14:30:40,641 DEBUG (BaseJdbcLogger.java:159)- ==>  Preparing: DELETE FROM user_collect WHERE user_id = ? AND canteen_id = ? 
2019-05-18 14:30:40,643 DEBUG (BaseJdbcLogger.java:159)- ==> Parameters: 75(Long), 8(Integer)
2019-05-18 14:30:40,650 DEBUG (BaseJdbcLogger.java:159)- <==    Updates: 1
2019-05-18 14:30:44,319 DEBUG (BaseJdbcLogger.java:159)- ==>  Preparing: SELECT id,user_id,canteen_id FROM user_collect WHERE user_id = ? AND canteen_id = ? 
2019-05-18 14:30:44,321 DEBUG (BaseJdbcLogger.java:159)- ==> Parameters: 75(Long), 8(Integer)
2019-05-18 14:30:44,322 DEBUG (BaseJdbcLogger.java:159)- <==      Total: 0
2019-05-18 14:30:45,564 DEBUG (BaseJdbcLogger.java:159)- ==>  Preparing: INSERT INTO user_collect ( id,user_id,canteen_id ) VALUES( ?,?,? ) 
2019-05-18 14:30:45,573 DEBUG (BaseJdbcLogger.java:159)- ==> Parameters: null, 75(Long), 8(Integer)
2019-05-18 14:30:45,579 DEBUG (BaseJdbcLogger.java:159)- <==    Updates: 1
2019-05-18 14:31:00,891 DEBUG (BaseJdbcLogger.java:159)- ==>  Preparing: SELECT id,user_id,canteen_id FROM user_collect WHERE user_id = ? AND canteen_id = ? 
2019-05-18 14:31:00,893 DEBUG (BaseJdbcLogger.java:159)- ==> Parameters: 75(Long), 8(Integer)
2019-05-18 14:31:00,895 DEBUG (BaseJdbcLogger.java:159)- <==      Total: 1
2019-05-18 14:31:22,968 DEBUG (BaseJdbcLogger.java:159)- ==>  Preparing: SELECT id,user_id,canteen_id FROM user_collect WHERE user_id = ? AND canteen_id = ? 
2019-05-18 14:31:22,969 DEBUG (BaseJdbcLogger.java:159)- ==> Parameters: 75(Long), 8(Integer)
2019-05-18 14:31:22,972 DEBUG (BaseJdbcLogger.java:159)- <==      Total: 1
2019-05-18 14:31:57,361 DEBUG (BaseJdbcLogger.java:159)- ==>  Preparing: SELECT id,user_id,canteen_id FROM user_collect WHERE user_id = ? AND canteen_id = ? 
2019-05-18 14:31:57,363 DEBUG (BaseJdbcLogger.java:159)- ==> Parameters: 75(Long), 8(Integer)
2019-05-18 14:31:57,367 DEBUG (BaseJdbcLogger.java:159)- <==      Total: 1
2019-05-18 16:59:41,466 INFO (SpringApplication.java:597)- The following profiles are active: dev
2019-05-18 16:59:55,067 INFO (StartupInfoLogger.java:57)- Started ClientServiceApp in 16.404 seconds (JVM running for 15426.44)
2019-05-18 17:00:19,173 INFO (SpringApplication.java:597)- The following profiles are active: dev
2019-05-18 17:00:35,371 INFO (StartupInfoLogger.java:57)- Started ClientServiceApp in 19.04 seconds (JVM running for 15466.744)
2019-05-18 17:01:20,730 INFO (SpringApplication.java:597)- The following profiles are active: dev
2019-05-18 17:01:33,775 INFO (StartupInfoLogger.java:57)- Started ClientServiceApp in 15.899 seconds (JVM running for 15525.148)
2019-05-18 22:13:11,187 INFO (SpringApplication.java:597)- The following profiles are active: dev
2019-05-18 22:13:29,110 INFO (StartupInfoLogger.java:57)- Started ClientServiceApp in 22.082 seconds (JVM running for 24.598)
2019-05-18 22:19:28,402 DEBUG (BaseJdbcLogger.java:159)- ==>  Preparing: SELECT id,user_id,canteen_id FROM user_collect WHERE user_id = ? AND canteen_id = ? 
2019-05-18 22:19:28,429 DEBUG (BaseJdbcLogger.java:159)- ==> Parameters: 75(Long), 8(Integer)
2019-05-18 22:19:28,461 DEBUG (BaseJdbcLogger.java:159)- <==      Total: 1
2019-05-18 22:20:07,317 DEBUG (BaseJdbcLogger.java:159)- ==>  Preparing: SELECT id,user_id,canteen_id FROM user_collect WHERE user_id = ? AND canteen_id = ? 
2019-05-18 22:20:07,319 DEBUG (BaseJdbcLogger.java:159)- ==> Parameters: 75(Long), 8(Integer)
2019-05-18 22:20:07,323 DEBUG (BaseJdbcLogger.java:159)- <==      Total: 1
2019-05-18 22:20:17,818 DEBUG (BaseJdbcLogger.java:159)- ==>  Preparing: SELECT id,user_id,canteen_id FROM user_collect WHERE user_id = ? AND canteen_id = ? 
2019-05-18 22:20:17,820 DEBUG (BaseJdbcLogger.java:159)- ==> Parameters: 75(Long), 8(Integer)
2019-05-18 22:20:17,822 DEBUG (BaseJdbcLogger.java:159)- <==      Total: 1
2019-05-18 22:21:11,560 DEBUG (BaseJdbcLogger.java:159)- ==>  Preparing: SELECT id,user_id,canteen_id FROM user_collect WHERE user_id = ? AND canteen_id = ? 
2019-05-18 22:21:11,564 DEBUG (BaseJdbcLogger.java:159)- ==> Parameters: 75(Long), 8(Integer)
2019-05-18 22:21:11,565 DEBUG (BaseJdbcLogger.java:159)- <==      Total: 1
2019-05-18 23:05:35,319 DEBUG (BaseJdbcLogger.java:159)- ==>  Preparing: SELECT id,user_id,canteen_id FROM user_collect WHERE user_id = ? AND canteen_id = ? 
2019-05-18 23:05:35,325 DEBUG (BaseJdbcLogger.java:159)- ==> Parameters: 75(Long), 8(Integer)
2019-05-18 23:05:35,330 DEBUG (BaseJdbcLogger.java:159)- <==      Total: 1
2019-05-18 23:05:46,476 DEBUG (BaseJdbcLogger.java:159)- ==>  Preparing: SELECT id,user_id,canteen_id FROM user_collect WHERE user_id = ? AND canteen_id = ? 
2019-05-18 23:05:46,477 DEBUG (BaseJdbcLogger.java:159)- ==> Parameters: 75(Long), 8(Integer)
2019-05-18 23:05:46,480 DEBUG (BaseJdbcLogger.java:159)- <==      Total: 1
2019-05-18 23:42:48,983 DEBUG (BaseJdbcLogger.java:159)- ==>  Preparing: SELECT id,user_id,canteen_id FROM user_collect WHERE user_id = ? AND canteen_id = ? 
2019-05-18 23:42:48,988 DEBUG (BaseJdbcLogger.java:159)- ==> Parameters: 75(Long), 8(Integer)
2019-05-18 23:42:48,992 DEBUG (BaseJdbcLogger.java:159)- <==      Total: 1
2019-05-18 23:47:36,723 DEBUG (BaseJdbcLogger.java:159)- ==>  Preparing: SELECT id,user_id,canteen_id FROM user_collect WHERE user_id = ? AND canteen_id = ? 
2019-05-18 23:47:36,725 DEBUG (BaseJdbcLogger.java:159)- ==> Parameters: 75(Long), 8(Integer)
2019-05-18 23:47:36,732 DEBUG (BaseJdbcLogger.java:159)- <==      Total: 1
2019-05-18 23:49:14,638 DEBUG (BaseJdbcLogger.java:159)- ==>  Preparing: SELECT id,user_id,canteen_id FROM user_collect WHERE user_id = ? AND canteen_id = ? 
2019-05-18 23:49:14,639 DEBUG (BaseJdbcLogger.java:159)- ==> Parameters: 75(Long), 8(Integer)
2019-05-18 23:49:14,642 DEBUG (BaseJdbcLogger.java:159)- <==      Total: 1
2019-05-18 23:49:44,979 DEBUG (BaseJdbcLogger.java:159)- ==>  Preparing: SELECT id,user_id,canteen_id FROM user_collect WHERE user_id = ? AND canteen_id = ? 
2019-05-18 23:49:44,982 DEBUG (BaseJdbcLogger.java:159)- ==> Parameters: 75(Long), 8(Integer)
2019-05-18 23:49:44,983 DEBUG (BaseJdbcLogger.java:159)- <==      Total: 1
2019-05-18 23:51:29,516 DEBUG (BaseJdbcLogger.java:159)- ==>  Preparing: SELECT id,user_id,canteen_id FROM user_collect WHERE user_id = ? AND canteen_id = ? 
2019-05-18 23:51:29,517 DEBUG (BaseJdbcLogger.java:159)- ==> Parameters: 75(Long), 8(Integer)
2019-05-18 23:51:29,519 DEBUG (BaseJdbcLogger.java:159)- <==      Total: 1
