2019-06-03 16:52:37,384 INFO (SpringApplication.java:597)- The following profiles are active: dev
2019-06-03 16:52:54,160 INFO (StartupInfoLogger.java:57)- Started ClientServiceApp in 21.268 seconds (JVM running for 23.702)
2019-06-03 16:57:11,037 INFO (SpringApplication.java:597)- The following profiles are active: dev
2019-06-03 16:57:29,057 INFO (StartupInfoLogger.java:57)- Started ClientServiceApp in 22.259 seconds (JVM running for 24.274)
2019-06-03 16:59:47,930 DEBUG (BaseJdbcLogger.java:159)- ==>  Preparing: SELECT id,user_id,canteen_id FROM user_collect WHERE user_id = ? AND canteen_id = ? 
2019-06-03 16:59:47,947 DEBUG (BaseJdbcLogger.java:159)- ==> Parameters: 75(Long), 9(Integer)
2019-06-03 16:59:47,959 DEBUG (BaseJdbcLogger.java:159)- <==      Total: 0
2019-06-03 17:00:35,800 DEBUG (BaseJdbcLogger.java:159)- ==>  Preparing: SELECT id,user_id,canteen_id FROM user_collect WHERE user_id = ? AND canteen_id = ? 
2019-06-03 17:00:35,802 DEBUG (BaseJdbcLogger.java:159)- ==> Parameters: 75(Long), 9(Integer)
2019-06-03 17:00:35,803 DEBUG (BaseJdbcLogger.java:159)- <==      Total: 0
2019-06-03 17:01:20,125 DEBUG (BaseJdbcLogger.java:159)- ==>  Preparing: SELECT id,user_id,canteen_id FROM user_collect WHERE user_id = ? AND canteen_id = ? 
2019-06-03 17:01:20,126 DEBUG (BaseJdbcLogger.java:159)- ==> Parameters: 75(Long), 9(Integer)
2019-06-03 17:01:20,128 DEBUG (BaseJdbcLogger.java:159)- <==      Total: 0
2019-06-03 17:01:26,227 DEBUG (BaseJdbcLogger.java:159)- ==>  Preparing: SELECT id,user_id,canteen_id FROM user_collect WHERE user_id = ? AND canteen_id = ? 
2019-06-03 17:01:26,228 DEBUG (BaseJdbcLogger.java:159)- ==> Parameters: 75(Long), 9(Integer)
2019-06-03 17:01:26,230 DEBUG (BaseJdbcLogger.java:159)- <==      Total: 0
2019-06-03 17:01:32,800 DEBUG (BaseJdbcLogger.java:159)- ==>  Preparing: SELECT id,user_id,canteen_id FROM user_collect WHERE user_id = ? AND canteen_id = ? 
2019-06-03 17:01:32,802 DEBUG (BaseJdbcLogger.java:159)- ==> Parameters: 75(Long), 9(Integer)
2019-06-03 17:01:32,803 DEBUG (BaseJdbcLogger.java:159)- <==      Total: 0
2019-06-03 17:01:43,541 DEBUG (BaseJdbcLogger.java:159)- ==>  Preparing: SELECT id,user_id,canteen_id FROM user_collect WHERE user_id = ? AND canteen_id = ? 
2019-06-03 17:01:43,543 DEBUG (BaseJdbcLogger.java:159)- ==> Parameters: 75(Long), 9(Integer)
2019-06-03 17:01:43,545 DEBUG (BaseJdbcLogger.java:159)- <==      Total: 0
2019-06-03 17:02:12,150 DEBUG (BaseJdbcLogger.java:159)- ==>  Preparing: SELECT id,user_id,canteen_id FROM user_collect WHERE user_id = ? AND canteen_id = ? 
2019-06-03 17:02:12,151 DEBUG (BaseJdbcLogger.java:159)- ==> Parameters: 75(Long), 9(Integer)
2019-06-03 17:02:12,152 DEBUG (BaseJdbcLogger.java:159)- <==      Total: 0
2019-06-03 17:02:37,617 DEBUG (BaseJdbcLogger.java:159)- ==>  Preparing: SELECT id,user_id,canteen_id FROM user_collect WHERE user_id = ? AND canteen_id = ? 
2019-06-03 17:02:37,619 DEBUG (BaseJdbcLogger.java:159)- ==> Parameters: 75(Long), 9(Integer)
2019-06-03 17:02:37,620 DEBUG (BaseJdbcLogger.java:159)- <==      Total: 0
2019-06-03 17:03:31,388 DEBUG (BaseJdbcLogger.java:159)- ==>  Preparing: SELECT id,user_id,canteen_id FROM user_collect WHERE user_id = ? AND canteen_id = ? 
2019-06-03 17:03:31,394 DEBUG (BaseJdbcLogger.java:159)- ==> Parameters: 75(Long), 9(Integer)
2019-06-03 17:03:31,398 DEBUG (BaseJdbcLogger.java:159)- <==      Total: 0
2019-06-03 17:11:21,360 DEBUG (BaseJdbcLogger.java:159)- ==>  Preparing: SELECT id,user_id,canteen_id FROM user_collect WHERE user_id = ? AND canteen_id = ? 
2019-06-03 17:11:21,361 DEBUG (BaseJdbcLogger.java:159)- ==> Parameters: 75(Long), 9(Integer)
2019-06-03 17:11:21,362 DEBUG (BaseJdbcLogger.java:159)- <==      Total: 0
2019-06-03 17:11:58,629 DEBUG (BaseJdbcLogger.java:159)- ==>  Preparing: SELECT id,user_id,canteen_id FROM user_collect WHERE user_id = ? AND canteen_id = ? 
2019-06-03 17:11:58,634 DEBUG (BaseJdbcLogger.java:159)- ==> Parameters: 75(Long), 9(Integer)
2019-06-03 17:11:58,638 DEBUG (BaseJdbcLogger.java:159)- <==      Total: 0
2019-06-03 17:12:03,731 DEBUG (BaseJdbcLogger.java:159)- ==>  Preparing: SELECT id,user_id,canteen_id FROM user_collect WHERE user_id = ? AND canteen_id = ? 
2019-06-03 17:12:03,732 DEBUG (BaseJdbcLogger.java:159)- ==> Parameters: 75(Long), 9(Integer)
2019-06-03 17:12:03,734 DEBUG (BaseJdbcLogger.java:159)- <==      Total: 0
2019-06-03 17:12:05,221 DEBUG (BaseJdbcLogger.java:159)- ==>  Preparing: SELECT id,user_id,canteen_id FROM user_collect WHERE user_id = ? AND canteen_id = ? 
2019-06-03 17:12:05,222 DEBUG (BaseJdbcLogger.java:159)- ==> Parameters: 75(Long), 8(Integer)
2019-06-03 17:12:05,227 DEBUG (BaseJdbcLogger.java:159)- <==      Total: 1
2019-06-03 17:12:21,099 DEBUG (BaseJdbcLogger.java:159)- ==>  Preparing: SELECT id,user_id,canteen_id FROM user_collect WHERE user_id = ? AND canteen_id = ? 
2019-06-03 17:12:21,101 DEBUG (BaseJdbcLogger.java:159)- ==> Parameters: 75(Long), 8(Integer)
2019-06-03 17:12:21,104 DEBUG (BaseJdbcLogger.java:159)- <==      Total: 1
2019-06-03 17:14:21,751 DEBUG (BaseJdbcLogger.java:159)- ==>  Preparing: SELECT id,user_id,canteen_id FROM user_collect WHERE user_id = ? AND canteen_id = ? 
2019-06-03 17:14:21,751 DEBUG (BaseJdbcLogger.java:159)- ==> Parameters: 75(Long), 8(Integer)
2019-06-03 17:14:21,753 DEBUG (BaseJdbcLogger.java:159)- <==      Total: 1
2019-06-03 17:14:39,542 DEBUG (BaseJdbcLogger.java:159)- ==>  Preparing: SELECT id,user_id,canteen_id FROM user_collect WHERE user_id = ? AND canteen_id = ? 
2019-06-03 17:14:39,549 DEBUG (BaseJdbcLogger.java:159)- ==> Parameters: 75(Long), 8(Integer)
2019-06-03 17:14:39,553 DEBUG (BaseJdbcLogger.java:159)- <==      Total: 1
2019-06-03 17:16:15,788 DEBUG (BaseJdbcLogger.java:159)- ==>  Preparing: SELECT id,user_id,canteen_id FROM user_collect WHERE user_id = ? AND canteen_id = ? 
2019-06-03 17:16:15,789 DEBUG (BaseJdbcLogger.java:159)- ==> Parameters: 75(Long), 8(Integer)
2019-06-03 17:16:15,791 DEBUG (BaseJdbcLogger.java:159)- <==      Total: 1
2019-06-03 17:16:27,604 DEBUG (BaseJdbcLogger.java:159)- ==>  Preparing: SELECT id,user_id,canteen_id FROM user_collect WHERE user_id = ? AND canteen_id = ? 
2019-06-03 17:16:27,606 DEBUG (BaseJdbcLogger.java:159)- ==> Parameters: 75(Long), 8(Integer)
2019-06-03 17:16:27,608 DEBUG (BaseJdbcLogger.java:159)- <==      Total: 1
2019-06-03 17:16:33,161 DEBUG (BaseJdbcLogger.java:159)- ==>  Preparing: SELECT id,user_id,canteen_id FROM user_collect WHERE user_id = ? AND canteen_id = ? 
2019-06-03 17:16:33,163 DEBUG (BaseJdbcLogger.java:159)- ==> Parameters: 75(Long), 8(Integer)
2019-06-03 17:16:33,164 DEBUG (BaseJdbcLogger.java:159)- <==      Total: 1
2019-06-03 17:16:39,289 DEBUG (BaseJdbcLogger.java:159)- ==>  Preparing: SELECT id,user_id,canteen_id FROM user_collect WHERE user_id = ? AND canteen_id = ? 
2019-06-03 17:16:39,291 DEBUG (BaseJdbcLogger.java:159)- ==> Parameters: 75(Long), 8(Integer)
2019-06-03 17:16:39,292 DEBUG (BaseJdbcLogger.java:159)- <==      Total: 1
2019-06-03 17:16:45,390 DEBUG (BaseJdbcLogger.java:159)- ==>  Preparing: SELECT id,user_id,canteen_id FROM user_collect WHERE user_id = ? AND canteen_id = ? 
2019-06-03 17:16:45,391 DEBUG (BaseJdbcLogger.java:159)- ==> Parameters: 75(Long), 8(Integer)
2019-06-03 17:16:45,396 DEBUG (BaseJdbcLogger.java:159)- <==      Total: 1
2019-06-03 17:17:40,017 DEBUG (BaseJdbcLogger.java:159)- ==>  Preparing: SELECT id,user_id,canteen_id FROM user_collect WHERE user_id = ? AND canteen_id = ? 
2019-06-03 17:17:40,018 DEBUG (BaseJdbcLogger.java:159)- ==> Parameters: 75(Long), 8(Integer)
2019-06-03 17:17:40,020 DEBUG (BaseJdbcLogger.java:159)- <==      Total: 1
2019-06-03 17:17:47,010 DEBUG (BaseJdbcLogger.java:159)- ==>  Preparing: SELECT id,user_id,canteen_id FROM user_collect WHERE user_id = ? AND canteen_id = ? 
2019-06-03 17:17:47,011 DEBUG (BaseJdbcLogger.java:159)- ==> Parameters: 75(Long), 8(Integer)
2019-06-03 17:17:47,013 DEBUG (BaseJdbcLogger.java:159)- <==      Total: 1
2019-06-03 17:17:50,017 DEBUG (BaseJdbcLogger.java:159)- ==>  Preparing: SELECT id,user_id,canteen_id FROM user_collect WHERE user_id = ? AND canteen_id = ? 
2019-06-03 17:17:50,018 DEBUG (BaseJdbcLogger.java:159)- ==> Parameters: 75(Long), 8(Integer)
2019-06-03 17:17:50,019 DEBUG (BaseJdbcLogger.java:159)- <==      Total: 1
2019-06-03 17:19:01,320 DEBUG (BaseJdbcLogger.java:159)- ==>  Preparing: SELECT id,user_id,canteen_id FROM user_collect WHERE user_id = ? AND canteen_id = ? 
2019-06-03 17:19:01,321 DEBUG (BaseJdbcLogger.java:159)- ==> Parameters: 75(Long), 8(Integer)
2019-06-03 17:19:01,322 DEBUG (BaseJdbcLogger.java:159)- <==      Total: 1
2019-06-03 17:19:07,748 DEBUG (BaseJdbcLogger.java:159)- ==>  Preparing: SELECT id,user_id,canteen_id FROM user_collect WHERE user_id = ? AND canteen_id = ? 
2019-06-03 17:19:07,749 DEBUG (BaseJdbcLogger.java:159)- ==> Parameters: 75(Long), 8(Integer)
2019-06-03 17:19:07,750 DEBUG (BaseJdbcLogger.java:159)- <==      Total: 1
2019-06-03 17:19:34,207 DEBUG (BaseJdbcLogger.java:159)- ==>  Preparing: SELECT id,user_id,canteen_id FROM user_collect WHERE user_id = ? AND canteen_id = ? 
2019-06-03 17:19:34,209 DEBUG (BaseJdbcLogger.java:159)- ==> Parameters: 75(Long), 8(Integer)
2019-06-03 17:19:34,211 DEBUG (BaseJdbcLogger.java:159)- <==      Total: 1
2019-06-03 17:20:07,322 DEBUG (BaseJdbcLogger.java:159)- ==>  Preparing: SELECT id,user_id,canteen_id FROM user_collect WHERE user_id = ? AND canteen_id = ? 
2019-06-03 17:20:07,323 DEBUG (BaseJdbcLogger.java:159)- ==> Parameters: 75(Long), 8(Integer)
2019-06-03 17:20:07,328 DEBUG (BaseJdbcLogger.java:159)- <==      Total: 1
2019-06-03 17:20:13,732 DEBUG (BaseJdbcLogger.java:159)- ==>  Preparing: SELECT id,user_id,canteen_id FROM user_collect WHERE user_id = ? AND canteen_id = ? 
2019-06-03 17:20:13,733 DEBUG (BaseJdbcLogger.java:159)- ==> Parameters: 75(Long), 8(Integer)
2019-06-03 17:20:13,735 DEBUG (BaseJdbcLogger.java:159)- <==      Total: 1
2019-06-03 17:20:46,909 DEBUG (BaseJdbcLogger.java:159)- ==>  Preparing: SELECT id,user_id,canteen_id FROM user_collect WHERE user_id = ? AND canteen_id = ? 
2019-06-03 17:20:46,910 DEBUG (BaseJdbcLogger.java:159)- ==> Parameters: 75(Long), 8(Integer)
2019-06-03 17:20:46,912 DEBUG (BaseJdbcLogger.java:159)- <==      Total: 1
2019-06-03 17:20:58,911 DEBUG (BaseJdbcLogger.java:159)- ==>  Preparing: SELECT id,user_id,canteen_id FROM user_collect WHERE user_id = ? AND canteen_id = ? 
2019-06-03 17:20:58,912 DEBUG (BaseJdbcLogger.java:159)- ==> Parameters: 75(Long), 9(Integer)
2019-06-03 17:20:58,914 DEBUG (BaseJdbcLogger.java:159)- <==      Total: 0
2019-06-03 17:21:05,166 DEBUG (BaseJdbcLogger.java:159)- ==>  Preparing: SELECT id,user_id,canteen_id FROM user_collect WHERE user_id = ? AND canteen_id = ? 
2019-06-03 17:21:05,167 DEBUG (BaseJdbcLogger.java:159)- ==> Parameters: 75(Long), 8(Integer)
2019-06-03 17:21:05,169 DEBUG (BaseJdbcLogger.java:159)- <==      Total: 1
2019-06-03 17:23:07,203 DEBUG (BaseJdbcLogger.java:159)- ==>  Preparing: SELECT id,user_id,canteen_id FROM user_collect WHERE user_id = ? AND canteen_id = ? 
2019-06-03 17:23:07,204 DEBUG (BaseJdbcLogger.java:159)- ==> Parameters: 75(Long), 9(Integer)
2019-06-03 17:23:07,206 DEBUG (BaseJdbcLogger.java:159)- <==      Total: 0
2019-06-03 17:28:08,954 DEBUG (BaseJdbcLogger.java:159)- ==>  Preparing: SELECT id,user_id,canteen_id FROM user_collect WHERE user_id = ? AND canteen_id = ? 
2019-06-03 17:28:08,956 DEBUG (BaseJdbcLogger.java:159)- ==> Parameters: 75(Long), 8(Integer)
2019-06-03 17:28:08,957 DEBUG (BaseJdbcLogger.java:159)- <==      Total: 1
2019-06-03 17:28:30,218 DEBUG (BaseJdbcLogger.java:159)- ==>  Preparing: SELECT id,user_id,canteen_id FROM user_collect WHERE user_id = ? AND canteen_id = ? 
2019-06-03 17:28:30,218 DEBUG (BaseJdbcLogger.java:159)- ==> Parameters: 75(Long), 8(Integer)
2019-06-03 17:28:30,220 DEBUG (BaseJdbcLogger.java:159)- <==      Total: 1
2019-06-03 17:28:37,994 DEBUG (BaseJdbcLogger.java:159)- ==>  Preparing: SELECT id,user_id,canteen_id FROM user_collect WHERE user_id = ? AND canteen_id = ? 
2019-06-03 17:28:37,995 DEBUG (BaseJdbcLogger.java:159)- ==> Parameters: 75(Long), 8(Integer)
2019-06-03 17:28:37,997 DEBUG (BaseJdbcLogger.java:159)- <==      Total: 1
2019-06-03 17:54:07,401 DEBUG (BaseJdbcLogger.java:159)- ==>  Preparing: SELECT id,user_id,canteen_id FROM user_collect WHERE user_id = ? AND canteen_id = ? 
2019-06-03 17:54:07,403 DEBUG (BaseJdbcLogger.java:159)- ==> Parameters: 75(Long), 8(Integer)
2019-06-03 17:54:07,404 DEBUG (BaseJdbcLogger.java:159)- <==      Total: 1
2019-06-03 17:54:09,829 DEBUG (BaseJdbcLogger.java:159)- ==>  Preparing: SELECT id,user_id,canteen_id FROM user_collect WHERE user_id = ? AND canteen_id = ? 
2019-06-03 17:54:09,830 DEBUG (BaseJdbcLogger.java:159)- ==> Parameters: 75(Long), 9(Integer)
2019-06-03 17:54:09,832 DEBUG (BaseJdbcLogger.java:159)- <==      Total: 0
2019-06-03 17:54:10,752 DEBUG (BaseJdbcLogger.java:159)- ==>  Preparing: INSERT INTO user_collect ( id,user_id,canteen_id ) VALUES( ?,?,? ) 
2019-06-03 17:54:10,755 DEBUG (BaseJdbcLogger.java:159)- ==> Parameters: null, 75(Long), 9(Integer)
2019-06-03 17:54:10,759 DEBUG (BaseJdbcLogger.java:159)- <==    Updates: 1
2019-06-03 17:54:13,043 DEBUG (BaseJdbcLogger.java:159)- ==>  Preparing: SELECT id,user_id,canteen_id FROM user_collect WHERE user_id = ? AND canteen_id = ? 
2019-06-03 17:54:13,044 DEBUG (BaseJdbcLogger.java:159)- ==> Parameters: 75(Long), 10(Integer)
2019-06-03 17:54:13,048 DEBUG (BaseJdbcLogger.java:159)- <==      Total: 0
2019-06-03 17:54:13,730 DEBUG (BaseJdbcLogger.java:159)- ==>  Preparing: INSERT INTO user_collect ( id,user_id,canteen_id ) VALUES( ?,?,? ) 
2019-06-03 17:54:13,731 DEBUG (BaseJdbcLogger.java:159)- ==> Parameters: null, 75(Long), 10(Integer)
2019-06-03 17:54:13,735 DEBUG (BaseJdbcLogger.java:159)- <==    Updates: 1
