2019-05-19 10:12:12,600 INFO (SpringApplication.java:597)- The following profiles are active: dev
2019-05-19 10:12:30,428 INFO (StartupInfoLogger.java:57)- Started ClientServiceApp in 22.146 seconds (JVM running for 24.413)
2019-05-19 10:20:58,554 DEBUG (BaseJdbcLogger.java:159)- ==>  Preparing: SELECT id,user_id,canteen_id FROM user_collect WHERE user_id = ? AND canteen_id = ? 
2019-05-19 10:20:58,580 DEBUG (BaseJdbcLogger.java:159)- ==> Parameters: 75(Long), 8(Integer)
2019-05-19 10:20:58,594 DEBUG (BaseJdbcLogger.java:159)- <==      Total: 1
2019-05-19 10:45:32,945 DEBUG (BaseJdbcLogger.java:159)- ==>  Preparing: SELECT id,user_id,canteen_id FROM user_collect WHERE user_id = ? AND canteen_id = ? 
2019-05-19 10:45:32,949 DEBUG (BaseJdbcLogger.java:159)- ==> Parameters: 75(Long), 8(Integer)
2019-05-19 10:45:32,951 DEBUG (BaseJdbcLogger.java:159)- <==      Total: 1
2019-05-19 11:00:05,175 DEBUG (BaseJdbcLogger.java:159)- ==>  Preparing: SELECT id,user_id,canteen_id FROM user_collect WHERE user_id = ? AND canteen_id = ? 
2019-05-19 11:00:05,177 DEBUG (BaseJdbcLogger.java:159)- ==> Parameters: 75(Long), 9(Integer)
2019-05-19 11:00:05,179 DEBUG (BaseJdbcLogger.java:159)- <==      Total: 0
2019-05-19 11:00:10,367 DEBUG (BaseJdbcLogger.java:159)- ==>  Preparing: SELECT id,user_id,canteen_id FROM user_collect WHERE user_id = ? AND canteen_id = ? 
2019-05-19 11:00:10,370 DEBUG (BaseJdbcLogger.java:159)- ==> Parameters: 75(Long), 9(Integer)
2019-05-19 11:00:10,371 DEBUG (BaseJdbcLogger.java:159)- <==      Total: 0
2019-05-19 11:27:09,194 DEBUG (BaseJdbcLogger.java:159)- ==>  Preparing: SELECT id,user_id,canteen_id FROM user_collect WHERE user_id = ? AND canteen_id = ? 
2019-05-19 11:27:09,195 DEBUG (BaseJdbcLogger.java:159)- ==> Parameters: 75(Long), 8(Integer)
2019-05-19 11:27:09,198 DEBUG (BaseJdbcLogger.java:159)- <==      Total: 1
2019-05-19 12:38:24,812 INFO (SpringApplication.java:597)- The following profiles are active: dev
2019-05-19 12:38:40,968 INFO (StartupInfoLogger.java:57)- Started ClientServiceApp in 19.78 seconds (JVM running for 21.589)
2019-05-19 13:21:38,418 DEBUG (BaseJdbcLogger.java:159)- ==>  Preparing: SELECT id,user_id,canteen_id FROM user_collect WHERE user_id = ? AND canteen_id = ? 
2019-05-19 13:21:38,443 DEBUG (BaseJdbcLogger.java:159)- ==> Parameters: 75(Long), 8(Integer)
2019-05-19 13:21:38,454 DEBUG (BaseJdbcLogger.java:159)- <==      Total: 1
2019-05-19 16:18:47,937 DEBUG (BaseJdbcLogger.java:159)- ==>  Preparing: SELECT id,user_id,canteen_id FROM user_collect WHERE user_id = ? AND canteen_id = ? 
2019-05-19 16:18:47,951 DEBUG (BaseJdbcLogger.java:159)- ==> Parameters: 75(Long), 9(Integer)
2019-05-19 16:18:47,954 DEBUG (BaseJdbcLogger.java:159)- <==      Total: 0
2019-05-19 16:19:22,232 DEBUG (BaseJdbcLogger.java:159)- ==>  Preparing: SELECT id,user_id,canteen_id FROM user_collect WHERE user_id = ? AND canteen_id = ? 
2019-05-19 16:19:22,233 DEBUG (BaseJdbcLogger.java:159)- ==> Parameters: 75(Long), 8(Integer)
2019-05-19 16:19:22,585 DEBUG (BaseJdbcLogger.java:159)- <==      Total: 1
2019-05-19 18:22:15,551 DEBUG (BaseJdbcLogger.java:159)- ==>  Preparing: SELECT id,user_id,canteen_id FROM user_collect WHERE user_id = ? AND canteen_id = ? 
2019-05-19 18:22:15,554 DEBUG (BaseJdbcLogger.java:159)- ==> Parameters: 75(Long), 8(Integer)
2019-05-19 18:22:15,556 DEBUG (BaseJdbcLogger.java:159)- <==      Total: 1
2019-05-19 19:01:59,778 DEBUG (BaseJdbcLogger.java:159)- ==>  Preparing: SELECT id,user_id,canteen_id FROM user_collect WHERE user_id = ? AND canteen_id = ? 
2019-05-19 19:01:59,783 DEBUG (BaseJdbcLogger.java:159)- ==> Parameters: 75(Long), 8(Integer)
2019-05-19 19:01:59,786 DEBUG (BaseJdbcLogger.java:159)- <==      Total: 1
2019-05-19 19:06:23,489 DEBUG (BaseJdbcLogger.java:159)- ==>  Preparing: SELECT id,user_id,canteen_id FROM user_collect WHERE user_id = ? AND canteen_id = ? 
2019-05-19 19:06:23,490 DEBUG (BaseJdbcLogger.java:159)- ==> Parameters: 75(Long), 8(Integer)
2019-05-19 19:06:23,491 DEBUG (BaseJdbcLogger.java:159)- <==      Total: 1
2019-05-19 19:07:14,771 DEBUG (BaseJdbcLogger.java:159)- ==>  Preparing: SELECT id,user_id,canteen_id FROM user_collect WHERE user_id = ? AND canteen_id = ? 
2019-05-19 19:07:14,773 DEBUG (BaseJdbcLogger.java:159)- ==> Parameters: 75(Long), 8(Integer)
2019-05-19 19:07:14,779 DEBUG (BaseJdbcLogger.java:159)- <==      Total: 1
2019-05-19 19:07:14,905 DEBUG (BaseJdbcLogger.java:159)- ==>  Preparing: SELECT id,user_id,canteen_id FROM user_collect WHERE user_id = ? AND canteen_id = ? 
2019-05-19 19:07:14,906 DEBUG (BaseJdbcLogger.java:159)- ==> Parameters: 75(Long), 8(Integer)
2019-05-19 19:07:14,908 DEBUG (BaseJdbcLogger.java:159)- <==      Total: 1
2019-05-19 19:07:49,499 DEBUG (BaseJdbcLogger.java:159)- ==>  Preparing: SELECT id,user_id,canteen_id FROM user_collect WHERE user_id = ? AND canteen_id = ? 
2019-05-19 19:07:49,501 DEBUG (BaseJdbcLogger.java:159)- ==> Parameters: 75(Long), 8(Integer)
2019-05-19 19:07:49,507 DEBUG (BaseJdbcLogger.java:159)- <==      Total: 1
2019-05-19 19:09:43,727 DEBUG (BaseJdbcLogger.java:159)- ==>  Preparing: SELECT id,user_id,canteen_id FROM user_collect WHERE user_id = ? AND canteen_id = ? 
2019-05-19 19:09:43,728 DEBUG (BaseJdbcLogger.java:159)- ==> Parameters: 75(Long), 8(Integer)
2019-05-19 19:09:43,730 DEBUG (BaseJdbcLogger.java:159)- <==      Total: 1
2019-05-19 19:09:45,507 DEBUG (BaseJdbcLogger.java:159)- ==>  Preparing: SELECT id,user_id,canteen_id FROM user_collect WHERE user_id = ? AND canteen_id = ? 
2019-05-19 19:09:45,509 DEBUG (BaseJdbcLogger.java:159)- ==> Parameters: 75(Long), 8(Integer)
2019-05-19 19:09:45,510 DEBUG (BaseJdbcLogger.java:159)- <==      Total: 1
2019-05-19 19:09:47,900 DEBUG (BaseJdbcLogger.java:159)- ==>  Preparing: SELECT id,user_id,canteen_id FROM user_collect WHERE user_id = ? AND canteen_id = ? 
2019-05-19 19:09:47,900 DEBUG (BaseJdbcLogger.java:159)- ==> Parameters: 75(Long), 8(Integer)
2019-05-19 19:09:47,902 DEBUG (BaseJdbcLogger.java:159)- <==      Total: 1
