2019-06-06 11:11:30,354 INFO (SpringApplication.java:597)- The following profiles are active: dev
2019-06-06 11:11:51,188 INFO (StartupInfoLogger.java:57)- Started ClientServiceApp in 25.348 seconds (JVM running for 28.289)
2019-06-06 11:12:44,663 INFO (SpringApplication.java:597)- The following profiles are active: dev
2019-06-06 11:13:03,294 INFO (StartupInfoLogger.java:57)- Started ClientServiceApp in 24.965 seconds (JVM running for 28.2)
2019-06-06 11:26:36,674 DEBUG (BaseJdbcLogger.java:159)- ==>  Preparing: SELECT id,user_id,canteen_id FROM user_collect WHERE user_id = ? AND canteen_id = ? 
2019-06-06 11:26:36,715 DEBUG (BaseJdbcLogger.java:159)- ==> Parameters: 75(Long), 8(Integer)
2019-06-06 11:26:36,739 DEBUG (BaseJdbcLogger.java:159)- <==      Total: 1
2019-06-06 11:26:45,448 DEBUG (BaseJdbcLogger.java:159)- ==>  Preparing: SELECT id,user_id,canteen_id FROM user_collect WHERE user_id = ? AND canteen_id = ? 
2019-06-06 11:26:45,449 DEBUG (BaseJdbcLogger.java:159)- ==> Parameters: 75(Long), 8(Integer)
2019-06-06 11:26:45,451 DEBUG (BaseJdbcLogger.java:159)- <==      Total: 1
2019-06-06 11:26:57,503 DEBUG (BaseJdbcLogger.java:159)- ==>  Preparing: SELECT id,user_id,canteen_id FROM user_collect WHERE user_id = ? AND canteen_id = ? 
2019-06-06 11:26:57,504 DEBUG (BaseJdbcLogger.java:159)- ==> Parameters: 75(Long), 9(Integer)
2019-06-06 11:26:57,506 DEBUG (BaseJdbcLogger.java:159)- <==      Total: 1
2019-06-06 11:27:05,355 DEBUG (BaseJdbcLogger.java:159)- ==>  Preparing: SELECT id,user_id,canteen_id FROM user_collect WHERE user_id = ? AND canteen_id = ? 
2019-06-06 11:27:05,358 DEBUG (BaseJdbcLogger.java:159)- ==> Parameters: 75(Long), 8(Integer)
2019-06-06 11:27:05,362 DEBUG (BaseJdbcLogger.java:159)- <==      Total: 1
2019-06-06 11:27:11,344 DEBUG (BaseJdbcLogger.java:159)- ==>  Preparing: SELECT id,user_id,canteen_id FROM user_collect WHERE user_id = ? AND canteen_id = ? 
2019-06-06 11:27:11,347 DEBUG (BaseJdbcLogger.java:159)- ==> Parameters: 75(Long), 8(Integer)
2019-06-06 11:27:11,349 DEBUG (BaseJdbcLogger.java:159)- <==      Total: 1
2019-06-06 11:29:24,458 DEBUG (BaseJdbcLogger.java:159)- ==>  Preparing: SELECT id,user_id,canteen_id FROM user_collect WHERE user_id = ? AND canteen_id = ? 
2019-06-06 11:29:24,459 DEBUG (BaseJdbcLogger.java:159)- ==> Parameters: 75(Long), 8(Integer)
2019-06-06 11:29:24,461 DEBUG (BaseJdbcLogger.java:159)- <==      Total: 1
2019-06-06 11:30:42,781 DEBUG (BaseJdbcLogger.java:159)- ==>  Preparing: SELECT id,user_id,canteen_id FROM user_collect WHERE user_id = ? AND canteen_id = ? 
2019-06-06 11:30:42,782 DEBUG (BaseJdbcLogger.java:159)- ==> Parameters: 75(Long), 8(Integer)
2019-06-06 11:30:42,786 DEBUG (BaseJdbcLogger.java:159)- <==      Total: 1
2019-06-06 11:30:49,537 DEBUG (BaseJdbcLogger.java:159)- ==>  Preparing: SELECT id,user_id,canteen_id FROM user_collect WHERE user_id = ? AND canteen_id = ? 
2019-06-06 11:30:49,538 DEBUG (BaseJdbcLogger.java:159)- ==> Parameters: 75(Long), 8(Integer)
2019-06-06 11:30:49,541 DEBUG (BaseJdbcLogger.java:159)- <==      Total: 1
2019-06-06 11:32:09,803 DEBUG (BaseJdbcLogger.java:159)- ==>  Preparing: SELECT id,user_id,canteen_id FROM user_collect WHERE user_id = ? AND canteen_id = ? 
2019-06-06 11:32:09,805 DEBUG (BaseJdbcLogger.java:159)- ==> Parameters: 75(Long), 9(Integer)
2019-06-06 11:32:09,806 DEBUG (BaseJdbcLogger.java:159)- <==      Total: 1
2019-06-06 11:42:00,922 DEBUG (BaseJdbcLogger.java:159)- ==>  Preparing: SELECT id,user_id,canteen_id FROM user_collect WHERE user_id = ? AND canteen_id = ? 
2019-06-06 11:42:00,923 DEBUG (BaseJdbcLogger.java:159)- ==> Parameters: 75(Long), 8(Integer)
2019-06-06 11:42:00,925 DEBUG (BaseJdbcLogger.java:159)- <==      Total: 1
2019-06-06 11:43:51,465 DEBUG (BaseJdbcLogger.java:159)- ==>  Preparing: SELECT id,user_id,canteen_id FROM user_collect WHERE user_id = ? AND canteen_id = ? 
2019-06-06 11:43:51,467 DEBUG (BaseJdbcLogger.java:159)- ==> Parameters: 75(Long), 8(Integer)
2019-06-06 11:43:51,469 DEBUG (BaseJdbcLogger.java:159)- <==      Total: 1
2019-06-06 11:44:41,701 DEBUG (BaseJdbcLogger.java:159)- ==>  Preparing: SELECT id,user_id,canteen_id FROM user_collect WHERE user_id = ? AND canteen_id = ? 
2019-06-06 11:44:41,703 DEBUG (BaseJdbcLogger.java:159)- ==> Parameters: 75(Long), 8(Integer)
2019-06-06 11:44:41,704 DEBUG (BaseJdbcLogger.java:159)- <==      Total: 1
2019-06-06 11:45:13,853 DEBUG (BaseJdbcLogger.java:159)- ==>  Preparing: SELECT id,user_id,canteen_id FROM user_collect WHERE user_id = ? AND canteen_id = ? 
2019-06-06 11:45:13,854 DEBUG (BaseJdbcLogger.java:159)- ==> Parameters: 75(Long), 8(Integer)
2019-06-06 11:45:13,857 DEBUG (BaseJdbcLogger.java:159)- <==      Total: 1
2019-06-06 11:46:20,650 DEBUG (BaseJdbcLogger.java:159)- ==>  Preparing: SELECT id,user_id,canteen_id FROM user_collect WHERE user_id = ? AND canteen_id = ? 
2019-06-06 11:46:20,651 DEBUG (BaseJdbcLogger.java:159)- ==> Parameters: 75(Long), 8(Integer)
2019-06-06 11:46:20,654 DEBUG (BaseJdbcLogger.java:159)- <==      Total: 1
2019-06-06 11:46:42,001 DEBUG (BaseJdbcLogger.java:159)- ==>  Preparing: SELECT id,user_id,canteen_id FROM user_collect WHERE user_id = ? AND canteen_id = ? 
2019-06-06 11:46:42,002 DEBUG (BaseJdbcLogger.java:159)- ==> Parameters: 75(Long), 12(Integer)
2019-06-06 11:46:42,004 DEBUG (BaseJdbcLogger.java:159)- <==      Total: 0
2019-06-06 11:46:45,344 DEBUG (BaseJdbcLogger.java:159)- ==>  Preparing: SELECT id,user_id,canteen_id FROM user_collect WHERE user_id = ? AND canteen_id = ? 
2019-06-06 11:46:45,347 DEBUG (BaseJdbcLogger.java:159)- ==> Parameters: 75(Long), 9(Integer)
2019-06-06 11:46:45,351 DEBUG (BaseJdbcLogger.java:159)- <==      Total: 1
2019-06-06 11:46:48,022 DEBUG (BaseJdbcLogger.java:159)- ==>  Preparing: SELECT id,user_id,canteen_id FROM user_collect WHERE user_id = ? AND canteen_id = ? 
2019-06-06 11:46:48,023 DEBUG (BaseJdbcLogger.java:159)- ==> Parameters: 75(Long), 8(Integer)
2019-06-06 11:46:48,026 DEBUG (BaseJdbcLogger.java:159)- <==      Total: 1
2019-06-06 16:05:13,671 INFO (SpringApplication.java:597)- The following profiles are active: dev
2019-06-06 16:05:41,242 INFO (StartupInfoLogger.java:57)- Started ClientServiceApp in 32.32 seconds (JVM running for 36.379)
