2019-05-17 13:04:53,572 INFO (SpringApplication.java:597)- The following profiles are active: dev
2019-05-17 13:05:15,246 INFO (StartupInfoLogger.java:57)- Started ClientServiceApp in 25.8 seconds (JVM running for 28.289)
2019-05-17 13:12:03,912 INFO (SpringApplication.java:597)- The following profiles are active: dev
2019-05-17 13:12:18,167 INFO (StartupInfoLogger.java:57)- Started ClientServiceApp in 18.944 seconds (JVM running for 21.03)
2019-05-17 13:13:55,071 DEBUG (BaseJdbcLogger.java:159)- ==>  Preparing: SELECT id,user_id,canteen_id FROM user_collect WHERE canteen_id = ? 
2019-05-17 13:13:55,090 DEBUG (BaseJdbcLogger.java:159)- ==> Parameters: 8(Long)
2019-05-17 13:13:55,101 DEBUG (BaseJdbcLogger.java:159)- <==      Total: 1
2019-05-17 13:14:08,640 DEBUG (BaseJdbcLogger.java:159)- ==>  Preparing: SELECT id,user_id,canteen_id FROM user_collect WHERE canteen_id = ? 
2019-05-17 13:14:08,641 DEBUG (BaseJdbcLogger.java:159)- ==> Parameters: 8(Long)
2019-05-17 13:14:08,643 DEBUG (BaseJdbcLogger.java:159)- <==      Total: 1
2019-05-17 13:22:31,449 INFO (SpringApplication.java:597)- The following profiles are active: dev
2019-05-17 13:22:41,828 INFO (StartupInfoLogger.java:57)- Started ClientServiceApp in 12.847 seconds (JVM running for 644.69)
2019-05-17 13:29:10,672 INFO (SpringApplication.java:597)- The following profiles are active: dev
2019-05-17 13:29:27,054 INFO (StartupInfoLogger.java:57)- Started ClientServiceApp in 19.269 seconds (JVM running for 1049.917)
2019-05-17 13:29:36,653 INFO (SpringApplication.java:597)- The following profiles are active: dev
2019-05-17 13:29:49,143 INFO (StartupInfoLogger.java:57)- Started ClientServiceApp in 15.406 seconds (JVM running for 1072.005)
2019-05-17 13:30:12,931 INFO (SpringApplication.java:597)- The following profiles are active: dev
2019-05-17 13:30:26,433 INFO (StartupInfoLogger.java:57)- Started ClientServiceApp in 16.322 seconds (JVM running for 1109.295)
2019-05-17 13:30:59,244 INFO (SpringApplication.java:597)- The following profiles are active: dev
2019-05-17 13:31:09,934 INFO (StartupInfoLogger.java:57)- Started ClientServiceApp in 13.467 seconds (JVM running for 1152.796)
2019-05-17 13:56:34,393 INFO (SpringApplication.java:597)- The following profiles are active: dev
2019-05-17 13:56:44,023 INFO (StartupInfoLogger.java:57)- Started ClientServiceApp in 10.255 seconds (JVM running for 2686.885)
2019-05-17 13:56:50,316 INFO (SpringApplication.java:597)- The following profiles are active: dev
2019-05-17 13:57:00,356 INFO (StartupInfoLogger.java:57)- Started ClientServiceApp in 10.615 seconds (JVM running for 2703.219)
2019-05-17 13:58:51,558 INFO (SpringApplication.java:597)- The following profiles are active: dev
2019-05-17 13:59:00,442 INFO (StartupInfoLogger.java:57)- Started ClientServiceApp in 9.284 seconds (JVM running for 2823.305)
2019-05-17 13:59:34,824 INFO (SpringApplication.java:597)- The following profiles are active: dev
2019-05-17 13:59:42,721 INFO (StartupInfoLogger.java:57)- Started ClientServiceApp in 8.299 seconds (JVM running for 2865.583)
2019-05-17 13:59:52,912 INFO (SpringApplication.java:597)- The following profiles are active: dev
2019-05-17 14:00:01,297 INFO (StartupInfoLogger.java:57)- Started ClientServiceApp in 8.835 seconds (JVM running for 2884.159)
2019-05-17 14:00:31,458 INFO (SpringApplication.java:597)- The following profiles are active: dev
2019-05-17 14:00:40,435 INFO (StartupInfoLogger.java:57)- Started ClientServiceApp in 9.415 seconds (JVM running for 2923.297)
2019-05-17 14:00:46,361 INFO (SpringApplication.java:597)- The following profiles are active: dev
2019-05-17 14:00:55,786 INFO (StartupInfoLogger.java:57)- Started ClientServiceApp in 9.927 seconds (JVM running for 2938.648)
2019-05-17 14:02:14,175 INFO (SpringApplication.java:597)- The following profiles are active: dev
2019-05-17 14:02:22,485 INFO (StartupInfoLogger.java:57)- Started ClientServiceApp in 8.719 seconds (JVM running for 3025.348)
2019-05-17 14:02:32,841 INFO (SpringApplication.java:597)- The following profiles are active: dev
2019-05-17 14:02:40,923 INFO (StartupInfoLogger.java:57)- Started ClientServiceApp in 8.515 seconds (JVM running for 3043.786)
2019-05-17 14:06:38,139 INFO (SpringApplication.java:597)- The following profiles are active: dev
2019-05-17 14:06:51,869 INFO (StartupInfoLogger.java:57)- Started ClientServiceApp in 14.428 seconds (JVM running for 3294.731)
2019-05-17 14:07:21,604 INFO (SpringApplication.java:597)- The following profiles are active: dev
2019-05-17 14:07:36,206 INFO (StartupInfoLogger.java:57)- Started ClientServiceApp in 15.38 seconds (JVM running for 3339.068)
2019-05-17 15:56:24,504 DEBUG (BaseJdbcLogger.java:159)- ==>  Preparing: SELECT id,user_id,canteen_id FROM user_collect WHERE user_id = ? AND canteen_id = ? 
2019-05-17 15:56:24,514 DEBUG (BaseJdbcLogger.java:159)- ==> Parameters: 75(Integer), 8(Long)
2019-05-17 15:56:24,516 DEBUG (BaseJdbcLogger.java:159)- <==      Total: 0
2019-05-17 15:59:21,839 DEBUG (BaseJdbcLogger.java:159)- ==>  Preparing: SELECT id,user_id,canteen_id FROM user_collect WHERE user_id = ? AND canteen_id = ? 
2019-05-17 15:59:21,848 DEBUG (BaseJdbcLogger.java:159)- ==> Parameters: 75(Integer), 8(Long)
2019-05-17 15:59:21,849 DEBUG (BaseJdbcLogger.java:159)- <==      Total: 0
2019-05-17 16:03:45,211 DEBUG (BaseJdbcLogger.java:159)- ==>  Preparing: SELECT id,user_id,canteen_id FROM user_collect WHERE user_id = ? AND canteen_id = ? 
2019-05-17 16:03:45,212 DEBUG (BaseJdbcLogger.java:159)- ==> Parameters: 75(Integer), 8(Long)
2019-05-17 16:03:45,213 DEBUG (BaseJdbcLogger.java:159)- <==      Total: 0
2019-05-17 16:05:26,678 DEBUG (BaseJdbcLogger.java:159)- ==>  Preparing: SELECT id,user_id,canteen_id FROM user_collect WHERE user_id = ? AND canteen_id = ? 
2019-05-17 16:05:26,679 DEBUG (BaseJdbcLogger.java:159)- ==> Parameters: 75(Integer), 8(Long)
2019-05-17 16:05:26,680 DEBUG (BaseJdbcLogger.java:159)- <==      Total: 0
2019-05-17 16:05:38,016 DEBUG (BaseJdbcLogger.java:159)- ==>  Preparing: SELECT id,user_id,canteen_id FROM user_collect WHERE user_id = ? AND canteen_id = ? 
2019-05-17 16:05:38,018 DEBUG (BaseJdbcLogger.java:159)- ==> Parameters: 75(Integer), 8(Long)
2019-05-17 16:05:38,020 DEBUG (BaseJdbcLogger.java:159)- <==      Total: 0
2019-05-17 16:10:28,363 INFO (SpringApplication.java:597)- The following profiles are active: dev
2019-05-17 16:10:43,364 INFO (StartupInfoLogger.java:57)- Started ClientServiceApp in 15.796 seconds (JVM running for 10726.226)
2019-05-17 16:15:40,163 INFO (SpringApplication.java:597)- The following profiles are active: dev
2019-05-17 16:15:53,461 INFO (StartupInfoLogger.java:57)- Started ClientServiceApp in 14.668 seconds (JVM running for 11036.323)
2019-05-17 16:16:48,249 INFO (SpringApplication.java:597)- The following profiles are active: dev
2019-05-17 16:17:04,664 INFO (StartupInfoLogger.java:57)- Started ClientServiceApp in 17.502 seconds (JVM running for 11107.526)
2019-05-17 16:20:55,838 DEBUG (BaseJdbcLogger.java:159)- ==>  Preparing: SELECT id,user_id,canteen_id FROM user_collect WHERE user_id = ? AND canteen_id = ? 
2019-05-17 16:20:55,840 DEBUG (BaseJdbcLogger.java:159)- ==> Parameters: 75(Integer), 8(Long)
2019-05-17 16:20:55,842 DEBUG (BaseJdbcLogger.java:159)- <==      Total: 0
2019-05-17 16:22:04,620 DEBUG (BaseJdbcLogger.java:159)- ==>  Preparing: SELECT id,user_id,canteen_id FROM user_collect WHERE user_id = ? AND canteen_id = ? 
2019-05-17 16:22:04,621 DEBUG (BaseJdbcLogger.java:159)- ==> Parameters: 75(Integer), 8(Long)
2019-05-17 16:22:04,622 DEBUG (BaseJdbcLogger.java:159)- <==      Total: 0
2019-05-17 16:22:57,080 DEBUG (BaseJdbcLogger.java:159)- ==>  Preparing: SELECT id,user_id,canteen_id FROM user_collect WHERE user_id = ? AND canteen_id = ? 
2019-05-17 16:22:57,080 DEBUG (BaseJdbcLogger.java:159)- ==> Parameters: 75(Integer), 8(Long)
2019-05-17 16:22:57,081 DEBUG (BaseJdbcLogger.java:159)- <==      Total: 0
2019-05-17 16:22:58,577 DEBUG (BaseJdbcLogger.java:159)- ==>  Preparing: SELECT id,user_id,canteen_id FROM user_collect WHERE user_id = ? AND canteen_id = ? 
2019-05-17 16:22:58,579 DEBUG (BaseJdbcLogger.java:159)- ==> Parameters: 75(Integer), 8(Long)
2019-05-17 16:22:58,580 DEBUG (BaseJdbcLogger.java:159)- <==      Total: 0
2019-05-17 16:24:24,745 DEBUG (BaseJdbcLogger.java:159)- ==>  Preparing: SELECT id,user_id,canteen_id FROM user_collect WHERE user_id = ? AND canteen_id = ? 
2019-05-17 16:24:24,746 DEBUG (BaseJdbcLogger.java:159)- ==> Parameters: 75(Integer), 8(Long)
2019-05-17 16:24:24,750 DEBUG (BaseJdbcLogger.java:159)- <==      Total: 0
2019-05-17 16:27:00,486 INFO (SpringApplication.java:597)- The following profiles are active: dev
2019-05-17 16:27:11,274 INFO (StartupInfoLogger.java:57)- Started ClientServiceApp in 11.359 seconds (JVM running for 11714.136)
2019-05-17 16:28:00,829 INFO (SpringApplication.java:597)- The following profiles are active: dev
2019-05-17 16:28:20,274 INFO (StartupInfoLogger.java:57)- Started ClientServiceApp in 20.04 seconds (JVM running for 11783.136)
2019-05-17 16:28:45,355 INFO (SpringApplication.java:597)- The following profiles are active: dev
2019-05-17 16:28:55,236 INFO (StartupInfoLogger.java:57)- Started ClientServiceApp in 10.491 seconds (JVM running for 11818.098)
2019-05-17 16:31:45,448 INFO (SpringApplication.java:597)- The following profiles are active: dev
2019-05-17 16:32:02,800 INFO (StartupInfoLogger.java:57)- Started ClientServiceApp in 18.983 seconds (JVM running for 12005.663)
2019-05-17 16:33:43,243 DEBUG (BaseJdbcLogger.java:159)- ==>  Preparing: SELECT id,user_id,canteen_id FROM user_collect WHERE user_id = ? AND canteen_id = ? 
2019-05-17 16:33:43,245 DEBUG (BaseJdbcLogger.java:159)- ==> Parameters: 75(Integer), 8(Long)
2019-05-17 16:33:43,246 DEBUG (BaseJdbcLogger.java:159)- <==      Total: 0
2019-05-17 16:38:21,948 INFO (SpringApplication.java:597)- The following profiles are active: dev
2019-05-17 16:38:39,619 INFO (StartupInfoLogger.java:57)- Started ClientServiceApp in 18.492 seconds (JVM running for 12402.481)
2019-05-17 16:40:43,746 DEBUG (BaseJdbcLogger.java:159)- ==>  Preparing: SELECT id,user_id,canteen_id FROM user_collect WHERE user_id = ? AND canteen_id = ? 
2019-05-17 16:40:43,748 DEBUG (BaseJdbcLogger.java:159)- ==> Parameters: 75(Integer), 8(Long)
2019-05-17 16:40:43,749 DEBUG (BaseJdbcLogger.java:159)- <==      Total: 0
2019-05-17 16:40:46,011 DEBUG (BaseJdbcLogger.java:159)- ==>  Preparing: SELECT id,user_id,canteen_id FROM user_collect WHERE user_id = ? AND canteen_id = ? 
2019-05-17 16:40:46,012 DEBUG (BaseJdbcLogger.java:159)- ==> Parameters: 75(Integer), 8(Long)
2019-05-17 16:40:46,013 DEBUG (BaseJdbcLogger.java:159)- <==      Total: 0
2019-05-17 16:40:55,437 DEBUG (BaseJdbcLogger.java:159)- ==>  Preparing: SELECT id,user_id,canteen_id FROM user_collect WHERE user_id = ? AND canteen_id = ? 
2019-05-17 16:40:55,441 DEBUG (BaseJdbcLogger.java:159)- ==> Parameters: 75(Integer), 8(Long)
2019-05-17 16:40:55,446 DEBUG (BaseJdbcLogger.java:159)- <==      Total: 0
2019-05-17 16:42:38,534 DEBUG (BaseJdbcLogger.java:159)- ==>  Preparing: SELECT id,user_id,canteen_id FROM user_collect WHERE user_id = ? AND canteen_id = ? 
2019-05-17 16:42:38,535 DEBUG (BaseJdbcLogger.java:159)- ==> Parameters: 75(Integer), 8(Long)
2019-05-17 16:42:38,536 DEBUG (BaseJdbcLogger.java:159)- <==      Total: 0
2019-05-17 19:24:12,899 INFO (SpringApplication.java:597)- The following profiles are active: dev
2019-05-17 19:24:37,677 INFO (StartupInfoLogger.java:57)- Started ClientServiceApp in 27.081 seconds (JVM running for 29.627)
2019-05-17 19:25:24,095 INFO (SpringApplication.java:597)- The following profiles are active: dev
2019-05-17 19:25:40,812 INFO (StartupInfoLogger.java:57)- Started ClientServiceApp in 19.829 seconds (JVM running for 23.817)
2019-05-17 19:27:19,855 INFO (SpringApplication.java:597)- The following profiles are active: dev
2019-05-17 19:27:35,987 INFO (StartupInfoLogger.java:57)- Started ClientServiceApp in 17.932 seconds (JVM running for 21.775)
2019-05-17 19:33:22,721 DEBUG (BaseJdbcLogger.java:159)- ==>  Preparing: SELECT id,user_id,canteen_id FROM user_collect WHERE canteen_id = ? 
2019-05-17 19:33:22,746 DEBUG (BaseJdbcLogger.java:159)- ==> Parameters: 8(Long)
2019-05-17 19:33:22,758 DEBUG (BaseJdbcLogger.java:159)- <==      Total: 1
2019-05-17 20:24:41,302 DEBUG (BaseJdbcLogger.java:159)- ==>  Preparing: SELECT id,user_id,canteen_id FROM user_collect WHERE user_id = ? AND canteen_id = ? 
2019-05-17 20:24:41,319 DEBUG (BaseJdbcLogger.java:159)- ==> Parameters: 75(Integer), 8(Long)
2019-05-17 20:24:41,322 DEBUG (BaseJdbcLogger.java:159)- <==      Total: 0
2019-05-17 20:24:48,192 DEBUG (BaseJdbcLogger.java:159)- ==>  Preparing: SELECT id,user_id,canteen_id FROM user_collect WHERE user_id = ? AND canteen_id = ? 
2019-05-17 20:24:48,194 DEBUG (BaseJdbcLogger.java:159)- ==> Parameters: 75(Integer), 9(Long)
2019-05-17 20:24:48,195 DEBUG (BaseJdbcLogger.java:159)- <==      Total: 0
2019-05-17 20:24:49,885 DEBUG (BaseJdbcLogger.java:159)- ==>  Preparing: SELECT id,user_id,canteen_id FROM user_collect WHERE user_id = ? AND canteen_id = ? 
2019-05-17 20:24:49,886 DEBUG (BaseJdbcLogger.java:159)- ==> Parameters: 75(Integer), 8(Long)
2019-05-17 20:24:49,888 DEBUG (BaseJdbcLogger.java:159)- <==      Total: 0
2019-05-17 20:24:54,216 DEBUG (BaseJdbcLogger.java:159)- ==>  Preparing: SELECT id,user_id,canteen_id FROM user_collect WHERE user_id = ? AND canteen_id = ? 
2019-05-17 20:24:54,223 DEBUG (BaseJdbcLogger.java:159)- ==> Parameters: 75(Integer), 8(Long)
2019-05-17 20:24:54,225 DEBUG (BaseJdbcLogger.java:159)- <==      Total: 0
2019-05-17 20:25:22,805 DEBUG (BaseJdbcLogger.java:159)- ==>  Preparing: SELECT id,user_id,canteen_id FROM user_collect WHERE user_id = ? AND canteen_id = ? 
2019-05-17 20:25:22,806 DEBUG (BaseJdbcLogger.java:159)- ==> Parameters: 75(Integer), 8(Long)
2019-05-17 20:25:22,809 DEBUG (BaseJdbcLogger.java:159)- <==      Total: 0
2019-05-17 20:33:47,373 DEBUG (BaseJdbcLogger.java:159)- ==>  Preparing: SELECT id,user_id,canteen_id FROM user_collect WHERE canteen_id = ? 
2019-05-17 20:33:47,379 DEBUG (BaseJdbcLogger.java:159)- ==> Parameters: 9(Long)
2019-05-17 20:33:47,382 DEBUG (BaseJdbcLogger.java:159)- <==      Total: 0
2019-05-17 20:34:12,010 DEBUG (BaseJdbcLogger.java:159)- ==>  Preparing: SELECT id,user_id,canteen_id FROM user_collect WHERE canteen_id = ? 
2019-05-17 20:34:12,015 DEBUG (BaseJdbcLogger.java:159)- ==> Parameters: 9(Long)
2019-05-17 20:34:12,018 DEBUG (BaseJdbcLogger.java:159)- <==      Total: 0
2019-05-17 20:34:25,100 DEBUG (BaseJdbcLogger.java:159)- ==>  Preparing: SELECT id,user_id,canteen_id FROM user_collect WHERE canteen_id = ? 
2019-05-17 20:34:25,101 DEBUG (BaseJdbcLogger.java:159)- ==> Parameters: 9(Long)
2019-05-17 20:34:25,102 DEBUG (BaseJdbcLogger.java:159)- <==      Total: 0
2019-05-17 20:38:20,050 DEBUG (BaseJdbcLogger.java:159)- ==>  Preparing: SELECT id,user_id,canteen_id FROM user_collect WHERE canteen_id = ? 
2019-05-17 20:38:20,052 DEBUG (BaseJdbcLogger.java:159)- ==> Parameters: 8(Long)
2019-05-17 20:38:20,054 DEBUG (BaseJdbcLogger.java:159)- <==      Total: 1
2019-05-17 20:43:06,831 DEBUG (BaseJdbcLogger.java:159)- ==>  Preparing: SELECT id,user_id,canteen_id FROM user_collect WHERE user_id = ? AND canteen_id = ? 
2019-05-17 20:43:06,832 DEBUG (BaseJdbcLogger.java:159)- ==> Parameters: 75(Integer), 9(Long)
2019-05-17 20:43:06,833 DEBUG (BaseJdbcLogger.java:159)- <==      Total: 0
2019-05-17 20:45:08,915 DEBUG (BaseJdbcLogger.java:159)- ==>  Preparing: SELECT id,user_id,canteen_id FROM user_collect WHERE user_id = ? AND canteen_id = ? 
2019-05-17 20:45:08,916 DEBUG (BaseJdbcLogger.java:159)- ==> Parameters: 75(Integer), 9(Long)
2019-05-17 20:45:08,917 DEBUG (BaseJdbcLogger.java:159)- <==      Total: 0
2019-05-17 20:45:13,048 DEBUG (BaseJdbcLogger.java:159)- ==>  Preparing: SELECT id,user_id,canteen_id FROM user_collect WHERE user_id = ? AND canteen_id = ? 
2019-05-17 20:45:13,049 DEBUG (BaseJdbcLogger.java:159)- ==> Parameters: 75(Integer), 8(Long)
2019-05-17 20:45:13,051 DEBUG (BaseJdbcLogger.java:159)- <==      Total: 0
2019-05-17 20:45:15,637 DEBUG (BaseJdbcLogger.java:159)- ==>  Preparing: SELECT id,user_id,canteen_id FROM user_collect WHERE user_id = ? AND canteen_id = ? 
2019-05-17 20:45:15,639 DEBUG (BaseJdbcLogger.java:159)- ==> Parameters: 75(Integer), 8(Long)
2019-05-17 20:45:15,643 DEBUG (BaseJdbcLogger.java:159)- <==      Total: 0
2019-05-17 20:45:54,300 DEBUG (BaseJdbcLogger.java:159)- ==>  Preparing: SELECT id,user_id,canteen_id FROM user_collect WHERE user_id = ? AND canteen_id = ? 
2019-05-17 20:45:54,301 DEBUG (BaseJdbcLogger.java:159)- ==> Parameters: 75(Integer), 8(Long)
2019-05-17 20:45:54,303 DEBUG (BaseJdbcLogger.java:159)- <==      Total: 0
2019-05-17 20:45:56,289 DEBUG (BaseJdbcLogger.java:159)- ==>  Preparing: SELECT id,user_id,canteen_id FROM user_collect WHERE user_id = ? AND canteen_id = ? 
2019-05-17 20:45:56,298 DEBUG (BaseJdbcLogger.java:159)- ==> Parameters: 75(Integer), 9(Long)
2019-05-17 20:45:56,306 DEBUG (BaseJdbcLogger.java:159)- <==      Total: 0
2019-05-17 20:46:40,354 DEBUG (BaseJdbcLogger.java:159)- ==>  Preparing: SELECT id,user_id,canteen_id FROM user_collect WHERE user_id = ? AND canteen_id = ? 
2019-05-17 20:46:40,355 DEBUG (BaseJdbcLogger.java:159)- ==> Parameters: 75(Integer), 9(Long)
2019-05-17 20:46:40,357 DEBUG (BaseJdbcLogger.java:159)- <==      Total: 0
2019-05-17 20:46:43,940 DEBUG (BaseJdbcLogger.java:159)- ==>  Preparing: SELECT id,user_id,canteen_id FROM user_collect WHERE user_id = ? AND canteen_id = ? 
2019-05-17 20:46:43,942 DEBUG (BaseJdbcLogger.java:159)- ==> Parameters: 75(Integer), 8(Long)
2019-05-17 20:46:43,943 DEBUG (BaseJdbcLogger.java:159)- <==      Total: 0
2019-05-17 20:47:20,561 DEBUG (BaseJdbcLogger.java:159)- ==>  Preparing: SELECT id,user_id,canteen_id FROM user_collect WHERE user_id = ? AND canteen_id = ? 
2019-05-17 20:47:20,563 DEBUG (BaseJdbcLogger.java:159)- ==> Parameters: 75(Integer), 9(Long)
2019-05-17 20:47:20,565 DEBUG (BaseJdbcLogger.java:159)- <==      Total: 0
2019-05-17 20:47:23,233 DEBUG (BaseJdbcLogger.java:159)- ==>  Preparing: SELECT id,user_id,canteen_id FROM user_collect WHERE user_id = ? AND canteen_id = ? 
2019-05-17 20:47:23,234 DEBUG (BaseJdbcLogger.java:159)- ==> Parameters: 75(Integer), 8(Long)
2019-05-17 20:47:23,243 DEBUG (BaseJdbcLogger.java:159)- <==      Total: 0
2019-05-17 20:47:30,883 DEBUG (BaseJdbcLogger.java:159)- ==>  Preparing: SELECT id,user_id,canteen_id FROM user_collect WHERE user_id = ? AND canteen_id = ? 
2019-05-17 20:47:30,886 DEBUG (BaseJdbcLogger.java:159)- ==> Parameters: 75(Integer), 9(Long)
2019-05-17 20:47:30,888 DEBUG (BaseJdbcLogger.java:159)- <==      Total: 0
2019-05-17 20:47:41,359 DEBUG (BaseJdbcLogger.java:159)- ==>  Preparing: SELECT id,user_id,canteen_id FROM user_collect WHERE user_id = ? AND canteen_id = ? 
2019-05-17 20:47:41,360 DEBUG (BaseJdbcLogger.java:159)- ==> Parameters: 75(Integer), 8(Long)
2019-05-17 20:47:41,361 DEBUG (BaseJdbcLogger.java:159)- <==      Total: 0
2019-05-17 20:47:43,947 DEBUG (BaseJdbcLogger.java:159)- ==>  Preparing: SELECT id,user_id,canteen_id FROM user_collect WHERE user_id = ? AND canteen_id = ? 
2019-05-17 20:47:43,949 DEBUG (BaseJdbcLogger.java:159)- ==> Parameters: 75(Integer), 9(Long)
2019-05-17 20:47:43,951 DEBUG (BaseJdbcLogger.java:159)- <==      Total: 0
2019-05-17 20:47:45,997 DEBUG (BaseJdbcLogger.java:159)- ==>  Preparing: SELECT id,user_id,canteen_id FROM user_collect WHERE user_id = ? AND canteen_id = ? 
2019-05-17 20:47:45,998 DEBUG (BaseJdbcLogger.java:159)- ==> Parameters: 75(Integer), 8(Long)
2019-05-17 20:47:46,000 DEBUG (BaseJdbcLogger.java:159)- <==      Total: 0
2019-05-17 20:47:48,241 DEBUG (BaseJdbcLogger.java:159)- ==>  Preparing: SELECT id,user_id,canteen_id FROM user_collect WHERE user_id = ? AND canteen_id = ? 
2019-05-17 20:47:48,242 DEBUG (BaseJdbcLogger.java:159)- ==> Parameters: 75(Integer), 9(Long)
2019-05-17 20:47:48,243 DEBUG (BaseJdbcLogger.java:159)- <==      Total: 0
2019-05-17 20:47:51,033 DEBUG (BaseJdbcLogger.java:159)- ==>  Preparing: SELECT id,user_id,canteen_id FROM user_collect WHERE user_id = ? AND canteen_id = ? 
2019-05-17 20:47:51,040 DEBUG (BaseJdbcLogger.java:159)- ==> Parameters: 75(Integer), 8(Long)
2019-05-17 20:47:51,043 DEBUG (BaseJdbcLogger.java:159)- <==      Total: 0
2019-05-17 20:48:06,748 DEBUG (BaseJdbcLogger.java:159)- ==>  Preparing: SELECT id,user_id,canteen_id FROM user_collect WHERE user_id = ? AND canteen_id = ? 
2019-05-17 20:48:06,749 DEBUG (BaseJdbcLogger.java:159)- ==> Parameters: 75(Integer), 8(Long)
2019-05-17 20:48:06,752 DEBUG (BaseJdbcLogger.java:159)- <==      Total: 0
2019-05-17 20:48:12,720 DEBUG (BaseJdbcLogger.java:159)- ==>  Preparing: SELECT id,user_id,canteen_id FROM user_collect WHERE user_id = ? AND canteen_id = ? 
2019-05-17 20:48:12,722 DEBUG (BaseJdbcLogger.java:159)- ==> Parameters: 75(Integer), 8(Long)
2019-05-17 20:48:12,726 DEBUG (BaseJdbcLogger.java:159)- <==      Total: 0
2019-05-17 20:53:06,250 DEBUG (BaseJdbcLogger.java:159)- ==>  Preparing: SELECT id,user_id,canteen_id FROM user_collect WHERE user_id = ? AND canteen_id = ? 
2019-05-17 20:53:06,252 DEBUG (BaseJdbcLogger.java:159)- ==> Parameters: 75(Integer), 9(Long)
2019-05-17 20:53:06,253 DEBUG (BaseJdbcLogger.java:159)- <==      Total: 0
2019-05-17 20:53:09,307 DEBUG (BaseJdbcLogger.java:159)- ==>  Preparing: SELECT id,user_id,canteen_id FROM user_collect WHERE user_id = ? AND canteen_id = ? 
2019-05-17 20:53:09,308 DEBUG (BaseJdbcLogger.java:159)- ==> Parameters: 75(Integer), 9(Long)
2019-05-17 20:53:09,311 DEBUG (BaseJdbcLogger.java:159)- <==      Total: 0
2019-05-17 20:53:17,590 DEBUG (BaseJdbcLogger.java:159)- ==>  Preparing: SELECT id,user_id,canteen_id FROM user_collect WHERE user_id = ? AND canteen_id = ? 
2019-05-17 20:53:17,591 DEBUG (BaseJdbcLogger.java:159)- ==> Parameters: 75(Integer), 8(Long)
2019-05-17 20:53:17,593 DEBUG (BaseJdbcLogger.java:159)- <==      Total: 0
2019-05-17 21:43:52,674 DEBUG (BaseJdbcLogger.java:159)- ==>  Preparing: SELECT id,user_id,canteen_id FROM user_collect WHERE user_id = ? AND canteen_id = ? 
2019-05-17 21:43:52,678 DEBUG (BaseJdbcLogger.java:159)- ==> Parameters: 75(Integer), 8(Long)
2019-05-17 21:43:52,680 DEBUG (BaseJdbcLogger.java:159)- <==      Total: 0
2019-05-17 21:44:09,040 DEBUG (BaseJdbcLogger.java:159)- ==>  Preparing: SELECT id,user_id,canteen_id FROM user_collect WHERE user_id = ? AND canteen_id = ? 
2019-05-17 21:44:09,041 DEBUG (BaseJdbcLogger.java:159)- ==> Parameters: 75(Integer), 8(Long)
2019-05-17 21:44:09,043 DEBUG (BaseJdbcLogger.java:159)- <==      Total: 0
2019-05-17 21:44:22,306 DEBUG (BaseJdbcLogger.java:159)- ==>  Preparing: SELECT id,user_id,canteen_id FROM user_collect WHERE user_id = ? AND canteen_id = ? 
2019-05-17 21:44:22,311 DEBUG (BaseJdbcLogger.java:159)- ==> Parameters: 75(Integer), 8(Long)
2019-05-17 21:44:22,312 DEBUG (BaseJdbcLogger.java:159)- <==      Total: 0
2019-05-17 21:44:29,515 DEBUG (BaseJdbcLogger.java:159)- ==>  Preparing: INSERT INTO user_collect ( id,user_id,canteen_id ) VALUES( ?,?,? ) 
2019-05-17 21:44:29,519 DEBUG (BaseJdbcLogger.java:159)- ==> Parameters: null, 75(Integer), 8(Long)
2019-05-17 21:44:29,523 DEBUG (BaseJdbcLogger.java:159)- <==    Updates: 1
2019-05-17 21:44:36,399 DEBUG (BaseJdbcLogger.java:159)- ==>  Preparing: SELECT id,user_id,canteen_id FROM user_collect WHERE user_id = ? AND canteen_id = ? 
2019-05-17 21:44:36,400 DEBUG (BaseJdbcLogger.java:159)- ==> Parameters: 75(Integer), 8(Long)
2019-05-17 21:44:36,401 DEBUG (BaseJdbcLogger.java:159)- <==      Total: 1
2019-05-17 22:08:06,405 INFO (SpringApplication.java:597)- The following profiles are active: dev
2019-05-17 22:18:30,217 INFO (SpringApplication.java:597)- The following profiles are active: dev
2019-05-17 22:20:22,291 INFO (SpringApplication.java:597)- The following profiles are active: dev
2019-05-17 22:20:32,373 INFO (StartupInfoLogger.java:57)- Started ClientServiceApp in 10.954 seconds (JVM running for 10398.16)
2019-05-17 22:20:45,009 INFO (SpringApplication.java:597)- The following profiles are active: dev
2019-05-17 22:20:55,270 INFO (StartupInfoLogger.java:57)- Started ClientServiceApp in 11.427 seconds (JVM running for 10421.058)
2019-05-17 22:21:32,486 DEBUG (BaseJdbcLogger.java:159)- ==>  Preparing: SELECT id,user_id,canteen_id FROM user_collect WHERE user_id = ? AND canteen_id = ? 
2019-05-17 22:21:32,488 DEBUG (BaseJdbcLogger.java:159)- ==> Parameters: 75(Long), 9(Integer)
2019-05-17 22:21:32,489 DEBUG (BaseJdbcLogger.java:159)- <==      Total: 0
2019-05-17 22:21:35,075 DEBUG (BaseJdbcLogger.java:159)- ==>  Preparing: SELECT id,user_id,canteen_id FROM user_collect WHERE user_id = ? AND canteen_id = ? 
2019-05-17 22:21:35,076 DEBUG (BaseJdbcLogger.java:159)- ==> Parameters: 75(Long), 8(Integer)
2019-05-17 22:21:35,079 DEBUG (BaseJdbcLogger.java:159)- <==      Total: 1
2019-05-17 22:36:42,017 INFO (SpringApplication.java:597)- The following profiles are active: dev
2019-05-17 22:36:52,607 INFO (StartupInfoLogger.java:57)- Started ClientServiceApp in 11.33 seconds (JVM running for 11378.395)
2019-05-17 22:42:26,375 INFO (SpringApplication.java:597)- The following profiles are active: dev
2019-05-17 22:42:36,386 INFO (StartupInfoLogger.java:57)- Started ClientServiceApp in 10.926 seconds (JVM running for 11722.174)
2019-05-17 22:43:19,764 INFO (SpringApplication.java:597)- The following profiles are active: dev
2019-05-17 22:43:34,991 INFO (StartupInfoLogger.java:57)- Started ClientServiceApp in 16.242 seconds (JVM running for 11780.778)
2019-05-17 23:05:37,148 DEBUG (BaseJdbcLogger.java:159)- ==>  Preparing: SELECT id,user_id,canteen_id FROM user_collect WHERE user_id = ? AND canteen_id = ? 
2019-05-17 23:05:37,153 DEBUG (BaseJdbcLogger.java:159)- ==> Parameters: 75(Long), 8(Integer)
2019-05-17 23:05:37,158 DEBUG (BaseJdbcLogger.java:159)- <==      Total: 1
2019-05-17 23:05:42,574 DEBUG (BaseJdbcLogger.java:159)- ==>  Preparing: SELECT id,user_id,canteen_id FROM user_collect WHERE user_id = ? AND canteen_id = ? 
2019-05-17 23:05:42,576 DEBUG (BaseJdbcLogger.java:159)- ==> Parameters: 75(Long), 8(Integer)
2019-05-17 23:05:42,579 DEBUG (BaseJdbcLogger.java:159)- <==      Total: 1
2019-05-17 23:26:57,695 INFO (SpringApplication.java:597)- The following profiles are active: dev
2019-05-17 23:27:12,252 INFO (StartupInfoLogger.java:57)- Started ClientServiceApp in 15.608 seconds (JVM running for 14398.04)
2019-05-17 23:27:40,019 INFO (SpringApplication.java:597)- The following profiles are active: dev
2019-05-17 23:27:50,542 INFO (StartupInfoLogger.java:57)- Started ClientServiceApp in 11.316 seconds (JVM running for 14436.33)
2019-05-17 23:37:55,629 DEBUG (BaseJdbcLogger.java:159)- ==>  Preparing: SELECT id,user_id,canteen_id FROM user_collect WHERE user_id = ? AND canteen_id = ? 
2019-05-17 23:37:55,632 DEBUG (BaseJdbcLogger.java:159)- ==> Parameters: 75(Long), 8(Integer)
2019-05-17 23:37:55,634 DEBUG (BaseJdbcLogger.java:159)- <==      Total: 1
2019-05-17 23:38:00,291 DEBUG (BaseJdbcLogger.java:159)- ==>  Preparing: SELECT id,user_id,canteen_id FROM user_collect WHERE user_id = ? AND canteen_id = ? 
2019-05-17 23:38:00,296 DEBUG (BaseJdbcLogger.java:159)- ==> Parameters: 75(Long), 9(Integer)
2019-05-17 23:38:00,297 DEBUG (BaseJdbcLogger.java:159)- <==      Total: 0
2019-05-17 23:38:13,208 DEBUG (BaseJdbcLogger.java:159)- ==>  Preparing: SELECT id,user_id,canteen_id FROM user_collect WHERE user_id = ? AND canteen_id = ? 
2019-05-17 23:38:13,209 DEBUG (BaseJdbcLogger.java:159)- ==> Parameters: 75(Long), 8(Integer)
2019-05-17 23:38:13,212 DEBUG (BaseJdbcLogger.java:159)- <==      Total: 1
2019-05-17 23:39:57,885 DEBUG (BaseJdbcLogger.java:159)- ==>  Preparing: SELECT id,user_id,canteen_id FROM user_collect WHERE user_id = ? AND canteen_id = ? 
2019-05-17 23:39:57,886 DEBUG (BaseJdbcLogger.java:159)- ==> Parameters: 75(Long), 8(Integer)
2019-05-17 23:39:57,889 DEBUG (BaseJdbcLogger.java:159)- <==      Total: 1
2019-05-17 23:40:38,322 DEBUG (BaseJdbcLogger.java:159)- ==>  Preparing: SELECT id,user_id,canteen_id FROM user_collect WHERE user_id = ? AND canteen_id = ? 
2019-05-17 23:40:38,323 DEBUG (BaseJdbcLogger.java:159)- ==> Parameters: 75(Long), 8(Integer)
2019-05-17 23:40:38,325 DEBUG (BaseJdbcLogger.java:159)- <==      Total: 1
2019-05-17 23:40:57,949 DEBUG (BaseJdbcLogger.java:159)- ==>  Preparing: SELECT id,user_id,canteen_id FROM user_collect WHERE user_id = ? AND canteen_id = ? 
2019-05-17 23:40:57,952 DEBUG (BaseJdbcLogger.java:159)- ==> Parameters: 75(Long), 8(Integer)
2019-05-17 23:40:57,955 DEBUG (BaseJdbcLogger.java:159)- <==      Total: 1
2019-05-17 23:42:42,686 DEBUG (BaseJdbcLogger.java:159)- ==>  Preparing: SELECT id,user_id,canteen_id FROM user_collect WHERE user_id = ? AND canteen_id = ? 
2019-05-17 23:42:42,687 DEBUG (BaseJdbcLogger.java:159)- ==> Parameters: 75(Long), 8(Integer)
2019-05-17 23:42:42,689 DEBUG (BaseJdbcLogger.java:159)- <==      Total: 1
2019-05-17 23:42:42,756 DEBUG (BaseJdbcLogger.java:159)- ==>  Preparing: SELECT id,user_id,canteen_id FROM user_collect WHERE user_id = ? AND canteen_id = ? 
2019-05-17 23:42:42,757 DEBUG (BaseJdbcLogger.java:159)- ==> Parameters: 75(Long), 8(Integer)
2019-05-17 23:42:42,758 DEBUG (BaseJdbcLogger.java:159)- <==      Total: 1
2019-05-17 23:43:07,690 DEBUG (BaseJdbcLogger.java:159)- ==>  Preparing: SELECT id,user_id,canteen_id FROM user_collect WHERE user_id = ? AND canteen_id = ? 
2019-05-17 23:43:07,691 DEBUG (BaseJdbcLogger.java:159)- ==> Parameters: 75(Long), 8(Integer)
2019-05-17 23:43:07,692 DEBUG (BaseJdbcLogger.java:159)- <==      Total: 1
2019-05-17 23:43:18,595 DEBUG (BaseJdbcLogger.java:159)- ==>  Preparing: SELECT id,user_id,canteen_id FROM user_collect WHERE user_id = ? AND canteen_id = ? 
2019-05-17 23:43:18,597 DEBUG (BaseJdbcLogger.java:159)- ==> Parameters: 75(Long), 8(Integer)
2019-05-17 23:43:18,599 DEBUG (BaseJdbcLogger.java:159)- <==      Total: 1
2019-05-17 23:43:32,682 DEBUG (BaseJdbcLogger.java:159)- ==>  Preparing: SELECT id,user_id,canteen_id FROM user_collect WHERE user_id = ? AND canteen_id = ? 
2019-05-17 23:43:32,682 DEBUG (BaseJdbcLogger.java:159)- ==> Parameters: 75(Long), 8(Integer)
2019-05-17 23:43:32,684 DEBUG (BaseJdbcLogger.java:159)- <==      Total: 1
2019-05-17 23:44:21,237 DEBUG (BaseJdbcLogger.java:159)- ==>  Preparing: SELECT id,user_id,canteen_id FROM user_collect WHERE user_id = ? AND canteen_id = ? 
2019-05-17 23:44:21,238 DEBUG (BaseJdbcLogger.java:159)- ==> Parameters: 75(Long), 8(Integer)
2019-05-17 23:44:21,240 DEBUG (BaseJdbcLogger.java:159)- <==      Total: 1
2019-05-17 23:44:26,334 DEBUG (BaseJdbcLogger.java:159)- ==>  Preparing: SELECT id,user_id,canteen_id FROM user_collect WHERE user_id = ? AND canteen_id = ? 
2019-05-17 23:44:26,337 DEBUG (BaseJdbcLogger.java:159)- ==> Parameters: 75(Long), 8(Integer)
2019-05-17 23:44:26,339 DEBUG (BaseJdbcLogger.java:159)- <==      Total: 1
2019-05-17 23:44:34,313 DEBUG (BaseJdbcLogger.java:159)- ==>  Preparing: SELECT id,user_id,canteen_id FROM user_collect WHERE user_id = ? AND canteen_id = ? 
2019-05-17 23:44:34,315 DEBUG (BaseJdbcLogger.java:159)- ==> Parameters: 75(Long), 8(Integer)
2019-05-17 23:44:34,316 DEBUG (BaseJdbcLogger.java:159)- <==      Total: 1
2019-05-17 23:45:20,008 DEBUG (BaseJdbcLogger.java:159)- ==>  Preparing: SELECT id,user_id,canteen_id FROM user_collect WHERE user_id = ? AND canteen_id = ? 
2019-05-17 23:45:20,010 DEBUG (BaseJdbcLogger.java:159)- ==> Parameters: 75(Long), 8(Integer)
2019-05-17 23:45:20,011 DEBUG (BaseJdbcLogger.java:159)- <==      Total: 1
2019-05-17 23:45:48,240 DEBUG (BaseJdbcLogger.java:159)- ==>  Preparing: SELECT id,user_id,canteen_id FROM user_collect WHERE user_id = ? AND canteen_id = ? 
2019-05-17 23:45:48,244 DEBUG (BaseJdbcLogger.java:159)- ==> Parameters: 75(Long), 8(Integer)
2019-05-17 23:45:48,247 DEBUG (BaseJdbcLogger.java:159)- <==      Total: 1
2019-05-17 23:46:46,465 DEBUG (BaseJdbcLogger.java:159)- ==>  Preparing: SELECT id,user_id,canteen_id FROM user_collect WHERE user_id = ? AND canteen_id = ? 
2019-05-17 23:46:46,468 DEBUG (BaseJdbcLogger.java:159)- ==> Parameters: 75(Long), 8(Integer)
2019-05-17 23:46:46,477 DEBUG (BaseJdbcLogger.java:159)- <==      Total: 1
2019-05-17 23:46:59,166 DEBUG (BaseJdbcLogger.java:159)- ==>  Preparing: SELECT id,user_id,canteen_id FROM user_collect WHERE user_id = ? AND canteen_id = ? 
2019-05-17 23:46:59,168 DEBUG (BaseJdbcLogger.java:159)- ==> Parameters: 75(Long), 8(Integer)
2019-05-17 23:46:59,170 DEBUG (BaseJdbcLogger.java:159)- <==      Total: 1
2019-05-17 23:51:10,774 DEBUG (BaseJdbcLogger.java:159)- ==>  Preparing: SELECT id,user_id,canteen_id FROM user_collect WHERE user_id = ? AND canteen_id = ? 
2019-05-17 23:51:10,775 DEBUG (BaseJdbcLogger.java:159)- ==> Parameters: 75(Long), 8(Integer)
2019-05-17 23:51:10,776 DEBUG (BaseJdbcLogger.java:159)- <==      Total: 1
2019-05-17 23:52:24,704 DEBUG (BaseJdbcLogger.java:159)- ==>  Preparing: SELECT id,user_id,canteen_id FROM user_collect WHERE user_id = ? AND canteen_id = ? 
2019-05-17 23:52:24,705 DEBUG (BaseJdbcLogger.java:159)- ==> Parameters: 75(Long), 8(Integer)
2019-05-17 23:52:24,707 DEBUG (BaseJdbcLogger.java:159)- <==      Total: 1
