2019-05-01 19:03:41,900 INFO (SpringApplication.java:597)- The following profiles are active: dev
2019-05-01 19:03:55,956 INFO (StartupInfoLogger.java:57)- Started ClientServiceApp in 18.6 seconds (JVM running for 20.377)
2019-05-01 20:06:59,713 DEBUG (BaseJdbcLogger.java:159)- ==>  Preparing: INSERT INTO user_collect ( id,user_id,canteen_id ) VALUES( ?,?,? ) 
2019-05-01 20:06:59,744 DEBUG (BaseJdbcLogger.java:159)- ==> Parameters: null, null, 9(Integer)
2019-05-01 20:06:59,757 DEBUG (BaseJdbcLogger.java:159)- <==    Updates: 1
2019-05-01 20:07:22,555 DEBUG (BaseJdbcLogger.java:159)- ==>  Preparing: INSERT INTO user_collect ( id,user_id,canteen_id ) VALUES( ?,?,? ) 
2019-05-01 20:07:22,556 DEBUG (BaseJdbcLogger.java:159)- ==> Parameters: null, 80(Integer), 9(Integer)
2019-05-01 20:07:22,562 DEBUG (BaseJdbcLogger.java:159)- <==    Updates: 1
2019-05-01 20:08:02,611 DEBUG (BaseJdbcLogger.java:159)- ==>  Preparing: DELETE FROM user_collect WHERE user_id = ? AND canteen_id = ? 
2019-05-01 20:08:02,611 DEBUG (BaseJdbcLogger.java:159)- ==> Parameters: 80(Integer), 9(Integer)
2019-05-01 20:08:02,614 DEBUG (BaseJdbcLogger.java:159)- <==    Updates: 1
2019-05-01 20:08:09,486 DEBUG (BaseJdbcLogger.java:159)- ==>  Preparing: INSERT INTO user_collect ( id,user_id,canteen_id ) VALUES( ?,?,? ) 
2019-05-01 20:08:09,487 DEBUG (BaseJdbcLogger.java:159)- ==> Parameters: null, 80(Integer), 9(Integer)
2019-05-01 20:08:09,507 DEBUG (BaseJdbcLogger.java:159)- <==    Updates: 1
2019-05-01 20:56:20,632 INFO (SpringApplication.java:597)- The following profiles are active: dev
2019-05-01 20:56:35,360 INFO (StartupInfoLogger.java:57)- Started ClientServiceApp in 19.521 seconds (JVM running for 21.695)
2019-05-01 21:13:38,652 INFO (SpringApplication.java:597)- The following profiles are active: dev
2019-05-01 21:13:54,855 INFO (StartupInfoLogger.java:57)- Started ClientServiceApp in 20.768 seconds (JVM running for 22.384)
2019-05-01 21:15:42,074 DEBUG (BaseJdbcLogger.java:159)- ==>  Preparing: SELECT id,user_id,canteen_id FROM user_collect WHERE canteen_id = ? 
2019-05-01 21:15:42,097 DEBUG (BaseJdbcLogger.java:159)- ==> Parameters: 9(Integer)
2019-05-01 21:15:42,111 DEBUG (BaseJdbcLogger.java:159)- <==      Total: 1
2019-05-01 21:21:47,485 DEBUG (BaseJdbcLogger.java:159)- ==>  Preparing: SELECT id,user_id,canteen_id FROM user_collect WHERE canteen_id = ? 
2019-05-01 21:21:47,487 DEBUG (BaseJdbcLogger.java:159)- ==> Parameters: 9(Integer)
2019-05-01 21:21:47,490 DEBUG (BaseJdbcLogger.java:159)- <==      Total: 1
2019-05-01 21:24:19,920 DEBUG (BaseJdbcLogger.java:159)- ==>  Preparing: SELECT id,user_id,canteen_id FROM user_collect WHERE user_id = ? AND canteen_id = ? 
2019-05-01 21:24:19,922 DEBUG (BaseJdbcLogger.java:159)- ==> Parameters: 80(Integer), 9(Integer)
2019-05-01 21:24:19,926 DEBUG (BaseJdbcLogger.java:159)- <==      Total: 1
2019-05-01 21:24:46,424 DEBUG (BaseJdbcLogger.java:159)- ==>  Preparing: SELECT id,user_id,canteen_id FROM user_collect WHERE user_id = ? AND canteen_id = ? 
2019-05-01 21:24:46,425 DEBUG (BaseJdbcLogger.java:159)- ==> Parameters: 80(Integer), 9(Integer)
2019-05-01 21:24:46,429 DEBUG (BaseJdbcLogger.java:159)- <==      Total: 1
2019-05-01 21:25:59,764 DEBUG (BaseJdbcLogger.java:159)- ==>  Preparing: SELECT id,user_id,canteen_id FROM user_collect WHERE user_id = ? AND canteen_id = ? 
2019-05-01 21:25:59,765 DEBUG (BaseJdbcLogger.java:159)- ==> Parameters: 80(Integer), 9(Integer)
2019-05-01 21:25:59,768 DEBUG (BaseJdbcLogger.java:159)- <==      Total: 1
2019-05-01 21:26:01,708 DEBUG (BaseJdbcLogger.java:159)- ==>  Preparing: SELECT id,user_id,canteen_id FROM user_collect WHERE user_id = ? AND canteen_id = ? 
2019-05-01 21:26:01,709 DEBUG (BaseJdbcLogger.java:159)- ==> Parameters: 80(Integer), 9(Integer)
2019-05-01 21:26:01,714 DEBUG (BaseJdbcLogger.java:159)- <==      Total: 1
2019-05-01 21:26:04,744 DEBUG (BaseJdbcLogger.java:159)- ==>  Preparing: SELECT id,user_id,canteen_id FROM user_collect WHERE user_id = ? AND canteen_id = ? 
2019-05-01 21:26:04,745 DEBUG (BaseJdbcLogger.java:159)- ==> Parameters: 80(Integer), 9(Integer)
2019-05-01 21:26:04,752 DEBUG (BaseJdbcLogger.java:159)- <==      Total: 1
2019-05-01 21:26:23,799 DEBUG (BaseJdbcLogger.java:159)- ==>  Preparing: DELETE FROM user_collect WHERE user_id = ? AND canteen_id = ? 
2019-05-01 21:26:23,800 DEBUG (BaseJdbcLogger.java:159)- ==> Parameters: 80(Integer), 9(Integer)
2019-05-01 21:26:23,809 DEBUG (BaseJdbcLogger.java:159)- <==    Updates: 1
2019-05-01 21:26:27,619 DEBUG (BaseJdbcLogger.java:159)- ==>  Preparing: SELECT id,user_id,canteen_id FROM user_collect WHERE user_id = ? AND canteen_id = ? 
2019-05-01 21:26:27,622 DEBUG (BaseJdbcLogger.java:159)- ==> Parameters: 80(Integer), 8(Integer)
2019-05-01 21:26:27,626 DEBUG (BaseJdbcLogger.java:159)- <==      Total: 0
2019-05-01 21:26:29,613 DEBUG (BaseJdbcLogger.java:159)- ==>  Preparing: INSERT INTO user_collect ( id,user_id,canteen_id ) VALUES( ?,?,? ) 
2019-05-01 21:26:29,615 DEBUG (BaseJdbcLogger.java:159)- ==> Parameters: null, 80(Integer), 8(Integer)
2019-05-01 21:26:29,622 DEBUG (BaseJdbcLogger.java:159)- <==    Updates: 1
2019-05-01 21:26:32,132 DEBUG (BaseJdbcLogger.java:159)- ==>  Preparing: SELECT id,user_id,canteen_id FROM user_collect WHERE user_id = ? AND canteen_id = ? 
2019-05-01 21:26:32,133 DEBUG (BaseJdbcLogger.java:159)- ==> Parameters: 80(Integer), 8(Integer)
2019-05-01 21:26:32,136 DEBUG (BaseJdbcLogger.java:159)- <==      Total: 1
2019-05-01 21:26:34,237 DEBUG (BaseJdbcLogger.java:159)- ==>  Preparing: SELECT id,user_id,canteen_id FROM user_collect WHERE user_id = ? AND canteen_id = ? 
2019-05-01 21:26:34,237 DEBUG (BaseJdbcLogger.java:159)- ==> Parameters: 80(Integer), 8(Integer)
2019-05-01 21:26:34,241 DEBUG (BaseJdbcLogger.java:159)- <==      Total: 1
2019-05-01 21:26:35,110 DEBUG (BaseJdbcLogger.java:159)- ==>  Preparing: DELETE FROM user_collect WHERE user_id = ? AND canteen_id = ? 
2019-05-01 21:26:35,111 DEBUG (BaseJdbcLogger.java:159)- ==> Parameters: 80(Integer), 8(Integer)
2019-05-01 21:26:35,115 DEBUG (BaseJdbcLogger.java:159)- <==    Updates: 1
2019-05-01 21:26:37,978 DEBUG (BaseJdbcLogger.java:159)- ==>  Preparing: SELECT id,user_id,canteen_id FROM user_collect WHERE user_id = ? AND canteen_id = ? 
2019-05-01 21:26:37,979 DEBUG (BaseJdbcLogger.java:159)- ==> Parameters: 80(Integer), 8(Integer)
2019-05-01 21:26:37,983 DEBUG (BaseJdbcLogger.java:159)- <==      Total: 0
2019-05-01 21:26:38,798 DEBUG (BaseJdbcLogger.java:159)- ==>  Preparing: INSERT INTO user_collect ( id,user_id,canteen_id ) VALUES( ?,?,? ) 
2019-05-01 21:26:38,798 DEBUG (BaseJdbcLogger.java:159)- ==> Parameters: null, 80(Integer), 8(Integer)
2019-05-01 21:26:38,803 DEBUG (BaseJdbcLogger.java:159)- <==    Updates: 1
2019-05-01 21:29:33,672 DEBUG (BaseJdbcLogger.java:159)- ==>  Preparing: SELECT id,user_id,canteen_id FROM user_collect WHERE user_id = ? AND canteen_id = ? 
2019-05-01 21:29:33,675 DEBUG (BaseJdbcLogger.java:159)- ==> Parameters: 80(Integer), 9(Integer)
2019-05-01 21:29:33,680 DEBUG (BaseJdbcLogger.java:159)- <==      Total: 0
2019-05-01 21:29:49,499 DEBUG (BaseJdbcLogger.java:159)- ==>  Preparing: SELECT id,user_id,canteen_id FROM user_collect WHERE user_id = ? AND canteen_id = ? 
2019-05-01 21:29:49,501 DEBUG (BaseJdbcLogger.java:159)- ==> Parameters: 80(Integer), 8(Integer)
2019-05-01 21:29:49,506 DEBUG (BaseJdbcLogger.java:159)- <==      Total: 1
2019-05-01 21:30:20,031 DEBUG (BaseJdbcLogger.java:159)- ==>  Preparing: SELECT id,user_id,canteen_id FROM user_collect WHERE user_id = ? AND canteen_id = ? 
2019-05-01 21:30:20,032 DEBUG (BaseJdbcLogger.java:159)- ==> Parameters: 80(Integer), 8(Integer)
2019-05-01 21:30:20,036 DEBUG (BaseJdbcLogger.java:159)- <==      Total: 1
2019-05-01 21:30:36,319 DEBUG (BaseJdbcLogger.java:159)- ==>  Preparing: SELECT id,user_id,canteen_id FROM user_collect WHERE user_id = ? AND canteen_id = ? 
2019-05-01 21:30:36,321 DEBUG (BaseJdbcLogger.java:159)- ==> Parameters: 80(Integer), 8(Integer)
2019-05-01 21:30:36,324 DEBUG (BaseJdbcLogger.java:159)- <==      Total: 1
2019-05-01 21:32:36,856 DEBUG (BaseJdbcLogger.java:159)- ==>  Preparing: SELECT id,user_id,canteen_id FROM user_collect WHERE user_id = ? AND canteen_id = ? 
2019-05-01 21:32:36,858 DEBUG (BaseJdbcLogger.java:159)- ==> Parameters: 80(Integer), 8(Integer)
2019-05-01 21:32:36,863 DEBUG (BaseJdbcLogger.java:159)- <==      Total: 1
2019-05-01 21:32:38,510 DEBUG (BaseJdbcLogger.java:159)- ==>  Preparing: SELECT id,user_id,canteen_id FROM user_collect WHERE user_id = ? AND canteen_id = ? 
2019-05-01 21:32:38,512 DEBUG (BaseJdbcLogger.java:159)- ==> Parameters: 80(Integer), 8(Integer)
2019-05-01 21:32:38,519 DEBUG (BaseJdbcLogger.java:159)- <==      Total: 1
2019-05-01 21:33:26,749 DEBUG (BaseJdbcLogger.java:159)- ==>  Preparing: SELECT id,user_id,canteen_id FROM user_collect WHERE user_id = ? AND canteen_id = ? 
2019-05-01 21:33:26,750 DEBUG (BaseJdbcLogger.java:159)- ==> Parameters: 80(Integer), 8(Integer)
2019-05-01 21:33:26,754 DEBUG (BaseJdbcLogger.java:159)- <==      Total: 1
2019-05-01 21:33:57,026 DEBUG (BaseJdbcLogger.java:159)- ==>  Preparing: SELECT id,user_id,canteen_id FROM user_collect WHERE user_id = ? AND canteen_id = ? 
2019-05-01 21:33:57,027 DEBUG (BaseJdbcLogger.java:159)- ==> Parameters: 80(Integer), 8(Integer)
2019-05-01 21:33:57,033 DEBUG (BaseJdbcLogger.java:159)- <==      Total: 1
2019-05-01 21:34:12,041 DEBUG (BaseJdbcLogger.java:159)- ==>  Preparing: SELECT id,user_id,canteen_id FROM user_collect WHERE user_id = ? AND canteen_id = ? 
2019-05-01 21:34:12,042 DEBUG (BaseJdbcLogger.java:159)- ==> Parameters: 80(Integer), 8(Integer)
2019-05-01 21:34:12,046 DEBUG (BaseJdbcLogger.java:159)- <==      Total: 1
2019-05-01 21:34:12,081 DEBUG (BaseJdbcLogger.java:159)- ==>  Preparing: SELECT id,user_id,canteen_id FROM user_collect WHERE user_id = ? AND canteen_id = ? 
2019-05-01 21:34:12,082 DEBUG (BaseJdbcLogger.java:159)- ==> Parameters: 80(Integer), 8(Integer)
2019-05-01 21:34:12,085 DEBUG (BaseJdbcLogger.java:159)- <==      Total: 1
2019-05-01 21:34:49,613 DEBUG (BaseJdbcLogger.java:159)- ==>  Preparing: SELECT id,user_id,canteen_id FROM user_collect WHERE user_id = ? AND canteen_id = ? 
2019-05-01 21:34:49,614 DEBUG (BaseJdbcLogger.java:159)- ==> Parameters: 80(Integer), 8(Integer)
2019-05-01 21:34:49,618 DEBUG (BaseJdbcLogger.java:159)- <==      Total: 1
2019-05-01 21:35:11,871 DEBUG (BaseJdbcLogger.java:159)- ==>  Preparing: SELECT id,user_id,canteen_id FROM user_collect WHERE user_id = ? AND canteen_id = ? 
2019-05-01 21:35:11,874 DEBUG (BaseJdbcLogger.java:159)- ==> Parameters: 80(Integer), 8(Integer)
2019-05-01 21:35:11,878 DEBUG (BaseJdbcLogger.java:159)- <==      Total: 1
2019-05-01 21:36:59,013 DEBUG (BaseJdbcLogger.java:159)- ==>  Preparing: SELECT id,user_id,canteen_id FROM user_collect WHERE user_id = ? AND canteen_id = ? 
2019-05-01 21:36:59,014 DEBUG (BaseJdbcLogger.java:159)- ==> Parameters: 80(Integer), 8(Integer)
2019-05-01 21:36:59,017 DEBUG (BaseJdbcLogger.java:159)- <==      Total: 1
2019-05-01 21:37:02,872 DEBUG (BaseJdbcLogger.java:159)- ==>  Preparing: SELECT id,user_id,canteen_id FROM user_collect WHERE user_id = ? AND canteen_id = ? 
2019-05-01 21:37:02,873 DEBUG (BaseJdbcLogger.java:159)- ==> Parameters: 80(Integer), 8(Integer)
2019-05-01 21:37:02,878 DEBUG (BaseJdbcLogger.java:159)- <==      Total: 1
2019-05-01 21:40:56,688 DEBUG (BaseJdbcLogger.java:159)- ==>  Preparing: SELECT id,user_id,canteen_id FROM user_collect WHERE user_id = ? AND canteen_id = ? 
2019-05-01 21:40:56,689 DEBUG (BaseJdbcLogger.java:159)- ==> Parameters: 80(Integer), 8(Integer)
2019-05-01 21:40:56,692 DEBUG (BaseJdbcLogger.java:159)- <==      Total: 1
2019-05-01 21:43:06,961 DEBUG (BaseJdbcLogger.java:159)- ==>  Preparing: SELECT id,user_id,canteen_id FROM user_collect WHERE user_id = ? AND canteen_id = ? 
2019-05-01 21:43:06,962 DEBUG (BaseJdbcLogger.java:159)- ==> Parameters: 80(Integer), 9(Integer)
2019-05-01 21:43:06,967 DEBUG (BaseJdbcLogger.java:159)- <==      Total: 0
2019-05-01 21:43:09,620 DEBUG (BaseJdbcLogger.java:159)- ==>  Preparing: SELECT id,user_id,canteen_id FROM user_collect WHERE user_id = ? AND canteen_id = ? 
2019-05-01 21:43:09,621 DEBUG (BaseJdbcLogger.java:159)- ==> Parameters: 80(Integer), 8(Integer)
2019-05-01 21:43:09,625 DEBUG (BaseJdbcLogger.java:159)- <==      Total: 1
2019-05-01 21:44:15,659 DEBUG (BaseJdbcLogger.java:159)- ==>  Preparing: SELECT id,user_id,canteen_id FROM user_collect WHERE user_id = ? AND canteen_id = ? 
2019-05-01 21:44:15,660 DEBUG (BaseJdbcLogger.java:159)- ==> Parameters: 80(Integer), 8(Integer)
2019-05-01 21:44:15,663 DEBUG (BaseJdbcLogger.java:159)- <==      Total: 1
2019-05-01 21:44:41,421 DEBUG (BaseJdbcLogger.java:159)- ==>  Preparing: SELECT id,user_id,canteen_id FROM user_collect WHERE user_id = ? AND canteen_id = ? 
2019-05-01 21:44:41,422 DEBUG (BaseJdbcLogger.java:159)- ==> Parameters: 80(Integer), 8(Integer)
2019-05-01 21:44:41,425 DEBUG (BaseJdbcLogger.java:159)- <==      Total: 1
2019-05-01 21:50:43,210 DEBUG (BaseJdbcLogger.java:159)- ==>  Preparing: SELECT id,user_id,canteen_id FROM user_collect WHERE user_id = ? AND canteen_id = ? 
2019-05-01 21:50:43,211 DEBUG (BaseJdbcLogger.java:159)- ==> Parameters: 80(Integer), 9(Integer)
2019-05-01 21:50:43,214 DEBUG (BaseJdbcLogger.java:159)- <==      Total: 0
2019-05-01 21:50:45,528 DEBUG (BaseJdbcLogger.java:159)- ==>  Preparing: SELECT id,user_id,canteen_id FROM user_collect WHERE user_id = ? AND canteen_id = ? 
2019-05-01 21:50:45,529 DEBUG (BaseJdbcLogger.java:159)- ==> Parameters: 80(Integer), 8(Integer)
2019-05-01 21:50:45,532 DEBUG (BaseJdbcLogger.java:159)- <==      Total: 1
2019-05-01 22:34:41,380 INFO (SpringApplication.java:597)- The following profiles are active: dev
2019-05-01 22:34:59,505 INFO (StartupInfoLogger.java:57)- Started ClientServiceApp in 22.522 seconds (JVM running for 24.837)
2019-05-01 22:36:43,094 INFO (SpringApplication.java:597)- The following profiles are active: dev
2019-05-01 22:37:06,215 INFO (StartupInfoLogger.java:57)- Started ClientServiceApp in 28.565 seconds (JVM running for 151.548)
2019-05-01 22:38:00,728 INFO (SpringApplication.java:597)- The following profiles are active: dev
2019-05-01 22:38:18,285 INFO (StartupInfoLogger.java:57)- Started ClientServiceApp in 24.013 seconds (JVM running for 26.896)
2019-05-01 22:38:35,280 INFO (SpringApplication.java:597)- The following profiles are active: dev
2019-05-01 22:38:44,999 INFO (StartupInfoLogger.java:57)- Started ClientServiceApp in 12.64 seconds (JVM running for 53.609)
2019-05-01 22:39:04,836 INFO (SpringApplication.java:597)- The following profiles are active: dev
2019-05-01 22:39:15,379 INFO (StartupInfoLogger.java:57)- Started ClientServiceApp in 13.524 seconds (JVM running for 83.99)
2019-05-01 22:39:34,606 INFO (SpringApplication.java:597)- The following profiles are active: dev
2019-05-01 22:39:45,317 INFO (StartupInfoLogger.java:57)- Started ClientServiceApp in 13.86 seconds (JVM running for 113.927)
2019-05-01 22:41:16,949 DEBUG (BaseJdbcLogger.java:159)- ==>  Preparing: SELECT id,user_id,canteen_id FROM user_collect WHERE user_id = ? AND canteen_id = ? 
2019-05-01 22:41:16,972 DEBUG (BaseJdbcLogger.java:159)- ==> Parameters: 80(Integer), 8(Integer)
2019-05-01 22:41:16,986 DEBUG (BaseJdbcLogger.java:159)- <==      Total: 1
2019-05-01 22:50:32,374 DEBUG (BaseJdbcLogger.java:159)- ==>  Preparing: SELECT id,user_id,canteen_id FROM user_collect WHERE user_id = ? AND canteen_id = ? 
2019-05-01 22:50:32,375 DEBUG (BaseJdbcLogger.java:159)- ==> Parameters: 80(Integer), 8(Integer)
2019-05-01 22:50:32,377 DEBUG (BaseJdbcLogger.java:159)- <==      Total: 1
