2019-06-02 14:53:16,688 INFO (SpringApplication.java:597)- The following profiles are active: dev
2019-06-02 14:53:31,969 INFO (StartupInfoLogger.java:57)- Started ClientServiceApp in 20.129 seconds (JVM running for 22.303)
2019-06-02 14:58:55,262 DEBUG (BaseJdbcLogger.java:159)- ==>  Preparing: SELECT id,user_id,canteen_id FROM user_collect WHERE user_id = ? AND canteen_id = ? 
2019-06-02 14:58:55,287 DEBUG (BaseJdbcLogger.java:159)- ==> Parameters: 75(Long), 8(Integer)
2019-06-02 14:58:55,300 DEBUG (BaseJdbcLogger.java:159)- <==      Total: 1
2019-06-02 15:12:35,053 DEBUG (BaseJdbcLogger.java:159)- ==>  Preparing: SELECT id,user_id,canteen_id FROM user_collect WHERE user_id = ? AND canteen_id = ? 
2019-06-02 15:12:35,054 DEBUG (BaseJdbcLogger.java:159)- ==> Parameters: 75(Long), 8(Integer)
2019-06-02 15:12:35,057 DEBUG (BaseJdbcLogger.java:159)- <==      Total: 1
2019-06-02 18:52:15,415 DEBUG (BaseJdbcLogger.java:159)- ==>  Preparing: SELECT id,user_id,canteen_id FROM user_collect WHERE user_id = ? AND canteen_id = ? 
2019-06-02 18:52:15,422 DEBUG (BaseJdbcLogger.java:159)- ==> Parameters: 75(Long), 9(Integer)
2019-06-02 18:52:15,426 DEBUG (BaseJdbcLogger.java:159)- <==      Total: 0
2019-06-02 19:06:59,637 DEBUG (BaseJdbcLogger.java:159)- ==>  Preparing: SELECT id,user_id,canteen_id FROM user_collect WHERE user_id = ? AND canteen_id = ? 
2019-06-02 19:06:59,639 DEBUG (BaseJdbcLogger.java:159)- ==> Parameters: 75(Long), 9(Integer)
2019-06-02 19:06:59,640 DEBUG (BaseJdbcLogger.java:159)- <==      Total: 0
2019-06-02 19:07:50,771 DEBUG (BaseJdbcLogger.java:159)- ==>  Preparing: SELECT id,user_id,canteen_id FROM user_collect WHERE user_id = ? AND canteen_id = ? 
2019-06-02 19:07:50,772 DEBUG (BaseJdbcLogger.java:159)- ==> Parameters: 75(Long), 9(Integer)
2019-06-02 19:07:50,773 DEBUG (BaseJdbcLogger.java:159)- <==      Total: 0
2019-06-02 19:09:45,129 DEBUG (BaseJdbcLogger.java:159)- ==>  Preparing: SELECT id,user_id,canteen_id FROM user_collect WHERE user_id = ? AND canteen_id = ? 
2019-06-02 19:09:45,130 DEBUG (BaseJdbcLogger.java:159)- ==> Parameters: 75(Long), 9(Integer)
2019-06-02 19:09:45,131 DEBUG (BaseJdbcLogger.java:159)- <==      Total: 0
2019-06-02 19:10:11,452 DEBUG (BaseJdbcLogger.java:159)- ==>  Preparing: SELECT id,user_id,canteen_id FROM user_collect WHERE user_id = ? AND canteen_id = ? 
2019-06-02 19:10:11,465 DEBUG (BaseJdbcLogger.java:159)- ==> Parameters: 75(Long), 9(Integer)
2019-06-02 19:10:11,467 DEBUG (BaseJdbcLogger.java:159)- <==      Total: 0
2019-06-02 19:10:15,205 DEBUG (BaseJdbcLogger.java:159)- ==>  Preparing: SELECT id,user_id,canteen_id FROM user_collect WHERE user_id = ? AND canteen_id = ? 
2019-06-02 19:10:15,214 DEBUG (BaseJdbcLogger.java:159)- ==> Parameters: 75(Long), 9(Integer)
2019-06-02 19:10:15,216 DEBUG (BaseJdbcLogger.java:159)- <==      Total: 0
2019-06-02 19:10:19,067 DEBUG (BaseJdbcLogger.java:159)- ==>  Preparing: SELECT id,user_id,canteen_id FROM user_collect WHERE user_id = ? AND canteen_id = ? 
2019-06-02 19:10:19,069 DEBUG (BaseJdbcLogger.java:159)- ==> Parameters: 75(Long), 9(Integer)
2019-06-02 19:10:19,071 DEBUG (BaseJdbcLogger.java:159)- <==      Total: 0
2019-06-02 19:14:15,315 DEBUG (BaseJdbcLogger.java:159)- ==>  Preparing: SELECT id,user_id,canteen_id FROM user_collect WHERE user_id = ? AND canteen_id = ? 
2019-06-02 19:14:15,316 DEBUG (BaseJdbcLogger.java:159)- ==> Parameters: 75(Long), 8(Integer)
2019-06-02 19:14:15,320 DEBUG (BaseJdbcLogger.java:159)- <==      Total: 1
2019-06-02 19:16:16,153 INFO (SpringApplication.java:597)- The following profiles are active: dev
2019-06-02 20:11:44,227 INFO (SpringApplication.java:597)- The following profiles are active: dev
2019-06-02 20:12:00,512 INFO (StartupInfoLogger.java:57)- Started ClientServiceApp in 19.45 seconds (JVM running for 22.097)
2019-06-02 20:22:30,916 DEBUG (BaseJdbcLogger.java:159)- ==>  Preparing: SELECT id,user_id,canteen_id FROM user_collect WHERE user_id = ? AND canteen_id = ? 
2019-06-02 20:22:30,934 DEBUG (BaseJdbcLogger.java:159)- ==> Parameters: 75(Long), 8(Integer)
2019-06-02 20:22:30,942 DEBUG (BaseJdbcLogger.java:159)- <==      Total: 1
2019-06-02 20:27:06,677 DEBUG (BaseJdbcLogger.java:159)- ==>  Preparing: SELECT id,user_id,canteen_id FROM user_collect WHERE user_id = ? AND canteen_id = ? 
2019-06-02 20:27:06,678 DEBUG (BaseJdbcLogger.java:159)- ==> Parameters: 75(Long), 9(Integer)
2019-06-02 20:27:06,680 DEBUG (BaseJdbcLogger.java:159)- <==      Total: 0
2019-06-02 20:29:53,912 DEBUG (BaseJdbcLogger.java:159)- ==>  Preparing: SELECT id,user_id,canteen_id FROM user_collect WHERE user_id = ? AND canteen_id = ? 
2019-06-02 20:29:53,913 DEBUG (BaseJdbcLogger.java:159)- ==> Parameters: 75(Long), 9(Integer)
2019-06-02 20:29:53,916 DEBUG (BaseJdbcLogger.java:159)- <==      Total: 0
2019-06-02 20:30:58,125 DEBUG (BaseJdbcLogger.java:159)- ==>  Preparing: SELECT id,user_id,canteen_id FROM user_collect WHERE user_id = ? AND canteen_id = ? 
2019-06-02 20:30:58,127 DEBUG (BaseJdbcLogger.java:159)- ==> Parameters: 75(Long), 8(Integer)
2019-06-02 20:30:58,129 DEBUG (BaseJdbcLogger.java:159)- <==      Total: 1
2019-06-02 20:31:18,685 DEBUG (BaseJdbcLogger.java:159)- ==>  Preparing: SELECT id,user_id,canteen_id FROM user_collect WHERE user_id = ? AND canteen_id = ? 
2019-06-02 20:31:18,687 DEBUG (BaseJdbcLogger.java:159)- ==> Parameters: 75(Long), 9(Integer)
2019-06-02 20:31:18,688 DEBUG (BaseJdbcLogger.java:159)- <==      Total: 0
2019-06-02 20:31:31,179 DEBUG (BaseJdbcLogger.java:159)- ==>  Preparing: SELECT id,user_id,canteen_id FROM user_collect WHERE user_id = ? AND canteen_id = ? 
2019-06-02 20:31:31,180 DEBUG (BaseJdbcLogger.java:159)- ==> Parameters: 75(Long), 9(Integer)
2019-06-02 20:31:31,183 DEBUG (BaseJdbcLogger.java:159)- <==      Total: 0
2019-06-02 20:31:54,924 DEBUG (BaseJdbcLogger.java:159)- ==>  Preparing: SELECT id,user_id,canteen_id FROM user_collect WHERE user_id = ? AND canteen_id = ? 
2019-06-02 20:31:54,926 DEBUG (BaseJdbcLogger.java:159)- ==> Parameters: 75(Long), 9(Integer)
2019-06-02 20:31:54,931 DEBUG (BaseJdbcLogger.java:159)- <==      Total: 0
2019-06-02 22:57:07,635 INFO (SpringApplication.java:597)- The following profiles are active: dev
2019-06-02 22:57:22,650 INFO (StartupInfoLogger.java:57)- Started ClientServiceApp in 18.625 seconds (JVM running for 20.672)
2019-06-02 23:05:23,481 INFO (SpringApplication.java:597)- The following profiles are active: dev
2019-06-02 23:05:33,000 INFO (StartupInfoLogger.java:57)- Started ClientServiceApp in 11.982 seconds (JVM running for 511.022)
