2019-04-30 12:08:02,105 DEBUG (BaseJdbcLogger.java:159)- ==>  Preparing: SELECT canteen_id,canteen_label,canteen_name,canteen_des,canteen_image,canteen_mark_number,canteen_mark,sales FROM canteen 
2019-04-30 12:08:02,223 DEBUG (BaseJdbcLogger.java:159)- ==> Parameters: 
2019-04-30 12:08:02,242 DEBUG (BaseJdbcLogger.java:159)- <==      Total: 9
2019-04-30 12:08:26,570 DEBUG (BaseJdbcLogger.java:159)- ==>  Preparing: SELECT canteen_id,canteen_label,canteen_name,canteen_des,canteen_image,canteen_mark_number,canteen_mark,sales FROM canteen 
2019-04-30 12:08:26,571 DEBUG (BaseJdbcLogger.java:159)- ==> Parameters: 
2019-04-30 12:08:26,575 DEBUG (BaseJdbcLogger.java:159)- <==      Total: 9
2019-04-30 12:08:39,350 DEBUG (BaseJdbcLogger.java:159)- ==>  Preparing: SELECT canteen_id,canteen_label,canteen_name,canteen_des,canteen_image,canteen_mark_number,canteen_mark,sales FROM canteen 
2019-04-30 12:08:39,351 DEBUG (BaseJdbcLogger.java:159)- ==> Parameters: 
2019-04-30 12:08:39,355 DEBUG (BaseJdbcLogger.java:159)- <==      Total: 9
2019-04-30 12:09:41,855 DEBUG (BaseJdbcLogger.java:159)- ==>  Preparing: SELECT canteen_id,canteen_label,canteen_name,canteen_des,canteen_image,canteen_mark_number,canteen_mark,sales FROM canteen 
2019-04-30 12:09:41,856 DEBUG (BaseJdbcLogger.java:159)- ==> Parameters: 
2019-04-30 12:09:41,859 DEBUG (BaseJdbcLogger.java:159)- <==      Total: 9
2019-04-30 12:17:00,077 DEBUG (BaseJdbcLogger.java:159)- ==>  Preparing: SELECT canteen_id,canteen_label,canteen_name,canteen_des,canteen_image,canteen_mark_number,canteen_mark,sales FROM canteen 
2019-04-30 12:17:00,077 DEBUG (BaseJdbcLogger.java:159)- ==> Parameters: 
2019-04-30 12:17:00,079 DEBUG (BaseJdbcLogger.java:159)- <==      Total: 9
2019-04-30 12:17:56,509 DEBUG (BaseJdbcLogger.java:159)- ==>  Preparing: SELECT canteen_id,canteen_label,canteen_name,canteen_des,canteen_image,canteen_mark_number,canteen_mark,sales FROM canteen 
2019-04-30 12:17:56,510 DEBUG (BaseJdbcLogger.java:159)- ==> Parameters: 
2019-04-30 12:17:56,512 DEBUG (BaseJdbcLogger.java:159)- <==      Total: 9
2019-04-30 12:19:39,951 DEBUG (BaseJdbcLogger.java:159)- ==>  Preparing: SELECT canteen_id,canteen_label,canteen_name,canteen_des,canteen_image,canteen_mark_number,canteen_mark,sales FROM canteen 
2019-04-30 12:19:39,951 DEBUG (BaseJdbcLogger.java:159)- ==> Parameters: 
2019-04-30 12:19:39,953 DEBUG (BaseJdbcLogger.java:159)- <==      Total: 9
2019-04-30 12:20:29,468 DEBUG (BaseJdbcLogger.java:159)- ==>  Preparing: SELECT canteen_id,canteen_label,canteen_name,canteen_des,canteen_image,canteen_mark_number,canteen_mark,sales FROM canteen 
2019-04-30 12:20:29,469 DEBUG (BaseJdbcLogger.java:159)- ==> Parameters: 
2019-04-30 12:20:29,472 DEBUG (BaseJdbcLogger.java:159)- <==      Total: 9
2019-04-30 12:20:50,295 DEBUG (BaseJdbcLogger.java:159)- ==>  Preparing: SELECT canteen_id,canteen_label,canteen_name,canteen_des,canteen_image,canteen_mark_number,canteen_mark,sales FROM canteen 
2019-04-30 12:20:50,296 DEBUG (BaseJdbcLogger.java:159)- ==> Parameters: 
2019-04-30 12:20:50,300 DEBUG (BaseJdbcLogger.java:159)- <==      Total: 9
2019-04-30 12:22:15,490 DEBUG (BaseJdbcLogger.java:159)- ==>  Preparing: SELECT canteen_id,canteen_label,canteen_name,canteen_des,canteen_image,canteen_mark_number,canteen_mark,sales FROM canteen 
2019-04-30 12:22:15,490 DEBUG (BaseJdbcLogger.java:159)- ==> Parameters: 
2019-04-30 12:22:15,493 DEBUG (BaseJdbcLogger.java:159)- <==      Total: 9
2019-04-30 12:23:13,816 DEBUG (BaseJdbcLogger.java:159)- ==>  Preparing: SELECT canteen_id,canteen_label,canteen_name,canteen_des,canteen_image,canteen_mark_number,canteen_mark,sales FROM canteen 
2019-04-30 12:23:13,817 DEBUG (BaseJdbcLogger.java:159)- ==> Parameters: 
2019-04-30 12:23:13,821 DEBUG (BaseJdbcLogger.java:159)- <==      Total: 9
2019-04-30 12:23:55,119 DEBUG (BaseJdbcLogger.java:159)- ==>  Preparing: SELECT canteen_id,canteen_label,canteen_name,canteen_des,canteen_image,canteen_mark_number,canteen_mark,sales FROM canteen 
2019-04-30 12:23:55,120 DEBUG (BaseJdbcLogger.java:159)- ==> Parameters: 
2019-04-30 12:23:55,126 DEBUG (BaseJdbcLogger.java:159)- <==      Total: 9
2019-04-30 12:24:49,358 DEBUG (BaseJdbcLogger.java:159)- ==>  Preparing: SELECT canteen_id,canteen_label,canteen_name,canteen_des,canteen_image,canteen_mark_number,canteen_mark,sales FROM canteen 
2019-04-30 12:24:49,359 DEBUG (BaseJdbcLogger.java:159)- ==> Parameters: 
2019-04-30 12:24:49,364 DEBUG (BaseJdbcLogger.java:159)- <==      Total: 9
2019-04-30 12:25:52,521 DEBUG (BaseJdbcLogger.java:159)- ==>  Preparing: SELECT canteen_id,canteen_label,canteen_name,canteen_des,canteen_image,canteen_mark_number,canteen_mark,sales FROM canteen 
2019-04-30 12:25:52,523 DEBUG (BaseJdbcLogger.java:159)- ==> Parameters: 
2019-04-30 12:25:52,528 DEBUG (BaseJdbcLogger.java:159)- <==      Total: 9
2019-04-30 12:26:05,941 DEBUG (BaseJdbcLogger.java:159)- ==>  Preparing: SELECT canteen_id,canteen_label,canteen_name,canteen_des,canteen_image,canteen_mark_number,canteen_mark,sales FROM canteen 
2019-04-30 12:26:05,942 DEBUG (BaseJdbcLogger.java:159)- ==> Parameters: 
2019-04-30 12:26:05,945 DEBUG (BaseJdbcLogger.java:159)- <==      Total: 9
2019-04-30 12:31:27,317 DEBUG (BaseJdbcLogger.java:159)- ==>  Preparing: SELECT canteen_id,canteen_label,canteen_name,canteen_des,canteen_image,canteen_mark_number,canteen_mark,sales FROM canteen 
2019-04-30 12:31:27,318 DEBUG (BaseJdbcLogger.java:159)- ==> Parameters: 
2019-04-30 12:31:27,322 DEBUG (BaseJdbcLogger.java:159)- <==      Total: 9
2019-04-30 12:40:47,866 DEBUG (BaseJdbcLogger.java:159)- ==>  Preparing: SELECT food_id,food_describe,food_price,food_image,canteen_id,food_name FROM food WHERE canteen_id = ? 
2019-04-30 12:40:47,869 DEBUG (BaseJdbcLogger.java:159)- ==> Parameters: 9(Integer)
2019-04-30 12:40:47,871 DEBUG (BaseJdbcLogger.java:159)- <==      Total: 0
2019-04-30 12:41:00,408 DEBUG (BaseJdbcLogger.java:159)- ==>  Preparing: SELECT food_id,food_describe,food_price,food_image,canteen_id,food_name FROM food WHERE canteen_id = ? 
2019-04-30 12:41:00,409 DEBUG (BaseJdbcLogger.java:159)- ==> Parameters: 9(Integer)
2019-04-30 12:41:00,410 DEBUG (BaseJdbcLogger.java:159)- <==      Total: 0
2019-04-30 12:41:12,239 DEBUG (BaseJdbcLogger.java:159)- ==>  Preparing: SELECT food_id,food_describe,food_price,food_image,canteen_id,food_name FROM food WHERE canteen_id = ? 
2019-04-30 12:41:12,240 DEBUG (BaseJdbcLogger.java:159)- ==> Parameters: 9(Integer)
2019-04-30 12:41:12,242 DEBUG (BaseJdbcLogger.java:159)- <==      Total: 0
2019-04-30 12:43:32,528 DEBUG (BaseJdbcLogger.java:159)- ==>  Preparing: SELECT food_id,food_describe,food_price,food_image,canteen_id,food_name FROM food WHERE canteen_id = ? 
2019-04-30 12:43:32,529 DEBUG (BaseJdbcLogger.java:159)- ==> Parameters: 9(Integer)
2019-04-30 12:43:32,531 DEBUG (BaseJdbcLogger.java:159)- <==      Total: 0
2019-04-30 12:44:19,400 DEBUG (BaseJdbcLogger.java:159)- ==>  Preparing: SELECT food_id,food_describe,food_price,food_image,canteen_id,food_name FROM food WHERE canteen_id = ? 
2019-04-30 12:44:19,401 DEBUG (BaseJdbcLogger.java:159)- ==> Parameters: 9(Integer)
2019-04-30 12:44:19,404 DEBUG (BaseJdbcLogger.java:159)- <==      Total: 0
2019-04-30 13:29:23,490 DEBUG (BaseJdbcLogger.java:159)- ==>  Preparing: SELECT food_id,food_describe,food_price,food_image,canteen_id,food_name FROM food WHERE canteen_id = ? 
2019-04-30 13:29:23,491 DEBUG (BaseJdbcLogger.java:159)- ==> Parameters: 9(Integer)
2019-04-30 13:29:23,494 DEBUG (BaseJdbcLogger.java:159)- <==      Total: 0
2019-04-30 13:29:29,162 DEBUG (BaseJdbcLogger.java:159)- ==>  Preparing: SELECT food_id,food_describe,food_price,food_image,canteen_id,food_name FROM food WHERE canteen_id = ? 
2019-04-30 13:29:29,163 DEBUG (BaseJdbcLogger.java:159)- ==> Parameters: 9(Integer)
2019-04-30 13:29:29,165 DEBUG (BaseJdbcLogger.java:159)- <==      Total: 0
2019-04-30 13:29:56,108 DEBUG (BaseJdbcLogger.java:159)- ==>  Preparing: SELECT food_id,food_describe,food_price,food_image,canteen_id,food_name FROM food WHERE canteen_id = ? 
2019-04-30 13:29:56,109 DEBUG (BaseJdbcLogger.java:159)- ==> Parameters: 9(Integer)
2019-04-30 13:29:56,111 DEBUG (BaseJdbcLogger.java:159)- <==      Total: 0
2019-04-30 13:30:05,231 DEBUG (BaseJdbcLogger.java:159)- ==>  Preparing: SELECT food_id,food_describe,food_price,food_image,canteen_id,food_name FROM food WHERE canteen_id = ? 
2019-04-30 13:30:05,232 DEBUG (BaseJdbcLogger.java:159)- ==> Parameters: 9(Integer)
2019-04-30 13:30:05,234 DEBUG (BaseJdbcLogger.java:159)- <==      Total: 0
2019-04-30 13:30:13,313 DEBUG (BaseJdbcLogger.java:159)- ==>  Preparing: SELECT food_id,food_describe,food_price,food_image,canteen_id,food_name FROM food WHERE canteen_id = ? 
2019-04-30 13:30:13,314 DEBUG (BaseJdbcLogger.java:159)- ==> Parameters: 9(Integer)
2019-04-30 13:30:13,316 DEBUG (BaseJdbcLogger.java:159)- <==      Total: 0
2019-04-30 13:30:13,328 DEBUG (BaseJdbcLogger.java:159)- ==>  Preparing: SELECT canteen_id,canteen_label,canteen_name,canteen_des,canteen_image,canteen_mark_number,canteen_mark,sales FROM canteen WHERE canteen_id = ? 
2019-04-30 13:30:13,329 DEBUG (BaseJdbcLogger.java:159)- ==> Parameters: 9(Integer)
2019-04-30 13:30:13,334 DEBUG (BaseJdbcLogger.java:159)- <==      Total: 1
2019-04-30 13:30:41,036 DEBUG (BaseJdbcLogger.java:159)- ==>  Preparing: SELECT canteen_id,canteen_label,canteen_name,canteen_des,canteen_image,canteen_mark_number,canteen_mark,sales FROM canteen WHERE canteen_id = ? 
2019-04-30 13:30:41,037 DEBUG (BaseJdbcLogger.java:159)- ==> Parameters: 9(Integer)
2019-04-30 13:30:41,039 DEBUG (BaseJdbcLogger.java:159)- <==      Total: 1
2019-04-30 13:30:41,041 DEBUG (BaseJdbcLogger.java:159)- ==>  Preparing: SELECT food_id,food_describe,food_price,food_image,canteen_id,food_name FROM food WHERE canteen_id = ? 
2019-04-30 13:30:41,041 DEBUG (BaseJdbcLogger.java:159)- ==> Parameters: 9(Integer)
2019-04-30 13:30:41,044 DEBUG (BaseJdbcLogger.java:159)- <==      Total: 0
2019-04-30 13:30:45,997 DEBUG (BaseJdbcLogger.java:159)- ==>  Preparing: SELECT food_id,food_describe,food_price,food_image,canteen_id,food_name FROM food WHERE canteen_id = ? 
2019-04-30 13:30:46,002 DEBUG (BaseJdbcLogger.java:159)- ==>  Preparing: SELECT canteen_id,canteen_label,canteen_name,canteen_des,canteen_image,canteen_mark_number,canteen_mark,sales FROM canteen WHERE canteen_id = ? 
2019-04-30 13:30:46,003 DEBUG (BaseJdbcLogger.java:159)- ==> Parameters: 9(Integer)
2019-04-30 13:30:46,006 DEBUG (BaseJdbcLogger.java:159)- <==      Total: 1
2019-04-30 13:30:46,007 DEBUG (BaseJdbcLogger.java:159)- ==> Parameters: 9(Integer)
2019-04-30 13:30:46,014 DEBUG (BaseJdbcLogger.java:159)- <==      Total: 0
2019-04-30 13:30:52,203 DEBUG (BaseJdbcLogger.java:159)- ==>  Preparing: SELECT food_id,food_describe,food_price,food_image,canteen_id,food_name FROM food WHERE canteen_id = ? 
2019-04-30 13:30:52,204 DEBUG (BaseJdbcLogger.java:159)- ==> Parameters: 9(Integer)
2019-04-30 13:30:52,206 DEBUG (BaseJdbcLogger.java:159)- <==      Total: 0
2019-04-30 13:30:52,207 DEBUG (BaseJdbcLogger.java:159)- ==>  Preparing: SELECT canteen_id,canteen_label,canteen_name,canteen_des,canteen_image,canteen_mark_number,canteen_mark,sales FROM canteen WHERE canteen_id = ? 
2019-04-30 13:30:52,208 DEBUG (BaseJdbcLogger.java:159)- ==> Parameters: 9(Integer)
2019-04-30 13:30:52,212 DEBUG (BaseJdbcLogger.java:159)- <==      Total: 1
2019-04-30 13:30:58,826 DEBUG (BaseJdbcLogger.java:159)- ==>  Preparing: SELECT food_id,food_describe,food_price,food_image,canteen_id,food_name FROM food WHERE canteen_id = ? 
2019-04-30 13:30:58,827 DEBUG (BaseJdbcLogger.java:159)- ==> Parameters: 9(Integer)
2019-04-30 13:30:58,829 DEBUG (BaseJdbcLogger.java:159)- ==>  Preparing: SELECT canteen_id,canteen_label,canteen_name,canteen_des,canteen_image,canteen_mark_number,canteen_mark,sales FROM canteen WHERE canteen_id = ? 
2019-04-30 13:30:58,829 DEBUG (BaseJdbcLogger.java:159)- <==      Total: 0
2019-04-30 13:30:58,830 DEBUG (BaseJdbcLogger.java:159)- ==> Parameters: 9(Integer)
2019-04-30 13:30:58,831 DEBUG (BaseJdbcLogger.java:159)- <==      Total: 1
2019-04-30 13:31:18,760 DEBUG (BaseJdbcLogger.java:159)- ==>  Preparing: SELECT canteen_id,canteen_label,canteen_name,canteen_des,canteen_image,canteen_mark_number,canteen_mark,sales FROM canteen WHERE canteen_id = ? 
2019-04-30 13:31:18,761 DEBUG (BaseJdbcLogger.java:159)- ==> Parameters: 9(Integer)
2019-04-30 13:31:18,763 DEBUG (BaseJdbcLogger.java:159)- ==>  Preparing: SELECT food_id,food_describe,food_price,food_image,canteen_id,food_name FROM food WHERE canteen_id = ? 
2019-04-30 13:31:18,763 DEBUG (BaseJdbcLogger.java:159)- ==> Parameters: 9(Integer)
2019-04-30 13:31:18,764 DEBUG (BaseJdbcLogger.java:159)- <==      Total: 1
2019-04-30 13:31:18,766 DEBUG (BaseJdbcLogger.java:159)- <==      Total: 0
2019-04-30 13:31:25,554 DEBUG (BaseJdbcLogger.java:159)- ==>  Preparing: SELECT food_id,food_describe,food_price,food_image,canteen_id,food_name FROM food WHERE canteen_id = ? 
2019-04-30 13:31:25,556 DEBUG (BaseJdbcLogger.java:159)- ==> Parameters: 9(Integer)
2019-04-30 13:31:25,559 DEBUG (BaseJdbcLogger.java:159)- <==      Total: 0
2019-04-30 13:31:25,560 DEBUG (BaseJdbcLogger.java:159)- ==>  Preparing: SELECT canteen_id,canteen_label,canteen_name,canteen_des,canteen_image,canteen_mark_number,canteen_mark,sales FROM canteen WHERE canteen_id = ? 
2019-04-30 13:31:25,561 DEBUG (BaseJdbcLogger.java:159)- ==> Parameters: 9(Integer)
2019-04-30 13:31:25,564 DEBUG (BaseJdbcLogger.java:159)- <==      Total: 1
2019-04-30 13:31:34,202 DEBUG (BaseJdbcLogger.java:159)- ==>  Preparing: SELECT food_id,food_describe,food_price,food_image,canteen_id,food_name FROM food WHERE canteen_id = ? 
2019-04-30 13:31:34,203 DEBUG (BaseJdbcLogger.java:159)- ==> Parameters: 9(Integer)
2019-04-30 13:31:34,204 DEBUG (BaseJdbcLogger.java:159)- ==>  Preparing: SELECT canteen_id,canteen_label,canteen_name,canteen_des,canteen_image,canteen_mark_number,canteen_mark,sales FROM canteen WHERE canteen_id = ? 
2019-04-30 13:31:34,207 DEBUG (BaseJdbcLogger.java:159)- <==      Total: 0
2019-04-30 13:31:34,207 DEBUG (BaseJdbcLogger.java:159)- ==> Parameters: 9(Integer)
2019-04-30 13:31:34,209 DEBUG (BaseJdbcLogger.java:159)- <==      Total: 1
2019-04-30 13:33:04,514 DEBUG (BaseJdbcLogger.java:159)- ==>  Preparing: SELECT canteen_id,canteen_label,canteen_name,canteen_des,canteen_image,canteen_mark_number,canteen_mark,sales FROM canteen WHERE canteen_id = ? 
2019-04-30 13:33:04,515 DEBUG (BaseJdbcLogger.java:159)- ==> Parameters: 9(Integer)
2019-04-30 13:33:04,515 DEBUG (BaseJdbcLogger.java:159)- ==>  Preparing: SELECT food_id,food_describe,food_price,food_image,canteen_id,food_name FROM food WHERE canteen_id = ? 
2019-04-30 13:33:04,515 DEBUG (BaseJdbcLogger.java:159)- ==> Parameters: 9(Integer)
2019-04-30 13:33:04,519 DEBUG (BaseJdbcLogger.java:159)- <==      Total: 0
2019-04-30 13:33:04,520 DEBUG (BaseJdbcLogger.java:159)- <==      Total: 1
2019-04-30 13:34:24,725 DEBUG (BaseJdbcLogger.java:159)- ==>  Preparing: SELECT food_id,food_describe,food_price,food_image,canteen_id,food_name FROM food WHERE canteen_id = ? 
2019-04-30 13:34:24,726 DEBUG (BaseJdbcLogger.java:159)- ==> Parameters: 9(Integer)
2019-04-30 13:34:24,734 DEBUG (BaseJdbcLogger.java:159)- ==>  Preparing: SELECT canteen_id,canteen_label,canteen_name,canteen_des,canteen_image,canteen_mark_number,canteen_mark,sales FROM canteen WHERE canteen_id = ? 
2019-04-30 13:34:24,734 DEBUG (BaseJdbcLogger.java:159)- <==      Total: 0
2019-04-30 13:34:24,735 DEBUG (BaseJdbcLogger.java:159)- ==> Parameters: 9(Integer)
2019-04-30 13:34:24,738 DEBUG (BaseJdbcLogger.java:159)- <==      Total: 1
2019-04-30 13:35:12,915 DEBUG (BaseJdbcLogger.java:159)- ==>  Preparing: SELECT food_id,food_describe,food_price,food_image,canteen_id,food_name FROM food WHERE canteen_id = ? 
2019-04-30 13:35:12,916 DEBUG (BaseJdbcLogger.java:159)- ==> Parameters: 9(Integer)
2019-04-30 13:35:12,924 DEBUG (BaseJdbcLogger.java:159)- <==      Total: 0
2019-04-30 13:35:12,927 DEBUG (BaseJdbcLogger.java:159)- ==>  Preparing: SELECT canteen_id,canteen_label,canteen_name,canteen_des,canteen_image,canteen_mark_number,canteen_mark,sales FROM canteen WHERE canteen_id = ? 
2019-04-30 13:35:12,928 DEBUG (BaseJdbcLogger.java:159)- ==> Parameters: 9(Integer)
2019-04-30 13:35:12,931 DEBUG (BaseJdbcLogger.java:159)- <==      Total: 1
2019-04-30 13:36:44,540 DEBUG (BaseJdbcLogger.java:159)- ==>  Preparing: SELECT canteen_id,canteen_label,canteen_name,canteen_des,canteen_image,canteen_mark_number,canteen_mark,sales FROM canteen 
2019-04-30 13:36:44,541 DEBUG (BaseJdbcLogger.java:159)- ==> Parameters: 
2019-04-30 13:36:44,544 DEBUG (BaseJdbcLogger.java:159)- <==      Total: 9
2019-04-30 13:36:45,669 DEBUG (BaseJdbcLogger.java:159)- ==>  Preparing: SELECT food_id,food_describe,food_price,food_image,canteen_id,food_name FROM food WHERE canteen_id = ? 
2019-04-30 13:36:45,670 DEBUG (BaseJdbcLogger.java:159)- ==> Parameters: 8(Integer)
2019-04-30 13:36:45,674 DEBUG (BaseJdbcLogger.java:159)- ==>  Preparing: SELECT canteen_id,canteen_label,canteen_name,canteen_des,canteen_image,canteen_mark_number,canteen_mark,sales FROM canteen WHERE canteen_id = ? 
2019-04-30 13:36:45,674 DEBUG (BaseJdbcLogger.java:159)- ==> Parameters: 8(Integer)
2019-04-30 13:36:45,675 DEBUG (BaseJdbcLogger.java:159)- <==      Total: 1
2019-04-30 13:36:45,677 DEBUG (BaseJdbcLogger.java:159)- <==      Total: 6
2019-04-30 13:36:47,586 DEBUG (BaseJdbcLogger.java:159)- ==>  Preparing: SELECT canteen_id,canteen_label,canteen_name,canteen_des,canteen_image,canteen_mark_number,canteen_mark,sales FROM canteen 
2019-04-30 13:36:47,587 DEBUG (BaseJdbcLogger.java:159)- ==> Parameters: 
2019-04-30 13:36:47,590 DEBUG (BaseJdbcLogger.java:159)- <==      Total: 9
2019-04-30 13:36:48,328 DEBUG (BaseJdbcLogger.java:159)- ==>  Preparing: SELECT food_id,food_describe,food_price,food_image,canteen_id,food_name FROM food WHERE canteen_id = ? 
2019-04-30 13:36:48,329 DEBUG (BaseJdbcLogger.java:159)- ==> Parameters: 9(Integer)
2019-04-30 13:36:48,332 DEBUG (BaseJdbcLogger.java:159)- <==      Total: 0
2019-04-30 13:36:48,334 DEBUG (BaseJdbcLogger.java:159)- ==>  Preparing: SELECT canteen_id,canteen_label,canteen_name,canteen_des,canteen_image,canteen_mark_number,canteen_mark,sales FROM canteen WHERE canteen_id = ? 
2019-04-30 13:36:48,335 DEBUG (BaseJdbcLogger.java:159)- ==> Parameters: 9(Integer)
2019-04-30 13:36:48,339 DEBUG (BaseJdbcLogger.java:159)- <==      Total: 1
2019-04-30 13:36:49,932 DEBUG (BaseJdbcLogger.java:159)- ==>  Preparing: SELECT canteen_id,canteen_label,canteen_name,canteen_des,canteen_image,canteen_mark_number,canteen_mark,sales FROM canteen 
2019-04-30 13:36:49,933 DEBUG (BaseJdbcLogger.java:159)- ==> Parameters: 
2019-04-30 13:36:49,938 DEBUG (BaseJdbcLogger.java:159)- <==      Total: 9
2019-04-30 13:37:55,651 DEBUG (BaseJdbcLogger.java:159)- ==>  Preparing: SELECT canteen_id,canteen_label,canteen_name,canteen_des,canteen_image,canteen_mark_number,canteen_mark,sales FROM canteen 
2019-04-30 13:37:55,652 DEBUG (BaseJdbcLogger.java:159)- ==> Parameters: 
2019-04-30 13:37:55,655 DEBUG (BaseJdbcLogger.java:159)- <==      Total: 9
2019-04-30 13:37:58,718 DEBUG (BaseJdbcLogger.java:159)- ==>  Preparing: SELECT food_id,food_describe,food_price,food_image,canteen_id,food_name FROM food WHERE canteen_id = ? 
2019-04-30 13:37:58,719 DEBUG (BaseJdbcLogger.java:159)- ==> Parameters: 8(Integer)
2019-04-30 13:37:58,722 DEBUG (BaseJdbcLogger.java:159)- ==>  Preparing: SELECT canteen_id,canteen_label,canteen_name,canteen_des,canteen_image,canteen_mark_number,canteen_mark,sales FROM canteen WHERE canteen_id = ? 
2019-04-30 13:37:58,722 DEBUG (BaseJdbcLogger.java:159)- <==      Total: 6
2019-04-30 13:37:58,722 DEBUG (BaseJdbcLogger.java:159)- ==> Parameters: 8(Integer)
2019-04-30 13:37:58,724 DEBUG (BaseJdbcLogger.java:159)- <==      Total: 1
2019-04-30 13:38:56,543 DEBUG (BaseJdbcLogger.java:159)- ==>  Preparing: SELECT canteen_id,canteen_label,canteen_name,canteen_des,canteen_image,canteen_mark_number,canteen_mark,sales FROM canteen 
2019-04-30 13:38:56,544 DEBUG (BaseJdbcLogger.java:159)- ==> Parameters: 
2019-04-30 13:38:56,548 DEBUG (BaseJdbcLogger.java:159)- <==      Total: 9
2019-04-30 13:38:57,464 DEBUG (BaseJdbcLogger.java:159)- ==>  Preparing: SELECT food_id,food_describe,food_price,food_image,canteen_id,food_name FROM food WHERE canteen_id = ? 
2019-04-30 13:38:57,464 DEBUG (BaseJdbcLogger.java:159)- ==> Parameters: 9(Integer)
2019-04-30 13:38:57,466 DEBUG (BaseJdbcLogger.java:159)- <==      Total: 0
2019-04-30 13:38:57,476 DEBUG (BaseJdbcLogger.java:159)- ==>  Preparing: SELECT canteen_id,canteen_label,canteen_name,canteen_des,canteen_image,canteen_mark_number,canteen_mark,sales FROM canteen WHERE canteen_id = ? 
2019-04-30 13:38:57,478 DEBUG (BaseJdbcLogger.java:159)- ==> Parameters: 9(Integer)
2019-04-30 13:38:57,480 DEBUG (BaseJdbcLogger.java:159)- <==      Total: 1
2019-04-30 13:38:59,079 DEBUG (BaseJdbcLogger.java:159)- ==>  Preparing: SELECT canteen_id,canteen_label,canteen_name,canteen_des,canteen_image,canteen_mark_number,canteen_mark,sales FROM canteen 
2019-04-30 13:38:59,079 DEBUG (BaseJdbcLogger.java:159)- ==> Parameters: 
2019-04-30 13:38:59,080 DEBUG (BaseJdbcLogger.java:159)- <==      Total: 9
2019-04-30 13:39:00,072 DEBUG (BaseJdbcLogger.java:159)- ==>  Preparing: SELECT food_id,food_describe,food_price,food_image,canteen_id,food_name FROM food WHERE canteen_id = ? 
2019-04-30 13:39:00,073 DEBUG (BaseJdbcLogger.java:159)- ==> Parameters: 10(Integer)
2019-04-30 13:39:00,074 DEBUG (BaseJdbcLogger.java:159)- ==>  Preparing: SELECT canteen_id,canteen_label,canteen_name,canteen_des,canteen_image,canteen_mark_number,canteen_mark,sales FROM canteen WHERE canteen_id = ? 
2019-04-30 13:39:00,074 DEBUG (BaseJdbcLogger.java:159)- <==      Total: 0
2019-04-30 13:39:00,075 DEBUG (BaseJdbcLogger.java:159)- ==> Parameters: 10(Integer)
2019-04-30 13:39:00,077 DEBUG (BaseJdbcLogger.java:159)- <==      Total: 1
2019-04-30 13:39:01,905 DEBUG (BaseJdbcLogger.java:159)- ==>  Preparing: SELECT canteen_id,canteen_label,canteen_name,canteen_des,canteen_image,canteen_mark_number,canteen_mark,sales FROM canteen 
2019-04-30 13:39:01,907 DEBUG (BaseJdbcLogger.java:159)- ==> Parameters: 
2019-04-30 13:39:01,909 DEBUG (BaseJdbcLogger.java:159)- <==      Total: 9
2019-04-30 13:39:11,717 DEBUG (BaseJdbcLogger.java:159)- ==>  Preparing: SELECT food_id,food_describe,food_price,food_image,canteen_id,food_name FROM food WHERE canteen_id = ? 
2019-04-30 13:39:11,719 DEBUG (BaseJdbcLogger.java:159)- ==> Parameters: 8(Integer)
2019-04-30 13:39:11,721 DEBUG (BaseJdbcLogger.java:159)- <==      Total: 6
2019-04-30 13:39:11,725 DEBUG (BaseJdbcLogger.java:159)- ==>  Preparing: SELECT canteen_id,canteen_label,canteen_name,canteen_des,canteen_image,canteen_mark_number,canteen_mark,sales FROM canteen WHERE canteen_id = ? 
2019-04-30 13:39:11,726 DEBUG (BaseJdbcLogger.java:159)- ==> Parameters: 8(Integer)
2019-04-30 13:39:11,728 DEBUG (BaseJdbcLogger.java:159)- <==      Total: 1
2019-04-30 13:40:27,661 DEBUG (BaseJdbcLogger.java:159)- ==>  Preparing: SELECT food_id,food_describe,food_price,food_image,canteen_id,food_name FROM food WHERE canteen_id = ? 
2019-04-30 13:40:27,662 DEBUG (BaseJdbcLogger.java:159)- ==> Parameters: 8(Integer)
2019-04-30 13:40:27,665 DEBUG (BaseJdbcLogger.java:159)- ==>  Preparing: SELECT canteen_id,canteen_label,canteen_name,canteen_des,canteen_image,canteen_mark_number,canteen_mark,sales FROM canteen WHERE canteen_id = ? 
2019-04-30 13:40:27,665 DEBUG (BaseJdbcLogger.java:159)- ==> Parameters: 8(Integer)
2019-04-30 13:40:27,666 DEBUG (BaseJdbcLogger.java:159)- <==      Total: 6
2019-04-30 13:40:27,668 DEBUG (BaseJdbcLogger.java:159)- <==      Total: 1
2019-04-30 13:58:56,398 DEBUG (BaseJdbcLogger.java:159)- ==>  Preparing: SELECT food_id,food_describe,food_price,food_image,canteen_id,food_name FROM food WHERE canteen_id = ? 
2019-04-30 13:58:56,399 DEBUG (BaseJdbcLogger.java:159)- ==> Parameters: 8(Integer)
2019-04-30 13:58:56,403 DEBUG (BaseJdbcLogger.java:159)- <==      Total: 6
2019-04-30 13:58:56,412 DEBUG (BaseJdbcLogger.java:159)- ==>  Preparing: SELECT canteen_id,canteen_label,canteen_name,canteen_des,canteen_image,canteen_mark_number,canteen_mark,sales FROM canteen WHERE canteen_id = ? 
2019-04-30 13:58:56,414 DEBUG (BaseJdbcLogger.java:159)- ==> Parameters: 8(Integer)
2019-04-30 13:58:56,419 DEBUG (BaseJdbcLogger.java:159)- <==      Total: 1
2019-04-30 13:59:56,852 DEBUG (BaseJdbcLogger.java:159)- ==>  Preparing: SELECT food_id,food_describe,food_price,food_image,canteen_id,food_name FROM food WHERE canteen_id = ? 
2019-04-30 13:59:56,852 DEBUG (BaseJdbcLogger.java:159)- ==>  Preparing: SELECT canteen_id,canteen_label,canteen_name,canteen_des,canteen_image,canteen_mark_number,canteen_mark,sales FROM canteen WHERE canteen_id = ? 
2019-04-30 13:59:56,852 DEBUG (BaseJdbcLogger.java:159)- ==> Parameters: 8(Integer)
2019-04-30 13:59:56,853 DEBUG (BaseJdbcLogger.java:159)- ==> Parameters: 8(Integer)
2019-04-30 13:59:56,855 DEBUG (BaseJdbcLogger.java:159)- <==      Total: 1
2019-04-30 13:59:56,855 DEBUG (BaseJdbcLogger.java:159)- <==      Total: 6
2019-04-30 14:00:13,058 DEBUG (BaseJdbcLogger.java:159)- ==>  Preparing: SELECT canteen_id,canteen_label,canteen_name,canteen_des,canteen_image,canteen_mark_number,canteen_mark,sales FROM canteen WHERE canteen_id = ? 
2019-04-30 14:00:13,059 DEBUG (BaseJdbcLogger.java:159)- ==> Parameters: 8(Integer)
2019-04-30 14:00:13,062 DEBUG (BaseJdbcLogger.java:159)- <==      Total: 1
2019-04-30 14:00:13,064 DEBUG (BaseJdbcLogger.java:159)- ==>  Preparing: SELECT food_id,food_describe,food_price,food_image,canteen_id,food_name FROM food WHERE canteen_id = ? 
2019-04-30 14:00:13,065 DEBUG (BaseJdbcLogger.java:159)- ==> Parameters: 8(Integer)
2019-04-30 14:00:13,068 DEBUG (BaseJdbcLogger.java:159)- <==      Total: 6
2019-04-30 14:00:56,791 DEBUG (BaseJdbcLogger.java:159)- ==>  Preparing: SELECT food_id,food_describe,food_price,food_image,canteen_id,food_name FROM food WHERE canteen_id = ? 
2019-04-30 14:00:56,792 DEBUG (BaseJdbcLogger.java:159)- ==> Parameters: 8(Integer)
2019-04-30 14:00:56,793 DEBUG (BaseJdbcLogger.java:159)- ==>  Preparing: SELECT canteen_id,canteen_label,canteen_name,canteen_des,canteen_image,canteen_mark_number,canteen_mark,sales FROM canteen WHERE canteen_id = ? 
2019-04-30 14:00:56,794 DEBUG (BaseJdbcLogger.java:159)- ==> Parameters: 8(Integer)
2019-04-30 14:00:56,794 DEBUG (BaseJdbcLogger.java:159)- <==      Total: 6
2019-04-30 14:00:56,798 DEBUG (BaseJdbcLogger.java:159)- <==      Total: 1
2019-04-30 14:01:50,460 DEBUG (BaseJdbcLogger.java:159)- ==>  Preparing: SELECT food_id,food_describe,food_price,food_image,canteen_id,food_name FROM food WHERE canteen_id = ? 
2019-04-30 14:01:50,461 DEBUG (BaseJdbcLogger.java:159)- ==> Parameters: 8(Integer)
2019-04-30 14:01:50,465 DEBUG (BaseJdbcLogger.java:159)- <==      Total: 6
2019-04-30 14:01:50,467 DEBUG (BaseJdbcLogger.java:159)- ==>  Preparing: SELECT canteen_id,canteen_label,canteen_name,canteen_des,canteen_image,canteen_mark_number,canteen_mark,sales FROM canteen WHERE canteen_id = ? 
2019-04-30 14:01:50,468 DEBUG (BaseJdbcLogger.java:159)- ==> Parameters: 8(Integer)
2019-04-30 14:01:50,473 DEBUG (BaseJdbcLogger.java:159)- <==      Total: 1
2019-04-30 14:02:26,928 DEBUG (BaseJdbcLogger.java:159)- ==>  Preparing: SELECT canteen_id,canteen_label,canteen_name,canteen_des,canteen_image,canteen_mark_number,canteen_mark,sales FROM canteen WHERE canteen_id = ? 
2019-04-30 14:02:26,928 DEBUG (BaseJdbcLogger.java:159)- ==> Parameters: 8(Integer)
2019-04-30 14:02:26,931 DEBUG (BaseJdbcLogger.java:159)- ==>  Preparing: SELECT food_id,food_describe,food_price,food_image,canteen_id,food_name FROM food WHERE canteen_id = ? 
2019-04-30 14:02:26,932 DEBUG (BaseJdbcLogger.java:159)- <==      Total: 1
2019-04-30 14:02:26,932 DEBUG (BaseJdbcLogger.java:159)- ==> Parameters: 8(Integer)
2019-04-30 14:02:26,935 DEBUG (BaseJdbcLogger.java:159)- <==      Total: 6
2019-04-30 14:02:32,360 DEBUG (BaseJdbcLogger.java:159)- ==>  Preparing: SELECT food_id,food_describe,food_price,food_image,canteen_id,food_name FROM food WHERE canteen_id = ? 
2019-04-30 14:02:32,361 DEBUG (BaseJdbcLogger.java:159)- ==> Parameters: 8(Integer)
2019-04-30 14:02:32,362 DEBUG (BaseJdbcLogger.java:159)- ==>  Preparing: SELECT canteen_id,canteen_label,canteen_name,canteen_des,canteen_image,canteen_mark_number,canteen_mark,sales FROM canteen WHERE canteen_id = ? 
2019-04-30 14:02:32,362 DEBUG (BaseJdbcLogger.java:159)- ==> Parameters: 8(Integer)
2019-04-30 14:02:32,363 DEBUG (BaseJdbcLogger.java:159)- <==      Total: 6
2019-04-30 14:02:32,364 DEBUG (BaseJdbcLogger.java:159)- <==      Total: 1
2019-04-30 14:03:45,687 DEBUG (BaseJdbcLogger.java:159)- ==>  Preparing: SELECT food_id,food_describe,food_price,food_image,canteen_id,food_name FROM food WHERE canteen_id = ? 
2019-04-30 14:03:45,689 DEBUG (BaseJdbcLogger.java:159)- ==> Parameters: 8(Integer)
2019-04-30 14:03:45,689 DEBUG (BaseJdbcLogger.java:159)- ==>  Preparing: SELECT canteen_id,canteen_label,canteen_name,canteen_des,canteen_image,canteen_mark_number,canteen_mark,sales FROM canteen WHERE canteen_id = ? 
2019-04-30 14:03:45,690 DEBUG (BaseJdbcLogger.java:159)- ==> Parameters: 8(Integer)
2019-04-30 14:03:45,692 DEBUG (BaseJdbcLogger.java:159)- <==      Total: 1
2019-04-30 14:03:45,692 DEBUG (BaseJdbcLogger.java:159)- <==      Total: 6
2019-04-30 14:03:52,296 DEBUG (BaseJdbcLogger.java:159)- ==>  Preparing: SELECT food_id,food_describe,food_price,food_image,canteen_id,food_name FROM food WHERE canteen_id = ? 
2019-04-30 14:03:52,297 DEBUG (BaseJdbcLogger.java:159)- ==> Parameters: 8(Integer)
2019-04-30 14:03:52,298 DEBUG (BaseJdbcLogger.java:159)- ==>  Preparing: SELECT canteen_id,canteen_label,canteen_name,canteen_des,canteen_image,canteen_mark_number,canteen_mark,sales FROM canteen WHERE canteen_id = ? 
2019-04-30 14:03:52,299 DEBUG (BaseJdbcLogger.java:159)- ==> Parameters: 8(Integer)
2019-04-30 14:03:52,299 DEBUG (BaseJdbcLogger.java:159)- <==      Total: 6
2019-04-30 14:03:52,301 DEBUG (BaseJdbcLogger.java:159)- <==      Total: 1
2019-04-30 14:03:52,746 DEBUG (BaseJdbcLogger.java:159)- ==>  Preparing: SELECT food_id,food_describe,food_price,food_image,canteen_id,food_name FROM food WHERE canteen_id = ? 
2019-04-30 14:03:52,746 DEBUG (BaseJdbcLogger.java:159)- ==>  Preparing: SELECT canteen_id,canteen_label,canteen_name,canteen_des,canteen_image,canteen_mark_number,canteen_mark,sales FROM canteen WHERE canteen_id = ? 
2019-04-30 14:03:52,746 DEBUG (BaseJdbcLogger.java:159)- ==> Parameters: 8(Integer)
2019-04-30 14:03:52,747 DEBUG (BaseJdbcLogger.java:159)- ==> Parameters: 8(Integer)
2019-04-30 14:03:52,749 DEBUG (BaseJdbcLogger.java:159)- <==      Total: 6
2019-04-30 14:03:52,750 DEBUG (BaseJdbcLogger.java:159)- <==      Total: 1
2019-04-30 14:19:55,794 DEBUG (BaseJdbcLogger.java:159)- ==>  Preparing: SELECT food_id,food_describe,food_price,food_image,canteen_id,food_name FROM food WHERE canteen_id = ? 
2019-04-30 14:19:55,794 DEBUG (BaseJdbcLogger.java:159)- ==>  Preparing: SELECT canteen_id,canteen_label,canteen_name,canteen_des,canteen_image,canteen_mark_number,canteen_mark,sales FROM canteen WHERE canteen_id = ? 
2019-04-30 14:19:55,795 DEBUG (BaseJdbcLogger.java:159)- ==> Parameters: 8(Integer)
2019-04-30 14:19:55,795 DEBUG (BaseJdbcLogger.java:159)- ==> Parameters: 8(Integer)
2019-04-30 14:19:55,797 DEBUG (BaseJdbcLogger.java:159)- <==      Total: 1
2019-04-30 14:19:55,799 DEBUG (BaseJdbcLogger.java:159)- <==      Total: 6
2019-04-30 14:20:44,240 DEBUG (BaseJdbcLogger.java:159)- ==>  Preparing: SELECT food_id,food_describe,food_price,food_image,canteen_id,food_name FROM food WHERE canteen_id = ? 
2019-04-30 14:20:44,241 DEBUG (BaseJdbcLogger.java:159)- ==> Parameters: 8(Integer)
2019-04-30 14:20:44,242 DEBUG (BaseJdbcLogger.java:159)- ==>  Preparing: SELECT canteen_id,canteen_label,canteen_name,canteen_des,canteen_image,canteen_mark_number,canteen_mark,sales FROM canteen WHERE canteen_id = ? 
2019-04-30 14:20:44,243 DEBUG (BaseJdbcLogger.java:159)- <==      Total: 6
2019-04-30 14:20:44,244 DEBUG (BaseJdbcLogger.java:159)- ==> Parameters: 8(Integer)
2019-04-30 14:20:44,247 DEBUG (BaseJdbcLogger.java:159)- <==      Total: 1
2019-04-30 14:20:59,334 DEBUG (BaseJdbcLogger.java:159)- ==>  Preparing: SELECT food_id,food_describe,food_price,food_image,canteen_id,food_name FROM food WHERE canteen_id = ? 
2019-04-30 14:20:59,335 DEBUG (BaseJdbcLogger.java:159)- ==> Parameters: 8(Integer)
2019-04-30 14:20:59,336 DEBUG (BaseJdbcLogger.java:159)- ==>  Preparing: SELECT canteen_id,canteen_label,canteen_name,canteen_des,canteen_image,canteen_mark_number,canteen_mark,sales FROM canteen WHERE canteen_id = ? 
2019-04-30 14:20:59,337 DEBUG (BaseJdbcLogger.java:159)- ==> Parameters: 8(Integer)
2019-04-30 14:20:59,338 DEBUG (BaseJdbcLogger.java:159)- <==      Total: 6
2019-04-30 14:20:59,338 DEBUG (BaseJdbcLogger.java:159)- <==      Total: 1
2019-04-30 14:23:01,055 DEBUG (BaseJdbcLogger.java:159)- ==>  Preparing: SELECT food_id,food_describe,food_price,food_image,canteen_id,food_name FROM food WHERE canteen_id = ? 
2019-04-30 14:23:01,055 DEBUG (BaseJdbcLogger.java:159)- ==> Parameters: 8(Integer)
2019-04-30 14:23:01,056 DEBUG (BaseJdbcLogger.java:159)- ==>  Preparing: SELECT canteen_id,canteen_label,canteen_name,canteen_des,canteen_image,canteen_mark_number,canteen_mark,sales FROM canteen WHERE canteen_id = ? 
2019-04-30 14:23:01,057 DEBUG (BaseJdbcLogger.java:159)- ==> Parameters: 8(Integer)
2019-04-30 14:23:01,059 DEBUG (BaseJdbcLogger.java:159)- <==      Total: 6
2019-04-30 14:23:01,061 DEBUG (BaseJdbcLogger.java:159)- <==      Total: 1
2019-04-30 14:23:08,080 DEBUG (BaseJdbcLogger.java:159)- ==>  Preparing: SELECT food_id,food_describe,food_price,food_image,canteen_id,food_name FROM food WHERE canteen_id = ? 
2019-04-30 14:23:08,081 DEBUG (BaseJdbcLogger.java:159)- ==> Parameters: 8(Integer)
2019-04-30 14:23:08,081 DEBUG (BaseJdbcLogger.java:159)- ==>  Preparing: SELECT canteen_id,canteen_label,canteen_name,canteen_des,canteen_image,canteen_mark_number,canteen_mark,sales FROM canteen WHERE canteen_id = ? 
2019-04-30 14:23:08,082 DEBUG (BaseJdbcLogger.java:159)- ==> Parameters: 8(Integer)
2019-04-30 14:23:08,083 DEBUG (BaseJdbcLogger.java:159)- <==      Total: 6
2019-04-30 14:23:08,083 DEBUG (BaseJdbcLogger.java:159)- <==      Total: 1
2019-04-30 14:23:27,457 DEBUG (BaseJdbcLogger.java:159)- ==>  Preparing: SELECT food_id,food_describe,food_price,food_image,canteen_id,food_name FROM food WHERE canteen_id = ? 
2019-04-30 14:23:27,458 DEBUG (BaseJdbcLogger.java:159)- ==> Parameters: 8(Integer)
2019-04-30 14:23:27,461 DEBUG (BaseJdbcLogger.java:159)- <==      Total: 6
2019-04-30 14:23:27,467 DEBUG (BaseJdbcLogger.java:159)- ==>  Preparing: SELECT canteen_id,canteen_label,canteen_name,canteen_des,canteen_image,canteen_mark_number,canteen_mark,sales FROM canteen WHERE canteen_id = ? 
2019-04-30 14:23:27,467 DEBUG (BaseJdbcLogger.java:159)- ==> Parameters: 8(Integer)
2019-04-30 14:23:27,475 DEBUG (BaseJdbcLogger.java:159)- <==      Total: 1
2019-04-30 14:23:27,495 DEBUG (BaseJdbcLogger.java:159)- ==>  Preparing: SELECT food_id,food_describe,food_price,food_image,canteen_id,food_name FROM food WHERE canteen_id = ? 
2019-04-30 14:23:27,496 DEBUG (BaseJdbcLogger.java:159)- ==> Parameters: 8(Integer)
2019-04-30 14:23:27,497 DEBUG (BaseJdbcLogger.java:159)- <==      Total: 6
2019-04-30 14:23:27,503 DEBUG (BaseJdbcLogger.java:159)- ==>  Preparing: SELECT canteen_id,canteen_label,canteen_name,canteen_des,canteen_image,canteen_mark_number,canteen_mark,sales FROM canteen WHERE canteen_id = ? 
2019-04-30 14:23:27,503 DEBUG (BaseJdbcLogger.java:159)- ==> Parameters: 8(Integer)
2019-04-30 14:23:27,505 DEBUG (BaseJdbcLogger.java:159)- <==      Total: 1
2019-04-30 14:23:48,175 DEBUG (BaseJdbcLogger.java:159)- ==>  Preparing: SELECT food_id,food_describe,food_price,food_image,canteen_id,food_name FROM food WHERE canteen_id = ? 
2019-04-30 14:23:48,176 DEBUG (BaseJdbcLogger.java:159)- ==> Parameters: 8(Integer)
2019-04-30 14:23:48,178 DEBUG (BaseJdbcLogger.java:159)- ==>  Preparing: SELECT canteen_id,canteen_label,canteen_name,canteen_des,canteen_image,canteen_mark_number,canteen_mark,sales FROM canteen WHERE canteen_id = ? 
2019-04-30 14:23:48,179 DEBUG (BaseJdbcLogger.java:159)- ==> Parameters: 8(Integer)
2019-04-30 14:23:48,179 DEBUG (BaseJdbcLogger.java:159)- <==      Total: 6
2019-04-30 14:23:48,185 DEBUG (BaseJdbcLogger.java:159)- <==      Total: 1
2019-04-30 14:24:08,496 DEBUG (BaseJdbcLogger.java:159)- ==>  Preparing: SELECT food_id,food_describe,food_price,food_image,canteen_id,food_name FROM food WHERE canteen_id = ? 
2019-04-30 14:24:08,496 DEBUG (BaseJdbcLogger.java:159)- ==> Parameters: 8(Integer)
2019-04-30 14:24:08,499 DEBUG (BaseJdbcLogger.java:159)- <==      Total: 6
2019-04-30 14:24:08,500 DEBUG (BaseJdbcLogger.java:159)- ==>  Preparing: SELECT canteen_id,canteen_label,canteen_name,canteen_des,canteen_image,canteen_mark_number,canteen_mark,sales FROM canteen WHERE canteen_id = ? 
2019-04-30 14:24:08,501 DEBUG (BaseJdbcLogger.java:159)- ==> Parameters: 8(Integer)
2019-04-30 14:24:08,503 DEBUG (BaseJdbcLogger.java:159)- <==      Total: 1
2019-04-30 14:24:13,389 DEBUG (BaseJdbcLogger.java:159)- ==>  Preparing: SELECT food_id,food_describe,food_price,food_image,canteen_id,food_name FROM food WHERE canteen_id = ? 
2019-04-30 14:24:13,390 DEBUG (BaseJdbcLogger.java:159)- ==> Parameters: 8(Integer)
2019-04-30 14:24:13,396 DEBUG (BaseJdbcLogger.java:159)- <==      Total: 6
2019-04-30 14:24:13,398 DEBUG (BaseJdbcLogger.java:159)- ==>  Preparing: SELECT canteen_id,canteen_label,canteen_name,canteen_des,canteen_image,canteen_mark_number,canteen_mark,sales FROM canteen WHERE canteen_id = ? 
2019-04-30 14:24:13,399 DEBUG (BaseJdbcLogger.java:159)- ==> Parameters: 8(Integer)
2019-04-30 14:24:13,402 DEBUG (BaseJdbcLogger.java:159)- <==      Total: 1
2019-04-30 19:59:30,608 DEBUG (BaseJdbcLogger.java:159)- ==>  Preparing: SELECT canteen_id,canteen_label,canteen_name,canteen_des,canteen_image,canteen_mark_number,canteen_mark,sales FROM canteen WHERE canteen_id = ? 
2019-04-30 19:59:30,620 DEBUG (BaseJdbcLogger.java:159)- ==> Parameters: 8(Integer)
2019-04-30 19:59:30,623 DEBUG (BaseJdbcLogger.java:159)- ==>  Preparing: SELECT food_id,food_describe,food_price,food_image,canteen_id,food_name FROM food WHERE canteen_id = ? 
2019-04-30 19:59:30,626 DEBUG (BaseJdbcLogger.java:159)- ==> Parameters: 8(Integer)
2019-04-30 19:59:30,631 DEBUG (BaseJdbcLogger.java:159)- <==      Total: 1
2019-04-30 19:59:30,631 DEBUG (BaseJdbcLogger.java:159)- <==      Total: 6
2019-04-30 20:00:28,315 DEBUG (BaseJdbcLogger.java:159)- ==>  Preparing: SELECT food_id,food_describe,food_price,food_image,canteen_id,food_name FROM food WHERE canteen_id = ? 
2019-04-30 20:00:28,317 DEBUG (BaseJdbcLogger.java:159)- ==> Parameters: 8(Integer)
2019-04-30 20:00:28,318 DEBUG (BaseJdbcLogger.java:159)- ==>  Preparing: SELECT canteen_id,canteen_label,canteen_name,canteen_des,canteen_image,canteen_mark_number,canteen_mark,sales FROM canteen WHERE canteen_id = ? 
2019-04-30 20:00:28,319 DEBUG (BaseJdbcLogger.java:159)- ==> Parameters: 8(Integer)
2019-04-30 20:00:28,319 DEBUG (BaseJdbcLogger.java:159)- <==      Total: 6
2019-04-30 20:00:28,321 DEBUG (BaseJdbcLogger.java:159)- <==      Total: 1
2019-04-30 20:00:58,596 DEBUG (BaseJdbcLogger.java:159)- ==>  Preparing: SELECT food_id,food_describe,food_price,food_image,canteen_id,food_name FROM food WHERE canteen_id = ? 
2019-04-30 20:00:58,597 DEBUG (BaseJdbcLogger.java:159)- ==> Parameters: 8(Integer)
2019-04-30 20:00:58,600 DEBUG (BaseJdbcLogger.java:159)- <==      Total: 6
2019-04-30 20:00:58,600 DEBUG (BaseJdbcLogger.java:159)- ==>  Preparing: SELECT canteen_id,canteen_label,canteen_name,canteen_des,canteen_image,canteen_mark_number,canteen_mark,sales FROM canteen WHERE canteen_id = ? 
2019-04-30 20:00:58,601 DEBUG (BaseJdbcLogger.java:159)- ==> Parameters: 8(Integer)
2019-04-30 20:00:58,603 DEBUG (BaseJdbcLogger.java:159)- <==      Total: 1
2019-04-30 20:01:16,540 DEBUG (BaseJdbcLogger.java:159)- ==>  Preparing: SELECT food_id,food_describe,food_price,food_image,canteen_id,food_name FROM food WHERE canteen_id = ? 
2019-04-30 20:01:16,541 DEBUG (BaseJdbcLogger.java:159)- ==> Parameters: 8(Integer)
2019-04-30 20:01:16,542 DEBUG (BaseJdbcLogger.java:159)- ==>  Preparing: SELECT canteen_id,canteen_label,canteen_name,canteen_des,canteen_image,canteen_mark_number,canteen_mark,sales FROM canteen WHERE canteen_id = ? 
2019-04-30 20:01:16,543 DEBUG (BaseJdbcLogger.java:159)- ==> Parameters: 8(Integer)
2019-04-30 20:01:16,544 DEBUG (BaseJdbcLogger.java:159)- <==      Total: 6
2019-04-30 20:01:16,545 DEBUG (BaseJdbcLogger.java:159)- <==      Total: 1
2019-04-30 20:01:36,804 DEBUG (BaseJdbcLogger.java:159)- ==>  Preparing: SELECT canteen_id,canteen_label,canteen_name,canteen_des,canteen_image,canteen_mark_number,canteen_mark,sales FROM canteen WHERE canteen_id = ? 
2019-04-30 20:01:36,805 DEBUG (BaseJdbcLogger.java:159)- ==> Parameters: 8(Integer)
2019-04-30 20:01:36,808 DEBUG (BaseJdbcLogger.java:159)- <==      Total: 1
2019-04-30 20:01:36,818 DEBUG (BaseJdbcLogger.java:159)- ==>  Preparing: SELECT food_id,food_describe,food_price,food_image,canteen_id,food_name FROM food WHERE canteen_id = ? 
2019-04-30 20:01:36,819 DEBUG (BaseJdbcLogger.java:159)- ==> Parameters: 8(Integer)
2019-04-30 20:01:36,820 DEBUG (BaseJdbcLogger.java:159)- <==      Total: 6
2019-04-30 20:02:21,566 DEBUG (BaseJdbcLogger.java:159)- ==>  Preparing: SELECT canteen_id,canteen_label,canteen_name,canteen_des,canteen_image,canteen_mark_number,canteen_mark,sales FROM canteen WHERE canteen_id = ? 
2019-04-30 20:02:21,567 DEBUG (BaseJdbcLogger.java:159)- ==>  Preparing: SELECT food_id,food_describe,food_price,food_image,canteen_id,food_name FROM food WHERE canteen_id = ? 
2019-04-30 20:02:21,567 DEBUG (BaseJdbcLogger.java:159)- ==> Parameters: 8(Integer)
2019-04-30 20:02:21,568 DEBUG (BaseJdbcLogger.java:159)- ==> Parameters: 8(Integer)
2019-04-30 20:02:21,570 DEBUG (BaseJdbcLogger.java:159)- <==      Total: 1
2019-04-30 20:02:21,570 DEBUG (BaseJdbcLogger.java:159)- <==      Total: 6
2019-04-30 20:02:59,606 DEBUG (BaseJdbcLogger.java:159)- ==>  Preparing: SELECT food_id,food_describe,food_price,food_image,canteen_id,food_name FROM food WHERE canteen_id = ? 
2019-04-30 20:02:59,607 DEBUG (BaseJdbcLogger.java:159)- ==> Parameters: 8(Integer)
2019-04-30 20:02:59,607 DEBUG (BaseJdbcLogger.java:159)- ==>  Preparing: SELECT canteen_id,canteen_label,canteen_name,canteen_des,canteen_image,canteen_mark_number,canteen_mark,sales FROM canteen WHERE canteen_id = ? 
2019-04-30 20:02:59,608 DEBUG (BaseJdbcLogger.java:159)- ==> Parameters: 8(Integer)
2019-04-30 20:02:59,608 DEBUG (BaseJdbcLogger.java:159)- <==      Total: 6
2019-04-30 20:02:59,609 DEBUG (BaseJdbcLogger.java:159)- <==      Total: 1
2019-04-30 20:04:34,609 DEBUG (BaseJdbcLogger.java:159)- ==>  Preparing: SELECT canteen_id,canteen_label,canteen_name,canteen_des,canteen_image,canteen_mark_number,canteen_mark,sales FROM canteen WHERE canteen_id = ? 
2019-04-30 20:04:34,610 DEBUG (BaseJdbcLogger.java:159)- ==> Parameters: 8(Integer)
2019-04-30 20:04:34,611 DEBUG (BaseJdbcLogger.java:159)- <==      Total: 1
2019-04-30 20:04:34,613 DEBUG (BaseJdbcLogger.java:159)- ==>  Preparing: SELECT food_id,food_describe,food_price,food_image,canteen_id,food_name FROM food WHERE canteen_id = ? 
2019-04-30 20:04:34,614 DEBUG (BaseJdbcLogger.java:159)- ==> Parameters: 8(Integer)
2019-04-30 20:04:34,616 DEBUG (BaseJdbcLogger.java:159)- <==      Total: 6
2019-04-30 20:43:43,613 DEBUG (BaseJdbcLogger.java:159)- ==>  Preparing: SELECT food_id,food_describe,food_price,food_image,canteen_id,food_name FROM food WHERE canteen_id = ? 
2019-04-30 20:43:43,616 DEBUG (BaseJdbcLogger.java:159)- ==> Parameters: 8(Integer)
2019-04-30 20:43:43,623 DEBUG (BaseJdbcLogger.java:159)- <==      Total: 6
2019-04-30 20:43:43,624 DEBUG (BaseJdbcLogger.java:159)- ==>  Preparing: SELECT canteen_id,canteen_label,canteen_name,canteen_des,canteen_image,canteen_mark_number,canteen_mark,sales FROM canteen WHERE canteen_id = ? 
2019-04-30 20:43:43,625 DEBUG (BaseJdbcLogger.java:159)- ==> Parameters: 8(Integer)
2019-04-30 20:43:43,631 DEBUG (BaseJdbcLogger.java:159)- <==      Total: 1
2019-04-30 20:44:08,138 DEBUG (BaseJdbcLogger.java:159)- ==>  Preparing: SELECT canteen_id,canteen_label,canteen_name,canteen_des,canteen_image,canteen_mark_number,canteen_mark,sales FROM canteen WHERE canteen_id = ? 
2019-04-30 20:44:08,140 DEBUG (BaseJdbcLogger.java:159)- ==> Parameters: 8(Integer)
2019-04-30 20:44:08,142 DEBUG (BaseJdbcLogger.java:159)- ==>  Preparing: SELECT food_id,food_describe,food_price,food_image,canteen_id,food_name FROM food WHERE canteen_id = ? 
2019-04-30 20:44:08,142 DEBUG (BaseJdbcLogger.java:159)- <==      Total: 1
2019-04-30 20:44:08,142 DEBUG (BaseJdbcLogger.java:159)- ==> Parameters: 8(Integer)
2019-04-30 20:44:08,144 DEBUG (BaseJdbcLogger.java:159)- <==      Total: 6
2019-04-30 21:32:20,987 INFO (SpringApplication.java:597)- The following profiles are active: dev
2019-04-30 21:32:36,121 INFO (StartupInfoLogger.java:57)- Started AdminServiceApp in 20.2 seconds (JVM running for 21.942)
2019-04-30 22:38:14,538 DEBUG (BaseJdbcLogger.java:159)- ==>  Preparing: SELECT canteen_id,canteen_label,canteen_name,canteen_des,canteen_image,canteen_mark_number,canteen_mark,sales FROM canteen WHERE canteen_id = ? 
2019-04-30 22:38:14,563 DEBUG (BaseJdbcLogger.java:159)- ==>  Preparing: SELECT food_id,food_describe,food_price,food_image,canteen_id,food_name FROM food WHERE canteen_id = ? 
2019-04-30 22:38:14,601 DEBUG (BaseJdbcLogger.java:159)- ==> Parameters: 8(Integer)
2019-04-30 22:38:14,601 DEBUG (BaseJdbcLogger.java:159)- ==> Parameters: 8(Integer)
2019-04-30 22:38:14,628 DEBUG (BaseJdbcLogger.java:159)- <==      Total: 1
2019-04-30 22:38:14,631 DEBUG (BaseJdbcLogger.java:159)- <==      Total: 6
2019-04-30 22:38:33,161 DEBUG (BaseJdbcLogger.java:159)- ==>  Preparing: SELECT canteen_id,canteen_label,canteen_name,canteen_des,canteen_image,canteen_mark_number,canteen_mark,sales FROM canteen WHERE canteen_id = ? 
2019-04-30 22:38:33,161 DEBUG (BaseJdbcLogger.java:159)- ==>  Preparing: SELECT food_id,food_describe,food_price,food_image,canteen_id,food_name FROM food WHERE canteen_id = ? 
2019-04-30 22:38:33,162 DEBUG (BaseJdbcLogger.java:159)- ==> Parameters: 8(Integer)
2019-04-30 22:38:33,162 DEBUG (BaseJdbcLogger.java:159)- ==> Parameters: 8(Integer)
2019-04-30 22:38:33,166 DEBUG (BaseJdbcLogger.java:159)- <==      Total: 1
2019-04-30 22:38:33,167 DEBUG (BaseJdbcLogger.java:159)- <==      Total: 6
2019-04-30 22:49:54,568 DEBUG (BaseJdbcLogger.java:159)- ==>  Preparing: SELECT food_id,food_describe,food_price,food_image,canteen_id,food_name FROM food WHERE canteen_id = ? 
2019-04-30 22:49:54,569 DEBUG (BaseJdbcLogger.java:159)- ==> Parameters: 8(Integer)
2019-04-30 22:49:54,572 DEBUG (BaseJdbcLogger.java:159)- ==>  Preparing: SELECT canteen_id,canteen_label,canteen_name,canteen_des,canteen_image,canteen_mark_number,canteen_mark,sales FROM canteen WHERE canteen_id = ? 
2019-04-30 22:49:54,573 DEBUG (BaseJdbcLogger.java:159)- ==> Parameters: 8(Integer)
2019-04-30 22:49:54,576 DEBUG (BaseJdbcLogger.java:159)- <==      Total: 6
2019-04-30 22:49:54,576 DEBUG (BaseJdbcLogger.java:159)- <==      Total: 1
2019-04-30 22:50:13,173 DEBUG (BaseJdbcLogger.java:159)- ==>  Preparing: SELECT food_id,food_describe,food_price,food_image,canteen_id,food_name FROM food WHERE canteen_id = ? 
2019-04-30 22:50:13,175 DEBUG (BaseJdbcLogger.java:159)- ==> Parameters: 8(Integer)
2019-04-30 22:50:13,173 DEBUG (BaseJdbcLogger.java:159)- ==>  Preparing: SELECT canteen_id,canteen_label,canteen_name,canteen_des,canteen_image,canteen_mark_number,canteen_mark,sales FROM canteen WHERE canteen_id = ? 
2019-04-30 22:50:13,176 DEBUG (BaseJdbcLogger.java:159)- ==> Parameters: 8(Integer)
2019-04-30 22:50:13,179 DEBUG (BaseJdbcLogger.java:159)- <==      Total: 1
2019-04-30 22:50:13,181 DEBUG (BaseJdbcLogger.java:159)- <==      Total: 6
2019-04-30 22:52:59,495 DEBUG (BaseJdbcLogger.java:159)- ==>  Preparing: SELECT food_id,food_describe,food_price,food_image,canteen_id,food_name FROM food WHERE canteen_id = ? 
2019-04-30 22:52:59,496 DEBUG (BaseJdbcLogger.java:159)- ==>  Preparing: SELECT canteen_id,canteen_label,canteen_name,canteen_des,canteen_image,canteen_mark_number,canteen_mark,sales FROM canteen WHERE canteen_id = ? 
2019-04-30 22:52:59,496 DEBUG (BaseJdbcLogger.java:159)- ==> Parameters: 8(Integer)
2019-04-30 22:52:59,497 DEBUG (BaseJdbcLogger.java:159)- ==> Parameters: 8(Integer)
2019-04-30 22:52:59,500 DEBUG (BaseJdbcLogger.java:159)- <==      Total: 1
2019-04-30 22:52:59,501 DEBUG (BaseJdbcLogger.java:159)- <==      Total: 6
2019-04-30 22:53:30,402 DEBUG (BaseJdbcLogger.java:159)- ==>  Preparing: SELECT canteen_id,canteen_label,canteen_name,canteen_des,canteen_image,canteen_mark_number,canteen_mark,sales FROM canteen WHERE canteen_id = ? 
2019-04-30 22:53:30,402 DEBUG (BaseJdbcLogger.java:159)- ==>  Preparing: SELECT food_id,food_describe,food_price,food_image,canteen_id,food_name FROM food WHERE canteen_id = ? 
2019-04-30 22:53:30,402 DEBUG (BaseJdbcLogger.java:159)- ==> Parameters: 8(Integer)
2019-04-30 22:53:30,403 DEBUG (BaseJdbcLogger.java:159)- ==> Parameters: 8(Integer)
2019-04-30 22:53:30,408 DEBUG (BaseJdbcLogger.java:159)- <==      Total: 1
2019-04-30 22:53:30,408 DEBUG (BaseJdbcLogger.java:159)- <==      Total: 6
2019-04-30 22:54:32,758 DEBUG (BaseJdbcLogger.java:159)- ==>  Preparing: SELECT food_id,food_describe,food_price,food_image,canteen_id,food_name FROM food WHERE canteen_id = ? 
2019-04-30 22:54:32,759 DEBUG (BaseJdbcLogger.java:159)- ==> Parameters: 8(Integer)
2019-04-30 22:54:32,761 DEBUG (BaseJdbcLogger.java:159)- ==>  Preparing: SELECT canteen_id,canteen_label,canteen_name,canteen_des,canteen_image,canteen_mark_number,canteen_mark,sales FROM canteen WHERE canteen_id = ? 
2019-04-30 22:54:32,762 DEBUG (BaseJdbcLogger.java:159)- ==> Parameters: 8(Integer)
2019-04-30 22:54:32,762 DEBUG (BaseJdbcLogger.java:159)- <==      Total: 6
2019-04-30 22:54:32,767 DEBUG (BaseJdbcLogger.java:159)- <==      Total: 1
2019-04-30 22:54:52,267 DEBUG (BaseJdbcLogger.java:159)- ==>  Preparing: SELECT food_id,food_describe,food_price,food_image,canteen_id,food_name FROM food WHERE canteen_id = ? 
2019-04-30 22:54:52,268 DEBUG (BaseJdbcLogger.java:159)- ==> Parameters: 8(Integer)
2019-04-30 22:54:52,275 DEBUG (BaseJdbcLogger.java:159)- ==>  Preparing: SELECT canteen_id,canteen_label,canteen_name,canteen_des,canteen_image,canteen_mark_number,canteen_mark,sales FROM canteen WHERE canteen_id = ? 
2019-04-30 22:54:52,278 DEBUG (BaseJdbcLogger.java:159)- <==      Total: 6
2019-04-30 22:54:52,280 DEBUG (BaseJdbcLogger.java:159)- ==> Parameters: 8(Integer)
2019-04-30 22:54:52,285 DEBUG (BaseJdbcLogger.java:159)- <==      Total: 1
2019-04-30 22:56:11,663 DEBUG (BaseJdbcLogger.java:159)- ==>  Preparing: SELECT canteen_id,canteen_label,canteen_name,canteen_des,canteen_image,canteen_mark_number,canteen_mark,sales FROM canteen WHERE canteen_id = ? 
2019-04-30 22:56:11,667 DEBUG (BaseJdbcLogger.java:159)- ==> Parameters: 8(Integer)
2019-04-30 22:56:11,669 DEBUG (BaseJdbcLogger.java:159)- ==>  Preparing: SELECT food_id,food_describe,food_price,food_image,canteen_id,food_name FROM food WHERE canteen_id = ? 
2019-04-30 22:56:11,671 DEBUG (BaseJdbcLogger.java:159)- ==> Parameters: 8(Integer)
2019-04-30 22:56:11,673 DEBUG (BaseJdbcLogger.java:159)- <==      Total: 1
2019-04-30 22:56:11,680 DEBUG (BaseJdbcLogger.java:159)- <==      Total: 6
2019-04-30 22:56:21,705 DEBUG (BaseJdbcLogger.java:159)- ==>  Preparing: SELECT food_id,food_describe,food_price,food_image,canteen_id,food_name FROM food WHERE canteen_id = ? 
2019-04-30 22:56:21,706 DEBUG (BaseJdbcLogger.java:159)- ==> Parameters: 8(Integer)
2019-04-30 22:56:21,708 DEBUG (BaseJdbcLogger.java:159)- ==>  Preparing: SELECT canteen_id,canteen_label,canteen_name,canteen_des,canteen_image,canteen_mark_number,canteen_mark,sales FROM canteen WHERE canteen_id = ? 
2019-04-30 22:56:21,708 DEBUG (BaseJdbcLogger.java:159)- ==> Parameters: 8(Integer)
2019-04-30 22:56:21,710 DEBUG (BaseJdbcLogger.java:159)- <==      Total: 1
2019-04-30 22:56:21,710 DEBUG (BaseJdbcLogger.java:159)- <==      Total: 6
2019-04-30 22:56:31,210 DEBUG (BaseJdbcLogger.java:159)- ==>  Preparing: SELECT food_id,food_describe,food_price,food_image,canteen_id,food_name FROM food WHERE canteen_id = ? 
2019-04-30 22:56:31,211 DEBUG (BaseJdbcLogger.java:159)- ==> Parameters: 8(Integer)
2019-04-30 22:56:31,211 DEBUG (BaseJdbcLogger.java:159)- ==>  Preparing: SELECT canteen_id,canteen_label,canteen_name,canteen_des,canteen_image,canteen_mark_number,canteen_mark,sales FROM canteen WHERE canteen_id = ? 
2019-04-30 22:56:31,212 DEBUG (BaseJdbcLogger.java:159)- ==> Parameters: 8(Integer)
2019-04-30 22:56:31,217 DEBUG (BaseJdbcLogger.java:159)- <==      Total: 6
2019-04-30 22:56:31,218 DEBUG (BaseJdbcLogger.java:159)- <==      Total: 1
2019-04-30 22:56:41,163 DEBUG (BaseJdbcLogger.java:159)- ==>  Preparing: SELECT food_id,food_describe,food_price,food_image,canteen_id,food_name FROM food WHERE canteen_id = ? 
2019-04-30 22:56:41,164 DEBUG (BaseJdbcLogger.java:159)- ==> Parameters: 8(Integer)
2019-04-30 22:56:41,165 DEBUG (BaseJdbcLogger.java:159)- ==>  Preparing: SELECT canteen_id,canteen_label,canteen_name,canteen_des,canteen_image,canteen_mark_number,canteen_mark,sales FROM canteen WHERE canteen_id = ? 
2019-04-30 22:56:41,166 DEBUG (BaseJdbcLogger.java:159)- <==      Total: 6
2019-04-30 22:56:41,168 DEBUG (BaseJdbcLogger.java:159)- ==> Parameters: 8(Integer)
2019-04-30 22:56:41,172 DEBUG (BaseJdbcLogger.java:159)- <==      Total: 1
2019-04-30 22:56:54,578 DEBUG (BaseJdbcLogger.java:159)- ==>  Preparing: SELECT food_id,food_describe,food_price,food_image,canteen_id,food_name FROM food WHERE canteen_id = ? 
2019-04-30 22:56:54,580 DEBUG (BaseJdbcLogger.java:159)- ==> Parameters: 8(Integer)
2019-04-30 22:56:54,581 DEBUG (BaseJdbcLogger.java:159)- ==>  Preparing: SELECT canteen_id,canteen_label,canteen_name,canteen_des,canteen_image,canteen_mark_number,canteen_mark,sales FROM canteen WHERE canteen_id = ? 
2019-04-30 22:56:54,582 DEBUG (BaseJdbcLogger.java:159)- ==> Parameters: 8(Integer)
2019-04-30 22:56:54,585 DEBUG (BaseJdbcLogger.java:159)- <==      Total: 1
2019-04-30 22:56:54,588 DEBUG (BaseJdbcLogger.java:159)- <==      Total: 6
2019-04-30 22:57:26,772 DEBUG (BaseJdbcLogger.java:159)- ==>  Preparing: SELECT food_id,food_describe,food_price,food_image,canteen_id,food_name FROM food WHERE canteen_id = ? 
2019-04-30 22:57:26,773 DEBUG (BaseJdbcLogger.java:159)- ==> Parameters: 8(Integer)
2019-04-30 22:57:26,781 DEBUG (BaseJdbcLogger.java:159)- ==>  Preparing: SELECT canteen_id,canteen_label,canteen_name,canteen_des,canteen_image,canteen_mark_number,canteen_mark,sales FROM canteen WHERE canteen_id = ? 
2019-04-30 22:57:26,781 DEBUG (BaseJdbcLogger.java:159)- <==      Total: 6
2019-04-30 22:57:26,781 DEBUG (BaseJdbcLogger.java:159)- ==> Parameters: 8(Integer)
2019-04-30 22:57:26,784 DEBUG (BaseJdbcLogger.java:159)- <==      Total: 1
2019-04-30 22:57:52,245 DEBUG (BaseJdbcLogger.java:159)- ==>  Preparing: SELECT food_id,food_describe,food_price,food_image,canteen_id,food_name FROM food WHERE canteen_id = ? 
2019-04-30 22:57:52,246 DEBUG (BaseJdbcLogger.java:159)- ==> Parameters: 8(Integer)
2019-04-30 22:57:52,253 DEBUG (BaseJdbcLogger.java:159)- ==>  Preparing: SELECT canteen_id,canteen_label,canteen_name,canteen_des,canteen_image,canteen_mark_number,canteen_mark,sales FROM canteen WHERE canteen_id = ? 
2019-04-30 22:57:52,254 DEBUG (BaseJdbcLogger.java:159)- ==> Parameters: 8(Integer)
2019-04-30 22:57:52,254 DEBUG (BaseJdbcLogger.java:159)- <==      Total: 6
2019-04-30 22:57:52,262 DEBUG (BaseJdbcLogger.java:159)- <==      Total: 1
2019-04-30 23:00:57,169 DEBUG (BaseJdbcLogger.java:159)- ==>  Preparing: SELECT food_id,food_describe,food_price,food_image,canteen_id,food_name FROM food WHERE canteen_id = ? 
2019-04-30 23:00:57,170 DEBUG (BaseJdbcLogger.java:159)- ==> Parameters: 8(Integer)
2019-04-30 23:00:57,170 DEBUG (BaseJdbcLogger.java:159)- ==>  Preparing: SELECT canteen_id,canteen_label,canteen_name,canteen_des,canteen_image,canteen_mark_number,canteen_mark,sales FROM canteen WHERE canteen_id = ? 
2019-04-30 23:00:57,171 DEBUG (BaseJdbcLogger.java:159)- ==> Parameters: 8(Integer)
2019-04-30 23:00:57,176 DEBUG (BaseJdbcLogger.java:159)- <==      Total: 6
2019-04-30 23:00:57,178 DEBUG (BaseJdbcLogger.java:159)- <==      Total: 1
2019-04-30 23:01:04,203 DEBUG (BaseJdbcLogger.java:159)- ==>  Preparing: SELECT food_id,food_describe,food_price,food_image,canteen_id,food_name FROM food WHERE canteen_id = ? 
2019-04-30 23:01:04,204 DEBUG (BaseJdbcLogger.java:159)- ==> Parameters: 8(Integer)
2019-04-30 23:01:04,204 DEBUG (BaseJdbcLogger.java:159)- ==>  Preparing: SELECT canteen_id,canteen_label,canteen_name,canteen_des,canteen_image,canteen_mark_number,canteen_mark,sales FROM canteen WHERE canteen_id = ? 
2019-04-30 23:01:04,205 DEBUG (BaseJdbcLogger.java:159)- ==> Parameters: 8(Integer)
2019-04-30 23:01:04,206 DEBUG (BaseJdbcLogger.java:159)- <==      Total: 6
2019-04-30 23:01:04,208 DEBUG (BaseJdbcLogger.java:159)- <==      Total: 1
2019-04-30 23:01:07,233 DEBUG (BaseJdbcLogger.java:159)- ==>  Preparing: SELECT food_id,food_describe,food_price,food_image,canteen_id,food_name FROM food WHERE canteen_id = ? 
2019-04-30 23:01:07,234 DEBUG (BaseJdbcLogger.java:159)- ==> Parameters: 8(Integer)
2019-04-30 23:01:07,238 DEBUG (BaseJdbcLogger.java:159)- <==      Total: 6
2019-04-30 23:01:07,244 DEBUG (BaseJdbcLogger.java:159)- ==>  Preparing: SELECT canteen_id,canteen_label,canteen_name,canteen_des,canteen_image,canteen_mark_number,canteen_mark,sales FROM canteen WHERE canteen_id = ? 
2019-04-30 23:01:07,244 DEBUG (BaseJdbcLogger.java:159)- ==> Parameters: 8(Integer)
2019-04-30 23:01:07,249 DEBUG (BaseJdbcLogger.java:159)- <==      Total: 1
2019-04-30 23:01:17,199 DEBUG (BaseJdbcLogger.java:159)- ==>  Preparing: SELECT food_id,food_describe,food_price,food_image,canteen_id,food_name FROM food WHERE canteen_id = ? 
2019-04-30 23:01:17,200 DEBUG (BaseJdbcLogger.java:159)- ==> Parameters: 8(Integer)
2019-04-30 23:01:17,202 DEBUG (BaseJdbcLogger.java:159)- ==>  Preparing: SELECT canteen_id,canteen_label,canteen_name,canteen_des,canteen_image,canteen_mark_number,canteen_mark,sales FROM canteen WHERE canteen_id = ? 
2019-04-30 23:01:17,202 DEBUG (BaseJdbcLogger.java:159)- ==> Parameters: 8(Integer)
2019-04-30 23:01:17,204 DEBUG (BaseJdbcLogger.java:159)- <==      Total: 1
2019-04-30 23:01:17,204 DEBUG (BaseJdbcLogger.java:159)- <==      Total: 6
2019-04-30 23:01:18,875 DEBUG (BaseJdbcLogger.java:159)- ==>  Preparing: SELECT canteen_id,canteen_label,canteen_name,canteen_des,canteen_image,canteen_mark_number,canteen_mark,sales FROM canteen WHERE canteen_id = ? 
2019-04-30 23:01:18,877 DEBUG (BaseJdbcLogger.java:159)- ==> Parameters: 8(Integer)
2019-04-30 23:01:18,877 DEBUG (BaseJdbcLogger.java:159)- ==>  Preparing: SELECT food_id,food_describe,food_price,food_image,canteen_id,food_name FROM food WHERE canteen_id = ? 
2019-04-30 23:01:18,878 DEBUG (BaseJdbcLogger.java:159)- ==> Parameters: 8(Integer)
2019-04-30 23:01:18,880 DEBUG (BaseJdbcLogger.java:159)- <==      Total: 1
2019-04-30 23:01:18,880 DEBUG (BaseJdbcLogger.java:159)- <==      Total: 6
2019-04-30 23:01:29,421 DEBUG (BaseJdbcLogger.java:159)- ==>  Preparing: SELECT canteen_id,canteen_label,canteen_name,canteen_des,canteen_image,canteen_mark_number,canteen_mark,sales FROM canteen WHERE canteen_id = ? 
2019-04-30 23:01:29,422 DEBUG (BaseJdbcLogger.java:159)- ==>  Preparing: SELECT food_id,food_describe,food_price,food_image,canteen_id,food_name FROM food WHERE canteen_id = ? 
2019-04-30 23:01:29,422 DEBUG (BaseJdbcLogger.java:159)- ==> Parameters: 8(Integer)
2019-04-30 23:01:29,423 DEBUG (BaseJdbcLogger.java:159)- ==> Parameters: 8(Integer)
2019-04-30 23:01:29,424 DEBUG (BaseJdbcLogger.java:159)- <==      Total: 1
2019-04-30 23:01:29,427 DEBUG (BaseJdbcLogger.java:159)- <==      Total: 6
2019-04-30 23:01:30,090 DEBUG (BaseJdbcLogger.java:159)- ==>  Preparing: SELECT food_id,food_describe,food_price,food_image,canteen_id,food_name FROM food WHERE canteen_id = ? 
2019-04-30 23:01:30,092 DEBUG (BaseJdbcLogger.java:159)- ==> Parameters: 8(Integer)
2019-04-30 23:01:30,095 DEBUG (BaseJdbcLogger.java:159)- <==      Total: 6
2019-04-30 23:01:30,147 DEBUG (BaseJdbcLogger.java:159)- ==>  Preparing: SELECT canteen_id,canteen_label,canteen_name,canteen_des,canteen_image,canteen_mark_number,canteen_mark,sales FROM canteen WHERE canteen_id = ? 
2019-04-30 23:01:30,148 DEBUG (BaseJdbcLogger.java:159)- ==> Parameters: 8(Integer)
2019-04-30 23:01:30,154 DEBUG (BaseJdbcLogger.java:159)- <==      Total: 1
2019-04-30 23:03:53,052 DEBUG (BaseJdbcLogger.java:159)- ==>  Preparing: SELECT canteen_id,canteen_label,canteen_name,canteen_des,canteen_image,canteen_mark_number,canteen_mark,sales FROM canteen WHERE canteen_id = ? 
2019-04-30 23:03:53,052 DEBUG (BaseJdbcLogger.java:159)- ==>  Preparing: SELECT food_id,food_describe,food_price,food_image,canteen_id,food_name FROM food WHERE canteen_id = ? 
2019-04-30 23:03:53,052 DEBUG (BaseJdbcLogger.java:159)- ==> Parameters: 8(Integer)
2019-04-30 23:03:53,053 DEBUG (BaseJdbcLogger.java:159)- ==> Parameters: 8(Integer)
2019-04-30 23:03:53,055 DEBUG (BaseJdbcLogger.java:159)- <==      Total: 1
2019-04-30 23:03:53,056 DEBUG (BaseJdbcLogger.java:159)- <==      Total: 6
2019-04-30 23:03:59,375 DEBUG (BaseJdbcLogger.java:159)- ==>  Preparing: SELECT food_id,food_describe,food_price,food_image,canteen_id,food_name FROM food WHERE canteen_id = ? 
2019-04-30 23:03:59,376 DEBUG (BaseJdbcLogger.java:159)- ==> Parameters: 8(Integer)
2019-04-30 23:03:59,378 DEBUG (BaseJdbcLogger.java:159)- <==      Total: 6
2019-04-30 23:03:59,383 DEBUG (BaseJdbcLogger.java:159)- ==>  Preparing: SELECT canteen_id,canteen_label,canteen_name,canteen_des,canteen_image,canteen_mark_number,canteen_mark,sales FROM canteen WHERE canteen_id = ? 
2019-04-30 23:03:59,384 DEBUG (BaseJdbcLogger.java:159)- ==> Parameters: 8(Integer)
2019-04-30 23:03:59,385 DEBUG (BaseJdbcLogger.java:159)- <==      Total: 1
2019-04-30 23:04:01,854 DEBUG (BaseJdbcLogger.java:159)- ==>  Preparing: SELECT canteen_id,canteen_label,canteen_name,canteen_des,canteen_image,canteen_mark_number,canteen_mark,sales FROM canteen WHERE canteen_id = ? 
2019-04-30 23:04:01,855 DEBUG (BaseJdbcLogger.java:159)- ==> Parameters: 8(Integer)
2019-04-30 23:04:01,855 DEBUG (BaseJdbcLogger.java:159)- ==>  Preparing: SELECT food_id,food_describe,food_price,food_image,canteen_id,food_name FROM food WHERE canteen_id = ? 
2019-04-30 23:04:01,856 DEBUG (BaseJdbcLogger.java:159)- ==> Parameters: 8(Integer)
2019-04-30 23:04:01,856 DEBUG (BaseJdbcLogger.java:159)- <==      Total: 1
2019-04-30 23:04:01,859 DEBUG (BaseJdbcLogger.java:159)- <==      Total: 6
