2019-05-02 10:15:52,927 DEBUG (BaseJdbcLogger.java:159)- ==>  Preparing: SELECT food_id,food_describe,food_price,food_image,canteen_id,food_name,food_rate,food_rate_number FROM food WHERE canteen_id = ? 
2019-05-02 10:15:52,952 DEBUG (BaseJdbcLogger.java:159)- ==> Parameters: 8(Integer)
2019-05-02 10:15:52,959 DEBUG (BaseJdbcLogger.java:159)- <==      Total: 6
2019-05-02 10:15:52,963 DEBUG (BaseJdbcLogger.java:159)- ==>  Preparing: SELECT canteen_id,canteen_label,canteen_name,canteen_des,canteen_image,canteen_mark_number,canteen_mark,sales FROM canteen WHERE canteen_id = ? 
2019-05-02 10:15:52,972 DEBUG (BaseJdbcLogger.java:159)- ==> Parameters: 8(Integer)
2019-05-02 10:15:52,974 DEBUG (BaseJdbcLogger.java:159)- <==      Total: 1
2019-05-02 10:20:22,488 DEBUG (BaseJdbcLogger.java:159)- ==>  Preparing: SELECT food_id,food_describe,food_price,food_image,canteen_id,food_name,food_rate,food_rate_number FROM food WHERE canteen_id = ? 
2019-05-02 10:20:22,492 DEBUG (BaseJdbcLogger.java:159)- ==>  Preparing: SELECT canteen_id,canteen_label,canteen_name,canteen_des,canteen_image,canteen_mark_number,canteen_mark,sales FROM canteen WHERE canteen_id = ? 
2019-05-02 10:20:22,493 DEBUG (BaseJdbcLogger.java:159)- ==> Parameters: 8(Integer)
2019-05-02 10:20:22,495 DEBUG (BaseJdbcLogger.java:159)- ==> Parameters: 8(Integer)
2019-05-02 10:20:22,499 DEBUG (BaseJdbcLogger.java:159)- <==      Total: 6
2019-05-02 10:20:22,501 DEBUG (BaseJdbcLogger.java:159)- <==      Total: 1
2019-05-02 10:22:47,313 DEBUG (BaseJdbcLogger.java:159)- ==>  Preparing: SELECT food_id,food_describe,food_price,food_image,canteen_id,food_name,food_rate,food_rate_number FROM food WHERE canteen_id = ? 
2019-05-02 10:22:47,314 DEBUG (BaseJdbcLogger.java:159)- ==>  Preparing: SELECT canteen_id,canteen_label,canteen_name,canteen_des,canteen_image,canteen_mark_number,canteen_mark,sales FROM canteen WHERE canteen_id = ? 
2019-05-02 10:22:47,314 DEBUG (BaseJdbcLogger.java:159)- ==> Parameters: 8(Integer)
2019-05-02 10:22:47,315 DEBUG (BaseJdbcLogger.java:159)- ==> Parameters: 8(Integer)
2019-05-02 10:22:47,317 DEBUG (BaseJdbcLogger.java:159)- <==      Total: 1
2019-05-02 10:22:47,318 DEBUG (BaseJdbcLogger.java:159)- <==      Total: 6
2019-05-02 10:23:07,731 DEBUG (BaseJdbcLogger.java:159)- ==>  Preparing: SELECT canteen_id,canteen_label,canteen_name,canteen_des,canteen_image,canteen_mark_number,canteen_mark,sales FROM canteen WHERE canteen_id = ? 
2019-05-02 10:23:07,731 DEBUG (BaseJdbcLogger.java:159)- ==> Parameters: 8(Integer)
2019-05-02 10:23:07,732 DEBUG (BaseJdbcLogger.java:159)- ==>  Preparing: SELECT food_id,food_describe,food_price,food_image,canteen_id,food_name,food_rate,food_rate_number FROM food WHERE canteen_id = ? 
2019-05-02 10:23:07,733 DEBUG (BaseJdbcLogger.java:159)- ==> Parameters: 8(Integer)
2019-05-02 10:23:07,734 DEBUG (BaseJdbcLogger.java:159)- <==      Total: 1
2019-05-02 10:23:07,738 DEBUG (BaseJdbcLogger.java:159)- <==      Total: 6
2019-05-02 10:27:15,812 DEBUG (BaseJdbcLogger.java:159)- ==>  Preparing: SELECT canteen_id,canteen_label,canteen_name,canteen_des,canteen_image,canteen_mark_number,canteen_mark,sales FROM canteen WHERE canteen_id = ? 
2019-05-02 10:27:15,813 DEBUG (BaseJdbcLogger.java:159)- ==> Parameters: 8(Integer)
2019-05-02 10:27:15,815 DEBUG (BaseJdbcLogger.java:159)- <==      Total: 1
2019-05-02 10:27:15,819 DEBUG (BaseJdbcLogger.java:159)- ==>  Preparing: SELECT food_id,food_describe,food_price,food_image,canteen_id,food_name,food_rate,food_rate_number FROM food WHERE canteen_id = ? 
2019-05-02 10:27:15,820 DEBUG (BaseJdbcLogger.java:159)- ==> Parameters: 8(Integer)
2019-05-02 10:27:15,824 DEBUG (BaseJdbcLogger.java:159)- <==      Total: 6
2019-05-02 10:30:06,506 INFO (SpringApplication.java:597)- The following profiles are active: dev
2019-05-02 10:30:18,770 INFO (StartupInfoLogger.java:57)- Started AdminServiceApp in 15.049 seconds (JVM running for 42171.864)
2019-05-02 10:37:07,515 INFO (SpringApplication.java:597)- The following profiles are active: dev
2019-05-02 10:37:17,879 INFO (StartupInfoLogger.java:57)- Started AdminServiceApp in 13.641 seconds (JVM running for 42590.974)
2019-05-02 10:37:52,323 INFO (SpringApplication.java:597)- The following profiles are active: dev
2019-05-02 10:38:04,459 INFO (StartupInfoLogger.java:57)- Started AdminServiceApp in 15.288 seconds (JVM running for 42637.554)
2019-05-02 10:38:49,658 INFO (SpringApplication.java:597)- The following profiles are active: dev
2019-05-02 10:38:59,708 INFO (StartupInfoLogger.java:57)- Started AdminServiceApp in 12.648 seconds (JVM running for 42692.802)
2019-05-02 10:41:35,127 INFO (SpringApplication.java:597)- The following profiles are active: dev
2019-05-02 10:41:45,366 INFO (StartupInfoLogger.java:57)- Started AdminServiceApp in 13.013 seconds (JVM running for 42858.461)
2019-05-02 10:42:44,303 DEBUG (BaseJdbcLogger.java:159)- ==>  Preparing: SELECT user_id,user_phone,user_pwd,user_email,user_status,user_name,canteen_id,verify_code FROM user WHERE user_pwd = ? AND user_email = ? 
2019-05-02 10:42:44,305 DEBUG (BaseJdbcLogger.java:159)- ==> Parameters: 698d51a19d8a121ce581499d7b701668(String), 333@qq.com(String)
2019-05-02 10:42:44,307 DEBUG (BaseJdbcLogger.java:159)- <==      Total: 0
2019-05-02 10:43:28,675 DEBUG (BaseJdbcLogger.java:159)- ==>  Preparing: SELECT user_id,user_phone,user_pwd,user_email,user_status,user_name,canteen_id,verify_code FROM user WHERE user_pwd = ? AND user_email = ? 
2019-05-02 10:43:28,675 DEBUG (BaseJdbcLogger.java:159)- ==> Parameters: 310dcbbf4cce62f762a2aaa148d556bd(String), 333@qq.com(String)
2019-05-02 10:43:28,677 DEBUG (BaseJdbcLogger.java:159)- <==      Total: 1
2019-05-02 10:44:32,046 DEBUG (BaseJdbcLogger.java:159)- ==>  Preparing: SELECT user_id,user_phone,user_pwd,user_email,user_status,user_name,canteen_id,verify_code FROM user WHERE user_pwd = ? AND user_email = ? 
2019-05-02 10:44:32,048 DEBUG (BaseJdbcLogger.java:159)- ==> Parameters: 310dcbbf4cce62f762a2aaa148d556bd(String), 333@qq.com(String)
2019-05-02 10:44:32,053 DEBUG (BaseJdbcLogger.java:159)- <==      Total: 1
2019-05-02 10:44:32,163 DEBUG (BaseJdbcLogger.java:159)- ==>  Preparing: SELECT canteen_id,canteen_label,canteen_name,canteen_des,canteen_image,canteen_mark_number,canteen_mark,sales FROM canteen WHERE canteen_id = ? 
2019-05-02 10:44:32,163 DEBUG (BaseJdbcLogger.java:159)- ==> Parameters: 8(Integer)
2019-05-02 10:44:32,168 DEBUG (BaseJdbcLogger.java:159)- <==      Total: 1
2019-05-02 10:44:35,194 DEBUG (BaseJdbcLogger.java:159)- ==>  Preparing: SELECT food_id,food_describe,food_price,food_image,canteen_id,food_name,food_rate,food_rate_number FROM food WHERE canteen_id = ? 
2019-05-02 10:44:35,195 DEBUG (BaseJdbcLogger.java:159)- ==> Parameters: 8(Integer)
2019-05-02 10:44:35,198 DEBUG (BaseJdbcLogger.java:159)- <==      Total: 6
2019-05-02 10:44:36,305 DEBUG (BaseJdbcLogger.java:159)- ==>  Preparing: SELECT canteen_id,canteen_label,canteen_name,canteen_des,canteen_image,canteen_mark_number,canteen_mark,sales FROM canteen WHERE canteen_id = ? 
2019-05-02 10:44:36,306 DEBUG (BaseJdbcLogger.java:159)- ==> Parameters: 8(Integer)
2019-05-02 10:44:36,309 DEBUG (BaseJdbcLogger.java:159)- <==      Total: 1
2019-05-02 10:44:45,809 DEBUG (BaseJdbcLogger.java:159)- ==>  Preparing: update canteen SET canteen_label=? where canteen_id=? 
2019-05-02 10:44:45,811 DEBUG (BaseJdbcLogger.java:159)- ==> Parameters: 好吃(String), 8(Integer)
2019-05-02 10:44:45,815 DEBUG (BaseJdbcLogger.java:159)- <==    Updates: 1
2019-05-02 10:44:50,770 DEBUG (BaseJdbcLogger.java:159)- ==>  Preparing: SELECT food_id,food_describe,food_price,food_image,canteen_id,food_name,food_rate,food_rate_number FROM food WHERE canteen_id = ? 
2019-05-02 10:44:50,770 DEBUG (BaseJdbcLogger.java:159)- ==> Parameters: 8(Integer)
2019-05-02 10:44:50,772 DEBUG (BaseJdbcLogger.java:159)- <==      Total: 6
2019-05-02 10:44:51,636 DEBUG (BaseJdbcLogger.java:159)- ==>  Preparing: SELECT canteen_id,canteen_label,canteen_name,canteen_des,canteen_image,canteen_mark_number,canteen_mark,sales FROM canteen WHERE canteen_id = ? 
2019-05-02 10:44:51,636 DEBUG (BaseJdbcLogger.java:159)- ==> Parameters: 8(Integer)
2019-05-02 10:44:51,638 DEBUG (BaseJdbcLogger.java:159)- <==      Total: 1
2019-05-02 10:45:13,096 DEBUG (BaseJdbcLogger.java:159)- ==>  Preparing: SELECT food_id,food_describe,food_price,food_image,canteen_id,food_name,food_rate,food_rate_number FROM food WHERE canteen_id = ? 
2019-05-02 10:45:13,097 DEBUG (BaseJdbcLogger.java:159)- ==> Parameters: 8(Integer)
2019-05-02 10:45:13,101 DEBUG (BaseJdbcLogger.java:159)- <==      Total: 6
2019-05-02 10:45:13,844 DEBUG (BaseJdbcLogger.java:159)- ==>  Preparing: SELECT canteen_id,canteen_label,canteen_name,canteen_des,canteen_image,canteen_mark_number,canteen_mark,sales FROM canteen WHERE canteen_id = ? 
2019-05-02 10:45:13,845 DEBUG (BaseJdbcLogger.java:159)- ==> Parameters: 8(Integer)
2019-05-02 10:45:13,847 DEBUG (BaseJdbcLogger.java:159)- <==      Total: 1
2019-05-02 10:45:22,557 DEBUG (BaseJdbcLogger.java:159)- ==>  Preparing: update canteen SET canteen_label=? canteen_des=? where canteen_id=? 
2019-05-02 10:45:22,558 DEBUG (BaseJdbcLogger.java:159)- ==> Parameters: 好好吃(String), 不贵(String), 8(Integer)
2019-05-02 10:49:14,523 INFO (SpringApplication.java:597)- The following profiles are active: dev
2019-05-02 10:49:30,664 INFO (StartupInfoLogger.java:57)- Started AdminServiceApp in 20.269 seconds (JVM running for 22.749)
2019-05-02 10:51:49,938 DEBUG (BaseJdbcLogger.java:159)- ==>  Preparing: SELECT user_id,user_phone,user_pwd,user_email,user_status,user_name,canteen_id,verify_code FROM user WHERE user_pwd = ? AND user_email = ? 
2019-05-02 10:51:49,954 DEBUG (BaseJdbcLogger.java:159)- ==> Parameters: 310dcbbf4cce62f762a2aaa148d556bd(String), 333@qq.com(String)
2019-05-02 10:51:49,964 DEBUG (BaseJdbcLogger.java:159)- <==      Total: 1
2019-05-02 10:51:50,138 DEBUG (BaseJdbcLogger.java:159)- ==>  Preparing: SELECT canteen_id,canteen_label,canteen_name,canteen_des,canteen_image,canteen_mark_number,canteen_mark,sales FROM canteen WHERE canteen_id = ? 
2019-05-02 10:51:50,140 DEBUG (BaseJdbcLogger.java:159)- ==> Parameters: 8(Integer)
2019-05-02 10:51:50,144 DEBUG (BaseJdbcLogger.java:159)- <==      Total: 1
2019-05-02 10:51:51,996 DEBUG (BaseJdbcLogger.java:159)- ==>  Preparing: SELECT food_id,food_describe,food_price,food_image,canteen_id,food_name,food_rate,food_rate_number FROM food WHERE canteen_id = ? 
2019-05-02 10:51:51,997 DEBUG (BaseJdbcLogger.java:159)- ==> Parameters: 8(Integer)
2019-05-02 10:51:52,001 DEBUG (BaseJdbcLogger.java:159)- <==      Total: 6
2019-05-02 10:51:53,371 DEBUG (BaseJdbcLogger.java:159)- ==>  Preparing: SELECT canteen_id,canteen_label,canteen_name,canteen_des,canteen_image,canteen_mark_number,canteen_mark,sales FROM canteen WHERE canteen_id = ? 
2019-05-02 10:51:53,371 DEBUG (BaseJdbcLogger.java:159)- ==> Parameters: 8(Integer)
2019-05-02 10:51:53,374 DEBUG (BaseJdbcLogger.java:159)- <==      Total: 1
2019-05-02 10:52:03,316 DEBUG (BaseJdbcLogger.java:159)- ==>  Preparing: update canteen SET canteen_label=?, canteen_des=? where canteen_id=? 
2019-05-02 10:52:03,317 DEBUG (BaseJdbcLogger.java:159)- ==> Parameters: 好好吃(String), 呵呵(String), 8(Integer)
2019-05-02 10:52:03,324 DEBUG (BaseJdbcLogger.java:159)- <==    Updates: 1
2019-05-02 10:54:28,567 INFO (SpringApplication.java:597)- The following profiles are active: dev
2019-05-02 10:54:39,519 INFO (StartupInfoLogger.java:57)- Started AdminServiceApp in 14.152 seconds (JVM running for 331.603)
2019-05-02 10:56:05,676 INFO (SpringApplication.java:597)- The following profiles are active: dev
2019-05-02 10:56:16,584 INFO (StartupInfoLogger.java:57)- Started AdminServiceApp in 14.281 seconds (JVM running for 428.668)
2019-05-02 10:57:19,827 INFO (SpringApplication.java:597)- The following profiles are active: dev
2019-05-02 10:57:30,101 INFO (StartupInfoLogger.java:57)- Started AdminServiceApp in 12.891 seconds (JVM running for 502.185)
2019-05-02 10:58:08,551 INFO (SpringApplication.java:597)- The following profiles are active: dev
2019-05-02 10:58:18,345 INFO (StartupInfoLogger.java:57)- Started AdminServiceApp in 12.387 seconds (JVM running for 550.429)
2019-05-02 12:44:44,845 INFO (SpringApplication.java:597)- The following profiles are active: dev
2019-05-02 12:44:57,492 INFO (StartupInfoLogger.java:57)- Started AdminServiceApp in 15.47 seconds (JVM running for 6949.577)
