2019-07-27 13:05:53,420 INFO (SpringApplication.java:597)- The following profiles are active: dev
2019-07-27 13:06:38,338 INFO (StartupInfoLogger.java:57)- Started AdminServiceApp in 48.575 seconds (JVM running for 50.376)
2019-07-27 13:09:00,865 DEBUG (BaseJdbcLogger.java:159)- ==>  Preparing: SELECT user_id,user_phone,user_pwd,user_email,user_status,user_name,canteen_id,verify_code,cart_id FROM user WHERE user_email = ? 
2019-07-27 13:09:00,883 DEBUG (BaseJdbcLogger.java:159)- ==>  Preparing: SELECT canteen_id,canteen_label,canteen_name,canteen_des,canteen_image,canteen_mark_number,canteen_mark,sales,takeout_money FROM canteen 
2019-07-27 13:09:00,893 DEBUG (BaseJdbcLogger.java:159)- ==>  Preparing: SELECT canteen_id,canteen_label,canteen_name,canteen_des,canteen_image,canteen_mark_number,canteen_mark,sales,takeout_money FROM canteen 
2019-07-27 13:09:00,914 DEBUG (BaseJdbcLogger.java:159)- ==> Parameters: 
2019-07-27 13:09:00,914 DEBUG (BaseJdbcLogger.java:159)- ==> Parameters: 
2019-07-27 13:09:00,917 DEBUG (BaseJdbcLogger.java:159)- ==> Parameters: oYozN4mtf-bSuByIIBtEAWFNA014(String)
2019-07-27 13:09:00,947 DEBUG (BaseJdbcLogger.java:159)- <==      Total: 1
2019-07-27 13:09:00,950 DEBUG (BaseJdbcLogger.java:159)- <==      Total: 10
2019-07-27 13:09:00,963 DEBUG (BaseJdbcLogger.java:159)- <==      Total: 10
2019-07-27 13:09:17,930 DEBUG (BaseJdbcLogger.java:159)- ==>  Preparing: SELECT canteen_id,canteen_label,canteen_name,canteen_des,canteen_image,canteen_mark_number,canteen_mark,sales,takeout_money FROM canteen 
2019-07-27 13:09:17,930 DEBUG (BaseJdbcLogger.java:159)- ==> Parameters: 
2019-07-27 13:09:17,947 DEBUG (BaseJdbcLogger.java:159)- <==      Total: 10
2019-07-27 13:09:18,421 DEBUG (BaseJdbcLogger.java:159)- ==>  Preparing: SELECT user_id,user_phone,user_pwd,user_email,user_status,user_name,canteen_id,verify_code,cart_id FROM user WHERE user_email = ? 
2019-07-27 13:09:18,422 DEBUG (BaseJdbcLogger.java:159)- ==> Parameters: oYozN4mtf-bSuByIIBtEAWFNA014(String)
2019-07-27 13:09:18,424 DEBUG (BaseJdbcLogger.java:159)- <==      Total: 1
2019-07-27 13:09:58,173 DEBUG (BaseJdbcLogger.java:159)- ==>  Preparing: SELECT canteen_id,canteen_label,canteen_name,canteen_des,canteen_image,canteen_mark_number,canteen_mark,sales,takeout_money FROM canteen 
2019-07-27 13:09:58,175 DEBUG (BaseJdbcLogger.java:159)- ==> Parameters: 
2019-07-27 13:09:58,179 DEBUG (BaseJdbcLogger.java:159)- <==      Total: 10
2019-07-27 13:09:59,930 DEBUG (BaseJdbcLogger.java:159)- ==>  Preparing: SELECT user_id,user_phone,user_pwd,user_email,user_status,user_name,canteen_id,verify_code,cart_id FROM user WHERE user_email = ? 
2019-07-27 13:09:59,931 DEBUG (BaseJdbcLogger.java:159)- ==> Parameters: oYozN4mtf-bSuByIIBtEAWFNA014(String)
2019-07-27 13:09:59,934 DEBUG (BaseJdbcLogger.java:159)- <==      Total: 1
2019-07-27 13:16:40,686 DEBUG (BaseJdbcLogger.java:159)- ==>  Preparing: SELECT user_id,user_phone,user_pwd,user_email,user_status,user_name,canteen_id,verify_code,cart_id FROM user WHERE user_pwd = ? AND user_email = ? 
2019-07-27 13:16:40,688 DEBUG (BaseJdbcLogger.java:159)- ==> Parameters: 310dcbbf4cce62f762a2aaa148d556bd(String), 2150866957@qq.com(String)
2019-07-27 13:16:40,690 DEBUG (BaseJdbcLogger.java:159)- <==      Total: 1
2019-07-27 13:16:41,047 DEBUG (BaseJdbcLogger.java:159)- ==>  Preparing: SELECT canteen_id,canteen_label,canteen_name,canteen_des,canteen_image,canteen_mark_number,canteen_mark,sales,takeout_money FROM canteen 
2019-07-27 13:16:41,048 DEBUG (BaseJdbcLogger.java:159)- ==> Parameters: 
2019-07-27 13:16:41,056 DEBUG (BaseJdbcLogger.java:159)- <==      Total: 10
2019-07-27 13:16:49,476 DEBUG (BaseJdbcLogger.java:159)- ==>  Preparing: SELECT canteen_id,canteen_label,canteen_name,canteen_des,canteen_image,canteen_mark_number,canteen_mark,sales,takeout_money FROM canteen WHERE canteen_id = ? 
2019-07-27 13:16:49,485 DEBUG (BaseJdbcLogger.java:159)- ==> Parameters: 8(Integer)
2019-07-27 13:16:49,485 DEBUG (BaseJdbcLogger.java:159)- ==>  Preparing: DELETE FROM cart_info WHERE food_num = ? 
2019-07-27 13:16:49,491 DEBUG (BaseJdbcLogger.java:159)- <==      Total: 1
2019-07-27 13:16:49,491 DEBUG (BaseJdbcLogger.java:159)- ==> Parameters: 0(Integer)
2019-07-27 13:16:49,494 DEBUG (BaseJdbcLogger.java:159)- ==>  Preparing: SELECT food_id,food_describe,food_price,food_image,canteen_id,food_name,food_rate,food_rate_number,created_time,food_sale FROM food WHERE canteen_id = ? 
2019-07-27 13:16:49,496 DEBUG (BaseJdbcLogger.java:159)- <==    Updates: 0
2019-07-27 13:16:49,498 DEBUG (BaseJdbcLogger.java:159)- ==> Parameters: 8(Integer)
2019-07-27 13:16:49,499 DEBUG (BaseJdbcLogger.java:159)- ==>  Preparing: SELECT id,cart_id,food_id,food_num FROM cart_info 
2019-07-27 13:16:49,499 DEBUG (BaseJdbcLogger.java:159)- ==> Parameters: 
2019-07-27 13:16:49,501 DEBUG (BaseJdbcLogger.java:159)- <==      Total: 6
2019-07-27 13:16:49,502 DEBUG (BaseJdbcLogger.java:159)- <==      Total: 0
2019-07-27 13:16:49,508 DEBUG (BaseJdbcLogger.java:159)- ==>  Preparing: SELECT cart_id,user_id,all_price FROM cart WHERE user_id = ? 
2019-07-27 13:16:49,511 DEBUG (BaseJdbcLogger.java:159)- ==> Parameters: 75(Long)
2019-07-27 13:16:49,513 DEBUG (BaseJdbcLogger.java:159)- <==      Total: 1
2019-07-27 13:17:02,377 DEBUG (BaseJdbcLogger.java:159)- ==>  Preparing: SELECT canteen_id,canteen_label,canteen_name,canteen_des,canteen_image,canteen_mark_number,canteen_mark,sales,takeout_money FROM canteen 
2019-07-27 13:17:02,379 DEBUG (BaseJdbcLogger.java:159)- ==> Parameters: 
2019-07-27 13:17:02,382 DEBUG (BaseJdbcLogger.java:159)- <==      Total: 10
2019-07-27 13:17:27,042 DEBUG (BaseJdbcLogger.java:159)- ==>  Preparing: SELECT canteen_id,canteen_label,canteen_name,canteen_des,canteen_image,canteen_mark_number,canteen_mark,sales,takeout_money FROM canteen 
2019-07-27 13:17:27,046 DEBUG (BaseJdbcLogger.java:159)- ==> Parameters: 
2019-07-27 13:17:27,049 DEBUG (BaseJdbcLogger.java:159)- <==      Total: 10
2019-07-27 13:17:27,566 DEBUG (BaseJdbcLogger.java:159)- ==>  Preparing: SELECT user_id,user_phone,user_pwd,user_email,user_status,user_name,canteen_id,verify_code,cart_id FROM user WHERE user_email = ? 
2019-07-27 13:17:27,568 DEBUG (BaseJdbcLogger.java:159)- ==> Parameters: oYozN4mtf-bSuByIIBtEAWFNA014(String)
2019-07-27 13:17:27,578 DEBUG (BaseJdbcLogger.java:159)- <==      Total: 1
2019-07-27 13:20:06,041 DEBUG (BaseJdbcLogger.java:159)- ==>  Preparing: SELECT canteen_id,canteen_label,canteen_name,canteen_des,canteen_image,canteen_mark_number,canteen_mark,sales,takeout_money FROM canteen 
2019-07-27 13:20:06,042 DEBUG (BaseJdbcLogger.java:159)- ==> Parameters: 
2019-07-27 13:20:06,047 DEBUG (BaseJdbcLogger.java:159)- <==      Total: 10
2019-07-27 13:20:44,963 DEBUG (BaseJdbcLogger.java:159)- ==>  Preparing: SELECT canteen_id,canteen_label,canteen_name,canteen_des,canteen_image,canteen_mark_number,canteen_mark,sales,takeout_money FROM canteen 
2019-07-27 13:20:44,964 DEBUG (BaseJdbcLogger.java:159)- ==> Parameters: 
2019-07-27 13:20:44,969 DEBUG (BaseJdbcLogger.java:159)- <==      Total: 10
2019-07-27 13:20:45,727 DEBUG (BaseJdbcLogger.java:159)- ==>  Preparing: SELECT user_id,user_phone,user_pwd,user_email,user_status,user_name,canteen_id,verify_code,cart_id FROM user WHERE user_email = ? 
2019-07-27 13:20:45,729 DEBUG (BaseJdbcLogger.java:159)- ==> Parameters: oYozN4mtf-bSuByIIBtEAWFNA014(String)
2019-07-27 13:20:45,731 DEBUG (BaseJdbcLogger.java:159)- <==      Total: 1
2019-07-27 13:21:05,148 DEBUG (BaseJdbcLogger.java:159)- ==>  Preparing: SELECT user_id,user_phone,user_pwd,user_email,user_status,user_name,canteen_id,verify_code,cart_id FROM user WHERE user_pwd = ? AND user_email = ? 
2019-07-27 13:21:05,149 DEBUG (BaseJdbcLogger.java:159)- ==> Parameters: 310dcbbf4cce62f762a2aaa148d556bd(String), 2150866957@qq.com(String)
2019-07-27 13:21:05,150 DEBUG (BaseJdbcLogger.java:159)- <==      Total: 1
2019-07-27 13:21:05,235 DEBUG (BaseJdbcLogger.java:159)- ==>  Preparing: SELECT canteen_id,canteen_label,canteen_name,canteen_des,canteen_image,canteen_mark_number,canteen_mark,sales,takeout_money FROM canteen 
2019-07-27 13:21:05,236 DEBUG (BaseJdbcLogger.java:159)- ==> Parameters: 
2019-07-27 13:21:05,239 DEBUG (BaseJdbcLogger.java:159)- <==      Total: 10
2019-07-27 13:21:11,867 DEBUG (BaseJdbcLogger.java:159)- ==>  Preparing: SELECT food_id,food_describe,food_price,food_image,canteen_id,food_name,food_rate,food_rate_number,created_time,food_sale FROM food WHERE canteen_id = ? 
2019-07-27 13:21:11,869 DEBUG (BaseJdbcLogger.java:159)- ==> Parameters: 8(Integer)
2019-07-27 13:21:11,872 DEBUG (BaseJdbcLogger.java:159)- <==      Total: 6
2019-07-27 13:21:11,874 DEBUG (BaseJdbcLogger.java:159)- ==>  Preparing: DELETE FROM cart_info WHERE food_num = ? 
2019-07-27 13:21:11,878 DEBUG (BaseJdbcLogger.java:159)- ==> Parameters: 0(Integer)
2019-07-27 13:21:11,879 DEBUG (BaseJdbcLogger.java:159)- ==>  Preparing: SELECT canteen_id,canteen_label,canteen_name,canteen_des,canteen_image,canteen_mark_number,canteen_mark,sales,takeout_money FROM canteen WHERE canteen_id = ? 
2019-07-27 13:21:11,880 DEBUG (BaseJdbcLogger.java:159)- ==> Parameters: 8(Integer)
2019-07-27 13:21:11,881 DEBUG (BaseJdbcLogger.java:159)- <==    Updates: 0
2019-07-27 13:21:11,881 DEBUG (BaseJdbcLogger.java:159)- <==      Total: 1
2019-07-27 13:21:11,883 DEBUG (BaseJdbcLogger.java:159)- ==>  Preparing: SELECT id,cart_id,food_id,food_num FROM cart_info 
2019-07-27 13:21:11,883 DEBUG (BaseJdbcLogger.java:159)- ==> Parameters: 
2019-07-27 13:21:11,885 DEBUG (BaseJdbcLogger.java:159)- <==      Total: 0
2019-07-27 13:21:11,887 DEBUG (BaseJdbcLogger.java:159)- ==>  Preparing: SELECT cart_id,user_id,all_price FROM cart WHERE user_id = ? 
2019-07-27 13:21:11,888 DEBUG (BaseJdbcLogger.java:159)- ==> Parameters: 75(Long)
2019-07-27 13:21:11,889 DEBUG (BaseJdbcLogger.java:159)- <==      Total: 1
2019-07-27 13:23:00,735 DEBUG (BaseJdbcLogger.java:159)- ==>  Preparing: SELECT id,cart_id,food_id,food_num FROM cart_info WHERE cart_id = ? AND food_id = ? 
2019-07-27 13:23:00,736 DEBUG (BaseJdbcLogger.java:159)- ==> Parameters: 1(Integer), 2(Long)
2019-07-27 13:23:00,737 DEBUG (BaseJdbcLogger.java:159)- <==      Total: 0
2019-07-27 13:23:00,754 DEBUG (BaseJdbcLogger.java:159)- ==>  Preparing: INSERT INTO cart_info ( id,cart_id,food_id,food_num ) VALUES( ?,?,?,? ) 
2019-07-27 13:23:00,759 DEBUG (BaseJdbcLogger.java:159)- ==> Parameters: null, 1(Integer), 2(Long), 1(Integer)
2019-07-27 13:23:00,770 DEBUG (BaseJdbcLogger.java:159)- <==    Updates: 1
2019-07-27 13:23:00,771 DEBUG (BaseJdbcLogger.java:159)- ==>  Preparing: SELECT id,cart_id,food_id,food_num FROM cart_info WHERE cart_id = ? 
2019-07-27 13:23:00,772 DEBUG (BaseJdbcLogger.java:159)- ==> Parameters: 1(Integer)
2019-07-27 13:23:00,774 DEBUG (BaseJdbcLogger.java:159)- <==      Total: 1
2019-07-27 13:23:00,777 DEBUG (BaseJdbcLogger.java:159)- ==>  Preparing: SELECT food_id,food_describe,food_price,food_image,canteen_id,food_name,food_rate,food_rate_number,created_time,food_sale FROM food WHERE food_id = ? 
2019-07-27 13:23:00,778 DEBUG (BaseJdbcLogger.java:159)- ==> Parameters: 2(Long)
2019-07-27 13:23:00,780 DEBUG (BaseJdbcLogger.java:159)- <==      Total: 1
2019-07-27 13:23:00,790 DEBUG (BaseJdbcLogger.java:159)- ==>  Preparing: update cart SET all_price =? WHERE cart_id=? 
2019-07-27 13:23:00,793 DEBUG (BaseJdbcLogger.java:159)- ==> Parameters: 15(Integer), 1(Integer)
2019-07-27 13:23:00,799 DEBUG (BaseJdbcLogger.java:159)- <==    Updates: 1
2019-07-27 13:23:00,802 DEBUG (BaseJdbcLogger.java:159)- ==>  Preparing: DELETE FROM cart_info WHERE food_num = ? 
2019-07-27 13:23:00,803 DEBUG (BaseJdbcLogger.java:159)- ==> Parameters: 0(Integer)
2019-07-27 13:23:00,804 DEBUG (BaseJdbcLogger.java:159)- <==    Updates: 0
2019-07-27 13:23:00,808 DEBUG (BaseJdbcLogger.java:159)- ==>  Preparing: SELECT id,cart_id,food_id,food_num FROM cart_info WHERE cart_id = ? 
2019-07-27 13:23:00,809 DEBUG (BaseJdbcLogger.java:159)- ==> Parameters: 1(Integer)
2019-07-27 13:23:00,810 DEBUG (BaseJdbcLogger.java:159)- <==      Total: 1
2019-07-27 13:23:00,814 DEBUG (BaseJdbcLogger.java:159)- ==>  Preparing: SELECT food_id,food_describe,food_price,food_image,canteen_id,food_name,food_rate,food_rate_number,created_time,food_sale FROM food WHERE food_id = ? 
2019-07-27 13:23:00,815 DEBUG (BaseJdbcLogger.java:159)- ==> Parameters: 2(Long)
2019-07-27 13:23:00,817 DEBUG (BaseJdbcLogger.java:159)- <==      Total: 1
2019-07-27 13:23:00,821 DEBUG (BaseJdbcLogger.java:159)- ==>  Preparing: SELECT cart_id,user_id,all_price FROM cart WHERE cart_id = ? AND user_id = ? AND all_price = ? 
2019-07-27 13:23:00,822 DEBUG (BaseJdbcLogger.java:159)- ==> Parameters: 1(Integer), 75(Long), 15(Integer)
2019-07-27 13:23:00,823 DEBUG (BaseJdbcLogger.java:159)- <==      Total: 1
2019-07-27 13:23:02,060 DEBUG (BaseJdbcLogger.java:159)- ==>  Preparing: SELECT id,cart_id,food_id,food_num FROM cart_info WHERE cart_id = ? AND food_id = ? 
2019-07-27 13:23:02,062 DEBUG (BaseJdbcLogger.java:159)- ==> Parameters: 1(Integer), 2(Long)
2019-07-27 13:23:02,064 DEBUG (BaseJdbcLogger.java:159)- <==      Total: 1
2019-07-27 13:23:02,066 DEBUG (BaseJdbcLogger.java:159)- ==>  Preparing: update cart_info set food_num=food_num+1 WHERE cart_id=? and food_id=? 
2019-07-27 13:23:02,067 DEBUG (BaseJdbcLogger.java:159)- ==> Parameters: 1(Integer), 2(Long)
2019-07-27 13:23:02,071 DEBUG (BaseJdbcLogger.java:159)- <==    Updates: 1
2019-07-27 13:23:02,073 DEBUG (BaseJdbcLogger.java:159)- ==>  Preparing: SELECT id,cart_id,food_id,food_num FROM cart_info WHERE cart_id = ? 
2019-07-27 13:23:02,074 DEBUG (BaseJdbcLogger.java:159)- ==> Parameters: 1(Integer)
2019-07-27 13:23:02,075 DEBUG (BaseJdbcLogger.java:159)- <==      Total: 1
2019-07-27 13:23:02,077 DEBUG (BaseJdbcLogger.java:159)- ==>  Preparing: SELECT food_id,food_describe,food_price,food_image,canteen_id,food_name,food_rate,food_rate_number,created_time,food_sale FROM food WHERE food_id = ? 
2019-07-27 13:23:02,078 DEBUG (BaseJdbcLogger.java:159)- ==> Parameters: 2(Long)
2019-07-27 13:23:02,080 DEBUG (BaseJdbcLogger.java:159)- <==      Total: 1
2019-07-27 13:23:02,081 DEBUG (BaseJdbcLogger.java:159)- ==>  Preparing: update cart SET all_price =? WHERE cart_id=? 
2019-07-27 13:23:02,082 DEBUG (BaseJdbcLogger.java:159)- ==> Parameters: 30(Integer), 1(Integer)
2019-07-27 13:23:02,106 DEBUG (BaseJdbcLogger.java:159)- <==    Updates: 1
2019-07-27 13:23:02,107 DEBUG (BaseJdbcLogger.java:159)- ==>  Preparing: DELETE FROM cart_info WHERE food_num = ? 
2019-07-27 13:23:02,107 DEBUG (BaseJdbcLogger.java:159)- ==> Parameters: 0(Integer)
2019-07-27 13:23:02,109 DEBUG (BaseJdbcLogger.java:159)- <==    Updates: 0
2019-07-27 13:23:02,110 DEBUG (BaseJdbcLogger.java:159)- ==>  Preparing: SELECT id,cart_id,food_id,food_num FROM cart_info WHERE cart_id = ? 
2019-07-27 13:23:02,111 DEBUG (BaseJdbcLogger.java:159)- ==> Parameters: 1(Integer)
2019-07-27 13:23:02,113 DEBUG (BaseJdbcLogger.java:159)- <==      Total: 1
2019-07-27 13:23:02,114 DEBUG (BaseJdbcLogger.java:159)- ==>  Preparing: SELECT food_id,food_describe,food_price,food_image,canteen_id,food_name,food_rate,food_rate_number,created_time,food_sale FROM food WHERE food_id = ? 
2019-07-27 13:23:02,115 DEBUG (BaseJdbcLogger.java:159)- ==> Parameters: 2(Long)
2019-07-27 13:23:02,123 DEBUG (BaseJdbcLogger.java:159)- <==      Total: 1
2019-07-27 13:23:02,124 DEBUG (BaseJdbcLogger.java:159)- ==>  Preparing: SELECT cart_id,user_id,all_price FROM cart WHERE cart_id = ? AND user_id = ? AND all_price = ? 
2019-07-27 13:23:02,125 DEBUG (BaseJdbcLogger.java:159)- ==> Parameters: 1(Integer), 75(Long), 30(Integer)
2019-07-27 13:23:02,127 DEBUG (BaseJdbcLogger.java:159)- <==      Total: 1
2019-07-27 13:23:04,047 DEBUG (BaseJdbcLogger.java:159)- ==>  Preparing: DELETE FROM cart_info WHERE cart_id = ? 
2019-07-27 13:23:04,049 DEBUG (BaseJdbcLogger.java:159)- ==> Parameters: 1(Integer)
2019-07-27 13:23:04,052 DEBUG (BaseJdbcLogger.java:159)- <==    Updates: 1
2019-07-27 13:23:04,053 DEBUG (BaseJdbcLogger.java:159)- ==>  Preparing: update cart SET all_price =? WHERE cart_id=? 
2019-07-27 13:23:04,055 DEBUG (BaseJdbcLogger.java:159)- ==> Parameters: 0(Integer), 1(Integer)
2019-07-27 13:23:04,058 DEBUG (BaseJdbcLogger.java:159)- <==    Updates: 1
2019-07-27 13:23:05,519 DEBUG (BaseJdbcLogger.java:159)- ==>  Preparing: SELECT canteen_id,canteen_label,canteen_name,canteen_des,canteen_image,canteen_mark_number,canteen_mark,sales,takeout_money FROM canteen WHERE canteen_id = ? 
2019-07-27 13:23:05,519 DEBUG (BaseJdbcLogger.java:159)- ==> Parameters: 8(Integer)
2019-07-27 13:23:05,520 DEBUG (BaseJdbcLogger.java:159)- ==>  Preparing: SELECT food_id,food_describe,food_price,food_image,canteen_id,food_name,food_rate,food_rate_number,created_time,food_sale FROM food WHERE canteen_id = ? 
2019-07-27 13:23:05,521 DEBUG (BaseJdbcLogger.java:159)- <==      Total: 1
2019-07-27 13:23:05,522 DEBUG (BaseJdbcLogger.java:159)- ==> Parameters: 8(Integer)
2019-07-27 13:23:05,525 DEBUG (BaseJdbcLogger.java:159)- ==>  Preparing: DELETE FROM cart_info WHERE food_num = ? 
2019-07-27 13:23:05,526 DEBUG (BaseJdbcLogger.java:159)- <==      Total: 6
2019-07-27 13:23:05,527 DEBUG (BaseJdbcLogger.java:159)- ==> Parameters: 0(Integer)
2019-07-27 13:23:05,531 DEBUG (BaseJdbcLogger.java:159)- <==    Updates: 0
2019-07-27 13:23:05,534 DEBUG (BaseJdbcLogger.java:159)- ==>  Preparing: SELECT id,cart_id,food_id,food_num FROM cart_info 
2019-07-27 13:23:05,535 DEBUG (BaseJdbcLogger.java:159)- ==> Parameters: 
2019-07-27 13:23:05,536 DEBUG (BaseJdbcLogger.java:159)- <==      Total: 0
2019-07-27 13:23:05,538 DEBUG (BaseJdbcLogger.java:159)- ==>  Preparing: SELECT cart_id,user_id,all_price FROM cart WHERE user_id = ? 
2019-07-27 13:23:05,539 DEBUG (BaseJdbcLogger.java:159)- ==> Parameters: 75(Long)
2019-07-27 13:23:05,541 DEBUG (BaseJdbcLogger.java:159)- <==      Total: 1
2019-07-27 13:23:06,942 DEBUG (BaseJdbcLogger.java:159)- ==>  Preparing: SELECT canteen_id,canteen_label,canteen_name,canteen_des,canteen_image,canteen_mark_number,canteen_mark,sales,takeout_money FROM canteen 
2019-07-27 13:23:06,943 DEBUG (BaseJdbcLogger.java:159)- ==> Parameters: 
2019-07-27 13:23:06,946 DEBUG (BaseJdbcLogger.java:159)- <==      Total: 10
2019-07-27 13:23:07,563 DEBUG (BaseJdbcLogger.java:159)- ==>  Preparing: SELECT canteen_id,canteen_label,canteen_name,canteen_des,canteen_image,canteen_mark_number,canteen_mark,sales,takeout_money FROM canteen 
2019-07-27 13:23:07,566 DEBUG (BaseJdbcLogger.java:159)- ==> Parameters: 
2019-07-27 13:23:07,569 DEBUG (BaseJdbcLogger.java:159)- <==      Total: 10
2019-07-27 13:23:08,426 DEBUG (BaseJdbcLogger.java:159)- ==>  Preparing: SELECT canteen_id,canteen_label,canteen_name,canteen_des,canteen_image,canteen_mark_number,canteen_mark,sales,takeout_money FROM canteen 
2019-07-27 13:23:08,427 DEBUG (BaseJdbcLogger.java:159)- ==> Parameters: 
2019-07-27 13:23:08,429 DEBUG (BaseJdbcLogger.java:159)- <==      Total: 10
2019-07-27 13:23:09,675 DEBUG (BaseJdbcLogger.java:159)- ==>  Preparing: SELECT canteen_id,canteen_label,canteen_name,canteen_des,canteen_image,canteen_mark_number,canteen_mark,sales,takeout_money FROM canteen WHERE canteen_id = ? 
2019-07-27 13:23:09,676 DEBUG (BaseJdbcLogger.java:159)- ==> Parameters: 9(Integer)
2019-07-27 13:23:09,676 DEBUG (BaseJdbcLogger.java:159)- ==>  Preparing: SELECT food_id,food_describe,food_price,food_image,canteen_id,food_name,food_rate,food_rate_number,created_time,food_sale FROM food WHERE canteen_id = ? 
2019-07-27 13:23:09,678 DEBUG (BaseJdbcLogger.java:159)- <==      Total: 1
2019-07-27 13:23:09,680 DEBUG (BaseJdbcLogger.java:159)- ==> Parameters: 9(Integer)
2019-07-27 13:23:09,684 DEBUG (BaseJdbcLogger.java:159)- <==      Total: 2
2019-07-27 13:23:09,699 DEBUG (BaseJdbcLogger.java:159)- ==>  Preparing: DELETE FROM cart_info WHERE food_num = ? 
2019-07-27 13:23:09,700 DEBUG (BaseJdbcLogger.java:159)- ==> Parameters: 0(Integer)
2019-07-27 13:23:09,701 DEBUG (BaseJdbcLogger.java:159)- <==    Updates: 0
2019-07-27 13:23:09,702 DEBUG (BaseJdbcLogger.java:159)- ==>  Preparing: SELECT id,cart_id,food_id,food_num FROM cart_info 
2019-07-27 13:23:09,703 DEBUG (BaseJdbcLogger.java:159)- ==> Parameters: 
2019-07-27 13:23:09,704 DEBUG (BaseJdbcLogger.java:159)- <==      Total: 0
2019-07-27 13:23:09,706 DEBUG (BaseJdbcLogger.java:159)- ==>  Preparing: SELECT cart_id,user_id,all_price FROM cart WHERE user_id = ? 
2019-07-27 13:23:09,707 DEBUG (BaseJdbcLogger.java:159)- ==> Parameters: 75(Long)
2019-07-27 13:23:09,709 DEBUG (BaseJdbcLogger.java:159)- <==      Total: 1
2019-07-27 13:23:10,911 DEBUG (BaseJdbcLogger.java:159)- ==>  Preparing: SELECT canteen_id,canteen_label,canteen_name,canteen_des,canteen_image,canteen_mark_number,canteen_mark,sales,takeout_money FROM canteen WHERE canteen_id = ? 
2019-07-27 13:23:10,911 DEBUG (BaseJdbcLogger.java:159)- ==> Parameters: 9(Integer)
2019-07-27 13:23:10,913 DEBUG (BaseJdbcLogger.java:159)- <==      Total: 1
2019-07-27 13:23:10,924 DEBUG (BaseJdbcLogger.java:159)- ==>  Preparing: SELECT comment_id,comment_content,order_id,user_id,canteen_id FROM comment WHERE canteen_id = ? 
2019-07-27 13:23:10,925 DEBUG (BaseJdbcLogger.java:159)- ==> Parameters: 9(Integer)
2019-07-27 13:23:10,931 DEBUG (BaseJdbcLogger.java:159)- <==      Total: 3
2019-07-27 13:23:10,933 DEBUG (BaseJdbcLogger.java:159)- ==>  Preparing: SELECT user_id,user_phone,user_pwd,user_email,user_status,user_name,canteen_id,verify_code,cart_id FROM user WHERE user_id = ? 
2019-07-27 13:23:10,934 DEBUG (BaseJdbcLogger.java:159)- ==> Parameters: 75(Long)
2019-07-27 13:23:10,936 DEBUG (BaseJdbcLogger.java:159)- <==      Total: 1
2019-07-27 13:23:10,947 DEBUG (BaseJdbcLogger.java:159)- ==>  Preparing: SELECT order_id,user_id,user_email,all_price,user_address,user_name,order_remark,order_time,user_phone,order_state,created_time FROM ord WHERE order_id = ? 
2019-07-27 13:23:10,948 DEBUG (BaseJdbcLogger.java:159)- ==> Parameters: 19(Long)
2019-07-27 13:23:10,951 DEBUG (BaseJdbcLogger.java:159)- <==      Total: 1
2019-07-27 13:23:10,952 DEBUG (BaseJdbcLogger.java:159)- ==>  Preparing: SELECT user_id,user_phone,user_pwd,user_email,user_status,user_name,canteen_id,verify_code,cart_id FROM user WHERE user_id = ? 
2019-07-27 13:23:10,953 DEBUG (BaseJdbcLogger.java:159)- ==> Parameters: 75(Long)
2019-07-27 13:23:10,954 DEBUG (BaseJdbcLogger.java:159)- <==      Total: 1
2019-07-27 13:23:10,955 DEBUG (BaseJdbcLogger.java:159)- ==>  Preparing: SELECT order_id,user_id,user_email,all_price,user_address,user_name,order_remark,order_time,user_phone,order_state,created_time FROM ord WHERE order_id = ? 
2019-07-27 13:23:10,956 DEBUG (BaseJdbcLogger.java:159)- ==> Parameters: 18(Long)
2019-07-27 13:23:10,957 DEBUG (BaseJdbcLogger.java:159)- <==      Total: 1
2019-07-27 13:23:10,957 DEBUG (BaseJdbcLogger.java:159)- ==>  Preparing: SELECT user_id,user_phone,user_pwd,user_email,user_status,user_name,canteen_id,verify_code,cart_id FROM user WHERE user_id = ? 
2019-07-27 13:23:10,958 DEBUG (BaseJdbcLogger.java:159)- ==> Parameters: 75(Long)
2019-07-27 13:23:10,959 DEBUG (BaseJdbcLogger.java:159)- <==      Total: 1
2019-07-27 13:23:10,960 DEBUG (BaseJdbcLogger.java:159)- ==>  Preparing: SELECT order_id,user_id,user_email,all_price,user_address,user_name,order_remark,order_time,user_phone,order_state,created_time FROM ord WHERE order_id = ? 
2019-07-27 13:23:10,960 DEBUG (BaseJdbcLogger.java:159)- ==> Parameters: 19(Long)
2019-07-27 13:23:10,961 DEBUG (BaseJdbcLogger.java:159)- <==      Total: 1
2019-07-27 13:23:13,137 DEBUG (BaseJdbcLogger.java:159)- ==>  Preparing: SELECT canteen_id,canteen_label,canteen_name,canteen_des,canteen_image,canteen_mark_number,canteen_mark,sales,takeout_money FROM canteen 
2019-07-27 13:23:13,138 DEBUG (BaseJdbcLogger.java:159)- ==> Parameters: 
2019-07-27 13:23:13,140 DEBUG (BaseJdbcLogger.java:159)- <==      Total: 10
2019-07-27 13:23:23,735 DEBUG (BaseJdbcLogger.java:159)- ==>  Preparing: select canteen_id,canteen_label,canteen_name,canteen_des,canteen_image,canteen_mark_number,sales,canteen_mark from canteen where canteen_name like ? 
2019-07-27 13:23:23,736 DEBUG (BaseJdbcLogger.java:159)- ==> Parameters: %十%(String)
2019-07-27 13:23:23,744 DEBUG (BaseJdbcLogger.java:159)- <==      Total: 1
2019-07-27 13:23:25,354 DEBUG (BaseJdbcLogger.java:159)- ==>  Preparing: SELECT canteen_id,canteen_label,canteen_name,canteen_des,canteen_image,canteen_mark_number,canteen_mark,sales,takeout_money FROM canteen 
2019-07-27 13:23:25,355 DEBUG (BaseJdbcLogger.java:159)- ==> Parameters: 
2019-07-27 13:23:25,357 DEBUG (BaseJdbcLogger.java:159)- <==      Total: 10
2019-07-27 13:25:52,402 DEBUG (BaseJdbcLogger.java:159)- ==>  Preparing: SELECT canteen_id,canteen_label,canteen_name,canteen_des,canteen_image,canteen_mark_number,canteen_mark,sales,takeout_money FROM canteen 
2019-07-27 13:25:52,403 DEBUG (BaseJdbcLogger.java:159)- ==> Parameters: 
2019-07-27 13:25:52,405 DEBUG (BaseJdbcLogger.java:159)- <==      Total: 10
2019-07-27 13:25:54,720 DEBUG (BaseJdbcLogger.java:159)- ==>  Preparing: SELECT canteen_id,canteen_label,canteen_name,canteen_des,canteen_image,canteen_mark_number,canteen_mark,sales,takeout_money FROM canteen WHERE canteen_id = ? 
2019-07-27 13:25:54,720 DEBUG (BaseJdbcLogger.java:159)- ==> Parameters: 8(Integer)
2019-07-27 13:25:54,723 DEBUG (BaseJdbcLogger.java:159)- <==      Total: 1
2019-07-27 13:25:54,731 DEBUG (BaseJdbcLogger.java:159)- ==>  Preparing: SELECT food_id,food_describe,food_price,food_image,canteen_id,food_name,food_rate,food_rate_number,created_time,food_sale FROM food WHERE canteen_id = ? 
2019-07-27 13:25:54,732 DEBUG (BaseJdbcLogger.java:159)- ==> Parameters: 8(Integer)
2019-07-27 13:25:54,737 DEBUG (BaseJdbcLogger.java:159)- <==      Total: 6
2019-07-27 13:25:54,748 DEBUG (BaseJdbcLogger.java:159)- ==>  Preparing: DELETE FROM cart_info WHERE food_num = ? 
2019-07-27 13:25:54,749 DEBUG (BaseJdbcLogger.java:159)- ==> Parameters: 0(Integer)
2019-07-27 13:25:54,750 DEBUG (BaseJdbcLogger.java:159)- <==    Updates: 0
2019-07-27 13:25:54,752 DEBUG (BaseJdbcLogger.java:159)- ==>  Preparing: SELECT id,cart_id,food_id,food_num FROM cart_info 
2019-07-27 13:25:54,753 DEBUG (BaseJdbcLogger.java:159)- ==> Parameters: 
2019-07-27 13:25:54,755 DEBUG (BaseJdbcLogger.java:159)- <==      Total: 0
2019-07-27 13:25:54,757 DEBUG (BaseJdbcLogger.java:159)- ==>  Preparing: SELECT cart_id,user_id,all_price FROM cart WHERE user_id = ? 
2019-07-27 13:25:54,757 DEBUG (BaseJdbcLogger.java:159)- ==> Parameters: 75(Long)
2019-07-27 13:25:54,759 DEBUG (BaseJdbcLogger.java:159)- <==      Total: 1
2019-07-27 13:25:57,739 DEBUG (BaseJdbcLogger.java:159)- ==>  Preparing: SELECT order_id,user_id,user_email,all_price,user_address,user_name,order_remark,order_time,user_phone,order_state,created_time FROM ord WHERE user_id = ? 
2019-07-27 13:25:57,740 DEBUG (BaseJdbcLogger.java:159)- ==> Parameters: 75(Long)
2019-07-27 13:25:57,748 DEBUG (BaseJdbcLogger.java:159)- <==      Total: 20
2019-07-27 13:25:57,751 DEBUG (BaseJdbcLogger.java:159)- ==>  Preparing: SELECT id,order_id,food_id,food_num FROM order_info WHERE order_id = ? 
2019-07-27 13:25:57,752 DEBUG (BaseJdbcLogger.java:159)- ==> Parameters: 18(Long)
2019-07-27 13:25:57,755 DEBUG (BaseJdbcLogger.java:159)- <==      Total: 1
2019-07-27 13:25:57,756 DEBUG (BaseJdbcLogger.java:159)- ==>  Preparing: SELECT food_id,food_describe,food_price,food_image,canteen_id,food_name,food_rate,food_rate_number,created_time,food_sale FROM food WHERE food_id = ? 
2019-07-27 13:25:57,757 DEBUG (BaseJdbcLogger.java:159)- ==> Parameters: 102(Long)
2019-07-27 13:25:57,760 DEBUG (BaseJdbcLogger.java:159)- <==      Total: 1
2019-07-27 13:25:57,761 DEBUG (BaseJdbcLogger.java:159)- ==>  Preparing: SELECT id,order_id,food_id,food_num FROM order_info WHERE order_id = ? 
2019-07-27 13:25:57,762 DEBUG (BaseJdbcLogger.java:159)- ==> Parameters: 19(Long)
2019-07-27 13:25:57,765 DEBUG (BaseJdbcLogger.java:159)- <==      Total: 2
2019-07-27 13:25:57,767 DEBUG (BaseJdbcLogger.java:159)- ==>  Preparing: SELECT food_id,food_describe,food_price,food_image,canteen_id,food_name,food_rate,food_rate_number,created_time,food_sale FROM food WHERE food_id = ? 
2019-07-27 13:25:57,768 DEBUG (BaseJdbcLogger.java:159)- ==> Parameters: 102(Long)
2019-07-27 13:25:57,770 DEBUG (BaseJdbcLogger.java:159)- <==      Total: 1
2019-07-27 13:25:57,772 DEBUG (BaseJdbcLogger.java:159)- ==>  Preparing: SELECT food_id,food_describe,food_price,food_image,canteen_id,food_name,food_rate,food_rate_number,created_time,food_sale FROM food WHERE food_id = ? 
2019-07-27 13:25:57,773 DEBUG (BaseJdbcLogger.java:159)- ==> Parameters: 2(Long)
2019-07-27 13:25:57,774 DEBUG (BaseJdbcLogger.java:159)- <==      Total: 1
2019-07-27 13:25:57,775 DEBUG (BaseJdbcLogger.java:159)- ==>  Preparing: SELECT id,order_id,food_id,food_num FROM order_info WHERE order_id = ? 
2019-07-27 13:25:57,777 DEBUG (BaseJdbcLogger.java:159)- ==> Parameters: 20(Long)
2019-07-27 13:25:57,779 DEBUG (BaseJdbcLogger.java:159)- <==      Total: 1
2019-07-27 13:25:57,780 DEBUG (BaseJdbcLogger.java:159)- ==>  Preparing: SELECT food_id,food_describe,food_price,food_image,canteen_id,food_name,food_rate,food_rate_number,created_time,food_sale FROM food WHERE food_id = ? 
2019-07-27 13:25:57,780 DEBUG (BaseJdbcLogger.java:159)- ==> Parameters: 2(Long)
2019-07-27 13:25:57,781 DEBUG (BaseJdbcLogger.java:159)- <==      Total: 1
2019-07-27 13:25:57,783 DEBUG (BaseJdbcLogger.java:159)- ==>  Preparing: SELECT id,order_id,food_id,food_num FROM order_info WHERE order_id = ? 
2019-07-27 13:25:57,784 DEBUG (BaseJdbcLogger.java:159)- ==> Parameters: 21(Long)
2019-07-27 13:25:57,785 DEBUG (BaseJdbcLogger.java:159)- <==      Total: 1
2019-07-27 13:25:57,787 DEBUG (BaseJdbcLogger.java:159)- ==>  Preparing: SELECT food_id,food_describe,food_price,food_image,canteen_id,food_name,food_rate,food_rate_number,created_time,food_sale FROM food WHERE food_id = ? 
2019-07-27 13:25:57,788 DEBUG (BaseJdbcLogger.java:159)- ==> Parameters: 7(Long)
2019-07-27 13:25:57,790 DEBUG (BaseJdbcLogger.java:159)- <==      Total: 1
2019-07-27 13:25:57,791 DEBUG (BaseJdbcLogger.java:159)- ==>  Preparing: SELECT id,order_id,food_id,food_num FROM order_info WHERE order_id = ? 
2019-07-27 13:25:57,791 DEBUG (BaseJdbcLogger.java:159)- ==> Parameters: 22(Long)
2019-07-27 13:25:57,793 DEBUG (BaseJdbcLogger.java:159)- <==      Total: 1
2019-07-27 13:25:57,794 DEBUG (BaseJdbcLogger.java:159)- ==>  Preparing: SELECT food_id,food_describe,food_price,food_image,canteen_id,food_name,food_rate,food_rate_number,created_time,food_sale FROM food WHERE food_id = ? 
2019-07-27 13:25:57,795 DEBUG (BaseJdbcLogger.java:159)- ==> Parameters: 2(Long)
2019-07-27 13:25:57,797 DEBUG (BaseJdbcLogger.java:159)- <==      Total: 1
2019-07-27 13:25:57,798 DEBUG (BaseJdbcLogger.java:159)- ==>  Preparing: SELECT id,order_id,food_id,food_num FROM order_info WHERE order_id = ? 
2019-07-27 13:25:57,799 DEBUG (BaseJdbcLogger.java:159)- ==> Parameters: 23(Long)
2019-07-27 13:25:57,800 DEBUG (BaseJdbcLogger.java:159)- <==      Total: 2
2019-07-27 13:25:57,801 DEBUG (BaseJdbcLogger.java:159)- ==>  Preparing: SELECT food_id,food_describe,food_price,food_image,canteen_id,food_name,food_rate,food_rate_number,created_time,food_sale FROM food WHERE food_id = ? 
2019-07-27 13:25:57,802 DEBUG (BaseJdbcLogger.java:159)- ==> Parameters: 2(Long)
2019-07-27 13:25:57,803 DEBUG (BaseJdbcLogger.java:159)- <==      Total: 1
2019-07-27 13:25:57,804 DEBUG (BaseJdbcLogger.java:159)- ==>  Preparing: SELECT food_id,food_describe,food_price,food_image,canteen_id,food_name,food_rate,food_rate_number,created_time,food_sale FROM food WHERE food_id = ? 
2019-07-27 13:25:57,805 DEBUG (BaseJdbcLogger.java:159)- ==> Parameters: 1(Long)
2019-07-27 13:25:57,808 DEBUG (BaseJdbcLogger.java:159)- <==      Total: 1
2019-07-27 13:25:57,809 DEBUG (BaseJdbcLogger.java:159)- ==>  Preparing: SELECT id,order_id,food_id,food_num FROM order_info WHERE order_id = ? 
2019-07-27 13:25:57,809 DEBUG (BaseJdbcLogger.java:159)- ==> Parameters: 24(Long)
2019-07-27 13:25:57,810 DEBUG (BaseJdbcLogger.java:159)- <==      Total: 1
2019-07-27 13:25:57,811 DEBUG (BaseJdbcLogger.java:159)- ==>  Preparing: SELECT food_id,food_describe,food_price,food_image,canteen_id,food_name,food_rate,food_rate_number,created_time,food_sale FROM food WHERE food_id = ? 
2019-07-27 13:25:57,811 DEBUG (BaseJdbcLogger.java:159)- ==> Parameters: 1(Long)
2019-07-27 13:25:57,812 DEBUG (BaseJdbcLogger.java:159)- <==      Total: 1
2019-07-27 13:25:57,814 DEBUG (BaseJdbcLogger.java:159)- ==>  Preparing: SELECT id,order_id,food_id,food_num FROM order_info WHERE order_id = ? 
2019-07-27 13:25:57,814 DEBUG (BaseJdbcLogger.java:159)- ==> Parameters: 25(Long)
2019-07-27 13:25:57,815 DEBUG (BaseJdbcLogger.java:159)- <==      Total: 1
2019-07-27 13:25:57,816 DEBUG (BaseJdbcLogger.java:159)- ==>  Preparing: SELECT food_id,food_describe,food_price,food_image,canteen_id,food_name,food_rate,food_rate_number,created_time,food_sale FROM food WHERE food_id = ? 
2019-07-27 13:25:57,817 DEBUG (BaseJdbcLogger.java:159)- ==> Parameters: 102(Long)
2019-07-27 13:25:57,818 DEBUG (BaseJdbcLogger.java:159)- <==      Total: 1
2019-07-27 13:25:57,819 DEBUG (BaseJdbcLogger.java:159)- ==>  Preparing: SELECT id,order_id,food_id,food_num FROM order_info WHERE order_id = ? 
2019-07-27 13:25:57,820 DEBUG (BaseJdbcLogger.java:159)- ==> Parameters: 26(Long)
2019-07-27 13:25:57,822 DEBUG (BaseJdbcLogger.java:159)- <==      Total: 3
2019-07-27 13:25:57,823 DEBUG (BaseJdbcLogger.java:159)- ==>  Preparing: SELECT food_id,food_describe,food_price,food_image,canteen_id,food_name,food_rate,food_rate_number,created_time,food_sale FROM food WHERE food_id = ? 
2019-07-27 13:25:57,824 DEBUG (BaseJdbcLogger.java:159)- ==> Parameters: 1(Long)
2019-07-27 13:25:57,826 DEBUG (BaseJdbcLogger.java:159)- <==      Total: 1
2019-07-27 13:25:57,826 DEBUG (BaseJdbcLogger.java:159)- ==>  Preparing: SELECT food_id,food_describe,food_price,food_image,canteen_id,food_name,food_rate,food_rate_number,created_time,food_sale FROM food WHERE food_id = ? 
2019-07-27 13:25:57,827 DEBUG (BaseJdbcLogger.java:159)- ==> Parameters: 2(Long)
2019-07-27 13:25:57,828 DEBUG (BaseJdbcLogger.java:159)- <==      Total: 1
2019-07-27 13:25:57,828 DEBUG (BaseJdbcLogger.java:159)- ==>  Preparing: SELECT food_id,food_describe,food_price,food_image,canteen_id,food_name,food_rate,food_rate_number,created_time,food_sale FROM food WHERE food_id = ? 
2019-07-27 13:25:57,829 DEBUG (BaseJdbcLogger.java:159)- ==> Parameters: 102(Long)
2019-07-27 13:25:57,830 DEBUG (BaseJdbcLogger.java:159)- <==      Total: 1
2019-07-27 13:25:57,831 DEBUG (BaseJdbcLogger.java:159)- ==>  Preparing: SELECT id,order_id,food_id,food_num FROM order_info WHERE order_id = ? 
2019-07-27 13:25:57,832 DEBUG (BaseJdbcLogger.java:159)- ==> Parameters: 27(Long)
2019-07-27 13:25:57,832 DEBUG (BaseJdbcLogger.java:159)- <==      Total: 1
2019-07-27 13:25:57,833 DEBUG (BaseJdbcLogger.java:159)- ==>  Preparing: SELECT food_id,food_describe,food_price,food_image,canteen_id,food_name,food_rate,food_rate_number,created_time,food_sale FROM food WHERE food_id = ? 
2019-07-27 13:25:57,834 DEBUG (BaseJdbcLogger.java:159)- ==> Parameters: 102(Long)
2019-07-27 13:25:57,835 DEBUG (BaseJdbcLogger.java:159)- <==      Total: 1
2019-07-27 13:25:57,836 DEBUG (BaseJdbcLogger.java:159)- ==>  Preparing: SELECT id,order_id,food_id,food_num FROM order_info WHERE order_id = ? 
2019-07-27 13:25:57,837 DEBUG (BaseJdbcLogger.java:159)- ==> Parameters: 28(Long)
2019-07-27 13:25:57,839 DEBUG (BaseJdbcLogger.java:159)- <==      Total: 1
2019-07-27 13:25:57,840 DEBUG (BaseJdbcLogger.java:159)- ==>  Preparing: SELECT food_id,food_describe,food_price,food_image,canteen_id,food_name,food_rate,food_rate_number,created_time,food_sale FROM food WHERE food_id = ? 
2019-07-27 13:25:57,840 DEBUG (BaseJdbcLogger.java:159)- ==> Parameters: 7(Long)
2019-07-27 13:25:57,841 DEBUG (BaseJdbcLogger.java:159)- <==      Total: 1
2019-07-27 13:25:57,842 DEBUG (BaseJdbcLogger.java:159)- ==>  Preparing: SELECT id,order_id,food_id,food_num FROM order_info WHERE order_id = ? 
2019-07-27 13:25:57,842 DEBUG (BaseJdbcLogger.java:159)- ==> Parameters: 29(Long)
2019-07-27 13:25:57,845 DEBUG (BaseJdbcLogger.java:159)- <==      Total: 1
2019-07-27 13:25:57,846 DEBUG (BaseJdbcLogger.java:159)- ==>  Preparing: SELECT food_id,food_describe,food_price,food_image,canteen_id,food_name,food_rate,food_rate_number,created_time,food_sale FROM food WHERE food_id = ? 
2019-07-27 13:25:57,846 DEBUG (BaseJdbcLogger.java:159)- ==> Parameters: 102(Long)
2019-07-27 13:25:57,848 DEBUG (BaseJdbcLogger.java:159)- <==      Total: 1
2019-07-27 13:25:57,849 DEBUG (BaseJdbcLogger.java:159)- ==>  Preparing: SELECT id,order_id,food_id,food_num FROM order_info WHERE order_id = ? 
2019-07-27 13:25:57,849 DEBUG (BaseJdbcLogger.java:159)- ==> Parameters: 30(Long)
2019-07-27 13:25:57,851 DEBUG (BaseJdbcLogger.java:159)- <==      Total: 1
2019-07-27 13:25:57,852 DEBUG (BaseJdbcLogger.java:159)- ==>  Preparing: SELECT food_id,food_describe,food_price,food_image,canteen_id,food_name,food_rate,food_rate_number,created_time,food_sale FROM food WHERE food_id = ? 
2019-07-27 13:25:57,853 DEBUG (BaseJdbcLogger.java:159)- ==> Parameters: 102(Long)
2019-07-27 13:25:57,855 DEBUG (BaseJdbcLogger.java:159)- <==      Total: 1
2019-07-27 13:25:57,856 DEBUG (BaseJdbcLogger.java:159)- ==>  Preparing: SELECT id,order_id,food_id,food_num FROM order_info WHERE order_id = ? 
2019-07-27 13:25:57,857 DEBUG (BaseJdbcLogger.java:159)- ==> Parameters: 31(Long)
2019-07-27 13:25:57,858 DEBUG (BaseJdbcLogger.java:159)- <==      Total: 1
2019-07-27 13:25:57,858 DEBUG (BaseJdbcLogger.java:159)- ==>  Preparing: SELECT food_id,food_describe,food_price,food_image,canteen_id,food_name,food_rate,food_rate_number,created_time,food_sale FROM food WHERE food_id = ? 
2019-07-27 13:25:57,859 DEBUG (BaseJdbcLogger.java:159)- ==> Parameters: 2(Long)
2019-07-27 13:25:57,861 DEBUG (BaseJdbcLogger.java:159)- <==      Total: 1
2019-07-27 13:25:57,862 DEBUG (BaseJdbcLogger.java:159)- ==>  Preparing: SELECT id,order_id,food_id,food_num FROM order_info WHERE order_id = ? 
2019-07-27 13:25:57,862 DEBUG (BaseJdbcLogger.java:159)- ==> Parameters: 32(Long)
2019-07-27 13:25:57,863 DEBUG (BaseJdbcLogger.java:159)- <==      Total: 1
2019-07-27 13:25:57,864 DEBUG (BaseJdbcLogger.java:159)- ==>  Preparing: SELECT food_id,food_describe,food_price,food_image,canteen_id,food_name,food_rate,food_rate_number,created_time,food_sale FROM food WHERE food_id = ? 
2019-07-27 13:25:57,864 DEBUG (BaseJdbcLogger.java:159)- ==> Parameters: 102(Long)
2019-07-27 13:25:57,865 DEBUG (BaseJdbcLogger.java:159)- <==      Total: 1
2019-07-27 13:25:57,868 DEBUG (BaseJdbcLogger.java:159)- ==>  Preparing: SELECT id,order_id,food_id,food_num FROM order_info WHERE order_id = ? 
2019-07-27 13:25:57,869 DEBUG (BaseJdbcLogger.java:159)- ==> Parameters: 33(Long)
2019-07-27 13:25:57,870 DEBUG (BaseJdbcLogger.java:159)- <==      Total: 2
2019-07-27 13:25:57,872 DEBUG (BaseJdbcLogger.java:159)- ==>  Preparing: SELECT food_id,food_describe,food_price,food_image,canteen_id,food_name,food_rate,food_rate_number,created_time,food_sale FROM food WHERE food_id = ? 
2019-07-27 13:25:57,872 DEBUG (BaseJdbcLogger.java:159)- ==> Parameters: 101(Long)
2019-07-27 13:25:57,874 DEBUG (BaseJdbcLogger.java:159)- <==      Total: 1
2019-07-27 13:25:57,875 DEBUG (BaseJdbcLogger.java:159)- ==>  Preparing: SELECT food_id,food_describe,food_price,food_image,canteen_id,food_name,food_rate,food_rate_number,created_time,food_sale FROM food WHERE food_id = ? 
2019-07-27 13:25:57,876 DEBUG (BaseJdbcLogger.java:159)- ==> Parameters: 102(Long)
2019-07-27 13:25:57,877 DEBUG (BaseJdbcLogger.java:159)- <==      Total: 1
2019-07-27 13:25:57,878 DEBUG (BaseJdbcLogger.java:159)- ==>  Preparing: SELECT id,order_id,food_id,food_num FROM order_info WHERE order_id = ? 
2019-07-27 13:25:57,878 DEBUG (BaseJdbcLogger.java:159)- ==> Parameters: 34(Long)
2019-07-27 13:25:57,879 DEBUG (BaseJdbcLogger.java:159)- <==      Total: 2
2019-07-27 13:25:57,880 DEBUG (BaseJdbcLogger.java:159)- ==>  Preparing: SELECT food_id,food_describe,food_price,food_image,canteen_id,food_name,food_rate,food_rate_number,created_time,food_sale FROM food WHERE food_id = ? 
2019-07-27 13:25:57,880 DEBUG (BaseJdbcLogger.java:159)- ==> Parameters: 2(Long)
2019-07-27 13:25:57,881 DEBUG (BaseJdbcLogger.java:159)- <==      Total: 1
2019-07-27 13:25:57,882 DEBUG (BaseJdbcLogger.java:159)- ==>  Preparing: SELECT food_id,food_describe,food_price,food_image,canteen_id,food_name,food_rate,food_rate_number,created_time,food_sale FROM food WHERE food_id = ? 
2019-07-27 13:25:57,883 DEBUG (BaseJdbcLogger.java:159)- ==> Parameters: 7(Long)
2019-07-27 13:25:57,884 DEBUG (BaseJdbcLogger.java:159)- <==      Total: 1
2019-07-27 13:25:57,885 DEBUG (BaseJdbcLogger.java:159)- ==>  Preparing: SELECT id,order_id,food_id,food_num FROM order_info WHERE order_id = ? 
2019-07-27 13:25:57,886 DEBUG (BaseJdbcLogger.java:159)- ==> Parameters: 35(Long)
2019-07-27 13:25:57,887 DEBUG (BaseJdbcLogger.java:159)- <==      Total: 1
2019-07-27 13:25:57,888 DEBUG (BaseJdbcLogger.java:159)- ==>  Preparing: SELECT food_id,food_describe,food_price,food_image,canteen_id,food_name,food_rate,food_rate_number,created_time,food_sale FROM food WHERE food_id = ? 
2019-07-27 13:25:57,888 DEBUG (BaseJdbcLogger.java:159)- ==> Parameters: 102(Long)
2019-07-27 13:25:57,890 DEBUG (BaseJdbcLogger.java:159)- <==      Total: 1
2019-07-27 13:25:57,891 DEBUG (BaseJdbcLogger.java:159)- ==>  Preparing: SELECT id,order_id,food_id,food_num FROM order_info WHERE order_id = ? 
2019-07-27 13:25:57,892 DEBUG (BaseJdbcLogger.java:159)- ==> Parameters: 36(Long)
2019-07-27 13:25:57,894 DEBUG (BaseJdbcLogger.java:159)- <==      Total: 1
2019-07-27 13:25:57,895 DEBUG (BaseJdbcLogger.java:159)- ==>  Preparing: SELECT food_id,food_describe,food_price,food_image,canteen_id,food_name,food_rate,food_rate_number,created_time,food_sale FROM food WHERE food_id = ? 
2019-07-27 13:25:57,895 DEBUG (BaseJdbcLogger.java:159)- ==> Parameters: 2(Long)
2019-07-27 13:25:57,896 DEBUG (BaseJdbcLogger.java:159)- <==      Total: 1
2019-07-27 13:25:57,897 DEBUG (BaseJdbcLogger.java:159)- ==>  Preparing: SELECT id,order_id,food_id,food_num FROM order_info WHERE order_id = ? 
2019-07-27 13:25:57,898 DEBUG (BaseJdbcLogger.java:159)- ==> Parameters: 37(Long)
2019-07-27 13:25:57,899 DEBUG (BaseJdbcLogger.java:159)- <==      Total: 2
2019-07-27 13:25:57,900 DEBUG (BaseJdbcLogger.java:159)- ==>  Preparing: SELECT food_id,food_describe,food_price,food_image,canteen_id,food_name,food_rate,food_rate_number,created_time,food_sale FROM food WHERE food_id = ? 
2019-07-27 13:25:57,901 DEBUG (BaseJdbcLogger.java:159)- ==> Parameters: 2(Long)
2019-07-27 13:25:57,903 DEBUG (BaseJdbcLogger.java:159)- <==      Total: 1
2019-07-27 13:25:57,903 DEBUG (BaseJdbcLogger.java:159)- ==>  Preparing: SELECT food_id,food_describe,food_price,food_image,canteen_id,food_name,food_rate,food_rate_number,created_time,food_sale FROM food WHERE food_id = ? 
2019-07-27 13:25:57,904 DEBUG (BaseJdbcLogger.java:159)- ==> Parameters: 1(Long)
2019-07-27 13:25:57,905 DEBUG (BaseJdbcLogger.java:159)- <==      Total: 1
2019-07-27 13:26:05,842 DEBUG (BaseJdbcLogger.java:159)- ==>  Preparing: SELECT canteen_id,canteen_label,canteen_name,canteen_des,canteen_image,canteen_mark_number,canteen_mark,sales,takeout_money FROM canteen 
2019-07-27 13:26:05,843 DEBUG (BaseJdbcLogger.java:159)- ==> Parameters: 
2019-07-27 13:26:05,844 DEBUG (BaseJdbcLogger.java:159)- <==      Total: 10
2019-07-27 13:26:15,096 DEBUG (BaseJdbcLogger.java:159)- ==>  Preparing: SELECT food_id,food_describe,food_price,food_image,canteen_id,food_name,food_rate,food_rate_number,created_time,food_sale FROM food WHERE canteen_id = ? 
2019-07-27 13:26:15,098 DEBUG (BaseJdbcLogger.java:159)- ==> Parameters: 8(Integer)
2019-07-27 13:26:15,100 DEBUG (BaseJdbcLogger.java:159)- <==      Total: 6
2019-07-27 13:26:15,101 DEBUG (BaseJdbcLogger.java:159)- ==>  Preparing: SELECT canteen_id,canteen_label,canteen_name,canteen_des,canteen_image,canteen_mark_number,canteen_mark,sales,takeout_money FROM canteen WHERE canteen_id = ? 
2019-07-27 13:26:15,101 DEBUG (BaseJdbcLogger.java:159)- ==>  Preparing: DELETE FROM cart_info WHERE food_num = ? 
2019-07-27 13:26:15,105 DEBUG (BaseJdbcLogger.java:159)- ==> Parameters: 0(Integer)
2019-07-27 13:26:15,106 DEBUG (BaseJdbcLogger.java:159)- ==> Parameters: 8(Integer)
2019-07-27 13:26:15,107 DEBUG (BaseJdbcLogger.java:159)- <==    Updates: 0
2019-07-27 13:26:15,108 DEBUG (BaseJdbcLogger.java:159)- <==      Total: 1
2019-07-27 13:26:15,108 DEBUG (BaseJdbcLogger.java:159)- ==>  Preparing: SELECT id,cart_id,food_id,food_num FROM cart_info 
2019-07-27 13:26:15,109 DEBUG (BaseJdbcLogger.java:159)- ==> Parameters: 
2019-07-27 13:26:15,110 DEBUG (BaseJdbcLogger.java:159)- <==      Total: 0
2019-07-27 13:26:15,111 DEBUG (BaseJdbcLogger.java:159)- ==>  Preparing: SELECT cart_id,user_id,all_price FROM cart WHERE user_id = ? 
2019-07-27 13:26:15,112 DEBUG (BaseJdbcLogger.java:159)- ==> Parameters: 75(Long)
2019-07-27 13:26:15,113 DEBUG (BaseJdbcLogger.java:159)- <==      Total: 1
2019-07-27 13:26:16,733 DEBUG (BaseJdbcLogger.java:159)- ==>  Preparing: SELECT * from food where canteen_id=? ORDER BY food_sale DESC 
2019-07-27 13:26:16,734 DEBUG (BaseJdbcLogger.java:159)- ==> Parameters: 8(Integer)
2019-07-27 13:26:16,738 DEBUG (BaseJdbcLogger.java:159)- <==      Total: 6
2019-07-27 13:26:17,939 DEBUG (BaseJdbcLogger.java:159)- ==>  Preparing: SELECT food_id,food_describe,food_price,food_image,canteen_id,food_name,food_rate,food_rate_number,created_time,food_sale FROM food WHERE canteen_id = ? 
2019-07-27 13:26:17,939 DEBUG (BaseJdbcLogger.java:159)- ==> Parameters: 8(Integer)
2019-07-27 13:26:17,941 DEBUG (BaseJdbcLogger.java:159)- <==      Total: 6
2019-07-27 13:26:19,033 DEBUG (BaseJdbcLogger.java:159)- ==>  Preparing: SELECT canteen_id,canteen_label,canteen_name,canteen_des,canteen_image,canteen_mark_number,canteen_mark,sales,takeout_money FROM canteen WHERE canteen_id = ? 
2019-07-27 13:26:19,035 DEBUG (BaseJdbcLogger.java:159)- ==> Parameters: 8(Integer)
2019-07-27 13:26:19,100 DEBUG (BaseJdbcLogger.java:159)- <==      Total: 1
2019-07-27 13:26:19,113 DEBUG (BaseJdbcLogger.java:159)- ==>  Preparing: SELECT comment_id,comment_content,order_id,user_id,canteen_id FROM comment WHERE canteen_id = ? 
2019-07-27 13:26:19,113 DEBUG (BaseJdbcLogger.java:159)- ==> Parameters: 8(Integer)
2019-07-27 13:26:19,114 DEBUG (BaseJdbcLogger.java:159)- <==      Total: 4
2019-07-27 13:26:19,116 DEBUG (BaseJdbcLogger.java:159)- ==>  Preparing: SELECT user_id,user_phone,user_pwd,user_email,user_status,user_name,canteen_id,verify_code,cart_id FROM user WHERE user_id = ? 
2019-07-27 13:26:19,117 DEBUG (BaseJdbcLogger.java:159)- ==> Parameters: 75(Long)
2019-07-27 13:26:19,118 DEBUG (BaseJdbcLogger.java:159)- <==      Total: 1
2019-07-27 13:26:19,119 DEBUG (BaseJdbcLogger.java:159)- ==>  Preparing: SELECT order_id,user_id,user_email,all_price,user_address,user_name,order_remark,order_time,user_phone,order_state,created_time FROM ord WHERE order_id = ? 
2019-07-27 13:26:19,119 DEBUG (BaseJdbcLogger.java:159)- ==> Parameters: 21(Long)
2019-07-27 13:26:19,120 DEBUG (BaseJdbcLogger.java:159)- <==      Total: 1
2019-07-27 13:26:19,121 DEBUG (BaseJdbcLogger.java:159)- ==>  Preparing: SELECT user_id,user_phone,user_pwd,user_email,user_status,user_name,canteen_id,verify_code,cart_id FROM user WHERE user_id = ? 
2019-07-27 13:26:19,122 DEBUG (BaseJdbcLogger.java:159)- ==> Parameters: 75(Long)
2019-07-27 13:26:19,123 DEBUG (BaseJdbcLogger.java:159)- <==      Total: 1
2019-07-27 13:26:19,124 DEBUG (BaseJdbcLogger.java:159)- ==>  Preparing: SELECT order_id,user_id,user_email,all_price,user_address,user_name,order_remark,order_time,user_phone,order_state,created_time FROM ord WHERE order_id = ? 
2019-07-27 13:26:19,125 DEBUG (BaseJdbcLogger.java:159)- ==> Parameters: 22(Long)
2019-07-27 13:26:19,126 DEBUG (BaseJdbcLogger.java:159)- <==      Total: 1
2019-07-27 13:26:19,126 DEBUG (BaseJdbcLogger.java:159)- ==>  Preparing: SELECT user_id,user_phone,user_pwd,user_email,user_status,user_name,canteen_id,verify_code,cart_id FROM user WHERE user_id = ? 
2019-07-27 13:26:19,127 DEBUG (BaseJdbcLogger.java:159)- ==> Parameters: 75(Long)
2019-07-27 13:26:19,128 DEBUG (BaseJdbcLogger.java:159)- <==      Total: 1
2019-07-27 13:26:19,130 DEBUG (BaseJdbcLogger.java:159)- ==>  Preparing: SELECT order_id,user_id,user_email,all_price,user_address,user_name,order_remark,order_time,user_phone,order_state,created_time FROM ord WHERE order_id = ? 
2019-07-27 13:26:19,131 DEBUG (BaseJdbcLogger.java:159)- ==> Parameters: 22(Long)
2019-07-27 13:26:19,132 DEBUG (BaseJdbcLogger.java:159)- <==      Total: 1
2019-07-27 13:26:19,133 DEBUG (BaseJdbcLogger.java:159)- ==>  Preparing: SELECT user_id,user_phone,user_pwd,user_email,user_status,user_name,canteen_id,verify_code,cart_id FROM user WHERE user_id = ? 
2019-07-27 13:26:19,134 DEBUG (BaseJdbcLogger.java:159)- ==> Parameters: 75(Long)
2019-07-27 13:26:19,136 DEBUG (BaseJdbcLogger.java:159)- <==      Total: 1
2019-07-27 13:26:19,138 DEBUG (BaseJdbcLogger.java:159)- ==>  Preparing: SELECT order_id,user_id,user_email,all_price,user_address,user_name,order_remark,order_time,user_phone,order_state,created_time FROM ord WHERE order_id = ? 
2019-07-27 13:26:19,139 DEBUG (BaseJdbcLogger.java:159)- ==> Parameters: 20(Long)
2019-07-27 13:26:19,140 DEBUG (BaseJdbcLogger.java:159)- <==      Total: 1
2019-07-27 13:26:20,553 DEBUG (BaseJdbcLogger.java:159)- ==>  Preparing: SELECT canteen_id,canteen_label,canteen_name,canteen_des,canteen_image,canteen_mark_number,canteen_mark,sales,takeout_money FROM canteen 
2019-07-27 13:26:20,553 DEBUG (BaseJdbcLogger.java:159)- ==> Parameters: 
2019-07-27 13:26:20,556 DEBUG (BaseJdbcLogger.java:159)- <==      Total: 10
2019-07-27 15:10:38,323 DEBUG (BaseJdbcLogger.java:159)- ==>  Preparing: SELECT canteen_id,canteen_label,canteen_name,canteen_des,canteen_image,canteen_mark_number,canteen_mark,sales,takeout_money FROM canteen 
2019-07-27 15:10:38,353 DEBUG (BaseJdbcLogger.java:159)- ==> Parameters: 
2019-07-27 15:10:38,364 DEBUG (BaseJdbcLogger.java:159)- <==      Total: 10
2019-07-27 15:11:50,432 DEBUG (BaseJdbcLogger.java:159)- ==>  Preparing: SELECT user_id,user_phone,user_pwd,user_email,user_status,user_name,canteen_id,verify_code,cart_id FROM user WHERE user_pwd = ? AND user_email = ? 
2019-07-27 15:11:50,438 DEBUG (BaseJdbcLogger.java:159)- ==> Parameters: 310dcbbf4cce62f762a2aaa148d556bd(String), 2150866957@qq.com(String)
2019-07-27 15:11:50,442 DEBUG (BaseJdbcLogger.java:159)- <==      Total: 1
2019-07-27 15:11:50,610 DEBUG (BaseJdbcLogger.java:159)- ==>  Preparing: SELECT canteen_id,canteen_label,canteen_name,canteen_des,canteen_image,canteen_mark_number,canteen_mark,sales,takeout_money FROM canteen 
2019-07-27 15:11:50,612 DEBUG (BaseJdbcLogger.java:159)- ==> Parameters: 
2019-07-27 15:11:50,616 DEBUG (BaseJdbcLogger.java:159)- <==      Total: 10
2019-07-27 15:12:06,362 DEBUG (BaseJdbcLogger.java:159)- ==>  Preparing: SELECT canteen_id,canteen_label,canteen_name,canteen_des,canteen_image,canteen_mark_number,canteen_mark,sales,takeout_money FROM canteen WHERE canteen_id = ? 
2019-07-27 15:12:06,369 DEBUG (BaseJdbcLogger.java:159)- ==> Parameters: 9(Integer)
2019-07-27 15:12:06,372 DEBUG (BaseJdbcLogger.java:159)- <==      Total: 1
2019-07-27 15:12:06,379 DEBUG (BaseJdbcLogger.java:159)- ==>  Preparing: DELETE FROM cart_info WHERE food_num = ? 
2019-07-27 15:12:06,390 DEBUG (BaseJdbcLogger.java:159)- ==> Parameters: 0(Integer)
2019-07-27 15:12:06,394 DEBUG (BaseJdbcLogger.java:159)- <==    Updates: 0
2019-07-27 15:12:06,397 DEBUG (BaseJdbcLogger.java:159)- ==>  Preparing: SELECT id,cart_id,food_id,food_num FROM cart_info 
2019-07-27 15:12:06,398 DEBUG (BaseJdbcLogger.java:159)- ==> Parameters: 
2019-07-27 15:12:06,401 DEBUG (BaseJdbcLogger.java:159)- <==      Total: 0
2019-07-27 15:12:06,402 DEBUG (BaseJdbcLogger.java:159)- ==>  Preparing: SELECT food_id,food_describe,food_price,food_image,canteen_id,food_name,food_rate,food_rate_number,created_time,food_sale FROM food WHERE canteen_id = ? 
2019-07-27 15:12:06,404 DEBUG (BaseJdbcLogger.java:159)- ==> Parameters: 9(Integer)
2019-07-27 15:12:06,407 DEBUG (BaseJdbcLogger.java:159)- <==      Total: 2
2019-07-27 15:12:06,408 DEBUG (BaseJdbcLogger.java:159)- ==>  Preparing: SELECT cart_id,user_id,all_price FROM cart WHERE user_id = ? 
2019-07-27 15:12:06,411 DEBUG (BaseJdbcLogger.java:159)- ==> Parameters: 75(Long)
2019-07-27 15:12:06,414 DEBUG (BaseJdbcLogger.java:159)- <==      Total: 1
2019-07-27 15:12:07,904 DEBUG (BaseJdbcLogger.java:159)- ==>  Preparing: SELECT id,cart_id,food_id,food_num FROM cart_info WHERE cart_id = ? AND food_id = ? 
2019-07-27 15:12:07,906 DEBUG (BaseJdbcLogger.java:159)- ==> Parameters: 1(Integer), 102(Long)
2019-07-27 15:12:07,907 DEBUG (BaseJdbcLogger.java:159)- <==      Total: 0
2019-07-27 15:12:07,914 DEBUG (BaseJdbcLogger.java:159)- ==>  Preparing: INSERT INTO cart_info ( id,cart_id,food_id,food_num ) VALUES( ?,?,?,? ) 
2019-07-27 15:12:07,916 DEBUG (BaseJdbcLogger.java:159)- ==> Parameters: null, 1(Integer), 102(Long), 1(Integer)
2019-07-27 15:12:07,924 DEBUG (BaseJdbcLogger.java:159)- <==    Updates: 1
2019-07-27 15:12:07,925 DEBUG (BaseJdbcLogger.java:159)- ==>  Preparing: SELECT id,cart_id,food_id,food_num FROM cart_info WHERE cart_id = ? 
2019-07-27 15:12:07,926 DEBUG (BaseJdbcLogger.java:159)- ==> Parameters: 1(Integer)
2019-07-27 15:12:07,929 DEBUG (BaseJdbcLogger.java:159)- <==      Total: 1
2019-07-27 15:12:07,930 DEBUG (BaseJdbcLogger.java:159)- ==>  Preparing: SELECT food_id,food_describe,food_price,food_image,canteen_id,food_name,food_rate,food_rate_number,created_time,food_sale FROM food WHERE food_id = ? 
2019-07-27 15:12:07,931 DEBUG (BaseJdbcLogger.java:159)- ==> Parameters: 102(Long)
2019-07-27 15:12:07,935 DEBUG (BaseJdbcLogger.java:159)- <==      Total: 1
2019-07-27 15:12:07,937 DEBUG (BaseJdbcLogger.java:159)- ==>  Preparing: update cart SET all_price =? WHERE cart_id=? 
2019-07-27 15:12:07,937 DEBUG (BaseJdbcLogger.java:159)- ==> Parameters: 19(Integer), 1(Integer)
2019-07-27 15:12:07,942 DEBUG (BaseJdbcLogger.java:159)- <==    Updates: 1
2019-07-27 15:12:07,942 DEBUG (BaseJdbcLogger.java:159)- ==>  Preparing: DELETE FROM cart_info WHERE food_num = ? 
2019-07-27 15:12:07,943 DEBUG (BaseJdbcLogger.java:159)- ==> Parameters: 0(Integer)
2019-07-27 15:12:07,944 DEBUG (BaseJdbcLogger.java:159)- <==    Updates: 0
2019-07-27 15:12:07,946 DEBUG (BaseJdbcLogger.java:159)- ==>  Preparing: SELECT id,cart_id,food_id,food_num FROM cart_info WHERE cart_id = ? 
2019-07-27 15:12:07,946 DEBUG (BaseJdbcLogger.java:159)- ==> Parameters: 1(Integer)
2019-07-27 15:12:07,948 DEBUG (BaseJdbcLogger.java:159)- <==      Total: 1
2019-07-27 15:12:07,949 DEBUG (BaseJdbcLogger.java:159)- ==>  Preparing: SELECT food_id,food_describe,food_price,food_image,canteen_id,food_name,food_rate,food_rate_number,created_time,food_sale FROM food WHERE food_id = ? 
2019-07-27 15:12:07,951 DEBUG (BaseJdbcLogger.java:159)- ==> Parameters: 102(Long)
2019-07-27 15:12:07,953 DEBUG (BaseJdbcLogger.java:159)- <==      Total: 1
2019-07-27 15:12:07,956 DEBUG (BaseJdbcLogger.java:159)- ==>  Preparing: SELECT cart_id,user_id,all_price FROM cart WHERE cart_id = ? AND user_id = ? AND all_price = ? 
2019-07-27 15:12:07,956 DEBUG (BaseJdbcLogger.java:159)- ==> Parameters: 1(Integer), 75(Long), 19(Integer)
2019-07-27 15:12:07,957 DEBUG (BaseJdbcLogger.java:159)- <==      Total: 1
2019-07-27 15:12:09,461 DEBUG (BaseJdbcLogger.java:159)- ==>  Preparing: SELECT id,cart_id,food_id,food_num FROM cart_info WHERE cart_id = ? AND food_id = ? 
2019-07-27 15:12:09,462 DEBUG (BaseJdbcLogger.java:159)- ==> Parameters: 1(Integer), 102(Long)
2019-07-27 15:12:09,464 DEBUG (BaseJdbcLogger.java:159)- <==      Total: 1
2019-07-27 15:12:09,466 DEBUG (BaseJdbcLogger.java:159)- ==>  Preparing: update cart_info set food_num=food_num+1 WHERE cart_id=? and food_id=? 
2019-07-27 15:12:09,467 DEBUG (BaseJdbcLogger.java:159)- ==> Parameters: 1(Integer), 102(Long)
2019-07-27 15:12:09,472 DEBUG (BaseJdbcLogger.java:159)- <==    Updates: 1
2019-07-27 15:12:09,474 DEBUG (BaseJdbcLogger.java:159)- ==>  Preparing: SELECT id,cart_id,food_id,food_num FROM cart_info WHERE cart_id = ? 
2019-07-27 15:12:09,475 DEBUG (BaseJdbcLogger.java:159)- ==> Parameters: 1(Integer)
2019-07-27 15:12:09,478 DEBUG (BaseJdbcLogger.java:159)- <==      Total: 1
2019-07-27 15:12:09,479 DEBUG (BaseJdbcLogger.java:159)- ==>  Preparing: SELECT food_id,food_describe,food_price,food_image,canteen_id,food_name,food_rate,food_rate_number,created_time,food_sale FROM food WHERE food_id = ? 
2019-07-27 15:12:09,480 DEBUG (BaseJdbcLogger.java:159)- ==> Parameters: 102(Long)
2019-07-27 15:12:09,482 DEBUG (BaseJdbcLogger.java:159)- <==      Total: 1
2019-07-27 15:12:09,483 DEBUG (BaseJdbcLogger.java:159)- ==>  Preparing: update cart SET all_price =? WHERE cart_id=? 
2019-07-27 15:12:09,485 DEBUG (BaseJdbcLogger.java:159)- ==> Parameters: 38(Integer), 1(Integer)
2019-07-27 15:12:09,489 DEBUG (BaseJdbcLogger.java:159)- <==    Updates: 1
2019-07-27 15:12:09,490 DEBUG (BaseJdbcLogger.java:159)- ==>  Preparing: DELETE FROM cart_info WHERE food_num = ? 
2019-07-27 15:12:09,492 DEBUG (BaseJdbcLogger.java:159)- ==> Parameters: 0(Integer)
2019-07-27 15:12:09,493 DEBUG (BaseJdbcLogger.java:159)- <==    Updates: 0
2019-07-27 15:12:09,494 DEBUG (BaseJdbcLogger.java:159)- ==>  Preparing: SELECT id,cart_id,food_id,food_num FROM cart_info WHERE cart_id = ? 
2019-07-27 15:12:09,495 DEBUG (BaseJdbcLogger.java:159)- ==> Parameters: 1(Integer)
2019-07-27 15:12:09,496 DEBUG (BaseJdbcLogger.java:159)- <==      Total: 1
2019-07-27 15:12:09,497 DEBUG (BaseJdbcLogger.java:159)- ==>  Preparing: SELECT food_id,food_describe,food_price,food_image,canteen_id,food_name,food_rate,food_rate_number,created_time,food_sale FROM food WHERE food_id = ? 
2019-07-27 15:12:09,498 DEBUG (BaseJdbcLogger.java:159)- ==> Parameters: 102(Long)
2019-07-27 15:12:09,500 DEBUG (BaseJdbcLogger.java:159)- <==      Total: 1
2019-07-27 15:12:09,501 DEBUG (BaseJdbcLogger.java:159)- ==>  Preparing: SELECT cart_id,user_id,all_price FROM cart WHERE cart_id = ? AND user_id = ? AND all_price = ? 
2019-07-27 15:12:09,502 DEBUG (BaseJdbcLogger.java:159)- ==> Parameters: 1(Integer), 75(Long), 38(Integer)
2019-07-27 15:12:09,504 DEBUG (BaseJdbcLogger.java:159)- <==      Total: 1
2019-07-27 15:12:11,346 DEBUG (BaseJdbcLogger.java:159)- ==>  Preparing: SELECT canteen_id,canteen_label,canteen_name,canteen_des,canteen_image,canteen_mark_number,canteen_mark,sales,takeout_money FROM canteen 
2019-07-27 15:12:11,348 DEBUG (BaseJdbcLogger.java:159)- ==> Parameters: 
2019-07-27 15:12:11,352 DEBUG (BaseJdbcLogger.java:159)- <==      Total: 10
2019-07-27 15:12:11,994 DEBUG (BaseJdbcLogger.java:159)- ==>  Preparing: SELECT canteen_id,canteen_label,canteen_name,canteen_des,canteen_image,canteen_mark_number,canteen_mark,sales,takeout_money FROM canteen 
2019-07-27 15:12:11,995 DEBUG (BaseJdbcLogger.java:159)- ==> Parameters: 
2019-07-27 15:12:11,997 DEBUG (BaseJdbcLogger.java:159)- <==      Total: 10
2019-07-27 15:12:12,702 DEBUG (BaseJdbcLogger.java:159)- ==>  Preparing: SELECT food_id,food_describe,food_price,food_image,canteen_id,food_name,food_rate,food_rate_number,created_time,food_sale FROM food WHERE canteen_id = ? 
2019-07-27 15:12:12,703 DEBUG (BaseJdbcLogger.java:159)- ==> Parameters: 9(Integer)
2019-07-27 15:12:12,705 DEBUG (BaseJdbcLogger.java:159)- <==      Total: 2
2019-07-27 15:12:12,717 DEBUG (BaseJdbcLogger.java:159)- ==>  Preparing: DELETE FROM cart_info WHERE food_num = ? 
2019-07-27 15:12:12,718 DEBUG (BaseJdbcLogger.java:159)- ==> Parameters: 0(Integer)
2019-07-27 15:12:12,720 DEBUG (BaseJdbcLogger.java:159)- <==    Updates: 0
2019-07-27 15:12:12,721 DEBUG (BaseJdbcLogger.java:159)- ==>  Preparing: SELECT id,cart_id,food_id,food_num FROM cart_info 
2019-07-27 15:12:12,723 DEBUG (BaseJdbcLogger.java:159)- ==> Parameters: 
2019-07-27 15:12:12,726 DEBUG (BaseJdbcLogger.java:159)- ==>  Preparing: SELECT canteen_id,canteen_label,canteen_name,canteen_des,canteen_image,canteen_mark_number,canteen_mark,sales,takeout_money FROM canteen WHERE canteen_id = ? 
2019-07-27 15:12:12,726 DEBUG (BaseJdbcLogger.java:159)- <==      Total: 1
2019-07-27 15:12:12,728 DEBUG (BaseJdbcLogger.java:159)- ==>  Preparing: SELECT food_id,food_describe,food_price,food_image,canteen_id,food_name,food_rate,food_rate_number,created_time,food_sale FROM food WHERE food_id = ? 
2019-07-27 15:12:12,730 DEBUG (BaseJdbcLogger.java:159)- ==> Parameters: 102(Long)
2019-07-27 15:12:12,727 DEBUG (BaseJdbcLogger.java:159)- ==> Parameters: 9(Integer)
2019-07-27 15:12:12,732 DEBUG (BaseJdbcLogger.java:159)- <==      Total: 1
2019-07-27 15:12:12,733 DEBUG (BaseJdbcLogger.java:159)- ==>  Preparing: SELECT cart_id,user_id,all_price FROM cart WHERE user_id = ? 
2019-07-27 15:12:12,734 DEBUG (BaseJdbcLogger.java:159)- ==> Parameters: 75(Long)
2019-07-27 15:12:12,737 DEBUG (BaseJdbcLogger.java:159)- <==      Total: 1
2019-07-27 15:12:12,734 DEBUG (BaseJdbcLogger.java:159)- <==      Total: 1
2019-07-27 15:12:15,553 DEBUG (BaseJdbcLogger.java:159)- ==>  Preparing: SELECT id,cart_id,food_id,food_num FROM cart_info WHERE cart_id = ? AND food_id = ? 
2019-07-27 15:12:15,554 DEBUG (BaseJdbcLogger.java:159)- ==> Parameters: 1(Integer), 101(Long)
2019-07-27 15:12:15,556 DEBUG (BaseJdbcLogger.java:159)- <==      Total: 0
2019-07-27 15:12:15,557 DEBUG (BaseJdbcLogger.java:159)- ==>  Preparing: INSERT INTO cart_info ( id,cart_id,food_id,food_num ) VALUES( ?,?,?,? ) 
2019-07-27 15:12:15,558 DEBUG (BaseJdbcLogger.java:159)- ==> Parameters: null, 1(Integer), 101(Long), 1(Integer)
2019-07-27 15:12:15,562 DEBUG (BaseJdbcLogger.java:159)- <==    Updates: 1
2019-07-27 15:12:15,564 DEBUG (BaseJdbcLogger.java:159)- ==>  Preparing: SELECT id,cart_id,food_id,food_num FROM cart_info WHERE cart_id = ? 
2019-07-27 15:12:15,565 DEBUG (BaseJdbcLogger.java:159)- ==> Parameters: 1(Integer)
2019-07-27 15:12:15,566 DEBUG (BaseJdbcLogger.java:159)- <==      Total: 2
2019-07-27 15:12:15,568 DEBUG (BaseJdbcLogger.java:159)- ==>  Preparing: SELECT food_id,food_describe,food_price,food_image,canteen_id,food_name,food_rate,food_rate_number,created_time,food_sale FROM food WHERE food_id = ? 
2019-07-27 15:12:15,569 DEBUG (BaseJdbcLogger.java:159)- ==> Parameters: 102(Long)
2019-07-27 15:12:15,571 DEBUG (BaseJdbcLogger.java:159)- <==      Total: 1
2019-07-27 15:12:15,573 DEBUG (BaseJdbcLogger.java:159)- ==>  Preparing: SELECT food_id,food_describe,food_price,food_image,canteen_id,food_name,food_rate,food_rate_number,created_time,food_sale FROM food WHERE food_id = ? 
2019-07-27 15:12:15,574 DEBUG (BaseJdbcLogger.java:159)- ==> Parameters: 101(Long)
2019-07-27 15:12:15,577 DEBUG (BaseJdbcLogger.java:159)- <==      Total: 1
2019-07-27 15:12:15,578 DEBUG (BaseJdbcLogger.java:159)- ==>  Preparing: update cart SET all_price =? WHERE cart_id=? 
2019-07-27 15:12:15,579 DEBUG (BaseJdbcLogger.java:159)- ==> Parameters: 53(Integer), 1(Integer)
2019-07-27 15:12:15,583 DEBUG (BaseJdbcLogger.java:159)- <==    Updates: 1
2019-07-27 15:12:15,585 DEBUG (BaseJdbcLogger.java:159)- ==>  Preparing: DELETE FROM cart_info WHERE food_num = ? 
2019-07-27 15:12:15,586 DEBUG (BaseJdbcLogger.java:159)- ==> Parameters: 0(Integer)
2019-07-27 15:12:15,587 DEBUG (BaseJdbcLogger.java:159)- <==    Updates: 0
2019-07-27 15:12:15,589 DEBUG (BaseJdbcLogger.java:159)- ==>  Preparing: SELECT id,cart_id,food_id,food_num FROM cart_info WHERE cart_id = ? 
2019-07-27 15:12:15,590 DEBUG (BaseJdbcLogger.java:159)- ==> Parameters: 1(Integer)
2019-07-27 15:12:15,592 DEBUG (BaseJdbcLogger.java:159)- <==      Total: 2
2019-07-27 15:12:15,593 DEBUG (BaseJdbcLogger.java:159)- ==>  Preparing: SELECT food_id,food_describe,food_price,food_image,canteen_id,food_name,food_rate,food_rate_number,created_time,food_sale FROM food WHERE food_id = ? 
2019-07-27 15:12:15,594 DEBUG (BaseJdbcLogger.java:159)- ==> Parameters: 102(Long)
2019-07-27 15:12:15,596 DEBUG (BaseJdbcLogger.java:159)- <==      Total: 1
2019-07-27 15:12:15,597 DEBUG (BaseJdbcLogger.java:159)- ==>  Preparing: SELECT food_id,food_describe,food_price,food_image,canteen_id,food_name,food_rate,food_rate_number,created_time,food_sale FROM food WHERE food_id = ? 
2019-07-27 15:12:15,598 DEBUG (BaseJdbcLogger.java:159)- ==> Parameters: 101(Long)
2019-07-27 15:12:15,600 DEBUG (BaseJdbcLogger.java:159)- <==      Total: 1
2019-07-27 15:12:15,602 DEBUG (BaseJdbcLogger.java:159)- ==>  Preparing: SELECT cart_id,user_id,all_price FROM cart WHERE cart_id = ? AND user_id = ? AND all_price = ? 
2019-07-27 15:12:15,602 DEBUG (BaseJdbcLogger.java:159)- ==> Parameters: 1(Integer), 75(Long), 53(Integer)
2019-07-27 15:12:15,604 DEBUG (BaseJdbcLogger.java:159)- <==      Total: 1
2019-07-27 15:12:19,442 DEBUG (BaseJdbcLogger.java:159)- ==>  Preparing: DELETE FROM cart_info WHERE cart_id = ? 
2019-07-27 15:12:19,444 DEBUG (BaseJdbcLogger.java:159)- ==> Parameters: 1(Integer)
2019-07-27 15:12:19,448 DEBUG (BaseJdbcLogger.java:159)- <==    Updates: 2
2019-07-27 15:12:19,450 DEBUG (BaseJdbcLogger.java:159)- ==>  Preparing: update cart SET all_price =? WHERE cart_id=? 
2019-07-27 15:12:19,451 DEBUG (BaseJdbcLogger.java:159)- ==> Parameters: 0(Integer), 1(Integer)
2019-07-27 15:12:19,457 DEBUG (BaseJdbcLogger.java:159)- <==    Updates: 1
2019-07-27 15:12:19,536 DEBUG (BaseJdbcLogger.java:159)- ==>  Preparing: SELECT canteen_id,canteen_label,canteen_name,canteen_des,canteen_image,canteen_mark_number,canteen_mark,sales,takeout_money FROM canteen WHERE canteen_id = ? 
2019-07-27 15:12:19,538 DEBUG (BaseJdbcLogger.java:159)- ==> Parameters: 9(Integer)
2019-07-27 15:12:19,540 DEBUG (BaseJdbcLogger.java:159)- <==      Total: 1
2019-07-27 15:12:19,548 DEBUG (BaseJdbcLogger.java:159)- ==>  Preparing: SELECT food_id,food_describe,food_price,food_image,canteen_id,food_name,food_rate,food_rate_number,created_time,food_sale FROM food WHERE canteen_id = ? 
2019-07-27 15:12:19,550 DEBUG (BaseJdbcLogger.java:159)- ==> Parameters: 9(Integer)
2019-07-27 15:12:19,553 DEBUG (BaseJdbcLogger.java:159)- <==      Total: 2
2019-07-27 15:12:19,562 DEBUG (BaseJdbcLogger.java:159)- ==>  Preparing: DELETE FROM cart_info WHERE food_num = ? 
2019-07-27 15:12:19,563 DEBUG (BaseJdbcLogger.java:159)- ==> Parameters: 0(Integer)
2019-07-27 15:12:19,575 DEBUG (BaseJdbcLogger.java:159)- <==    Updates: 0
2019-07-27 15:12:19,577 DEBUG (BaseJdbcLogger.java:159)- ==>  Preparing: SELECT id,cart_id,food_id,food_num FROM cart_info 
2019-07-27 15:12:19,578 DEBUG (BaseJdbcLogger.java:159)- ==> Parameters: 
2019-07-27 15:12:19,580 DEBUG (BaseJdbcLogger.java:159)- <==      Total: 0
2019-07-27 15:12:19,581 DEBUG (BaseJdbcLogger.java:159)- ==>  Preparing: SELECT cart_id,user_id,all_price FROM cart WHERE user_id = ? 
2019-07-27 15:12:19,582 DEBUG (BaseJdbcLogger.java:159)- ==> Parameters: 75(Long)
2019-07-27 15:12:19,584 DEBUG (BaseJdbcLogger.java:159)- <==      Total: 1
2019-07-27 15:12:21,006 DEBUG (BaseJdbcLogger.java:159)- ==>  Preparing: SELECT canteen_id,canteen_label,canteen_name,canteen_des,canteen_image,canteen_mark_number,canteen_mark,sales,takeout_money FROM canteen 
2019-07-27 15:12:21,008 DEBUG (BaseJdbcLogger.java:159)- ==> Parameters: 
2019-07-27 15:12:21,010 DEBUG (BaseJdbcLogger.java:159)- <==      Total: 10
2019-07-27 15:12:23,461 DEBUG (BaseJdbcLogger.java:159)- ==>  Preparing: SELECT food_id,food_describe,food_price,food_image,canteen_id,food_name,food_rate,food_rate_number,created_time,food_sale FROM food WHERE canteen_id = ? 
2019-07-27 15:12:23,463 DEBUG (BaseJdbcLogger.java:159)- ==> Parameters: 9(Integer)
2019-07-27 15:12:23,465 DEBUG (BaseJdbcLogger.java:159)- ==>  Preparing: DELETE FROM cart_info WHERE food_num = ? 
2019-07-27 15:12:23,466 DEBUG (BaseJdbcLogger.java:159)- ==> Parameters: 0(Integer)
2019-07-27 15:12:23,469 DEBUG (BaseJdbcLogger.java:159)- <==    Updates: 0
2019-07-27 15:12:23,470 DEBUG (BaseJdbcLogger.java:159)- ==>  Preparing: SELECT id,cart_id,food_id,food_num FROM cart_info 
2019-07-27 15:12:23,471 DEBUG (BaseJdbcLogger.java:159)- ==> Parameters: 
2019-07-27 15:12:23,474 DEBUG (BaseJdbcLogger.java:159)- <==      Total: 0
2019-07-27 15:12:23,475 DEBUG (BaseJdbcLogger.java:159)- ==>  Preparing: SELECT cart_id,user_id,all_price FROM cart WHERE user_id = ? 
2019-07-27 15:12:23,465 DEBUG (BaseJdbcLogger.java:159)- <==      Total: 2
2019-07-27 15:12:23,476 DEBUG (BaseJdbcLogger.java:159)- ==> Parameters: 75(Long)
2019-07-27 15:12:23,478 DEBUG (BaseJdbcLogger.java:159)- ==>  Preparing: SELECT canteen_id,canteen_label,canteen_name,canteen_des,canteen_image,canteen_mark_number,canteen_mark,sales,takeout_money FROM canteen WHERE canteen_id = ? 
2019-07-27 15:12:23,479 DEBUG (BaseJdbcLogger.java:159)- <==      Total: 1
2019-07-27 15:12:23,481 DEBUG (BaseJdbcLogger.java:159)- ==> Parameters: 9(Integer)
2019-07-27 15:12:23,495 DEBUG (BaseJdbcLogger.java:159)- <==      Total: 1
2019-07-27 15:12:25,207 DEBUG (BaseJdbcLogger.java:159)- ==>  Preparing: SELECT id,cart_id,food_id,food_num FROM cart_info WHERE cart_id = ? AND food_id = ? 
2019-07-27 15:12:25,210 DEBUG (BaseJdbcLogger.java:159)- ==> Parameters: 1(Integer), 102(Long)
2019-07-27 15:12:25,213 DEBUG (BaseJdbcLogger.java:159)- <==      Total: 0
2019-07-27 15:12:25,215 DEBUG (BaseJdbcLogger.java:159)- ==>  Preparing: INSERT INTO cart_info ( id,cart_id,food_id,food_num ) VALUES( ?,?,?,? ) 
2019-07-27 15:12:25,216 DEBUG (BaseJdbcLogger.java:159)- ==> Parameters: null, 1(Integer), 102(Long), 1(Integer)
2019-07-27 15:12:25,221 DEBUG (BaseJdbcLogger.java:159)- <==    Updates: 1
2019-07-27 15:12:25,223 DEBUG (BaseJdbcLogger.java:159)- ==>  Preparing: SELECT id,cart_id,food_id,food_num FROM cart_info WHERE cart_id = ? 
2019-07-27 15:12:25,224 DEBUG (BaseJdbcLogger.java:159)- ==> Parameters: 1(Integer)
2019-07-27 15:12:25,231 DEBUG (BaseJdbcLogger.java:159)- <==      Total: 1
2019-07-27 15:12:25,232 DEBUG (BaseJdbcLogger.java:159)- ==>  Preparing: SELECT food_id,food_describe,food_price,food_image,canteen_id,food_name,food_rate,food_rate_number,created_time,food_sale FROM food WHERE food_id = ? 
2019-07-27 15:12:25,233 DEBUG (BaseJdbcLogger.java:159)- ==> Parameters: 102(Long)
2019-07-27 15:12:25,235 DEBUG (BaseJdbcLogger.java:159)- <==      Total: 1
2019-07-27 15:12:25,236 DEBUG (BaseJdbcLogger.java:159)- ==>  Preparing: update cart SET all_price =? WHERE cart_id=? 
2019-07-27 15:12:25,237 DEBUG (BaseJdbcLogger.java:159)- ==> Parameters: 19(Integer), 1(Integer)
2019-07-27 15:12:25,242 DEBUG (BaseJdbcLogger.java:159)- <==    Updates: 1
2019-07-27 15:12:25,243 DEBUG (BaseJdbcLogger.java:159)- ==>  Preparing: DELETE FROM cart_info WHERE food_num = ? 
2019-07-27 15:12:25,244 DEBUG (BaseJdbcLogger.java:159)- ==> Parameters: 0(Integer)
2019-07-27 15:12:25,246 DEBUG (BaseJdbcLogger.java:159)- <==    Updates: 0
2019-07-27 15:12:25,247 DEBUG (BaseJdbcLogger.java:159)- ==>  Preparing: SELECT id,cart_id,food_id,food_num FROM cart_info WHERE cart_id = ? 
2019-07-27 15:12:25,248 DEBUG (BaseJdbcLogger.java:159)- ==> Parameters: 1(Integer)
2019-07-27 15:12:25,251 DEBUG (BaseJdbcLogger.java:159)- <==      Total: 1
2019-07-27 15:12:25,253 DEBUG (BaseJdbcLogger.java:159)- ==>  Preparing: SELECT food_id,food_describe,food_price,food_image,canteen_id,food_name,food_rate,food_rate_number,created_time,food_sale FROM food WHERE food_id = ? 
2019-07-27 15:12:25,254 DEBUG (BaseJdbcLogger.java:159)- ==> Parameters: 102(Long)
2019-07-27 15:12:25,257 DEBUG (BaseJdbcLogger.java:159)- <==      Total: 1
2019-07-27 15:12:25,259 DEBUG (BaseJdbcLogger.java:159)- ==>  Preparing: SELECT cart_id,user_id,all_price FROM cart WHERE cart_id = ? AND user_id = ? AND all_price = ? 
2019-07-27 15:12:25,260 DEBUG (BaseJdbcLogger.java:159)- ==> Parameters: 1(Integer), 75(Long), 19(Integer)
2019-07-27 15:12:25,263 DEBUG (BaseJdbcLogger.java:159)- <==      Total: 1
2019-07-27 15:12:26,521 DEBUG (BaseJdbcLogger.java:159)- ==>  Preparing: DELETE FROM cart_info WHERE food_num = ? 
2019-07-27 15:12:26,523 DEBUG (BaseJdbcLogger.java:159)- ==> Parameters: 0(Integer)
2019-07-27 15:12:26,524 DEBUG (BaseJdbcLogger.java:159)- <==    Updates: 0
2019-07-27 15:12:26,526 DEBUG (BaseJdbcLogger.java:159)- ==>  Preparing: SELECT id,cart_id,food_id,food_num FROM cart_info 
2019-07-27 15:12:26,527 DEBUG (BaseJdbcLogger.java:159)- ==> Parameters: 
2019-07-27 15:12:26,528 DEBUG (BaseJdbcLogger.java:159)- <==      Total: 1
2019-07-27 15:12:26,530 DEBUG (BaseJdbcLogger.java:159)- ==>  Preparing: SELECT food_id,food_describe,food_price,food_image,canteen_id,food_name,food_rate,food_rate_number,created_time,food_sale FROM food WHERE food_id = ? 
2019-07-27 15:12:26,531 DEBUG (BaseJdbcLogger.java:159)- ==> Parameters: 102(Long)
2019-07-27 15:12:26,533 DEBUG (BaseJdbcLogger.java:159)- <==      Total: 1
2019-07-27 15:12:26,535 DEBUG (BaseJdbcLogger.java:159)- ==>  Preparing: SELECT cart_id,user_id,all_price FROM cart WHERE user_id = ? 
2019-07-27 15:12:26,536 DEBUG (BaseJdbcLogger.java:159)- ==> Parameters: 75(Long)
2019-07-27 15:12:26,538 DEBUG (BaseJdbcLogger.java:159)- <==      Total: 1
2019-07-27 15:12:26,598 DEBUG (BaseJdbcLogger.java:159)- ==>  Preparing: SELECT address_id,user_name,user_phone,user_email,user_id,user_address FROM address WHERE user_id = ? 
2019-07-27 15:12:26,600 DEBUG (BaseJdbcLogger.java:159)- ==> Parameters: 75(Long)
2019-07-27 15:12:26,604 DEBUG (BaseJdbcLogger.java:159)- <==      Total: 2
2019-07-27 15:12:43,575 DEBUG (BaseJdbcLogger.java:159)- ==>  Preparing: SELECT canteen_id,canteen_label,canteen_name,canteen_des,canteen_image,canteen_mark_number,canteen_mark,sales,takeout_money FROM canteen 
2019-07-27 15:12:43,576 DEBUG (BaseJdbcLogger.java:159)- ==> Parameters: 
2019-07-27 15:12:43,580 DEBUG (BaseJdbcLogger.java:159)- <==      Total: 10
2019-07-27 15:12:46,263 DEBUG (BaseJdbcLogger.java:159)- ==>  Preparing: SELECT order_id,user_id,user_email,all_price,user_address,user_name,order_remark,order_time,user_phone,order_state,created_time FROM ord WHERE user_id = ? 
2019-07-27 15:12:46,264 DEBUG (BaseJdbcLogger.java:159)- ==> Parameters: 75(Long)
2019-07-27 15:12:46,268 DEBUG (BaseJdbcLogger.java:159)- <==      Total: 20
2019-07-27 15:12:46,272 DEBUG (BaseJdbcLogger.java:159)- ==>  Preparing: SELECT id,order_id,food_id,food_num FROM order_info WHERE order_id = ? 
2019-07-27 15:12:46,273 DEBUG (BaseJdbcLogger.java:159)- ==> Parameters: 18(Long)
2019-07-27 15:12:46,275 DEBUG (BaseJdbcLogger.java:159)- <==      Total: 1
2019-07-27 15:12:46,277 DEBUG (BaseJdbcLogger.java:159)- ==>  Preparing: SELECT food_id,food_describe,food_price,food_image,canteen_id,food_name,food_rate,food_rate_number,created_time,food_sale FROM food WHERE food_id = ? 
2019-07-27 15:12:46,278 DEBUG (BaseJdbcLogger.java:159)- ==> Parameters: 102(Long)
2019-07-27 15:12:46,281 DEBUG (BaseJdbcLogger.java:159)- <==      Total: 1
2019-07-27 15:12:46,282 DEBUG (BaseJdbcLogger.java:159)- ==>  Preparing: SELECT id,order_id,food_id,food_num FROM order_info WHERE order_id = ? 
2019-07-27 15:12:46,283 DEBUG (BaseJdbcLogger.java:159)- ==> Parameters: 19(Long)
2019-07-27 15:12:46,286 DEBUG (BaseJdbcLogger.java:159)- <==      Total: 2
2019-07-27 15:12:46,288 DEBUG (BaseJdbcLogger.java:159)- ==>  Preparing: SELECT food_id,food_describe,food_price,food_image,canteen_id,food_name,food_rate,food_rate_number,created_time,food_sale FROM food WHERE food_id = ? 
2019-07-27 15:12:46,289 DEBUG (BaseJdbcLogger.java:159)- ==> Parameters: 102(Long)
2019-07-27 15:12:46,291 DEBUG (BaseJdbcLogger.java:159)- <==      Total: 1
2019-07-27 15:12:46,292 DEBUG (BaseJdbcLogger.java:159)- ==>  Preparing: SELECT food_id,food_describe,food_price,food_image,canteen_id,food_name,food_rate,food_rate_number,created_time,food_sale FROM food WHERE food_id = ? 
2019-07-27 15:12:46,293 DEBUG (BaseJdbcLogger.java:159)- ==> Parameters: 2(Long)
2019-07-27 15:12:46,295 DEBUG (BaseJdbcLogger.java:159)- <==      Total: 1
2019-07-27 15:12:46,296 DEBUG (BaseJdbcLogger.java:159)- ==>  Preparing: SELECT id,order_id,food_id,food_num FROM order_info WHERE order_id = ? 
2019-07-27 15:12:46,298 DEBUG (BaseJdbcLogger.java:159)- ==> Parameters: 20(Long)
2019-07-27 15:12:46,300 DEBUG (BaseJdbcLogger.java:159)- <==      Total: 1
2019-07-27 15:12:46,302 DEBUG (BaseJdbcLogger.java:159)- ==>  Preparing: SELECT food_id,food_describe,food_price,food_image,canteen_id,food_name,food_rate,food_rate_number,created_time,food_sale FROM food WHERE food_id = ? 
2019-07-27 15:12:46,303 DEBUG (BaseJdbcLogger.java:159)- ==> Parameters: 2(Long)
2019-07-27 15:12:46,305 DEBUG (BaseJdbcLogger.java:159)- <==      Total: 1
2019-07-27 15:12:46,307 DEBUG (BaseJdbcLogger.java:159)- ==>  Preparing: SELECT id,order_id,food_id,food_num FROM order_info WHERE order_id = ? 
2019-07-27 15:12:46,308 DEBUG (BaseJdbcLogger.java:159)- ==> Parameters: 21(Long)
2019-07-27 15:12:46,310 DEBUG (BaseJdbcLogger.java:159)- <==      Total: 1
2019-07-27 15:12:46,312 DEBUG (BaseJdbcLogger.java:159)- ==>  Preparing: SELECT food_id,food_describe,food_price,food_image,canteen_id,food_name,food_rate,food_rate_number,created_time,food_sale FROM food WHERE food_id = ? 
2019-07-27 15:12:46,313 DEBUG (BaseJdbcLogger.java:159)- ==> Parameters: 7(Long)
2019-07-27 15:12:46,315 DEBUG (BaseJdbcLogger.java:159)- <==      Total: 1
2019-07-27 15:12:46,317 DEBUG (BaseJdbcLogger.java:159)- ==>  Preparing: SELECT id,order_id,food_id,food_num FROM order_info WHERE order_id = ? 
2019-07-27 15:12:46,318 DEBUG (BaseJdbcLogger.java:159)- ==> Parameters: 22(Long)
2019-07-27 15:12:46,320 DEBUG (BaseJdbcLogger.java:159)- <==      Total: 1
2019-07-27 15:12:46,322 DEBUG (BaseJdbcLogger.java:159)- ==>  Preparing: SELECT food_id,food_describe,food_price,food_image,canteen_id,food_name,food_rate,food_rate_number,created_time,food_sale FROM food WHERE food_id = ? 
2019-07-27 15:12:46,324 DEBUG (BaseJdbcLogger.java:159)- ==> Parameters: 2(Long)
2019-07-27 15:12:46,326 DEBUG (BaseJdbcLogger.java:159)- <==      Total: 1
2019-07-27 15:12:46,327 DEBUG (BaseJdbcLogger.java:159)- ==>  Preparing: SELECT id,order_id,food_id,food_num FROM order_info WHERE order_id = ? 
2019-07-27 15:12:46,328 DEBUG (BaseJdbcLogger.java:159)- ==> Parameters: 23(Long)
2019-07-27 15:12:46,330 DEBUG (BaseJdbcLogger.java:159)- <==      Total: 2
2019-07-27 15:12:46,331 DEBUG (BaseJdbcLogger.java:159)- ==>  Preparing: SELECT food_id,food_describe,food_price,food_image,canteen_id,food_name,food_rate,food_rate_number,created_time,food_sale FROM food WHERE food_id = ? 
2019-07-27 15:12:46,332 DEBUG (BaseJdbcLogger.java:159)- ==> Parameters: 2(Long)
2019-07-27 15:12:46,334 DEBUG (BaseJdbcLogger.java:159)- <==      Total: 1
2019-07-27 15:12:46,336 DEBUG (BaseJdbcLogger.java:159)- ==>  Preparing: SELECT food_id,food_describe,food_price,food_image,canteen_id,food_name,food_rate,food_rate_number,created_time,food_sale FROM food WHERE food_id = ? 
2019-07-27 15:12:46,337 DEBUG (BaseJdbcLogger.java:159)- ==> Parameters: 1(Long)
2019-07-27 15:12:46,339 DEBUG (BaseJdbcLogger.java:159)- <==      Total: 1
2019-07-27 15:12:46,341 DEBUG (BaseJdbcLogger.java:159)- ==>  Preparing: SELECT id,order_id,food_id,food_num FROM order_info WHERE order_id = ? 
2019-07-27 15:12:46,342 DEBUG (BaseJdbcLogger.java:159)- ==> Parameters: 24(Long)
2019-07-27 15:12:46,344 DEBUG (BaseJdbcLogger.java:159)- <==      Total: 1
2019-07-27 15:12:46,345 DEBUG (BaseJdbcLogger.java:159)- ==>  Preparing: SELECT food_id,food_describe,food_price,food_image,canteen_id,food_name,food_rate,food_rate_number,created_time,food_sale FROM food WHERE food_id = ? 
2019-07-27 15:12:46,347 DEBUG (BaseJdbcLogger.java:159)- ==> Parameters: 1(Long)
2019-07-27 15:12:46,349 DEBUG (BaseJdbcLogger.java:159)- <==      Total: 1
2019-07-27 15:12:46,351 DEBUG (BaseJdbcLogger.java:159)- ==>  Preparing: SELECT id,order_id,food_id,food_num FROM order_info WHERE order_id = ? 
2019-07-27 15:12:46,352 DEBUG (BaseJdbcLogger.java:159)- ==> Parameters: 25(Long)
2019-07-27 15:12:46,354 DEBUG (BaseJdbcLogger.java:159)- <==      Total: 1
2019-07-27 15:12:46,356 DEBUG (BaseJdbcLogger.java:159)- ==>  Preparing: SELECT food_id,food_describe,food_price,food_image,canteen_id,food_name,food_rate,food_rate_number,created_time,food_sale FROM food WHERE food_id = ? 
2019-07-27 15:12:46,357 DEBUG (BaseJdbcLogger.java:159)- ==> Parameters: 102(Long)
2019-07-27 15:12:46,359 DEBUG (BaseJdbcLogger.java:159)- <==      Total: 1
2019-07-27 15:12:46,360 DEBUG (BaseJdbcLogger.java:159)- ==>  Preparing: SELECT id,order_id,food_id,food_num FROM order_info WHERE order_id = ? 
2019-07-27 15:12:46,361 DEBUG (BaseJdbcLogger.java:159)- ==> Parameters: 26(Long)
2019-07-27 15:12:46,363 DEBUG (BaseJdbcLogger.java:159)- <==      Total: 3
2019-07-27 15:12:46,364 DEBUG (BaseJdbcLogger.java:159)- ==>  Preparing: SELECT food_id,food_describe,food_price,food_image,canteen_id,food_name,food_rate,food_rate_number,created_time,food_sale FROM food WHERE food_id = ? 
2019-07-27 15:12:46,365 DEBUG (BaseJdbcLogger.java:159)- ==> Parameters: 1(Long)
2019-07-27 15:12:46,367 DEBUG (BaseJdbcLogger.java:159)- <==      Total: 1
2019-07-27 15:12:46,369 DEBUG (BaseJdbcLogger.java:159)- ==>  Preparing: SELECT food_id,food_describe,food_price,food_image,canteen_id,food_name,food_rate,food_rate_number,created_time,food_sale FROM food WHERE food_id = ? 
2019-07-27 15:12:46,370 DEBUG (BaseJdbcLogger.java:159)- ==> Parameters: 2(Long)
2019-07-27 15:12:46,372 DEBUG (BaseJdbcLogger.java:159)- <==      Total: 1
2019-07-27 15:12:46,374 DEBUG (BaseJdbcLogger.java:159)- ==>  Preparing: SELECT food_id,food_describe,food_price,food_image,canteen_id,food_name,food_rate,food_rate_number,created_time,food_sale FROM food WHERE food_id = ? 
2019-07-27 15:12:46,375 DEBUG (BaseJdbcLogger.java:159)- ==> Parameters: 102(Long)
2019-07-27 15:12:46,376 DEBUG (BaseJdbcLogger.java:159)- <==      Total: 1
2019-07-27 15:12:46,377 DEBUG (BaseJdbcLogger.java:159)- ==>  Preparing: SELECT id,order_id,food_id,food_num FROM order_info WHERE order_id = ? 
2019-07-27 15:12:46,378 DEBUG (BaseJdbcLogger.java:159)- ==> Parameters: 27(Long)
2019-07-27 15:12:46,379 DEBUG (BaseJdbcLogger.java:159)- <==      Total: 1
2019-07-27 15:12:46,381 DEBUG (BaseJdbcLogger.java:159)- ==>  Preparing: SELECT food_id,food_describe,food_price,food_image,canteen_id,food_name,food_rate,food_rate_number,created_time,food_sale FROM food WHERE food_id = ? 
2019-07-27 15:12:46,382 DEBUG (BaseJdbcLogger.java:159)- ==> Parameters: 102(Long)
2019-07-27 15:12:46,384 DEBUG (BaseJdbcLogger.java:159)- <==      Total: 1
2019-07-27 15:12:46,385 DEBUG (BaseJdbcLogger.java:159)- ==>  Preparing: SELECT id,order_id,food_id,food_num FROM order_info WHERE order_id = ? 
2019-07-27 15:12:46,387 DEBUG (BaseJdbcLogger.java:159)- ==> Parameters: 28(Long)
2019-07-27 15:12:46,388 DEBUG (BaseJdbcLogger.java:159)- <==      Total: 1
2019-07-27 15:12:46,391 DEBUG (BaseJdbcLogger.java:159)- ==>  Preparing: SELECT food_id,food_describe,food_price,food_image,canteen_id,food_name,food_rate,food_rate_number,created_time,food_sale FROM food WHERE food_id = ? 
2019-07-27 15:12:46,392 DEBUG (BaseJdbcLogger.java:159)- ==> Parameters: 7(Long)
2019-07-27 15:12:46,393 DEBUG (BaseJdbcLogger.java:159)- <==      Total: 1
2019-07-27 15:12:46,395 DEBUG (BaseJdbcLogger.java:159)- ==>  Preparing: SELECT id,order_id,food_id,food_num FROM order_info WHERE order_id = ? 
2019-07-27 15:12:46,396 DEBUG (BaseJdbcLogger.java:159)- ==> Parameters: 29(Long)
2019-07-27 15:12:46,398 DEBUG (BaseJdbcLogger.java:159)- <==      Total: 1
2019-07-27 15:12:46,400 DEBUG (BaseJdbcLogger.java:159)- ==>  Preparing: SELECT food_id,food_describe,food_price,food_image,canteen_id,food_name,food_rate,food_rate_number,created_time,food_sale FROM food WHERE food_id = ? 
2019-07-27 15:12:46,401 DEBUG (BaseJdbcLogger.java:159)- ==> Parameters: 102(Long)
2019-07-27 15:12:46,403 DEBUG (BaseJdbcLogger.java:159)- <==      Total: 1
2019-07-27 15:12:46,405 DEBUG (BaseJdbcLogger.java:159)- ==>  Preparing: SELECT id,order_id,food_id,food_num FROM order_info WHERE order_id = ? 
2019-07-27 15:12:46,406 DEBUG (BaseJdbcLogger.java:159)- ==> Parameters: 30(Long)
2019-07-27 15:12:46,408 DEBUG (BaseJdbcLogger.java:159)- <==      Total: 1
2019-07-27 15:12:46,410 DEBUG (BaseJdbcLogger.java:159)- ==>  Preparing: SELECT food_id,food_describe,food_price,food_image,canteen_id,food_name,food_rate,food_rate_number,created_time,food_sale FROM food WHERE food_id = ? 
2019-07-27 15:12:46,410 DEBUG (BaseJdbcLogger.java:159)- ==> Parameters: 102(Long)
2019-07-27 15:12:46,412 DEBUG (BaseJdbcLogger.java:159)- <==      Total: 1
2019-07-27 15:12:46,414 DEBUG (BaseJdbcLogger.java:159)- ==>  Preparing: SELECT id,order_id,food_id,food_num FROM order_info WHERE order_id = ? 
2019-07-27 15:12:46,415 DEBUG (BaseJdbcLogger.java:159)- ==> Parameters: 31(Long)
2019-07-27 15:12:46,418 DEBUG (BaseJdbcLogger.java:159)- <==      Total: 1
2019-07-27 15:12:46,419 DEBUG (BaseJdbcLogger.java:159)- ==>  Preparing: SELECT food_id,food_describe,food_price,food_image,canteen_id,food_name,food_rate,food_rate_number,created_time,food_sale FROM food WHERE food_id = ? 
2019-07-27 15:12:46,420 DEBUG (BaseJdbcLogger.java:159)- ==> Parameters: 2(Long)
2019-07-27 15:12:46,422 DEBUG (BaseJdbcLogger.java:159)- <==      Total: 1
2019-07-27 15:12:46,423 DEBUG (BaseJdbcLogger.java:159)- ==>  Preparing: SELECT id,order_id,food_id,food_num FROM order_info WHERE order_id = ? 
2019-07-27 15:12:46,425 DEBUG (BaseJdbcLogger.java:159)- ==> Parameters: 32(Long)
2019-07-27 15:12:46,426 DEBUG (BaseJdbcLogger.java:159)- <==      Total: 1
2019-07-27 15:12:46,427 DEBUG (BaseJdbcLogger.java:159)- ==>  Preparing: SELECT food_id,food_describe,food_price,food_image,canteen_id,food_name,food_rate,food_rate_number,created_time,food_sale FROM food WHERE food_id = ? 
2019-07-27 15:12:46,428 DEBUG (BaseJdbcLogger.java:159)- ==> Parameters: 102(Long)
2019-07-27 15:12:46,430 DEBUG (BaseJdbcLogger.java:159)- <==      Total: 1
2019-07-27 15:12:46,432 DEBUG (BaseJdbcLogger.java:159)- ==>  Preparing: SELECT id,order_id,food_id,food_num FROM order_info WHERE order_id = ? 
2019-07-27 15:12:46,433 DEBUG (BaseJdbcLogger.java:159)- ==> Parameters: 33(Long)
2019-07-27 15:12:46,434 DEBUG (BaseJdbcLogger.java:159)- <==      Total: 2
2019-07-27 15:12:46,436 DEBUG (BaseJdbcLogger.java:159)- ==>  Preparing: SELECT food_id,food_describe,food_price,food_image,canteen_id,food_name,food_rate,food_rate_number,created_time,food_sale FROM food WHERE food_id = ? 
2019-07-27 15:12:46,437 DEBUG (BaseJdbcLogger.java:159)- ==> Parameters: 101(Long)
2019-07-27 15:12:46,439 DEBUG (BaseJdbcLogger.java:159)- <==      Total: 1
2019-07-27 15:12:46,441 DEBUG (BaseJdbcLogger.java:159)- ==>  Preparing: SELECT food_id,food_describe,food_price,food_image,canteen_id,food_name,food_rate,food_rate_number,created_time,food_sale FROM food WHERE food_id = ? 
2019-07-27 15:12:46,441 DEBUG (BaseJdbcLogger.java:159)- ==> Parameters: 102(Long)
2019-07-27 15:12:46,444 DEBUG (BaseJdbcLogger.java:159)- <==      Total: 1
2019-07-27 15:12:46,445 DEBUG (BaseJdbcLogger.java:159)- ==>  Preparing: SELECT id,order_id,food_id,food_num FROM order_info WHERE order_id = ? 
2019-07-27 15:12:46,447 DEBUG (BaseJdbcLogger.java:159)- ==> Parameters: 34(Long)
2019-07-27 15:12:46,449 DEBUG (BaseJdbcLogger.java:159)- <==      Total: 2
2019-07-27 15:12:46,450 DEBUG (BaseJdbcLogger.java:159)- ==>  Preparing: SELECT food_id,food_describe,food_price,food_image,canteen_id,food_name,food_rate,food_rate_number,created_time,food_sale FROM food WHERE food_id = ? 
2019-07-27 15:12:46,452 DEBUG (BaseJdbcLogger.java:159)- ==> Parameters: 2(Long)
2019-07-27 15:12:46,454 DEBUG (BaseJdbcLogger.java:159)- <==      Total: 1
2019-07-27 15:12:46,455 DEBUG (BaseJdbcLogger.java:159)- ==>  Preparing: SELECT food_id,food_describe,food_price,food_image,canteen_id,food_name,food_rate,food_rate_number,created_time,food_sale FROM food WHERE food_id = ? 
2019-07-27 15:12:46,457 DEBUG (BaseJdbcLogger.java:159)- ==> Parameters: 7(Long)
2019-07-27 15:12:46,458 DEBUG (BaseJdbcLogger.java:159)- <==      Total: 1
2019-07-27 15:12:46,460 DEBUG (BaseJdbcLogger.java:159)- ==>  Preparing: SELECT id,order_id,food_id,food_num FROM order_info WHERE order_id = ? 
2019-07-27 15:12:46,461 DEBUG (BaseJdbcLogger.java:159)- ==> Parameters: 35(Long)
2019-07-27 15:12:46,462 DEBUG (BaseJdbcLogger.java:159)- <==      Total: 1
2019-07-27 15:12:46,464 DEBUG (BaseJdbcLogger.java:159)- ==>  Preparing: SELECT food_id,food_describe,food_price,food_image,canteen_id,food_name,food_rate,food_rate_number,created_time,food_sale FROM food WHERE food_id = ? 
2019-07-27 15:12:46,464 DEBUG (BaseJdbcLogger.java:159)- ==> Parameters: 102(Long)
2019-07-27 15:12:46,466 DEBUG (BaseJdbcLogger.java:159)- <==      Total: 1
2019-07-27 15:12:46,468 DEBUG (BaseJdbcLogger.java:159)- ==>  Preparing: SELECT id,order_id,food_id,food_num FROM order_info WHERE order_id = ? 
2019-07-27 15:12:46,469 DEBUG (BaseJdbcLogger.java:159)- ==> Parameters: 36(Long)
2019-07-27 15:12:46,470 DEBUG (BaseJdbcLogger.java:159)- <==      Total: 1
2019-07-27 15:12:46,472 DEBUG (BaseJdbcLogger.java:159)- ==>  Preparing: SELECT food_id,food_describe,food_price,food_image,canteen_id,food_name,food_rate,food_rate_number,created_time,food_sale FROM food WHERE food_id = ? 
2019-07-27 15:12:46,474 DEBUG (BaseJdbcLogger.java:159)- ==> Parameters: 2(Long)
2019-07-27 15:12:46,476 DEBUG (BaseJdbcLogger.java:159)- <==      Total: 1
2019-07-27 15:12:46,477 DEBUG (BaseJdbcLogger.java:159)- ==>  Preparing: SELECT id,order_id,food_id,food_num FROM order_info WHERE order_id = ? 
2019-07-27 15:12:46,478 DEBUG (BaseJdbcLogger.java:159)- ==> Parameters: 37(Long)
2019-07-27 15:12:46,480 DEBUG (BaseJdbcLogger.java:159)- <==      Total: 2
2019-07-27 15:12:46,481 DEBUG (BaseJdbcLogger.java:159)- ==>  Preparing: SELECT food_id,food_describe,food_price,food_image,canteen_id,food_name,food_rate,food_rate_number,created_time,food_sale FROM food WHERE food_id = ? 
2019-07-27 15:12:46,482 DEBUG (BaseJdbcLogger.java:159)- ==> Parameters: 2(Long)
2019-07-27 15:12:46,483 DEBUG (BaseJdbcLogger.java:159)- <==      Total: 1
2019-07-27 15:12:46,485 DEBUG (BaseJdbcLogger.java:159)- ==>  Preparing: SELECT food_id,food_describe,food_price,food_image,canteen_id,food_name,food_rate,food_rate_number,created_time,food_sale FROM food WHERE food_id = ? 
2019-07-27 15:12:46,486 DEBUG (BaseJdbcLogger.java:159)- ==> Parameters: 1(Long)
2019-07-27 15:12:46,488 DEBUG (BaseJdbcLogger.java:159)- <==      Total: 1
