2019-05-01 19:03:10,542 INFO (SpringApplication.java:597)- The following profiles are active: dev
2019-05-01 19:03:27,424 INFO (StartupInfoLogger.java:57)- Started AdminServiceApp in 21.482 seconds (JVM running for 24.047)
2019-05-01 20:04:37,918 DEBUG (BaseJdbcLogger.java:159)- ==>  Preparing: SELECT user_id,user_phone,user_pwd,user_email,user_status,user_name,canteen_id,verify_code FROM user WHERE user_pwd = ? AND user_email = ? 
2019-05-01 20:04:37,955 DEBUG (BaseJdbcLogger.java:159)- ==> Parameters: 310dcbbf4cce62f762a2aaa148d556bd(String), 333@qq.com(String)
2019-05-01 20:04:37,984 DEBUG (BaseJdbcLogger.java:159)- <==      Total: 1
2019-05-01 20:04:38,152 DEBUG (BaseJdbcLogger.java:159)- ==>  Preparing: SELECT canteen_id,canteen_label,canteen_name,canteen_des,canteen_image,canteen_mark_number,canteen_mark,sales FROM canteen 
2019-05-01 20:04:38,153 DEBUG (BaseJdbcLogger.java:159)- ==> Parameters: 
2019-05-01 20:04:38,165 DEBUG (BaseJdbcLogger.java:159)- <==      Total: 9
2019-05-01 20:04:46,561 DEBUG (BaseJdbcLogger.java:159)- ==>  Preparing: SELECT food_id,food_describe,food_price,food_image,canteen_id,food_name FROM food WHERE canteen_id = ? 
2019-05-01 20:04:46,564 DEBUG (BaseJdbcLogger.java:159)- ==> Parameters: 9(Integer)
2019-05-01 20:04:46,572 DEBUG (BaseJdbcLogger.java:159)- <==      Total: 0
2019-05-01 20:04:46,573 DEBUG (BaseJdbcLogger.java:159)- ==>  Preparing: SELECT canteen_id,canteen_label,canteen_name,canteen_des,canteen_image,canteen_mark_number,canteen_mark,sales FROM canteen WHERE canteen_id = ? 
2019-05-01 20:04:46,574 DEBUG (BaseJdbcLogger.java:159)- ==> Parameters: 9(Integer)
2019-05-01 20:04:46,579 DEBUG (BaseJdbcLogger.java:159)- <==      Total: 1
2019-05-01 20:05:05,638 DEBUG (BaseJdbcLogger.java:159)- ==>  Preparing: SELECT food_id,food_describe,food_price,food_image,canteen_id,food_name FROM food WHERE canteen_id = ? 
2019-05-01 20:05:05,640 DEBUG (BaseJdbcLogger.java:159)- ==> Parameters: 9(Integer)
2019-05-01 20:05:05,644 DEBUG (BaseJdbcLogger.java:159)- ==>  Preparing: SELECT canteen_id,canteen_label,canteen_name,canteen_des,canteen_image,canteen_mark_number,canteen_mark,sales FROM canteen WHERE canteen_id = ? 
2019-05-01 20:05:05,645 DEBUG (BaseJdbcLogger.java:159)- <==      Total: 0
2019-05-01 20:05:05,647 DEBUG (BaseJdbcLogger.java:159)- ==> Parameters: 9(Integer)
2019-05-01 20:05:05,652 DEBUG (BaseJdbcLogger.java:159)- <==      Total: 1
2019-05-01 20:05:23,328 DEBUG (BaseJdbcLogger.java:159)- ==>  Preparing: SELECT food_id,food_describe,food_price,food_image,canteen_id,food_name FROM food WHERE canteen_id = ? 
2019-05-01 20:05:23,329 DEBUG (BaseJdbcLogger.java:159)- ==> Parameters: 9(Integer)
2019-05-01 20:05:23,332 DEBUG (BaseJdbcLogger.java:159)- <==      Total: 0
2019-05-01 20:05:23,335 DEBUG (BaseJdbcLogger.java:159)- ==>  Preparing: SELECT canteen_id,canteen_label,canteen_name,canteen_des,canteen_image,canteen_mark_number,canteen_mark,sales FROM canteen WHERE canteen_id = ? 
2019-05-01 20:05:23,336 DEBUG (BaseJdbcLogger.java:159)- ==> Parameters: 9(Integer)
2019-05-01 20:05:23,340 DEBUG (BaseJdbcLogger.java:159)- <==      Total: 1
2019-05-01 20:07:00,556 DEBUG (BaseJdbcLogger.java:159)- ==>  Preparing: SELECT food_id,food_describe,food_price,food_image,canteen_id,food_name FROM food WHERE canteen_id = ? 
2019-05-01 20:07:00,557 DEBUG (BaseJdbcLogger.java:159)- ==> Parameters: 9(Integer)
2019-05-01 20:07:00,559 DEBUG (BaseJdbcLogger.java:159)- <==      Total: 0
2019-05-01 20:07:00,565 DEBUG (BaseJdbcLogger.java:159)- ==>  Preparing: SELECT canteen_id,canteen_label,canteen_name,canteen_des,canteen_image,canteen_mark_number,canteen_mark,sales FROM canteen WHERE canteen_id = ? 
2019-05-01 20:07:00,569 DEBUG (BaseJdbcLogger.java:159)- ==> Parameters: 9(Integer)
2019-05-01 20:07:00,572 DEBUG (BaseJdbcLogger.java:159)- <==      Total: 1
2019-05-01 20:08:43,245 DEBUG (BaseJdbcLogger.java:159)- ==>  Preparing: SELECT food_id,food_describe,food_price,food_image,canteen_id,food_name FROM food WHERE canteen_id = ? 
2019-05-01 20:08:43,246 DEBUG (BaseJdbcLogger.java:159)- ==> Parameters: 9(Integer)
2019-05-01 20:08:43,248 DEBUG (BaseJdbcLogger.java:159)- ==>  Preparing: SELECT canteen_id,canteen_label,canteen_name,canteen_des,canteen_image,canteen_mark_number,canteen_mark,sales FROM canteen WHERE canteen_id = ? 
2019-05-01 20:08:43,249 DEBUG (BaseJdbcLogger.java:159)- ==> Parameters: 9(Integer)
2019-05-01 20:08:43,249 DEBUG (BaseJdbcLogger.java:159)- <==      Total: 0
2019-05-01 20:08:43,253 DEBUG (BaseJdbcLogger.java:159)- <==      Total: 1
2019-05-01 20:08:53,340 DEBUG (BaseJdbcLogger.java:159)- ==>  Preparing: SELECT canteen_id,canteen_label,canteen_name,canteen_des,canteen_image,canteen_mark_number,canteen_mark,sales FROM canteen WHERE canteen_id = ? 
2019-05-01 20:08:53,341 DEBUG (BaseJdbcLogger.java:159)- ==> Parameters: 9(Integer)
2019-05-01 20:08:53,343 DEBUG (BaseJdbcLogger.java:159)- ==>  Preparing: SELECT food_id,food_describe,food_price,food_image,canteen_id,food_name FROM food WHERE canteen_id = ? 
2019-05-01 20:08:53,344 DEBUG (BaseJdbcLogger.java:159)- ==> Parameters: 9(Integer)
2019-05-01 20:08:53,345 DEBUG (BaseJdbcLogger.java:159)- <==      Total: 0
2019-05-01 20:08:53,346 DEBUG (BaseJdbcLogger.java:159)- <==      Total: 1
2019-05-01 20:09:56,301 DEBUG (BaseJdbcLogger.java:159)- ==>  Preparing: SELECT food_id,food_describe,food_price,food_image,canteen_id,food_name FROM food WHERE canteen_id = ? 
2019-05-01 20:09:56,301 DEBUG (BaseJdbcLogger.java:159)- ==>  Preparing: SELECT canteen_id,canteen_label,canteen_name,canteen_des,canteen_image,canteen_mark_number,canteen_mark,sales FROM canteen WHERE canteen_id = ? 
2019-05-01 20:09:56,302 DEBUG (BaseJdbcLogger.java:159)- ==> Parameters: 9(Integer)
2019-05-01 20:09:56,303 DEBUG (BaseJdbcLogger.java:159)- ==> Parameters: 9(Integer)
2019-05-01 20:09:56,306 DEBUG (BaseJdbcLogger.java:159)- <==      Total: 0
2019-05-01 20:09:56,311 DEBUG (BaseJdbcLogger.java:159)- <==      Total: 1
2019-05-01 20:10:04,450 DEBUG (BaseJdbcLogger.java:159)- ==>  Preparing: SELECT food_id,food_describe,food_price,food_image,canteen_id,food_name FROM food WHERE canteen_id = ? 
2019-05-01 20:10:04,451 DEBUG (BaseJdbcLogger.java:159)- ==> Parameters: 9(Integer)
2019-05-01 20:10:04,451 DEBUG (BaseJdbcLogger.java:159)- ==>  Preparing: SELECT canteen_id,canteen_label,canteen_name,canteen_des,canteen_image,canteen_mark_number,canteen_mark,sales FROM canteen WHERE canteen_id = ? 
2019-05-01 20:10:04,453 DEBUG (BaseJdbcLogger.java:159)- ==> Parameters: 9(Integer)
2019-05-01 20:10:04,453 DEBUG (BaseJdbcLogger.java:159)- <==      Total: 0
2019-05-01 20:10:04,456 DEBUG (BaseJdbcLogger.java:159)- <==      Total: 1
2019-05-01 20:10:06,612 DEBUG (BaseJdbcLogger.java:159)- ==>  Preparing: SELECT food_id,food_describe,food_price,food_image,canteen_id,food_name FROM food WHERE canteen_id = ? 
2019-05-01 20:10:06,613 DEBUG (BaseJdbcLogger.java:159)- ==> Parameters: 9(Integer)
2019-05-01 20:10:06,614 DEBUG (BaseJdbcLogger.java:159)- ==>  Preparing: SELECT canteen_id,canteen_label,canteen_name,canteen_des,canteen_image,canteen_mark_number,canteen_mark,sales FROM canteen WHERE canteen_id = ? 
2019-05-01 20:10:06,614 DEBUG (BaseJdbcLogger.java:159)- ==> Parameters: 9(Integer)
2019-05-01 20:10:06,616 DEBUG (BaseJdbcLogger.java:159)- <==      Total: 0
2019-05-01 20:10:06,616 DEBUG (BaseJdbcLogger.java:159)- <==      Total: 1
2019-05-01 20:11:39,238 DEBUG (BaseJdbcLogger.java:159)- ==>  Preparing: SELECT food_id,food_describe,food_price,food_image,canteen_id,food_name FROM food WHERE canteen_id = ? 
2019-05-01 20:11:39,239 DEBUG (BaseJdbcLogger.java:159)- ==> Parameters: 9(Integer)
2019-05-01 20:11:39,242 DEBUG (BaseJdbcLogger.java:159)- ==>  Preparing: SELECT canteen_id,canteen_label,canteen_name,canteen_des,canteen_image,canteen_mark_number,canteen_mark,sales FROM canteen WHERE canteen_id = ? 
2019-05-01 20:11:39,243 DEBUG (BaseJdbcLogger.java:159)- <==      Total: 0
2019-05-01 20:11:39,243 DEBUG (BaseJdbcLogger.java:159)- ==> Parameters: 9(Integer)
2019-05-01 20:11:39,247 DEBUG (BaseJdbcLogger.java:159)- <==      Total: 1
2019-05-01 20:12:49,214 DEBUG (BaseJdbcLogger.java:159)- ==>  Preparing: SELECT canteen_id,canteen_label,canteen_name,canteen_des,canteen_image,canteen_mark_number,canteen_mark,sales FROM canteen WHERE canteen_id = ? 
2019-05-01 20:12:49,215 DEBUG (BaseJdbcLogger.java:159)- ==>  Preparing: SELECT food_id,food_describe,food_price,food_image,canteen_id,food_name FROM food WHERE canteen_id = ? 
2019-05-01 20:12:49,215 DEBUG (BaseJdbcLogger.java:159)- ==> Parameters: 9(Integer)
2019-05-01 20:12:49,215 DEBUG (BaseJdbcLogger.java:159)- ==> Parameters: 9(Integer)
2019-05-01 20:12:49,218 DEBUG (BaseJdbcLogger.java:159)- <==      Total: 0
2019-05-01 20:12:49,223 DEBUG (BaseJdbcLogger.java:159)- <==      Total: 1
2019-05-01 20:13:19,809 DEBUG (BaseJdbcLogger.java:159)- ==>  Preparing: SELECT food_id,food_describe,food_price,food_image,canteen_id,food_name FROM food WHERE canteen_id = ? 
2019-05-01 20:13:19,810 DEBUG (BaseJdbcLogger.java:159)- ==> Parameters: 9(Integer)
2019-05-01 20:13:19,811 DEBUG (BaseJdbcLogger.java:159)- ==>  Preparing: SELECT canteen_id,canteen_label,canteen_name,canteen_des,canteen_image,canteen_mark_number,canteen_mark,sales FROM canteen WHERE canteen_id = ? 
2019-05-01 20:13:19,812 DEBUG (BaseJdbcLogger.java:159)- ==> Parameters: 9(Integer)
2019-05-01 20:13:19,814 DEBUG (BaseJdbcLogger.java:159)- <==      Total: 0
2019-05-01 20:13:19,815 DEBUG (BaseJdbcLogger.java:159)- <==      Total: 1
2019-05-01 20:13:54,119 DEBUG (BaseJdbcLogger.java:159)- ==>  Preparing: SELECT food_id,food_describe,food_price,food_image,canteen_id,food_name FROM food WHERE canteen_id = ? 
2019-05-01 20:13:54,120 DEBUG (BaseJdbcLogger.java:159)- ==> Parameters: 9(Integer)
2019-05-01 20:13:54,120 DEBUG (BaseJdbcLogger.java:159)- ==>  Preparing: SELECT canteen_id,canteen_label,canteen_name,canteen_des,canteen_image,canteen_mark_number,canteen_mark,sales FROM canteen WHERE canteen_id = ? 
2019-05-01 20:13:54,121 DEBUG (BaseJdbcLogger.java:159)- ==> Parameters: 9(Integer)
2019-05-01 20:13:54,121 DEBUG (BaseJdbcLogger.java:159)- <==      Total: 0
2019-05-01 20:13:54,125 DEBUG (BaseJdbcLogger.java:159)- <==      Total: 1
2019-05-01 20:21:24,367 DEBUG (BaseJdbcLogger.java:159)- ==>  Preparing: SELECT canteen_id,canteen_label,canteen_name,canteen_des,canteen_image,canteen_mark_number,canteen_mark,sales FROM canteen 
2019-05-01 20:21:24,368 DEBUG (BaseJdbcLogger.java:159)- ==> Parameters: 
2019-05-01 20:21:24,372 DEBUG (BaseJdbcLogger.java:159)- <==      Total: 9
2019-05-01 20:21:26,874 DEBUG (BaseJdbcLogger.java:159)- ==>  Preparing: SELECT food_id,food_describe,food_price,food_image,canteen_id,food_name FROM food WHERE canteen_id = ? 
2019-05-01 20:21:26,875 DEBUG (BaseJdbcLogger.java:159)- ==> Parameters: 9(Integer)
2019-05-01 20:21:26,876 DEBUG (BaseJdbcLogger.java:159)- ==>  Preparing: SELECT canteen_id,canteen_label,canteen_name,canteen_des,canteen_image,canteen_mark_number,canteen_mark,sales FROM canteen WHERE canteen_id = ? 
2019-05-01 20:21:26,876 DEBUG (BaseJdbcLogger.java:159)- ==> Parameters: 9(Integer)
2019-05-01 20:21:26,879 DEBUG (BaseJdbcLogger.java:159)- <==      Total: 0
2019-05-01 20:21:26,879 DEBUG (BaseJdbcLogger.java:159)- <==      Total: 1
2019-05-01 20:24:00,492 DEBUG (BaseJdbcLogger.java:159)- ==>  Preparing: SELECT canteen_id,canteen_label,canteen_name,canteen_des,canteen_image,canteen_mark_number,canteen_mark,sales FROM canteen 
2019-05-01 20:24:00,493 DEBUG (BaseJdbcLogger.java:159)- ==> Parameters: 
2019-05-01 20:24:00,496 DEBUG (BaseJdbcLogger.java:159)- <==      Total: 9
2019-05-01 20:24:03,622 DEBUG (BaseJdbcLogger.java:159)- ==>  Preparing: SELECT food_id,food_describe,food_price,food_image,canteen_id,food_name FROM food WHERE canteen_id = ? 
2019-05-01 20:24:03,623 DEBUG (BaseJdbcLogger.java:159)- ==> Parameters: 9(Integer)
2019-05-01 20:24:03,626 DEBUG (BaseJdbcLogger.java:159)- ==>  Preparing: SELECT canteen_id,canteen_label,canteen_name,canteen_des,canteen_image,canteen_mark_number,canteen_mark,sales FROM canteen WHERE canteen_id = ? 
2019-05-01 20:24:03,626 DEBUG (BaseJdbcLogger.java:159)- <==      Total: 0
2019-05-01 20:24:03,627 DEBUG (BaseJdbcLogger.java:159)- ==> Parameters: 9(Integer)
2019-05-01 20:24:03,631 DEBUG (BaseJdbcLogger.java:159)- <==      Total: 1
2019-05-01 20:24:42,169 DEBUG (BaseJdbcLogger.java:159)- ==>  Preparing: SELECT food_id,food_describe,food_price,food_image,canteen_id,food_name FROM food WHERE canteen_id = ? 
2019-05-01 20:24:42,171 DEBUG (BaseJdbcLogger.java:159)- ==> Parameters: 9(Integer)
2019-05-01 20:24:42,175 DEBUG (BaseJdbcLogger.java:159)- <==      Total: 0
2019-05-01 20:24:42,176 DEBUG (BaseJdbcLogger.java:159)- ==>  Preparing: SELECT canteen_id,canteen_label,canteen_name,canteen_des,canteen_image,canteen_mark_number,canteen_mark,sales FROM canteen WHERE canteen_id = ? 
2019-05-01 20:24:42,177 DEBUG (BaseJdbcLogger.java:159)- ==> Parameters: 9(Integer)
2019-05-01 20:24:42,183 DEBUG (BaseJdbcLogger.java:159)- <==      Total: 1
2019-05-01 20:24:47,190 DEBUG (BaseJdbcLogger.java:159)- ==>  Preparing: SELECT food_id,food_describe,food_price,food_image,canteen_id,food_name FROM food WHERE canteen_id = ? 
2019-05-01 20:24:47,191 DEBUG (BaseJdbcLogger.java:159)- ==> Parameters: 9(Integer)
2019-05-01 20:24:47,192 DEBUG (BaseJdbcLogger.java:159)- ==>  Preparing: SELECT canteen_id,canteen_label,canteen_name,canteen_des,canteen_image,canteen_mark_number,canteen_mark,sales FROM canteen WHERE canteen_id = ? 
2019-05-01 20:24:47,192 DEBUG (BaseJdbcLogger.java:159)- ==> Parameters: 9(Integer)
2019-05-01 20:24:47,193 DEBUG (BaseJdbcLogger.java:159)- <==      Total: 0
2019-05-01 20:24:47,194 DEBUG (BaseJdbcLogger.java:159)- <==      Total: 1
2019-05-01 20:26:05,914 DEBUG (BaseJdbcLogger.java:159)- ==>  Preparing: SELECT canteen_id,canteen_label,canteen_name,canteen_des,canteen_image,canteen_mark_number,canteen_mark,sales FROM canteen WHERE canteen_id = ? 
2019-05-01 20:26:05,916 DEBUG (BaseJdbcLogger.java:159)- ==> Parameters: 9(Integer)
2019-05-01 20:26:05,918 DEBUG (BaseJdbcLogger.java:159)- <==      Total: 1
2019-05-01 20:26:05,924 DEBUG (BaseJdbcLogger.java:159)- ==>  Preparing: SELECT food_id,food_describe,food_price,food_image,canteen_id,food_name FROM food WHERE canteen_id = ? 
2019-05-01 20:26:05,925 DEBUG (BaseJdbcLogger.java:159)- ==> Parameters: 9(Integer)
2019-05-01 20:26:05,926 DEBUG (BaseJdbcLogger.java:159)- <==      Total: 0
2019-05-01 20:26:05,964 DEBUG (BaseJdbcLogger.java:159)- ==>  Preparing: SELECT food_id,food_describe,food_price,food_image,canteen_id,food_name FROM food WHERE canteen_id = ? 
2019-05-01 20:26:05,965 DEBUG (BaseJdbcLogger.java:159)- ==> Parameters: 9(Integer)
2019-05-01 20:26:05,966 DEBUG (BaseJdbcLogger.java:159)- <==      Total: 0
2019-05-01 20:26:05,968 DEBUG (BaseJdbcLogger.java:159)- ==>  Preparing: SELECT canteen_id,canteen_label,canteen_name,canteen_des,canteen_image,canteen_mark_number,canteen_mark,sales FROM canteen WHERE canteen_id = ? 
2019-05-01 20:26:05,969 DEBUG (BaseJdbcLogger.java:159)- ==> Parameters: 9(Integer)
2019-05-01 20:26:05,971 DEBUG (BaseJdbcLogger.java:159)- <==      Total: 1
2019-05-01 20:26:08,695 DEBUG (BaseJdbcLogger.java:159)- ==>  Preparing: SELECT food_id,food_describe,food_price,food_image,canteen_id,food_name FROM food WHERE canteen_id = ? 
2019-05-01 20:26:08,696 DEBUG (BaseJdbcLogger.java:159)- ==> Parameters: 9(Integer)
2019-05-01 20:26:08,698 DEBUG (BaseJdbcLogger.java:159)- <==      Total: 0
2019-05-01 20:26:08,700 DEBUG (BaseJdbcLogger.java:159)- ==>  Preparing: SELECT canteen_id,canteen_label,canteen_name,canteen_des,canteen_image,canteen_mark_number,canteen_mark,sales FROM canteen WHERE canteen_id = ? 
2019-05-01 20:26:08,701 DEBUG (BaseJdbcLogger.java:159)- ==> Parameters: 9(Integer)
2019-05-01 20:26:08,705 DEBUG (BaseJdbcLogger.java:159)- <==      Total: 1
2019-05-01 20:26:24,475 DEBUG (BaseJdbcLogger.java:159)- ==>  Preparing: SELECT food_id,food_describe,food_price,food_image,canteen_id,food_name FROM food WHERE canteen_id = ? 
2019-05-01 20:26:24,476 DEBUG (BaseJdbcLogger.java:159)- ==> Parameters: 9(Integer)
2019-05-01 20:26:24,480 DEBUG (BaseJdbcLogger.java:159)- <==      Total: 0
2019-05-01 20:26:24,483 DEBUG (BaseJdbcLogger.java:159)- ==>  Preparing: SELECT canteen_id,canteen_label,canteen_name,canteen_des,canteen_image,canteen_mark_number,canteen_mark,sales FROM canteen WHERE canteen_id = ? 
2019-05-01 20:26:24,484 DEBUG (BaseJdbcLogger.java:159)- ==> Parameters: 9(Integer)
2019-05-01 20:26:24,488 DEBUG (BaseJdbcLogger.java:159)- <==      Total: 1
2019-05-01 20:27:36,080 DEBUG (BaseJdbcLogger.java:159)- ==>  Preparing: SELECT canteen_id,canteen_label,canteen_name,canteen_des,canteen_image,canteen_mark_number,canteen_mark,sales FROM canteen WHERE canteen_id = ? 
2019-05-01 20:27:36,080 DEBUG (BaseJdbcLogger.java:159)- ==>  Preparing: SELECT food_id,food_describe,food_price,food_image,canteen_id,food_name FROM food WHERE canteen_id = ? 
2019-05-01 20:27:36,081 DEBUG (BaseJdbcLogger.java:159)- ==> Parameters: 9(Integer)
2019-05-01 20:27:36,081 DEBUG (BaseJdbcLogger.java:159)- ==> Parameters: 9(Integer)
2019-05-01 20:27:36,084 DEBUG (BaseJdbcLogger.java:159)- <==      Total: 0
2019-05-01 20:27:36,084 DEBUG (BaseJdbcLogger.java:159)- <==      Total: 1
2019-05-01 20:51:50,610 DEBUG (BaseJdbcLogger.java:159)- ==>  Preparing: SELECT food_id,food_describe,food_price,food_image,canteen_id,food_name FROM food WHERE canteen_id = ? 
2019-05-01 20:51:50,610 DEBUG (BaseJdbcLogger.java:159)- ==>  Preparing: SELECT canteen_id,canteen_label,canteen_name,canteen_des,canteen_image,canteen_mark_number,canteen_mark,sales FROM canteen WHERE canteen_id = ? 
2019-05-01 20:51:50,610 DEBUG (BaseJdbcLogger.java:159)- ==> Parameters: 9(Integer)
2019-05-01 20:51:50,611 DEBUG (BaseJdbcLogger.java:159)- ==> Parameters: 9(Integer)
2019-05-01 20:51:50,613 DEBUG (BaseJdbcLogger.java:159)- <==      Total: 0
2019-05-01 20:51:50,613 DEBUG (BaseJdbcLogger.java:159)- <==      Total: 1
2019-05-01 20:52:31,293 DEBUG (BaseJdbcLogger.java:159)- ==>  Preparing: SELECT food_id,food_describe,food_price,food_image,canteen_id,food_name FROM food WHERE canteen_id = ? 
2019-05-01 20:52:31,294 DEBUG (BaseJdbcLogger.java:159)- ==> Parameters: 9(Integer)
2019-05-01 20:52:31,296 DEBUG (BaseJdbcLogger.java:159)- <==      Total: 0
2019-05-01 20:52:31,298 DEBUG (BaseJdbcLogger.java:159)- ==>  Preparing: SELECT canteen_id,canteen_label,canteen_name,canteen_des,canteen_image,canteen_mark_number,canteen_mark,sales FROM canteen WHERE canteen_id = ? 
2019-05-01 20:52:31,300 DEBUG (BaseJdbcLogger.java:159)- ==> Parameters: 9(Integer)
2019-05-01 20:52:31,303 DEBUG (BaseJdbcLogger.java:159)- <==      Total: 1
2019-05-01 20:52:43,681 DEBUG (BaseJdbcLogger.java:159)- ==>  Preparing: SELECT food_id,food_describe,food_price,food_image,canteen_id,food_name FROM food WHERE canteen_id = ? 
2019-05-01 20:52:43,682 DEBUG (BaseJdbcLogger.java:159)- ==> Parameters: 9(Integer)
2019-05-01 20:52:43,682 DEBUG (BaseJdbcLogger.java:159)- ==>  Preparing: SELECT canteen_id,canteen_label,canteen_name,canteen_des,canteen_image,canteen_mark_number,canteen_mark,sales FROM canteen WHERE canteen_id = ? 
2019-05-01 20:52:43,683 DEBUG (BaseJdbcLogger.java:159)- ==> Parameters: 9(Integer)
2019-05-01 20:52:43,684 DEBUG (BaseJdbcLogger.java:159)- <==      Total: 0
2019-05-01 20:52:43,691 DEBUG (BaseJdbcLogger.java:159)- <==      Total: 1
2019-05-01 20:53:04,868 DEBUG (BaseJdbcLogger.java:159)- ==>  Preparing: SELECT food_id,food_describe,food_price,food_image,canteen_id,food_name FROM food WHERE canteen_id = ? 
2019-05-01 20:53:04,868 DEBUG (BaseJdbcLogger.java:159)- ==> Parameters: 9(Integer)
2019-05-01 20:53:04,872 DEBUG (BaseJdbcLogger.java:159)- <==      Total: 0
2019-05-01 20:53:04,875 DEBUG (BaseJdbcLogger.java:159)- ==>  Preparing: SELECT canteen_id,canteen_label,canteen_name,canteen_des,canteen_image,canteen_mark_number,canteen_mark,sales FROM canteen WHERE canteen_id = ? 
2019-05-01 20:53:04,878 DEBUG (BaseJdbcLogger.java:159)- ==> Parameters: 9(Integer)
2019-05-01 20:53:04,881 DEBUG (BaseJdbcLogger.java:159)- <==      Total: 1
2019-05-01 20:53:12,856 DEBUG (BaseJdbcLogger.java:159)- ==>  Preparing: SELECT food_id,food_describe,food_price,food_image,canteen_id,food_name FROM food WHERE canteen_id = ? 
2019-05-01 20:53:12,857 DEBUG (BaseJdbcLogger.java:159)- ==> Parameters: 9(Integer)
2019-05-01 20:53:12,857 DEBUG (BaseJdbcLogger.java:159)- ==>  Preparing: SELECT canteen_id,canteen_label,canteen_name,canteen_des,canteen_image,canteen_mark_number,canteen_mark,sales FROM canteen WHERE canteen_id = ? 
2019-05-01 20:53:12,858 DEBUG (BaseJdbcLogger.java:159)- ==> Parameters: 9(Integer)
2019-05-01 20:53:12,860 DEBUG (BaseJdbcLogger.java:159)- <==      Total: 0
2019-05-01 20:53:12,862 DEBUG (BaseJdbcLogger.java:159)- <==      Total: 1
2019-05-01 20:54:04,521 DEBUG (BaseJdbcLogger.java:159)- ==>  Preparing: SELECT canteen_id,canteen_label,canteen_name,canteen_des,canteen_image,canteen_mark_number,canteen_mark,sales FROM canteen WHERE canteen_id = ? 
2019-05-01 20:54:04,522 DEBUG (BaseJdbcLogger.java:159)- ==> Parameters: 9(Integer)
2019-05-01 20:54:04,523 DEBUG (BaseJdbcLogger.java:159)- ==>  Preparing: SELECT food_id,food_describe,food_price,food_image,canteen_id,food_name FROM food WHERE canteen_id = ? 
2019-05-01 20:54:04,524 DEBUG (BaseJdbcLogger.java:159)- ==> Parameters: 9(Integer)
2019-05-01 20:54:04,525 DEBUG (BaseJdbcLogger.java:159)- <==      Total: 1
2019-05-01 20:54:04,531 DEBUG (BaseJdbcLogger.java:159)- <==      Total: 0
2019-05-01 20:54:04,559 DEBUG (BaseJdbcLogger.java:159)- ==>  Preparing: SELECT food_id,food_describe,food_price,food_image,canteen_id,food_name FROM food WHERE canteen_id = ? 
2019-05-01 20:54:04,560 DEBUG (BaseJdbcLogger.java:159)- ==> Parameters: 9(Integer)
2019-05-01 20:54:04,560 DEBUG (BaseJdbcLogger.java:159)- ==>  Preparing: SELECT canteen_id,canteen_label,canteen_name,canteen_des,canteen_image,canteen_mark_number,canteen_mark,sales FROM canteen WHERE canteen_id = ? 
2019-05-01 20:54:04,561 DEBUG (BaseJdbcLogger.java:159)- ==> Parameters: 9(Integer)
2019-05-01 20:54:04,563 DEBUG (BaseJdbcLogger.java:159)- <==      Total: 0
2019-05-01 20:54:04,563 DEBUG (BaseJdbcLogger.java:159)- <==      Total: 1
2019-05-01 20:54:52,643 DEBUG (BaseJdbcLogger.java:159)- ==>  Preparing: SELECT canteen_id,canteen_label,canteen_name,canteen_des,canteen_image,canteen_mark_number,canteen_mark,sales FROM canteen WHERE canteen_id = ? 
2019-05-01 20:54:52,644 DEBUG (BaseJdbcLogger.java:159)- ==> Parameters: 9(Integer)
2019-05-01 20:54:52,646 DEBUG (BaseJdbcLogger.java:159)- ==>  Preparing: SELECT food_id,food_describe,food_price,food_image,canteen_id,food_name FROM food WHERE canteen_id = ? 
2019-05-01 20:54:52,647 DEBUG (BaseJdbcLogger.java:159)- ==> Parameters: 9(Integer)
2019-05-01 20:54:52,648 DEBUG (BaseJdbcLogger.java:159)- <==      Total: 1
2019-05-01 20:54:52,651 DEBUG (BaseJdbcLogger.java:159)- <==      Total: 0
2019-05-01 20:55:01,857 DEBUG (BaseJdbcLogger.java:159)- ==>  Preparing: SELECT food_id,food_describe,food_price,food_image,canteen_id,food_name FROM food WHERE canteen_id = ? 
2019-05-01 20:55:01,859 DEBUG (BaseJdbcLogger.java:159)- ==> Parameters: 9(Integer)
2019-05-01 20:55:01,858 DEBUG (BaseJdbcLogger.java:159)- ==>  Preparing: SELECT canteen_id,canteen_label,canteen_name,canteen_des,canteen_image,canteen_mark_number,canteen_mark,sales FROM canteen WHERE canteen_id = ? 
2019-05-01 20:55:01,863 DEBUG (BaseJdbcLogger.java:159)- ==> Parameters: 9(Integer)
2019-05-01 20:55:01,865 DEBUG (BaseJdbcLogger.java:159)- <==      Total: 1
2019-05-01 20:55:01,862 DEBUG (BaseJdbcLogger.java:159)- <==      Total: 0
2019-05-01 20:55:20,113 DEBUG (BaseJdbcLogger.java:159)- ==>  Preparing: SELECT food_id,food_describe,food_price,food_image,canteen_id,food_name FROM food WHERE canteen_id = ? 
2019-05-01 20:55:20,115 DEBUG (BaseJdbcLogger.java:159)- ==> Parameters: 9(Integer)
2019-05-01 20:55:20,118 DEBUG (BaseJdbcLogger.java:159)- <==      Total: 0
2019-05-01 20:55:20,118 DEBUG (BaseJdbcLogger.java:159)- ==>  Preparing: SELECT canteen_id,canteen_label,canteen_name,canteen_des,canteen_image,canteen_mark_number,canteen_mark,sales FROM canteen WHERE canteen_id = ? 
2019-05-01 20:55:20,125 DEBUG (BaseJdbcLogger.java:159)- ==> Parameters: 9(Integer)
2019-05-01 20:55:20,128 DEBUG (BaseJdbcLogger.java:159)- <==      Total: 1
2019-05-01 20:55:20,195 DEBUG (BaseJdbcLogger.java:159)- ==>  Preparing: SELECT canteen_id,canteen_label,canteen_name,canteen_des,canteen_image,canteen_mark_number,canteen_mark,sales FROM canteen WHERE canteen_id = ? 
2019-05-01 20:55:20,196 DEBUG (BaseJdbcLogger.java:159)- ==> Parameters: 9(Integer)
2019-05-01 20:55:20,197 DEBUG (BaseJdbcLogger.java:159)- ==>  Preparing: SELECT food_id,food_describe,food_price,food_image,canteen_id,food_name FROM food WHERE canteen_id = ? 
2019-05-01 20:55:20,197 DEBUG (BaseJdbcLogger.java:159)- ==> Parameters: 9(Integer)
2019-05-01 20:55:20,197 DEBUG (BaseJdbcLogger.java:159)- <==      Total: 1
2019-05-01 20:55:20,200 DEBUG (BaseJdbcLogger.java:159)- <==      Total: 0
2019-05-01 20:55:25,645 DEBUG (BaseJdbcLogger.java:159)- ==>  Preparing: SELECT canteen_id,canteen_label,canteen_name,canteen_des,canteen_image,canteen_mark_number,canteen_mark,sales FROM canteen WHERE canteen_id = ? 
2019-05-01 20:55:25,646 DEBUG (BaseJdbcLogger.java:159)- ==> Parameters: 9(Integer)
2019-05-01 20:55:25,646 DEBUG (BaseJdbcLogger.java:159)- ==>  Preparing: SELECT food_id,food_describe,food_price,food_image,canteen_id,food_name FROM food WHERE canteen_id = ? 
2019-05-01 20:55:25,647 DEBUG (BaseJdbcLogger.java:159)- ==> Parameters: 9(Integer)
2019-05-01 20:55:25,648 DEBUG (BaseJdbcLogger.java:159)- <==      Total: 0
2019-05-01 20:55:25,649 DEBUG (BaseJdbcLogger.java:159)- <==      Total: 1
2019-05-01 20:55:32,392 DEBUG (BaseJdbcLogger.java:159)- ==>  Preparing: SELECT food_id,food_describe,food_price,food_image,canteen_id,food_name FROM food WHERE canteen_id = ? 
2019-05-01 20:55:32,393 DEBUG (BaseJdbcLogger.java:159)- ==> Parameters: 9(Integer)
2019-05-01 20:55:32,396 DEBUG (BaseJdbcLogger.java:159)- <==      Total: 0
2019-05-01 20:55:32,396 DEBUG (BaseJdbcLogger.java:159)- ==>  Preparing: SELECT canteen_id,canteen_label,canteen_name,canteen_des,canteen_image,canteen_mark_number,canteen_mark,sales FROM canteen WHERE canteen_id = ? 
2019-05-01 20:55:32,398 DEBUG (BaseJdbcLogger.java:159)- ==> Parameters: 9(Integer)
2019-05-01 20:55:32,403 DEBUG (BaseJdbcLogger.java:159)- <==      Total: 1
2019-05-01 20:55:49,472 DEBUG (BaseJdbcLogger.java:159)- ==>  Preparing: SELECT food_id,food_describe,food_price,food_image,canteen_id,food_name FROM food WHERE canteen_id = ? 
2019-05-01 20:55:49,473 DEBUG (BaseJdbcLogger.java:159)- ==> Parameters: 9(Integer)
2019-05-01 20:55:49,472 DEBUG (BaseJdbcLogger.java:159)- ==>  Preparing: SELECT canteen_id,canteen_label,canteen_name,canteen_des,canteen_image,canteen_mark_number,canteen_mark,sales FROM canteen WHERE canteen_id = ? 
2019-05-01 20:55:49,474 DEBUG (BaseJdbcLogger.java:159)- ==> Parameters: 9(Integer)
2019-05-01 20:55:49,476 DEBUG (BaseJdbcLogger.java:159)- <==      Total: 0
2019-05-01 20:55:49,482 DEBUG (BaseJdbcLogger.java:159)- <==      Total: 1
2019-05-01 21:15:41,748 DEBUG (BaseJdbcLogger.java:159)- ==>  Preparing: SELECT food_id,food_describe,food_price,food_image,canteen_id,food_name FROM food WHERE canteen_id = ? 
2019-05-01 21:15:41,750 DEBUG (BaseJdbcLogger.java:159)- ==> Parameters: 9(Integer)
2019-05-01 21:15:41,754 DEBUG (BaseJdbcLogger.java:159)- <==      Total: 0
2019-05-01 21:15:41,764 DEBUG (BaseJdbcLogger.java:159)- ==>  Preparing: SELECT canteen_id,canteen_label,canteen_name,canteen_des,canteen_image,canteen_mark_number,canteen_mark,sales FROM canteen WHERE canteen_id = ? 
2019-05-01 21:15:41,764 DEBUG (BaseJdbcLogger.java:159)- ==> Parameters: 9(Integer)
2019-05-01 21:15:41,769 DEBUG (BaseJdbcLogger.java:159)- <==      Total: 1
2019-05-01 21:21:47,481 DEBUG (BaseJdbcLogger.java:159)- ==>  Preparing: SELECT food_id,food_describe,food_price,food_image,canteen_id,food_name FROM food WHERE canteen_id = ? 
2019-05-01 21:21:47,482 DEBUG (BaseJdbcLogger.java:159)- ==> Parameters: 9(Integer)
2019-05-01 21:21:47,485 DEBUG (BaseJdbcLogger.java:159)- ==>  Preparing: SELECT canteen_id,canteen_label,canteen_name,canteen_des,canteen_image,canteen_mark_number,canteen_mark,sales FROM canteen WHERE canteen_id = ? 
2019-05-01 21:21:47,486 DEBUG (BaseJdbcLogger.java:159)- ==> Parameters: 9(Integer)
2019-05-01 21:21:47,489 DEBUG (BaseJdbcLogger.java:159)- <==      Total: 0
2019-05-01 21:21:47,490 DEBUG (BaseJdbcLogger.java:159)- <==      Total: 1
2019-05-01 21:22:52,180 DEBUG (BaseJdbcLogger.java:159)- ==>  Preparing: SELECT canteen_id,canteen_label,canteen_name,canteen_des,canteen_image,canteen_mark_number,canteen_mark,sales FROM canteen WHERE canteen_id = ? 
2019-05-01 21:22:52,181 DEBUG (BaseJdbcLogger.java:159)- ==> Parameters: 9(Integer)
2019-05-01 21:22:52,184 DEBUG (BaseJdbcLogger.java:159)- <==      Total: 1
2019-05-01 21:22:52,191 DEBUG (BaseJdbcLogger.java:159)- ==>  Preparing: SELECT food_id,food_describe,food_price,food_image,canteen_id,food_name FROM food WHERE canteen_id = ? 
2019-05-01 21:22:52,192 DEBUG (BaseJdbcLogger.java:159)- ==> Parameters: 9(Integer)
2019-05-01 21:22:52,194 DEBUG (BaseJdbcLogger.java:159)- <==      Total: 0
2019-05-01 21:23:09,418 DEBUG (BaseJdbcLogger.java:159)- ==>  Preparing: SELECT food_id,food_describe,food_price,food_image,canteen_id,food_name FROM food WHERE canteen_id = ? 
2019-05-01 21:23:09,420 DEBUG (BaseJdbcLogger.java:159)- ==> Parameters: 9(Integer)
2019-05-01 21:23:09,423 DEBUG (BaseJdbcLogger.java:159)- ==>  Preparing: SELECT canteen_id,canteen_label,canteen_name,canteen_des,canteen_image,canteen_mark_number,canteen_mark,sales FROM canteen WHERE canteen_id = ? 
2019-05-01 21:23:09,423 DEBUG (BaseJdbcLogger.java:159)- <==      Total: 0
2019-05-01 21:23:09,424 DEBUG (BaseJdbcLogger.java:159)- ==> Parameters: 9(Integer)
2019-05-01 21:23:09,428 DEBUG (BaseJdbcLogger.java:159)- <==      Total: 1
2019-05-01 21:24:19,902 DEBUG (BaseJdbcLogger.java:159)- ==>  Preparing: SELECT food_id,food_describe,food_price,food_image,canteen_id,food_name FROM food WHERE canteen_id = ? 
2019-05-01 21:24:19,903 DEBUG (BaseJdbcLogger.java:159)- ==> Parameters: 9(Integer)
2019-05-01 21:24:19,908 DEBUG (BaseJdbcLogger.java:159)- <==      Total: 0
2019-05-01 21:24:19,908 DEBUG (BaseJdbcLogger.java:159)- ==>  Preparing: SELECT canteen_id,canteen_label,canteen_name,canteen_des,canteen_image,canteen_mark_number,canteen_mark,sales FROM canteen WHERE canteen_id = ? 
2019-05-01 21:24:19,909 DEBUG (BaseJdbcLogger.java:159)- ==> Parameters: 9(Integer)
2019-05-01 21:24:19,910 DEBUG (BaseJdbcLogger.java:159)- <==      Total: 1
2019-05-01 21:24:24,062 DEBUG (BaseJdbcLogger.java:159)- ==>  Preparing: SELECT canteen_id,canteen_label,canteen_name,canteen_des,canteen_image,canteen_mark_number,canteen_mark,sales FROM canteen 
2019-05-01 21:24:24,062 DEBUG (BaseJdbcLogger.java:159)- ==> Parameters: 
2019-05-01 21:24:24,068 DEBUG (BaseJdbcLogger.java:159)- <==      Total: 9
2019-05-01 21:24:46,396 DEBUG (BaseJdbcLogger.java:159)- ==>  Preparing: SELECT food_id,food_describe,food_price,food_image,canteen_id,food_name FROM food WHERE canteen_id = ? 
2019-05-01 21:24:46,397 DEBUG (BaseJdbcLogger.java:159)- ==> Parameters: 9(Integer)
2019-05-01 21:24:46,399 DEBUG (BaseJdbcLogger.java:159)- <==      Total: 0
2019-05-01 21:24:46,405 DEBUG (BaseJdbcLogger.java:159)- ==>  Preparing: SELECT canteen_id,canteen_label,canteen_name,canteen_des,canteen_image,canteen_mark_number,canteen_mark,sales FROM canteen WHERE canteen_id = ? 
2019-05-01 21:24:46,406 DEBUG (BaseJdbcLogger.java:159)- ==> Parameters: 9(Integer)
2019-05-01 21:24:46,408 DEBUG (BaseJdbcLogger.java:159)- <==      Total: 1
2019-05-01 21:24:51,787 DEBUG (BaseJdbcLogger.java:159)- ==>  Preparing: SELECT canteen_id,canteen_label,canteen_name,canteen_des,canteen_image,canteen_mark_number,canteen_mark,sales FROM canteen 
2019-05-01 21:24:51,788 DEBUG (BaseJdbcLogger.java:159)- ==> Parameters: 
2019-05-01 21:24:51,794 DEBUG (BaseJdbcLogger.java:159)- <==      Total: 9
2019-05-01 21:25:59,780 DEBUG (BaseJdbcLogger.java:159)- ==>  Preparing: SELECT canteen_id,canteen_label,canteen_name,canteen_des,canteen_image,canteen_mark_number,canteen_mark,sales FROM canteen WHERE canteen_id = ? 
2019-05-01 21:25:59,783 DEBUG (BaseJdbcLogger.java:159)- ==> Parameters: 9(Integer)
2019-05-01 21:25:59,784 DEBUG (BaseJdbcLogger.java:159)- <==      Total: 1
2019-05-01 21:25:59,786 DEBUG (BaseJdbcLogger.java:159)- ==>  Preparing: SELECT food_id,food_describe,food_price,food_image,canteen_id,food_name FROM food WHERE canteen_id = ? 
2019-05-01 21:25:59,789 DEBUG (BaseJdbcLogger.java:159)- ==> Parameters: 9(Integer)
2019-05-01 21:25:59,790 DEBUG (BaseJdbcLogger.java:159)- <==      Total: 0
2019-05-01 21:26:01,688 DEBUG (BaseJdbcLogger.java:159)- ==>  Preparing: SELECT food_id,food_describe,food_price,food_image,canteen_id,food_name FROM food WHERE canteen_id = ? 
2019-05-01 21:26:01,689 DEBUG (BaseJdbcLogger.java:159)- ==> Parameters: 9(Integer)
2019-05-01 21:26:01,697 DEBUG (BaseJdbcLogger.java:159)- <==      Total: 0
2019-05-01 21:26:01,711 DEBUG (BaseJdbcLogger.java:159)- ==>  Preparing: SELECT canteen_id,canteen_label,canteen_name,canteen_des,canteen_image,canteen_mark_number,canteen_mark,sales FROM canteen WHERE canteen_id = ? 
2019-05-01 21:26:01,712 DEBUG (BaseJdbcLogger.java:159)- ==> Parameters: 9(Integer)
2019-05-01 21:26:01,714 DEBUG (BaseJdbcLogger.java:159)- <==      Total: 1
2019-05-01 21:26:04,722 DEBUG (BaseJdbcLogger.java:159)- ==>  Preparing: SELECT food_id,food_describe,food_price,food_image,canteen_id,food_name FROM food WHERE canteen_id = ? 
2019-05-01 21:26:04,723 DEBUG (BaseJdbcLogger.java:159)- ==> Parameters: 9(Integer)
2019-05-01 21:26:04,725 DEBUG (BaseJdbcLogger.java:159)- <==      Total: 0
2019-05-01 21:26:04,733 DEBUG (BaseJdbcLogger.java:159)- ==>  Preparing: SELECT canteen_id,canteen_label,canteen_name,canteen_des,canteen_image,canteen_mark_number,canteen_mark,sales FROM canteen WHERE canteen_id = ? 
2019-05-01 21:26:04,734 DEBUG (BaseJdbcLogger.java:159)- ==> Parameters: 9(Integer)
2019-05-01 21:26:04,736 DEBUG (BaseJdbcLogger.java:159)- <==      Total: 1
2019-05-01 21:26:25,354 DEBUG (BaseJdbcLogger.java:159)- ==>  Preparing: SELECT canteen_id,canteen_label,canteen_name,canteen_des,canteen_image,canteen_mark_number,canteen_mark,sales FROM canteen 
2019-05-01 21:26:25,355 DEBUG (BaseJdbcLogger.java:159)- ==> Parameters: 
2019-05-01 21:26:25,358 DEBUG (BaseJdbcLogger.java:159)- <==      Total: 9
2019-05-01 21:26:27,606 DEBUG (BaseJdbcLogger.java:159)- ==>  Preparing: SELECT food_id,food_describe,food_price,food_image,canteen_id,food_name FROM food WHERE canteen_id = ? 
2019-05-01 21:26:27,608 DEBUG (BaseJdbcLogger.java:159)- ==> Parameters: 8(Integer)
2019-05-01 21:26:27,611 DEBUG (BaseJdbcLogger.java:159)- <==      Total: 6
2019-05-01 21:26:27,615 DEBUG (BaseJdbcLogger.java:159)- ==>  Preparing: SELECT canteen_id,canteen_label,canteen_name,canteen_des,canteen_image,canteen_mark_number,canteen_mark,sales FROM canteen WHERE canteen_id = ? 
2019-05-01 21:26:27,615 DEBUG (BaseJdbcLogger.java:159)- ==> Parameters: 8(Integer)
2019-05-01 21:26:27,617 DEBUG (BaseJdbcLogger.java:159)- <==      Total: 1
2019-05-01 21:26:31,417 DEBUG (BaseJdbcLogger.java:159)- ==>  Preparing: SELECT canteen_id,canteen_label,canteen_name,canteen_des,canteen_image,canteen_mark_number,canteen_mark,sales FROM canteen 
2019-05-01 21:26:31,418 DEBUG (BaseJdbcLogger.java:159)- ==> Parameters: 
2019-05-01 21:26:31,420 DEBUG (BaseJdbcLogger.java:159)- <==      Total: 9
2019-05-01 21:26:32,118 DEBUG (BaseJdbcLogger.java:159)- ==>  Preparing: SELECT food_id,food_describe,food_price,food_image,canteen_id,food_name FROM food WHERE canteen_id = ? 
2019-05-01 21:26:32,119 DEBUG (BaseJdbcLogger.java:159)- ==> Parameters: 8(Integer)
2019-05-01 21:26:32,122 DEBUG (BaseJdbcLogger.java:159)- <==      Total: 6
2019-05-01 21:26:32,124 DEBUG (BaseJdbcLogger.java:159)- ==>  Preparing: SELECT canteen_id,canteen_label,canteen_name,canteen_des,canteen_image,canteen_mark_number,canteen_mark,sales FROM canteen WHERE canteen_id = ? 
2019-05-01 21:26:32,128 DEBUG (BaseJdbcLogger.java:159)- ==> Parameters: 8(Integer)
2019-05-01 21:26:32,131 DEBUG (BaseJdbcLogger.java:159)- <==      Total: 1
2019-05-01 21:26:33,586 DEBUG (BaseJdbcLogger.java:159)- ==>  Preparing: SELECT canteen_id,canteen_label,canteen_name,canteen_des,canteen_image,canteen_mark_number,canteen_mark,sales FROM canteen 
2019-05-01 21:26:33,587 DEBUG (BaseJdbcLogger.java:159)- ==> Parameters: 
2019-05-01 21:26:33,589 DEBUG (BaseJdbcLogger.java:159)- <==      Total: 9
2019-05-01 21:26:34,214 DEBUG (BaseJdbcLogger.java:159)- ==>  Preparing: SELECT food_id,food_describe,food_price,food_image,canteen_id,food_name FROM food WHERE canteen_id = ? 
2019-05-01 21:26:34,215 DEBUG (BaseJdbcLogger.java:159)- ==> Parameters: 8(Integer)
2019-05-01 21:26:34,219 DEBUG (BaseJdbcLogger.java:159)- ==>  Preparing: SELECT canteen_id,canteen_label,canteen_name,canteen_des,canteen_image,canteen_mark_number,canteen_mark,sales FROM canteen WHERE canteen_id = ? 
2019-05-01 21:26:34,220 DEBUG (BaseJdbcLogger.java:159)- <==      Total: 6
2019-05-01 21:26:34,221 DEBUG (BaseJdbcLogger.java:159)- ==> Parameters: 8(Integer)
2019-05-01 21:26:34,228 DEBUG (BaseJdbcLogger.java:159)- <==      Total: 1
2019-05-01 21:26:37,344 DEBUG (BaseJdbcLogger.java:159)- ==>  Preparing: SELECT canteen_id,canteen_label,canteen_name,canteen_des,canteen_image,canteen_mark_number,canteen_mark,sales FROM canteen 
2019-05-01 21:26:37,345 DEBUG (BaseJdbcLogger.java:159)- ==> Parameters: 
2019-05-01 21:26:37,349 DEBUG (BaseJdbcLogger.java:159)- <==      Total: 9
2019-05-01 21:26:37,964 DEBUG (BaseJdbcLogger.java:159)- ==>  Preparing: SELECT food_id,food_describe,food_price,food_image,canteen_id,food_name FROM food WHERE canteen_id = ? 
2019-05-01 21:26:37,965 DEBUG (BaseJdbcLogger.java:159)- ==> Parameters: 8(Integer)
2019-05-01 21:26:37,967 DEBUG (BaseJdbcLogger.java:159)- ==>  Preparing: SELECT canteen_id,canteen_label,canteen_name,canteen_des,canteen_image,canteen_mark_number,canteen_mark,sales FROM canteen WHERE canteen_id = ? 
2019-05-01 21:26:37,967 DEBUG (BaseJdbcLogger.java:159)- ==> Parameters: 8(Integer)
2019-05-01 21:26:37,968 DEBUG (BaseJdbcLogger.java:159)- <==      Total: 6
2019-05-01 21:26:37,970 DEBUG (BaseJdbcLogger.java:159)- <==      Total: 1
2019-05-01 21:29:32,764 DEBUG (BaseJdbcLogger.java:159)- ==>  Preparing: SELECT canteen_id,canteen_label,canteen_name,canteen_des,canteen_image,canteen_mark_number,canteen_mark,sales FROM canteen 
2019-05-01 21:29:32,765 DEBUG (BaseJdbcLogger.java:159)- ==> Parameters: 
2019-05-01 21:29:32,768 DEBUG (BaseJdbcLogger.java:159)- <==      Total: 9
2019-05-01 21:29:33,654 DEBUG (BaseJdbcLogger.java:159)- ==>  Preparing: SELECT food_id,food_describe,food_price,food_image,canteen_id,food_name FROM food WHERE canteen_id = ? 
2019-05-01 21:29:33,655 DEBUG (BaseJdbcLogger.java:159)- ==> Parameters: 9(Integer)
2019-05-01 21:29:33,658 DEBUG (BaseJdbcLogger.java:159)- <==      Total: 0
2019-05-01 21:29:33,666 DEBUG (BaseJdbcLogger.java:159)- ==>  Preparing: SELECT canteen_id,canteen_label,canteen_name,canteen_des,canteen_image,canteen_mark_number,canteen_mark,sales FROM canteen WHERE canteen_id = ? 
2019-05-01 21:29:33,670 DEBUG (BaseJdbcLogger.java:159)- ==> Parameters: 9(Integer)
2019-05-01 21:29:33,672 DEBUG (BaseJdbcLogger.java:159)- <==      Total: 1
2019-05-01 21:29:34,637 DEBUG (BaseJdbcLogger.java:159)- ==>  Preparing: SELECT canteen_id,canteen_label,canteen_name,canteen_des,canteen_image,canteen_mark_number,canteen_mark,sales FROM canteen 
2019-05-01 21:29:34,638 DEBUG (BaseJdbcLogger.java:159)- ==> Parameters: 
2019-05-01 21:29:34,639 DEBUG (BaseJdbcLogger.java:159)- <==      Total: 9
2019-05-01 21:29:49,499 DEBUG (BaseJdbcLogger.java:159)- ==>  Preparing: SELECT food_id,food_describe,food_price,food_image,canteen_id,food_name FROM food WHERE canteen_id = ? 
2019-05-01 21:29:49,500 DEBUG (BaseJdbcLogger.java:159)- ==> Parameters: 8(Integer)
2019-05-01 21:29:49,501 DEBUG (BaseJdbcLogger.java:159)- <==      Total: 6
2019-05-01 21:29:49,506 DEBUG (BaseJdbcLogger.java:159)- ==>  Preparing: SELECT canteen_id,canteen_label,canteen_name,canteen_des,canteen_image,canteen_mark_number,canteen_mark,sales FROM canteen WHERE canteen_id = ? 
2019-05-01 21:29:49,510 DEBUG (BaseJdbcLogger.java:159)- ==> Parameters: 8(Integer)
2019-05-01 21:29:49,514 DEBUG (BaseJdbcLogger.java:159)- <==      Total: 1
2019-05-01 21:30:20,009 DEBUG (BaseJdbcLogger.java:159)- ==>  Preparing: SELECT food_id,food_describe,food_price,food_image,canteen_id,food_name FROM food WHERE canteen_id = ? 
2019-05-01 21:30:20,011 DEBUG (BaseJdbcLogger.java:159)- ==> Parameters: 8(Integer)
2019-05-01 21:30:20,016 DEBUG (BaseJdbcLogger.java:159)- <==      Total: 6
2019-05-01 21:30:20,023 DEBUG (BaseJdbcLogger.java:159)- ==>  Preparing: SELECT canteen_id,canteen_label,canteen_name,canteen_des,canteen_image,canteen_mark_number,canteen_mark,sales FROM canteen WHERE canteen_id = ? 
2019-05-01 21:30:20,024 DEBUG (BaseJdbcLogger.java:159)- ==> Parameters: 8(Integer)
2019-05-01 21:30:20,032 DEBUG (BaseJdbcLogger.java:159)- <==      Total: 1
2019-05-01 21:30:36,317 DEBUG (BaseJdbcLogger.java:159)- ==>  Preparing: SELECT food_id,food_describe,food_price,food_image,canteen_id,food_name FROM food WHERE canteen_id = ? 
2019-05-01 21:30:36,318 DEBUG (BaseJdbcLogger.java:159)- ==> Parameters: 8(Integer)
2019-05-01 21:30:36,327 DEBUG (BaseJdbcLogger.java:159)- <==      Total: 6
2019-05-01 21:30:36,343 DEBUG (BaseJdbcLogger.java:159)- ==>  Preparing: SELECT canteen_id,canteen_label,canteen_name,canteen_des,canteen_image,canteen_mark_number,canteen_mark,sales FROM canteen WHERE canteen_id = ? 
2019-05-01 21:30:36,344 DEBUG (BaseJdbcLogger.java:159)- ==> Parameters: 8(Integer)
2019-05-01 21:30:36,349 DEBUG (BaseJdbcLogger.java:159)- <==      Total: 1
2019-05-01 21:32:36,851 DEBUG (BaseJdbcLogger.java:159)- ==>  Preparing: SELECT food_id,food_describe,food_price,food_image,canteen_id,food_name FROM food WHERE canteen_id = ? 
2019-05-01 21:32:36,852 DEBUG (BaseJdbcLogger.java:159)- ==> Parameters: 8(Integer)
2019-05-01 21:32:36,855 DEBUG (BaseJdbcLogger.java:159)- ==>  Preparing: SELECT canteen_id,canteen_label,canteen_name,canteen_des,canteen_image,canteen_mark_number,canteen_mark,sales FROM canteen WHERE canteen_id = ? 
2019-05-01 21:32:36,856 DEBUG (BaseJdbcLogger.java:159)- ==> Parameters: 8(Integer)
2019-05-01 21:32:36,856 DEBUG (BaseJdbcLogger.java:159)- <==      Total: 6
2019-05-01 21:32:36,857 DEBUG (BaseJdbcLogger.java:159)- <==      Total: 1
2019-05-01 21:32:38,508 DEBUG (BaseJdbcLogger.java:159)- ==>  Preparing: SELECT food_id,food_describe,food_price,food_image,canteen_id,food_name FROM food WHERE canteen_id = ? 
2019-05-01 21:32:38,509 DEBUG (BaseJdbcLogger.java:159)- ==> Parameters: 8(Integer)
2019-05-01 21:32:38,512 DEBUG (BaseJdbcLogger.java:159)- <==      Total: 6
2019-05-01 21:32:38,514 DEBUG (BaseJdbcLogger.java:159)- ==>  Preparing: SELECT canteen_id,canteen_label,canteen_name,canteen_des,canteen_image,canteen_mark_number,canteen_mark,sales FROM canteen WHERE canteen_id = ? 
2019-05-01 21:32:38,516 DEBUG (BaseJdbcLogger.java:159)- ==> Parameters: 8(Integer)
2019-05-01 21:32:38,519 DEBUG (BaseJdbcLogger.java:159)- <==      Total: 1
2019-05-01 21:33:26,737 DEBUG (BaseJdbcLogger.java:159)- ==>  Preparing: SELECT food_id,food_describe,food_price,food_image,canteen_id,food_name FROM food WHERE canteen_id = ? 
2019-05-01 21:33:26,738 DEBUG (BaseJdbcLogger.java:159)- ==> Parameters: 8(Integer)
2019-05-01 21:33:26,742 DEBUG (BaseJdbcLogger.java:159)- ==>  Preparing: SELECT canteen_id,canteen_label,canteen_name,canteen_des,canteen_image,canteen_mark_number,canteen_mark,sales FROM canteen WHERE canteen_id = ? 
2019-05-01 21:33:26,743 DEBUG (BaseJdbcLogger.java:159)- <==      Total: 6
2019-05-01 21:33:26,743 DEBUG (BaseJdbcLogger.java:159)- ==> Parameters: 8(Integer)
2019-05-01 21:33:26,754 DEBUG (BaseJdbcLogger.java:159)- <==      Total: 1
2019-05-01 21:33:57,027 DEBUG (BaseJdbcLogger.java:159)- ==>  Preparing: SELECT food_id,food_describe,food_price,food_image,canteen_id,food_name FROM food WHERE canteen_id = ? 
2019-05-01 21:33:57,028 DEBUG (BaseJdbcLogger.java:159)- ==> Parameters: 8(Integer)
2019-05-01 21:33:57,028 DEBUG (BaseJdbcLogger.java:159)- ==>  Preparing: SELECT canteen_id,canteen_label,canteen_name,canteen_des,canteen_image,canteen_mark_number,canteen_mark,sales FROM canteen WHERE canteen_id = ? 
2019-05-01 21:33:57,029 DEBUG (BaseJdbcLogger.java:159)- ==> Parameters: 8(Integer)
2019-05-01 21:33:57,032 DEBUG (BaseJdbcLogger.java:159)- <==      Total: 1
2019-05-01 21:33:57,032 DEBUG (BaseJdbcLogger.java:159)- <==      Total: 6
2019-05-01 21:34:12,024 DEBUG (BaseJdbcLogger.java:159)- ==>  Preparing: SELECT food_id,food_describe,food_price,food_image,canteen_id,food_name FROM food WHERE canteen_id = ? 
2019-05-01 21:34:12,025 DEBUG (BaseJdbcLogger.java:159)- ==> Parameters: 8(Integer)
2019-05-01 21:34:12,028 DEBUG (BaseJdbcLogger.java:159)- ==>  Preparing: SELECT canteen_id,canteen_label,canteen_name,canteen_des,canteen_image,canteen_mark_number,canteen_mark,sales FROM canteen WHERE canteen_id = ? 
2019-05-01 21:34:12,028 DEBUG (BaseJdbcLogger.java:159)- <==      Total: 6
2019-05-01 21:34:12,029 DEBUG (BaseJdbcLogger.java:159)- ==> Parameters: 8(Integer)
2019-05-01 21:34:12,030 DEBUG (BaseJdbcLogger.java:159)- <==      Total: 1
2019-05-01 21:34:12,078 DEBUG (BaseJdbcLogger.java:159)- ==>  Preparing: SELECT food_id,food_describe,food_price,food_image,canteen_id,food_name FROM food WHERE canteen_id = ? 
2019-05-01 21:34:12,079 DEBUG (BaseJdbcLogger.java:159)- ==> Parameters: 8(Integer)
2019-05-01 21:34:12,079 DEBUG (BaseJdbcLogger.java:159)- ==>  Preparing: SELECT canteen_id,canteen_label,canteen_name,canteen_des,canteen_image,canteen_mark_number,canteen_mark,sales FROM canteen WHERE canteen_id = ? 
2019-05-01 21:34:12,080 DEBUG (BaseJdbcLogger.java:159)- ==> Parameters: 8(Integer)
2019-05-01 21:34:12,081 DEBUG (BaseJdbcLogger.java:159)- <==      Total: 6
2019-05-01 21:34:12,084 DEBUG (BaseJdbcLogger.java:159)- <==      Total: 1
2019-05-01 21:34:49,608 DEBUG (BaseJdbcLogger.java:159)- ==>  Preparing: SELECT food_id,food_describe,food_price,food_image,canteen_id,food_name FROM food WHERE canteen_id = ? 
2019-05-01 21:34:49,608 DEBUG (BaseJdbcLogger.java:159)- ==> Parameters: 8(Integer)
2019-05-01 21:34:49,612 DEBUG (BaseJdbcLogger.java:159)- <==      Total: 6
2019-05-01 21:34:49,620 DEBUG (BaseJdbcLogger.java:159)- ==>  Preparing: SELECT canteen_id,canteen_label,canteen_name,canteen_des,canteen_image,canteen_mark_number,canteen_mark,sales FROM canteen WHERE canteen_id = ? 
2019-05-01 21:34:49,621 DEBUG (BaseJdbcLogger.java:159)- ==> Parameters: 8(Integer)
2019-05-01 21:34:49,624 DEBUG (BaseJdbcLogger.java:159)- <==      Total: 1
2019-05-01 21:35:11,865 DEBUG (BaseJdbcLogger.java:159)- ==>  Preparing: SELECT food_id,food_describe,food_price,food_image,canteen_id,food_name FROM food WHERE canteen_id = ? 
2019-05-01 21:35:11,866 DEBUG (BaseJdbcLogger.java:159)- ==> Parameters: 8(Integer)
2019-05-01 21:35:11,866 DEBUG (BaseJdbcLogger.java:159)- ==>  Preparing: SELECT canteen_id,canteen_label,canteen_name,canteen_des,canteen_image,canteen_mark_number,canteen_mark,sales FROM canteen WHERE canteen_id = ? 
2019-05-01 21:35:11,870 DEBUG (BaseJdbcLogger.java:159)- <==      Total: 6
2019-05-01 21:35:11,871 DEBUG (BaseJdbcLogger.java:159)- ==> Parameters: 8(Integer)
2019-05-01 21:35:11,873 DEBUG (BaseJdbcLogger.java:159)- <==      Total: 1
2019-05-01 21:36:59,003 DEBUG (BaseJdbcLogger.java:159)- ==>  Preparing: SELECT food_id,food_describe,food_price,food_image,canteen_id,food_name FROM food WHERE canteen_id = ? 
2019-05-01 21:36:59,004 DEBUG (BaseJdbcLogger.java:159)- ==> Parameters: 8(Integer)
2019-05-01 21:36:59,006 DEBUG (BaseJdbcLogger.java:159)- <==      Total: 6
2019-05-01 21:36:59,022 DEBUG (BaseJdbcLogger.java:159)- ==>  Preparing: SELECT canteen_id,canteen_label,canteen_name,canteen_des,canteen_image,canteen_mark_number,canteen_mark,sales FROM canteen WHERE canteen_id = ? 
2019-05-01 21:36:59,023 DEBUG (BaseJdbcLogger.java:159)- ==> Parameters: 8(Integer)
2019-05-01 21:36:59,024 DEBUG (BaseJdbcLogger.java:159)- <==      Total: 1
2019-05-01 21:37:02,871 DEBUG (BaseJdbcLogger.java:159)- ==>  Preparing: SELECT food_id,food_describe,food_price,food_image,canteen_id,food_name FROM food WHERE canteen_id = ? 
2019-05-01 21:37:02,873 DEBUG (BaseJdbcLogger.java:159)- ==> Parameters: 8(Integer)
2019-05-01 21:37:02,878 DEBUG (BaseJdbcLogger.java:159)- ==>  Preparing: SELECT canteen_id,canteen_label,canteen_name,canteen_des,canteen_image,canteen_mark_number,canteen_mark,sales FROM canteen WHERE canteen_id = ? 
2019-05-01 21:37:02,878 DEBUG (BaseJdbcLogger.java:159)- <==      Total: 6
2019-05-01 21:37:02,879 DEBUG (BaseJdbcLogger.java:159)- ==> Parameters: 8(Integer)
2019-05-01 21:37:02,882 DEBUG (BaseJdbcLogger.java:159)- <==      Total: 1
2019-05-01 21:40:56,689 DEBUG (BaseJdbcLogger.java:159)- ==>  Preparing: SELECT food_id,food_describe,food_price,food_image,canteen_id,food_name FROM food WHERE canteen_id = ? 
2019-05-01 21:40:56,690 DEBUG (BaseJdbcLogger.java:159)- ==> Parameters: 8(Integer)
2019-05-01 21:40:56,691 DEBUG (BaseJdbcLogger.java:159)- ==>  Preparing: SELECT canteen_id,canteen_label,canteen_name,canteen_des,canteen_image,canteen_mark_number,canteen_mark,sales FROM canteen WHERE canteen_id = ? 
2019-05-01 21:40:56,691 DEBUG (BaseJdbcLogger.java:159)- ==> Parameters: 8(Integer)
2019-05-01 21:40:56,692 DEBUG (BaseJdbcLogger.java:159)- <==      Total: 6
2019-05-01 21:40:56,695 DEBUG (BaseJdbcLogger.java:159)- <==      Total: 1
2019-05-01 21:43:05,143 DEBUG (BaseJdbcLogger.java:159)- ==>  Preparing: SELECT canteen_id,canteen_label,canteen_name,canteen_des,canteen_image,canteen_mark_number,canteen_mark,sales FROM canteen 
2019-05-01 21:43:05,144 DEBUG (BaseJdbcLogger.java:159)- ==> Parameters: 
2019-05-01 21:43:05,146 DEBUG (BaseJdbcLogger.java:159)- <==      Total: 9
2019-05-01 21:43:06,953 DEBUG (BaseJdbcLogger.java:159)- ==>  Preparing: SELECT food_id,food_describe,food_price,food_image,canteen_id,food_name FROM food WHERE canteen_id = ? 
2019-05-01 21:43:06,955 DEBUG (BaseJdbcLogger.java:159)- ==> Parameters: 9(Integer)
2019-05-01 21:43:06,958 DEBUG (BaseJdbcLogger.java:159)- ==>  Preparing: SELECT canteen_id,canteen_label,canteen_name,canteen_des,canteen_image,canteen_mark_number,canteen_mark,sales FROM canteen WHERE canteen_id = ? 
2019-05-01 21:43:06,959 DEBUG (BaseJdbcLogger.java:159)- <==      Total: 0
2019-05-01 21:43:06,959 DEBUG (BaseJdbcLogger.java:159)- ==> Parameters: 9(Integer)
2019-05-01 21:43:06,961 DEBUG (BaseJdbcLogger.java:159)- <==      Total: 1
2019-05-01 21:43:08,889 DEBUG (BaseJdbcLogger.java:159)- ==>  Preparing: SELECT canteen_id,canteen_label,canteen_name,canteen_des,canteen_image,canteen_mark_number,canteen_mark,sales FROM canteen 
2019-05-01 21:43:08,889 DEBUG (BaseJdbcLogger.java:159)- ==> Parameters: 
2019-05-01 21:43:08,890 DEBUG (BaseJdbcLogger.java:159)- <==      Total: 9
2019-05-01 21:43:09,610 DEBUG (BaseJdbcLogger.java:159)- ==>  Preparing: SELECT food_id,food_describe,food_price,food_image,canteen_id,food_name FROM food WHERE canteen_id = ? 
2019-05-01 21:43:09,611 DEBUG (BaseJdbcLogger.java:159)- ==> Parameters: 8(Integer)
2019-05-01 21:43:09,614 DEBUG (BaseJdbcLogger.java:159)- <==      Total: 6
2019-05-01 21:43:09,619 DEBUG (BaseJdbcLogger.java:159)- ==>  Preparing: SELECT canteen_id,canteen_label,canteen_name,canteen_des,canteen_image,canteen_mark_number,canteen_mark,sales FROM canteen WHERE canteen_id = ? 
2019-05-01 21:43:09,620 DEBUG (BaseJdbcLogger.java:159)- ==> Parameters: 8(Integer)
2019-05-01 21:43:09,622 DEBUG (BaseJdbcLogger.java:159)- <==      Total: 1
2019-05-01 21:44:15,645 DEBUG (BaseJdbcLogger.java:159)- ==>  Preparing: SELECT food_id,food_describe,food_price,food_image,canteen_id,food_name FROM food WHERE canteen_id = ? 
2019-05-01 21:44:15,645 DEBUG (BaseJdbcLogger.java:159)- ==> Parameters: 8(Integer)
2019-05-01 21:44:15,648 DEBUG (BaseJdbcLogger.java:159)- <==      Total: 6
2019-05-01 21:44:15,655 DEBUG (BaseJdbcLogger.java:159)- ==>  Preparing: SELECT canteen_id,canteen_label,canteen_name,canteen_des,canteen_image,canteen_mark_number,canteen_mark,sales FROM canteen WHERE canteen_id = ? 
2019-05-01 21:44:15,656 DEBUG (BaseJdbcLogger.java:159)- ==> Parameters: 8(Integer)
2019-05-01 21:44:15,659 DEBUG (BaseJdbcLogger.java:159)- <==      Total: 1
2019-05-01 21:44:41,415 DEBUG (BaseJdbcLogger.java:159)- ==>  Preparing: SELECT food_id,food_describe,food_price,food_image,canteen_id,food_name FROM food WHERE canteen_id = ? 
2019-05-01 21:44:41,416 DEBUG (BaseJdbcLogger.java:159)- ==> Parameters: 8(Integer)
2019-05-01 21:44:41,418 DEBUG (BaseJdbcLogger.java:159)- <==      Total: 6
2019-05-01 21:44:41,420 DEBUG (BaseJdbcLogger.java:159)- ==>  Preparing: SELECT canteen_id,canteen_label,canteen_name,canteen_des,canteen_image,canteen_mark_number,canteen_mark,sales FROM canteen WHERE canteen_id = ? 
2019-05-01 21:44:41,421 DEBUG (BaseJdbcLogger.java:159)- ==> Parameters: 8(Integer)
2019-05-01 21:44:41,425 DEBUG (BaseJdbcLogger.java:159)- <==      Total: 1
2019-05-01 21:50:41,194 DEBUG (BaseJdbcLogger.java:159)- ==>  Preparing: SELECT canteen_id,canteen_label,canteen_name,canteen_des,canteen_image,canteen_mark_number,canteen_mark,sales FROM canteen 
2019-05-01 21:50:41,194 DEBUG (BaseJdbcLogger.java:159)- ==> Parameters: 
2019-05-01 21:50:41,197 DEBUG (BaseJdbcLogger.java:159)- <==      Total: 9
2019-05-01 21:50:43,195 DEBUG (BaseJdbcLogger.java:159)- ==>  Preparing: SELECT food_id,food_describe,food_price,food_image,canteen_id,food_name FROM food WHERE canteen_id = ? 
2019-05-01 21:50:43,196 DEBUG (BaseJdbcLogger.java:159)- ==> Parameters: 9(Integer)
2019-05-01 21:50:43,198 DEBUG (BaseJdbcLogger.java:159)- <==      Total: 0
2019-05-01 21:50:43,206 DEBUG (BaseJdbcLogger.java:159)- ==>  Preparing: SELECT canteen_id,canteen_label,canteen_name,canteen_des,canteen_image,canteen_mark_number,canteen_mark,sales FROM canteen WHERE canteen_id = ? 
2019-05-01 21:50:43,207 DEBUG (BaseJdbcLogger.java:159)- ==> Parameters: 9(Integer)
2019-05-01 21:50:43,211 DEBUG (BaseJdbcLogger.java:159)- <==      Total: 1
2019-05-01 21:50:44,949 DEBUG (BaseJdbcLogger.java:159)- ==>  Preparing: SELECT canteen_id,canteen_label,canteen_name,canteen_des,canteen_image,canteen_mark_number,canteen_mark,sales FROM canteen 
2019-05-01 21:50:44,949 DEBUG (BaseJdbcLogger.java:159)- ==> Parameters: 
2019-05-01 21:50:44,953 DEBUG (BaseJdbcLogger.java:159)- <==      Total: 9
2019-05-01 21:50:45,522 DEBUG (BaseJdbcLogger.java:159)- ==>  Preparing: SELECT food_id,food_describe,food_price,food_image,canteen_id,food_name FROM food WHERE canteen_id = ? 
2019-05-01 21:50:45,523 DEBUG (BaseJdbcLogger.java:159)- ==> Parameters: 8(Integer)
2019-05-01 21:50:45,529 DEBUG (BaseJdbcLogger.java:159)- <==      Total: 6
2019-05-01 21:50:45,530 DEBUG (BaseJdbcLogger.java:159)- ==>  Preparing: SELECT canteen_id,canteen_label,canteen_name,canteen_des,canteen_image,canteen_mark_number,canteen_mark,sales FROM canteen WHERE canteen_id = ? 
2019-05-01 21:50:45,532 DEBUG (BaseJdbcLogger.java:159)- ==> Parameters: 8(Integer)
2019-05-01 21:50:45,537 DEBUG (BaseJdbcLogger.java:159)- <==      Total: 1
2019-05-01 22:47:36,558 INFO (SpringApplication.java:597)- The following profiles are active: dev
2019-05-01 22:48:00,634 INFO (StartupInfoLogger.java:57)- Started AdminServiceApp in 31.562 seconds (JVM running for 33.727)
2019-05-01 22:50:27,997 DEBUG (BaseJdbcLogger.java:159)- ==>  Preparing: SELECT canteen_id,canteen_label,canteen_name,canteen_des,canteen_image,canteen_mark_number,canteen_mark,sales FROM canteen 
2019-05-01 22:50:28,023 DEBUG (BaseJdbcLogger.java:159)- ==> Parameters: 
2019-05-01 22:50:28,063 DEBUG (BaseJdbcLogger.java:159)- <==      Total: 9
2019-05-01 22:50:32,232 DEBUG (BaseJdbcLogger.java:159)- ==>  Preparing: SELECT food_id,food_describe,food_price,food_image,canteen_id,food_name,food_rate,food_rate_number FROM food WHERE canteen_id = ? 
2019-05-01 22:50:32,238 DEBUG (BaseJdbcLogger.java:159)- ==> Parameters: 8(Integer)
2019-05-01 22:50:32,248 DEBUG (BaseJdbcLogger.java:159)- <==      Total: 6
2019-05-01 22:50:32,254 DEBUG (BaseJdbcLogger.java:159)- ==>  Preparing: SELECT canteen_id,canteen_label,canteen_name,canteen_des,canteen_image,canteen_mark_number,canteen_mark,sales FROM canteen WHERE canteen_id = ? 
2019-05-01 22:50:32,256 DEBUG (BaseJdbcLogger.java:159)- ==> Parameters: 8(Integer)
2019-05-01 22:50:32,263 DEBUG (BaseJdbcLogger.java:159)- <==      Total: 1
