2019-04-29 16:35:10,384 DEBUG (BaseJdbcLogger.java:159)- ==>  Preparing: SELECT canteen_id,canteen_label,canteen_name,canteen_des,canteen_image FROM canteen 
2019-04-29 16:35:10,435 DEBUG (BaseJdbcLogger.java:159)- ==> Parameters: 
2019-04-29 16:35:10,440 DEBUG (BaseJdbcLogger.java:159)- <==      Total: 9
2019-04-29 16:48:47,461 DEBUG (BaseJdbcLogger.java:159)- ==>  Preparing: SELECT canteen_id,canteen_label,canteen_name,canteen_des,canteen_image FROM canteen 
2019-04-29 16:48:47,462 DEBUG (BaseJdbcLogger.java:159)- ==> Parameters: 
2019-04-29 16:48:47,463 DEBUG (BaseJdbcLogger.java:159)- <==      Total: 9
2019-04-29 16:49:12,111 DEBUG (BaseJdbcLogger.java:159)- ==>  Preparing: SELECT canteen_id,canteen_label,canteen_name,canteen_des,canteen_image FROM canteen 
2019-04-29 16:49:12,112 DEBUG (BaseJdbcLogger.java:159)- ==> Parameters: 
2019-04-29 16:49:12,114 DEBUG (BaseJdbcLogger.java:159)- <==      Total: 9
2019-04-29 16:53:54,641 DEBUG (BaseJdbcLogger.java:159)- ==>  Preparing: SELECT canteen_id,canteen_label,canteen_name,canteen_des,canteen_image FROM canteen 
2019-04-29 16:53:54,642 DEBUG (BaseJdbcLogger.java:159)- ==> Parameters: 
2019-04-29 16:53:54,644 DEBUG (BaseJdbcLogger.java:159)- <==      Total: 9
2019-04-29 16:54:43,930 DEBUG (BaseJdbcLogger.java:159)- ==>  Preparing: SELECT canteen_id,canteen_label,canteen_name,canteen_des,canteen_image FROM canteen 
2019-04-29 16:54:43,931 DEBUG (BaseJdbcLogger.java:159)- ==> Parameters: 
2019-04-29 16:54:43,933 DEBUG (BaseJdbcLogger.java:159)- <==      Total: 9
2019-04-29 16:55:03,981 DEBUG (BaseJdbcLogger.java:159)- ==>  Preparing: SELECT canteen_id,canteen_label,canteen_name,canteen_des,canteen_image FROM canteen 
2019-04-29 16:55:03,982 DEBUG (BaseJdbcLogger.java:159)- ==> Parameters: 
2019-04-29 16:55:03,985 DEBUG (BaseJdbcLogger.java:159)- <==      Total: 9
2019-04-29 16:56:32,820 INFO (SpringApplication.java:597)- The following profiles are active: dev
2019-04-29 16:56:55,874 INFO (StartupInfoLogger.java:57)- Started AdminServiceApp in 30.091 seconds (JVM running for 35.539)
2019-04-29 17:11:13,948 DEBUG (BaseJdbcLogger.java:159)- ==>  Preparing: SELECT canteen_id,canteen_label,canteen_name,canteen_des,canteen_image,canteen_mark_number,canteen_mark,sales FROM canteen 
2019-04-29 17:11:13,975 DEBUG (BaseJdbcLogger.java:159)- ==> Parameters: 
2019-04-29 17:11:13,997 DEBUG (BaseJdbcLogger.java:159)- <==      Total: 9
2019-04-29 17:11:20,901 DEBUG (BaseJdbcLogger.java:159)- ==>  Preparing: SELECT canteen_id,canteen_label,canteen_name,canteen_des,canteen_image,canteen_mark_number,canteen_mark,sales FROM canteen 
2019-04-29 17:11:20,902 DEBUG (BaseJdbcLogger.java:159)- ==> Parameters: 
2019-04-29 17:11:20,910 DEBUG (BaseJdbcLogger.java:159)- <==      Total: 9
2019-04-29 17:14:07,298 DEBUG (BaseJdbcLogger.java:159)- ==>  Preparing: SELECT canteen_id,canteen_label,canteen_name,canteen_des,canteen_image,canteen_mark_number,canteen_mark,sales FROM canteen 
2019-04-29 17:14:07,298 DEBUG (BaseJdbcLogger.java:159)- ==> Parameters: 
2019-04-29 17:14:07,304 DEBUG (BaseJdbcLogger.java:159)- <==      Total: 9
2019-04-29 17:15:16,718 DEBUG (BaseJdbcLogger.java:159)- ==>  Preparing: SELECT canteen_id,canteen_label,canteen_name,canteen_des,canteen_image,canteen_mark_number,canteen_mark,sales FROM canteen 
2019-04-29 17:15:16,719 DEBUG (BaseJdbcLogger.java:159)- ==> Parameters: 
2019-04-29 17:15:16,725 DEBUG (BaseJdbcLogger.java:159)- <==      Total: 9
2019-04-29 17:16:08,587 DEBUG (BaseJdbcLogger.java:159)- ==>  Preparing: SELECT canteen_id,canteen_label,canteen_name,canteen_des,canteen_image,canteen_mark_number,canteen_mark,sales FROM canteen 
2019-04-29 17:16:08,588 DEBUG (BaseJdbcLogger.java:159)- ==> Parameters: 
2019-04-29 17:16:08,592 DEBUG (BaseJdbcLogger.java:159)- <==      Total: 9
2019-04-29 17:17:06,002 INFO (SpringApplication.java:597)- The following profiles are active: dev
2019-04-29 17:17:22,633 INFO (StartupInfoLogger.java:57)- Started AdminServiceApp in 20.959 seconds (JVM running for 22.879)
2019-04-29 17:18:29,580 DEBUG (BaseJdbcLogger.java:159)- ==>  Preparing: SELECT canteen_id,canteen_label,canteen_name,canteen_des,canteen_image,canteen_mark_number,canteen_mark,sales FROM canteen 
2019-04-29 17:18:29,627 DEBUG (BaseJdbcLogger.java:159)- ==> Parameters: 
2019-04-29 17:18:29,652 DEBUG (BaseJdbcLogger.java:159)- <==      Total: 9
2019-04-29 17:19:45,228 DEBUG (BaseJdbcLogger.java:159)- ==>  Preparing: SELECT canteen_id,canteen_label,canteen_name,canteen_des,canteen_image,canteen_mark_number,canteen_mark,sales FROM canteen 
2019-04-29 17:19:45,230 DEBUG (BaseJdbcLogger.java:159)- ==> Parameters: 
2019-04-29 17:19:45,237 DEBUG (BaseJdbcLogger.java:159)- <==      Total: 9
2019-04-29 17:20:26,699 DEBUG (BaseJdbcLogger.java:159)- ==>  Preparing: SELECT canteen_id,canteen_label,canteen_name,canteen_des,canteen_image,canteen_mark_number,canteen_mark,sales FROM canteen 
2019-04-29 17:20:26,700 DEBUG (BaseJdbcLogger.java:159)- ==> Parameters: 
2019-04-29 17:20:26,703 DEBUG (BaseJdbcLogger.java:159)- <==      Total: 9
2019-04-29 17:20:49,440 DEBUG (BaseJdbcLogger.java:159)- ==>  Preparing: SELECT canteen_id,canteen_label,canteen_name,canteen_des,canteen_image,canteen_mark_number,canteen_mark,sales FROM canteen 
2019-04-29 17:20:49,441 DEBUG (BaseJdbcLogger.java:159)- ==> Parameters: 
2019-04-29 17:20:49,445 DEBUG (BaseJdbcLogger.java:159)- <==      Total: 9
2019-04-29 17:21:12,145 DEBUG (BaseJdbcLogger.java:159)- ==>  Preparing: SELECT canteen_id,canteen_label,canteen_name,canteen_des,canteen_image,canteen_mark_number,canteen_mark,sales FROM canteen 
2019-04-29 17:21:12,147 DEBUG (BaseJdbcLogger.java:159)- ==> Parameters: 
2019-04-29 17:21:12,151 DEBUG (BaseJdbcLogger.java:159)- <==      Total: 9
2019-04-29 17:23:04,509 INFO (SpringApplication.java:597)- The following profiles are active: dev
2019-04-29 17:23:18,558 INFO (StartupInfoLogger.java:57)- Started AdminServiceApp in 18.557 seconds (JVM running for 21.139)
2019-04-29 17:24:24,905 DEBUG (BaseJdbcLogger.java:159)- ==>  Preparing: SELECT canteen_id,canteen_label,canteen_name,canteen_des,canteen_image,canteen_mark_number,canteen_mark,sales FROM canteen 
2019-04-29 17:24:24,927 DEBUG (BaseJdbcLogger.java:159)- ==> Parameters: 
2019-04-29 17:24:24,979 DEBUG (BaseJdbcLogger.java:159)- <==      Total: 9
2019-04-29 17:24:48,144 DEBUG (BaseJdbcLogger.java:159)- ==>  Preparing: SELECT canteen_id,canteen_label,canteen_name,canteen_des,canteen_image,canteen_mark_number,canteen_mark,sales FROM canteen 
2019-04-29 17:24:48,145 DEBUG (BaseJdbcLogger.java:159)- ==> Parameters: 
2019-04-29 17:24:48,153 DEBUG (BaseJdbcLogger.java:159)- <==      Total: 9
2019-04-29 17:25:23,665 DEBUG (BaseJdbcLogger.java:159)- ==>  Preparing: SELECT canteen_id,canteen_label,canteen_name,canteen_des,canteen_image,canteen_mark_number,canteen_mark,sales FROM canteen 
2019-04-29 17:25:23,667 DEBUG (BaseJdbcLogger.java:159)- ==> Parameters: 
2019-04-29 17:25:23,669 DEBUG (BaseJdbcLogger.java:159)- <==      Total: 9
2019-04-29 17:26:26,255 INFO (SpringApplication.java:597)- The following profiles are active: dev
2019-04-29 17:26:40,430 INFO (StartupInfoLogger.java:57)- Started AdminServiceApp in 18.706 seconds (JVM running for 20.265)
2019-04-29 17:32:38,924 DEBUG (BaseJdbcLogger.java:159)- ==>  Preparing: SELECT canteen_id,canteen_label,canteen_name,canteen_des,canteen_image,canteen_mark_number,canteen_mark,sales FROM canteen 
2019-04-29 17:32:38,948 DEBUG (BaseJdbcLogger.java:159)- ==> Parameters: 
2019-04-29 17:32:38,967 DEBUG (BaseJdbcLogger.java:159)- <==      Total: 9
2019-04-29 17:33:31,612 DEBUG (BaseJdbcLogger.java:159)- ==>  Preparing: SELECT canteen_id,canteen_label,canteen_name,canteen_des,canteen_image,canteen_mark_number,canteen_mark,sales FROM canteen 
2019-04-29 17:33:31,613 DEBUG (BaseJdbcLogger.java:159)- ==> Parameters: 
2019-04-29 17:33:31,629 DEBUG (BaseJdbcLogger.java:159)- <==      Total: 9
2019-04-29 17:34:42,963 DEBUG (BaseJdbcLogger.java:159)- ==>  Preparing: SELECT canteen_id,canteen_label,canteen_name,canteen_des,canteen_image,canteen_mark_number,canteen_mark,sales FROM canteen 
2019-04-29 17:34:42,964 DEBUG (BaseJdbcLogger.java:159)- ==> Parameters: 
2019-04-29 17:34:42,967 DEBUG (BaseJdbcLogger.java:159)- <==      Total: 9
2019-04-29 17:34:46,846 DEBUG (BaseJdbcLogger.java:159)- ==>  Preparing: SELECT canteen_id,canteen_label,canteen_name,canteen_des,canteen_image,canteen_mark_number,canteen_mark,sales FROM canteen 
2019-04-29 17:34:46,847 DEBUG (BaseJdbcLogger.java:159)- ==> Parameters: 
2019-04-29 17:34:46,850 DEBUG (BaseJdbcLogger.java:159)- <==      Total: 9
2019-04-29 17:47:18,573 DEBUG (BaseJdbcLogger.java:159)- ==>  Preparing: SELECT canteen_id,canteen_label,canteen_name,canteen_des,canteen_image,canteen_mark_number,canteen_mark,sales FROM canteen 
2019-04-29 17:47:18,574 DEBUG (BaseJdbcLogger.java:159)- ==> Parameters: 
2019-04-29 17:47:18,580 DEBUG (BaseJdbcLogger.java:159)- <==      Total: 9
2019-04-29 18:22:09,296 DEBUG (BaseJdbcLogger.java:159)- ==>  Preparing: SELECT canteen_id,canteen_label,canteen_name,canteen_des,canteen_image,canteen_mark_number,canteen_mark,sales FROM canteen 
2019-04-29 18:22:09,297 DEBUG (BaseJdbcLogger.java:159)- ==> Parameters: 
2019-04-29 18:22:09,300 DEBUG (BaseJdbcLogger.java:159)- <==      Total: 9
2019-04-29 18:24:42,744 DEBUG (BaseJdbcLogger.java:159)- ==>  Preparing: SELECT canteen_id,canteen_label,canteen_name,canteen_des,canteen_image,canteen_mark_number,canteen_mark,sales FROM canteen 
2019-04-29 18:24:42,745 DEBUG (BaseJdbcLogger.java:159)- ==> Parameters: 
2019-04-29 18:24:42,750 DEBUG (BaseJdbcLogger.java:159)- <==      Total: 9
2019-04-29 18:25:01,563 DEBUG (BaseJdbcLogger.java:159)- ==>  Preparing: SELECT canteen_id,canteen_label,canteen_name,canteen_des,canteen_image,canteen_mark_number,canteen_mark,sales FROM canteen 
2019-04-29 18:25:01,565 DEBUG (BaseJdbcLogger.java:159)- ==> Parameters: 
2019-04-29 18:25:01,571 DEBUG (BaseJdbcLogger.java:159)- <==      Total: 9
2019-04-29 18:25:29,282 DEBUG (BaseJdbcLogger.java:159)- ==>  Preparing: SELECT canteen_id,canteen_label,canteen_name,canteen_des,canteen_image,canteen_mark_number,canteen_mark,sales FROM canteen 
2019-04-29 18:25:29,283 DEBUG (BaseJdbcLogger.java:159)- ==> Parameters: 
2019-04-29 18:25:29,287 DEBUG (BaseJdbcLogger.java:159)- <==      Total: 9
2019-04-29 18:25:29,326 DEBUG (BaseJdbcLogger.java:159)- ==>  Preparing: SELECT canteen_id,canteen_label,canteen_name,canteen_des,canteen_image,canteen_mark_number,canteen_mark,sales FROM canteen 
2019-04-29 18:25:29,327 DEBUG (BaseJdbcLogger.java:159)- ==> Parameters: 
2019-04-29 18:25:29,331 DEBUG (BaseJdbcLogger.java:159)- <==      Total: 9
2019-04-29 18:26:19,795 DEBUG (BaseJdbcLogger.java:159)- ==>  Preparing: SELECT canteen_id,canteen_label,canteen_name,canteen_des,canteen_image,canteen_mark_number,canteen_mark,sales FROM canteen 
2019-04-29 18:26:19,796 DEBUG (BaseJdbcLogger.java:159)- ==> Parameters: 
2019-04-29 18:26:19,802 DEBUG (BaseJdbcLogger.java:159)- <==      Total: 9
2019-04-29 18:26:38,232 DEBUG (BaseJdbcLogger.java:159)- ==>  Preparing: SELECT canteen_id,canteen_label,canteen_name,canteen_des,canteen_image,canteen_mark_number,canteen_mark,sales FROM canteen 
2019-04-29 18:26:38,234 DEBUG (BaseJdbcLogger.java:159)- ==> Parameters: 
2019-04-29 18:26:38,239 DEBUG (BaseJdbcLogger.java:159)- <==      Total: 9
2019-04-29 18:28:57,453 DEBUG (BaseJdbcLogger.java:159)- ==>  Preparing: SELECT canteen_id,canteen_label,canteen_name,canteen_des,canteen_image,canteen_mark_number,canteen_mark,sales FROM canteen 
2019-04-29 18:28:57,456 DEBUG (BaseJdbcLogger.java:159)- ==> Parameters: 
2019-04-29 18:28:57,464 DEBUG (BaseJdbcLogger.java:159)- <==      Total: 9
2019-04-29 18:29:00,484 DEBUG (BaseJdbcLogger.java:159)- ==>  Preparing: SELECT canteen_id,canteen_label,canteen_name,canteen_des,canteen_image,canteen_mark_number,canteen_mark,sales FROM canteen 
2019-04-29 18:29:00,485 DEBUG (BaseJdbcLogger.java:159)- ==> Parameters: 
2019-04-29 18:29:00,491 DEBUG (BaseJdbcLogger.java:159)- <==      Total: 9
2019-04-29 18:29:00,532 DEBUG (BaseJdbcLogger.java:159)- ==>  Preparing: SELECT canteen_id,canteen_label,canteen_name,canteen_des,canteen_image,canteen_mark_number,canteen_mark,sales FROM canteen 
2019-04-29 18:29:00,532 DEBUG (BaseJdbcLogger.java:159)- ==> Parameters: 
2019-04-29 18:29:00,536 DEBUG (BaseJdbcLogger.java:159)- <==      Total: 9
2019-04-29 18:29:00,652 DEBUG (BaseJdbcLogger.java:159)- ==>  Preparing: SELECT canteen_id,canteen_label,canteen_name,canteen_des,canteen_image,canteen_mark_number,canteen_mark,sales FROM canteen 
2019-04-29 18:29:00,657 DEBUG (BaseJdbcLogger.java:159)- ==> Parameters: 
2019-04-29 18:29:00,664 DEBUG (BaseJdbcLogger.java:159)- <==      Total: 9
2019-04-29 18:29:00,780 DEBUG (BaseJdbcLogger.java:159)- ==>  Preparing: SELECT canteen_id,canteen_label,canteen_name,canteen_des,canteen_image,canteen_mark_number,canteen_mark,sales FROM canteen 
2019-04-29 18:29:00,781 DEBUG (BaseJdbcLogger.java:159)- ==> Parameters: 
2019-04-29 18:29:00,786 DEBUG (BaseJdbcLogger.java:159)- <==      Total: 9
2019-04-29 18:29:00,827 DEBUG (BaseJdbcLogger.java:159)- ==>  Preparing: SELECT canteen_id,canteen_label,canteen_name,canteen_des,canteen_image,canteen_mark_number,canteen_mark,sales FROM canteen 
2019-04-29 18:29:00,828 DEBUG (BaseJdbcLogger.java:159)- ==> Parameters: 
2019-04-29 18:29:00,832 DEBUG (BaseJdbcLogger.java:159)- <==      Total: 9
2019-04-29 18:29:00,879 DEBUG (BaseJdbcLogger.java:159)- ==>  Preparing: SELECT canteen_id,canteen_label,canteen_name,canteen_des,canteen_image,canteen_mark_number,canteen_mark,sales FROM canteen 
2019-04-29 18:29:00,880 DEBUG (BaseJdbcLogger.java:159)- ==> Parameters: 
2019-04-29 18:29:00,884 DEBUG (BaseJdbcLogger.java:159)- <==      Total: 9
2019-04-29 18:29:01,083 DEBUG (BaseJdbcLogger.java:159)- ==>  Preparing: SELECT canteen_id,canteen_label,canteen_name,canteen_des,canteen_image,canteen_mark_number,canteen_mark,sales FROM canteen 
2019-04-29 18:29:01,084 DEBUG (BaseJdbcLogger.java:159)- ==> Parameters: 
2019-04-29 18:29:01,088 DEBUG (BaseJdbcLogger.java:159)- <==      Total: 9
2019-04-29 18:29:01,204 DEBUG (BaseJdbcLogger.java:159)- ==>  Preparing: SELECT canteen_id,canteen_label,canteen_name,canteen_des,canteen_image,canteen_mark_number,canteen_mark,sales FROM canteen 
2019-04-29 18:29:01,205 DEBUG (BaseJdbcLogger.java:159)- ==> Parameters: 
2019-04-29 18:29:01,209 DEBUG (BaseJdbcLogger.java:159)- <==      Total: 9
2019-04-29 18:29:01,243 DEBUG (BaseJdbcLogger.java:159)- ==>  Preparing: SELECT canteen_id,canteen_label,canteen_name,canteen_des,canteen_image,canteen_mark_number,canteen_mark,sales FROM canteen 
2019-04-29 18:29:01,244 DEBUG (BaseJdbcLogger.java:159)- ==> Parameters: 
2019-04-29 18:29:01,248 DEBUG (BaseJdbcLogger.java:159)- <==      Total: 9
2019-04-29 18:29:06,635 DEBUG (BaseJdbcLogger.java:159)- ==>  Preparing: SELECT canteen_id,canteen_label,canteen_name,canteen_des,canteen_image,canteen_mark_number,canteen_mark,sales FROM canteen 
2019-04-29 18:29:06,637 DEBUG (BaseJdbcLogger.java:159)- ==> Parameters: 
2019-04-29 18:29:06,642 DEBUG (BaseJdbcLogger.java:159)- <==      Total: 9
2019-04-29 18:30:55,301 DEBUG (BaseJdbcLogger.java:159)- ==>  Preparing: SELECT canteen_id,canteen_label,canteen_name,canteen_des,canteen_image,canteen_mark_number,canteen_mark,sales FROM canteen 
2019-04-29 18:30:55,302 DEBUG (BaseJdbcLogger.java:159)- ==> Parameters: 
2019-04-29 18:30:55,306 DEBUG (BaseJdbcLogger.java:159)- <==      Total: 9
2019-04-29 18:30:59,868 DEBUG (BaseJdbcLogger.java:159)- ==>  Preparing: SELECT canteen_id,canteen_label,canteen_name,canteen_des,canteen_image,canteen_mark_number,canteen_mark,sales FROM canteen 
2019-04-29 18:30:59,870 DEBUG (BaseJdbcLogger.java:159)- ==> Parameters: 
2019-04-29 18:30:59,876 DEBUG (BaseJdbcLogger.java:159)- <==      Total: 9
2019-04-29 18:31:17,137 DEBUG (BaseJdbcLogger.java:159)- ==>  Preparing: SELECT canteen_id,canteen_label,canteen_name,canteen_des,canteen_image,canteen_mark_number,canteen_mark,sales FROM canteen 
2019-04-29 18:31:17,138 DEBUG (BaseJdbcLogger.java:159)- ==> Parameters: 
2019-04-29 18:31:17,141 DEBUG (BaseJdbcLogger.java:159)- <==      Total: 9
2019-04-29 18:31:21,741 DEBUG (BaseJdbcLogger.java:159)- ==>  Preparing: SELECT canteen_id,canteen_label,canteen_name,canteen_des,canteen_image,canteen_mark_number,canteen_mark,sales FROM canteen 
2019-04-29 18:31:21,742 DEBUG (BaseJdbcLogger.java:159)- ==> Parameters: 
2019-04-29 18:31:21,746 DEBUG (BaseJdbcLogger.java:159)- <==      Total: 9
2019-04-29 18:34:58,627 DEBUG (BaseJdbcLogger.java:159)- ==>  Preparing: SELECT canteen_id,canteen_label,canteen_name,canteen_des,canteen_image,canteen_mark_number,canteen_mark,sales FROM canteen 
2019-04-29 18:34:58,628 DEBUG (BaseJdbcLogger.java:159)- ==> Parameters: 
2019-04-29 18:34:58,632 DEBUG (BaseJdbcLogger.java:159)- <==      Total: 9
2019-04-29 21:26:37,535 DEBUG (BaseJdbcLogger.java:159)- ==>  Preparing: SELECT canteen_id,canteen_label,canteen_name,canteen_des,canteen_image,canteen_mark_number,canteen_mark,sales FROM canteen 
2019-04-29 21:26:37,539 DEBUG (BaseJdbcLogger.java:159)- ==> Parameters: 
2019-04-29 21:26:37,545 DEBUG (BaseJdbcLogger.java:159)- <==      Total: 9
2019-04-29 21:26:55,890 DEBUG (BaseJdbcLogger.java:159)- ==>  Preparing: SELECT canteen_id,canteen_label,canteen_name,canteen_des,canteen_image,canteen_mark_number,canteen_mark,sales FROM canteen 
2019-04-29 21:26:55,891 DEBUG (BaseJdbcLogger.java:159)- ==> Parameters: 
2019-04-29 21:26:55,894 DEBUG (BaseJdbcLogger.java:159)- <==      Total: 9
2019-04-29 21:27:37,147 DEBUG (BaseJdbcLogger.java:159)- ==>  Preparing: SELECT canteen_id,canteen_label,canteen_name,canteen_des,canteen_image,canteen_mark_number,canteen_mark,sales FROM canteen 
2019-04-29 21:27:37,148 DEBUG (BaseJdbcLogger.java:159)- ==> Parameters: 
2019-04-29 21:27:37,151 DEBUG (BaseJdbcLogger.java:159)- <==      Total: 9
2019-04-29 21:28:47,681 DEBUG (BaseJdbcLogger.java:159)- ==>  Preparing: SELECT canteen_id,canteen_label,canteen_name,canteen_des,canteen_image,canteen_mark_number,canteen_mark,sales FROM canteen 
2019-04-29 21:28:47,681 DEBUG (BaseJdbcLogger.java:159)- ==> Parameters: 
2019-04-29 21:28:47,684 DEBUG (BaseJdbcLogger.java:159)- <==      Total: 9
2019-04-29 21:30:03,869 DEBUG (BaseJdbcLogger.java:159)- ==>  Preparing: SELECT canteen_id,canteen_label,canteen_name,canteen_des,canteen_image,canteen_mark_number,canteen_mark,sales FROM canteen 
2019-04-29 21:30:03,869 DEBUG (BaseJdbcLogger.java:159)- ==> Parameters: 
2019-04-29 21:30:03,871 DEBUG (BaseJdbcLogger.java:159)- <==      Total: 9
2019-04-29 21:31:13,417 DEBUG (BaseJdbcLogger.java:159)- ==>  Preparing: SELECT canteen_id,canteen_label,canteen_name,canteen_des,canteen_image,canteen_mark_number,canteen_mark,sales FROM canteen 
2019-04-29 21:31:13,418 DEBUG (BaseJdbcLogger.java:159)- ==> Parameters: 
2019-04-29 21:31:13,421 DEBUG (BaseJdbcLogger.java:159)- <==      Total: 9
2019-04-29 21:31:29,506 DEBUG (BaseJdbcLogger.java:159)- ==>  Preparing: SELECT user_id,user_phone,user_pwd,user_email,user_status,user_name,canteen_id,verify_code FROM user WHERE user_pwd = ? AND user_email = ? 
2019-04-29 21:31:29,515 DEBUG (BaseJdbcLogger.java:159)- ==> Parameters: 310dcbbf4cce62f762a2aaa148d556bd(String), 333@qq.com(String)
2019-04-29 21:31:29,524 DEBUG (BaseJdbcLogger.java:159)- <==      Total: 1
2019-04-29 21:31:29,619 DEBUG (BaseJdbcLogger.java:159)- ==>  Preparing: SELECT food_id,food_describe,food_price,food_image,canteen_id,food_name FROM food 
2019-04-29 21:31:29,619 DEBUG (BaseJdbcLogger.java:159)- ==> Parameters: 
2019-04-29 21:31:29,624 DEBUG (BaseJdbcLogger.java:159)- <==      Total: 3
2019-04-29 21:32:26,029 DEBUG (BaseJdbcLogger.java:159)- ==>  Preparing: SELECT food_id,food_describe,food_price,food_image,canteen_id,food_name FROM food 
2019-04-29 21:32:26,031 DEBUG (BaseJdbcLogger.java:159)- ==> Parameters: 
2019-04-29 21:32:26,034 DEBUG (BaseJdbcLogger.java:159)- <==      Total: 3
2019-04-29 21:33:22,348 DEBUG (BaseJdbcLogger.java:159)- ==>  Preparing: SELECT food_id,food_describe,food_price,food_image,canteen_id,food_name FROM food 
2019-04-29 21:33:22,350 DEBUG (BaseJdbcLogger.java:159)- ==> Parameters: 
2019-04-29 21:33:22,352 DEBUG (BaseJdbcLogger.java:159)- <==      Total: 3
2019-04-29 21:34:11,309 DEBUG (BaseJdbcLogger.java:159)- ==>  Preparing: SELECT user_id,user_phone,user_pwd,user_email,user_status,user_name,canteen_id,verify_code FROM user WHERE user_pwd = ? AND user_email = ? 
2019-04-29 21:34:11,310 DEBUG (BaseJdbcLogger.java:159)- ==> Parameters: 310dcbbf4cce62f762a2aaa148d556bd(String), 333@qq.com(String)
2019-04-29 21:34:11,312 DEBUG (BaseJdbcLogger.java:159)- <==      Total: 1
2019-04-29 21:34:11,395 DEBUG (BaseJdbcLogger.java:159)- ==>  Preparing: SELECT canteen_id,canteen_label,canteen_name,canteen_des,canteen_image,canteen_mark_number,canteen_mark,sales FROM canteen 
2019-04-29 21:34:11,396 DEBUG (BaseJdbcLogger.java:159)- ==> Parameters: 
2019-04-29 21:34:11,399 DEBUG (BaseJdbcLogger.java:159)- <==      Total: 9
2019-04-29 21:40:51,120 DEBUG (BaseJdbcLogger.java:159)- ==>  Preparing: SELECT user_id,user_phone,user_pwd,user_email,user_status,user_name,canteen_id,verify_code FROM user WHERE user_pwd = ? AND user_email = ? 
2019-04-29 21:40:51,121 DEBUG (BaseJdbcLogger.java:159)- ==> Parameters: 310dcbbf4cce62f762a2aaa148d556bd(String), 333@qq.com(String)
2019-04-29 21:40:51,123 DEBUG (BaseJdbcLogger.java:159)- <==      Total: 1
2019-04-29 21:40:51,194 DEBUG (BaseJdbcLogger.java:159)- ==>  Preparing: SELECT canteen_id,canteen_label,canteen_name,canteen_des,canteen_image,canteen_mark_number,canteen_mark,sales FROM canteen 
2019-04-29 21:40:51,195 DEBUG (BaseJdbcLogger.java:159)- ==> Parameters: 
2019-04-29 21:40:51,198 DEBUG (BaseJdbcLogger.java:159)- <==      Total: 9
2019-04-29 21:42:30,427 DEBUG (BaseJdbcLogger.java:159)- ==>  Preparing: SELECT canteen_id,canteen_label,canteen_name,canteen_des,canteen_image,canteen_mark_number,canteen_mark,sales FROM canteen 
2019-04-29 21:42:30,428 DEBUG (BaseJdbcLogger.java:159)- ==> Parameters: 
2019-04-29 21:42:30,432 DEBUG (BaseJdbcLogger.java:159)- <==      Total: 9
2019-04-29 21:44:49,305 DEBUG (BaseJdbcLogger.java:159)- ==>  Preparing: SELECT canteen_id,canteen_label,canteen_name,canteen_des,canteen_image,canteen_mark_number,canteen_mark,sales FROM canteen 
2019-04-29 21:44:49,306 DEBUG (BaseJdbcLogger.java:159)- ==> Parameters: 
2019-04-29 21:44:49,310 DEBUG (BaseJdbcLogger.java:159)- <==      Total: 9
2019-04-29 21:46:09,916 DEBUG (BaseJdbcLogger.java:159)- ==>  Preparing: SELECT canteen_id,canteen_label,canteen_name,canteen_des,canteen_image,canteen_mark_number,canteen_mark,sales FROM canteen 
2019-04-29 21:46:09,916 DEBUG (BaseJdbcLogger.java:159)- ==> Parameters: 
2019-04-29 21:46:09,918 DEBUG (BaseJdbcLogger.java:159)- <==      Total: 9
2019-04-29 21:47:04,685 DEBUG (BaseJdbcLogger.java:159)- ==>  Preparing: SELECT canteen_id,canteen_label,canteen_name,canteen_des,canteen_image,canteen_mark_number,canteen_mark,sales FROM canteen 
2019-04-29 21:47:04,686 DEBUG (BaseJdbcLogger.java:159)- ==> Parameters: 
2019-04-29 21:47:04,689 DEBUG (BaseJdbcLogger.java:159)- <==      Total: 9
2019-04-29 21:47:04,735 DEBUG (BaseJdbcLogger.java:159)- ==>  Preparing: SELECT canteen_id,canteen_label,canteen_name,canteen_des,canteen_image,canteen_mark_number,canteen_mark,sales FROM canteen 
2019-04-29 21:47:04,736 DEBUG (BaseJdbcLogger.java:159)- ==> Parameters: 
2019-04-29 21:47:04,739 DEBUG (BaseJdbcLogger.java:159)- <==      Total: 9
2019-04-29 21:47:23,309 DEBUG (BaseJdbcLogger.java:159)- ==>  Preparing: SELECT canteen_id,canteen_label,canteen_name,canteen_des,canteen_image,canteen_mark_number,canteen_mark,sales FROM canteen 
2019-04-29 21:47:23,310 DEBUG (BaseJdbcLogger.java:159)- ==> Parameters: 
2019-04-29 21:47:23,313 DEBUG (BaseJdbcLogger.java:159)- <==      Total: 9
2019-04-29 21:47:28,558 DEBUG (BaseJdbcLogger.java:159)- ==>  Preparing: SELECT canteen_id,canteen_label,canteen_name,canteen_des,canteen_image,canteen_mark_number,canteen_mark,sales FROM canteen 
2019-04-29 21:47:28,559 DEBUG (BaseJdbcLogger.java:159)- ==> Parameters: 
2019-04-29 21:47:28,564 DEBUG (BaseJdbcLogger.java:159)- <==      Total: 9
2019-04-29 21:47:40,597 DEBUG (BaseJdbcLogger.java:159)- ==>  Preparing: SELECT canteen_id,canteen_label,canteen_name,canteen_des,canteen_image,canteen_mark_number,canteen_mark,sales FROM canteen 
2019-04-29 21:47:40,599 DEBUG (BaseJdbcLogger.java:159)- ==> Parameters: 
2019-04-29 21:47:40,606 DEBUG (BaseJdbcLogger.java:159)- <==      Total: 9
2019-04-29 21:48:04,490 DEBUG (BaseJdbcLogger.java:159)- ==>  Preparing: SELECT canteen_id,canteen_label,canteen_name,canteen_des,canteen_image,canteen_mark_number,canteen_mark,sales FROM canteen 
2019-04-29 21:48:04,491 DEBUG (BaseJdbcLogger.java:159)- ==> Parameters: 
2019-04-29 21:48:04,494 DEBUG (BaseJdbcLogger.java:159)- <==      Total: 9
2019-04-29 21:48:09,397 DEBUG (BaseJdbcLogger.java:159)- ==>  Preparing: SELECT canteen_id,canteen_label,canteen_name,canteen_des,canteen_image,canteen_mark_number,canteen_mark,sales FROM canteen 
2019-04-29 21:48:09,398 DEBUG (BaseJdbcLogger.java:159)- ==> Parameters: 
2019-04-29 21:48:09,404 DEBUG (BaseJdbcLogger.java:159)- <==      Total: 9
2019-04-29 21:48:23,155 DEBUG (BaseJdbcLogger.java:159)- ==>  Preparing: SELECT canteen_id,canteen_label,canteen_name,canteen_des,canteen_image,canteen_mark_number,canteen_mark,sales FROM canteen 
2019-04-29 21:48:23,157 DEBUG (BaseJdbcLogger.java:159)- ==> Parameters: 
2019-04-29 21:48:23,160 DEBUG (BaseJdbcLogger.java:159)- <==      Total: 9
2019-04-29 21:48:30,654 DEBUG (BaseJdbcLogger.java:159)- ==>  Preparing: SELECT canteen_id,canteen_label,canteen_name,canteen_des,canteen_image,canteen_mark_number,canteen_mark,sales FROM canteen 
2019-04-29 21:48:30,654 DEBUG (BaseJdbcLogger.java:159)- ==> Parameters: 
2019-04-29 21:48:30,657 DEBUG (BaseJdbcLogger.java:159)- <==      Total: 9
2019-04-29 21:48:57,644 DEBUG (BaseJdbcLogger.java:159)- ==>  Preparing: SELECT canteen_id,canteen_label,canteen_name,canteen_des,canteen_image,canteen_mark_number,canteen_mark,sales FROM canteen 
2019-04-29 21:48:57,645 DEBUG (BaseJdbcLogger.java:159)- ==> Parameters: 
2019-04-29 21:48:57,648 DEBUG (BaseJdbcLogger.java:159)- <==      Total: 9
2019-04-29 21:49:06,479 DEBUG (BaseJdbcLogger.java:159)- ==>  Preparing: SELECT canteen_id,canteen_label,canteen_name,canteen_des,canteen_image,canteen_mark_number,canteen_mark,sales FROM canteen 
2019-04-29 21:49:06,479 DEBUG (BaseJdbcLogger.java:159)- ==> Parameters: 
2019-04-29 21:49:06,481 DEBUG (BaseJdbcLogger.java:159)- <==      Total: 9
2019-04-29 21:49:18,220 DEBUG (BaseJdbcLogger.java:159)- ==>  Preparing: SELECT canteen_id,canteen_label,canteen_name,canteen_des,canteen_image,canteen_mark_number,canteen_mark,sales FROM canteen 
2019-04-29 21:49:18,221 DEBUG (BaseJdbcLogger.java:159)- ==> Parameters: 
2019-04-29 21:49:18,224 DEBUG (BaseJdbcLogger.java:159)- <==      Total: 9
2019-04-29 21:49:25,213 DEBUG (BaseJdbcLogger.java:159)- ==>  Preparing: SELECT canteen_id,canteen_label,canteen_name,canteen_des,canteen_image,canteen_mark_number,canteen_mark,sales FROM canteen 
2019-04-29 21:49:25,215 DEBUG (BaseJdbcLogger.java:159)- ==> Parameters: 
2019-04-29 21:49:25,220 DEBUG (BaseJdbcLogger.java:159)- <==      Total: 9
2019-04-29 21:49:25,242 DEBUG (BaseJdbcLogger.java:159)- ==>  Preparing: SELECT canteen_id,canteen_label,canteen_name,canteen_des,canteen_image,canteen_mark_number,canteen_mark,sales FROM canteen 
2019-04-29 21:49:25,243 DEBUG (BaseJdbcLogger.java:159)- ==> Parameters: 
2019-04-29 21:49:25,245 DEBUG (BaseJdbcLogger.java:159)- <==      Total: 9
2019-04-29 21:50:20,992 DEBUG (BaseJdbcLogger.java:159)- ==>  Preparing: SELECT canteen_id,canteen_label,canteen_name,canteen_des,canteen_image,canteen_mark_number,canteen_mark,sales FROM canteen 
2019-04-29 21:50:20,993 DEBUG (BaseJdbcLogger.java:159)- ==> Parameters: 
2019-04-29 21:50:20,995 DEBUG (BaseJdbcLogger.java:159)- <==      Total: 9
2019-04-29 21:51:26,664 INFO (SpringApplication.java:597)- The following profiles are active: dev
2019-04-29 21:51:42,991 INFO (StartupInfoLogger.java:57)- Started AdminServiceApp in 21.599 seconds (JVM running for 23.876)
2019-04-29 21:52:51,139 DEBUG (BaseJdbcLogger.java:159)- ==>  Preparing: SELECT canteen_id,canteen_label,canteen_name,canteen_des,canteen_image,canteen_mark_number,canteen_mark,sales FROM canteen 
2019-04-29 21:52:51,162 DEBUG (BaseJdbcLogger.java:159)- ==> Parameters: 
2019-04-29 21:52:51,176 DEBUG (BaseJdbcLogger.java:159)- <==      Total: 9
2019-04-29 21:52:55,807 DEBUG (BaseJdbcLogger.java:159)- ==>  Preparing: select canteen_id,canteen_label,canteen_name,canteen_des,canteen_image,canteen_mark_number,sales,canteen_mark from canteen where canteen_name like '%{{canteenName}}%' 
2019-04-29 21:52:55,809 DEBUG (BaseJdbcLogger.java:159)- ==> Parameters: 
2019-04-29 21:53:41,878 DEBUG (BaseJdbcLogger.java:159)- ==>  Preparing: select canteen_id,canteen_label,canteen_name,canteen_des,canteen_image,canteen_mark_number,sales,canteen_mark from canteen where canteen_name like '%{{canteenName}}%' 
2019-04-29 21:53:41,879 DEBUG (BaseJdbcLogger.java:159)- ==> Parameters: 
2019-04-29 21:54:52,383 INFO (SpringApplication.java:597)- The following profiles are active: dev
2019-04-29 21:55:08,975 INFO (StartupInfoLogger.java:57)- Started AdminServiceApp in 21.012 seconds (JVM running for 23.193)
2019-04-29 21:56:05,054 DEBUG (BaseJdbcLogger.java:159)- ==>  Preparing: select canteen_id,canteen_label,canteen_name,canteen_des,canteen_image,canteen_mark_number,sales,canteen_mark from canteen where canteen_name like '%?%' 
2019-04-29 21:59:48,327 INFO (SpringApplication.java:597)- The following profiles are active: dev
2019-04-29 22:00:03,070 INFO (StartupInfoLogger.java:57)- Started AdminServiceApp in 19.162 seconds (JVM running for 21.767)
2019-04-29 22:01:11,464 DEBUG (BaseJdbcLogger.java:159)- ==>  Preparing: select canteen_id,canteen_label,canteen_name,canteen_des,canteen_image,canteen_mark_number,sales,canteen_mark from canteen where canteen_name like ?% 
2019-04-29 22:01:11,484 DEBUG (BaseJdbcLogger.java:159)- ==> Parameters: %三%(String)
2019-04-29 22:01:47,232 INFO (SpringApplication.java:597)- The following profiles are active: dev
2019-04-29 22:02:01,032 INFO (StartupInfoLogger.java:57)- Started AdminServiceApp in 18.011 seconds (JVM running for 20.337)
2019-04-29 22:02:23,575 DEBUG (BaseJdbcLogger.java:159)- ==>  Preparing: select canteen_id,canteen_label,canteen_name,canteen_des,canteen_image,canteen_mark_number,sales,canteen_mark from canteen where canteen_name like ? 
2019-04-29 22:02:23,594 DEBUG (BaseJdbcLogger.java:159)- ==> Parameters: %三%(String)
2019-04-29 22:04:09,576 INFO (SpringApplication.java:597)- The following profiles are active: dev
2019-04-29 22:04:24,832 INFO (StartupInfoLogger.java:57)- Started AdminServiceApp in 20.239 seconds (JVM running for 22.186)
2019-04-29 22:04:45,677 DEBUG (BaseJdbcLogger.java:159)- ==>  Preparing: select canteen_id,canteen_label,canteen_name,canteen_des,canteen_image,canteen_mark_number,sales,canteen_mark from canteen where canteen_name like ? 
2019-04-29 22:04:45,700 DEBUG (BaseJdbcLogger.java:159)- ==> Parameters: %三%(String)
2019-04-29 22:04:45,713 DEBUG (BaseJdbcLogger.java:159)- <==      Total: 1
2019-04-29 22:05:44,217 DEBUG (BaseJdbcLogger.java:159)- ==>  Preparing: SELECT canteen_id,canteen_label,canteen_name,canteen_des,canteen_image,canteen_mark_number,canteen_mark,sales FROM canteen 
2019-04-29 22:05:44,218 DEBUG (BaseJdbcLogger.java:159)- ==> Parameters: 
2019-04-29 22:05:44,224 DEBUG (BaseJdbcLogger.java:159)- <==      Total: 9
2019-04-29 22:06:05,459 DEBUG (BaseJdbcLogger.java:159)- ==>  Preparing: select canteen_id,canteen_label,canteen_name,canteen_des,canteen_image,canteen_mark_number,sales,canteen_mark from canteen where canteen_name like ? 
2019-04-29 22:06:05,460 DEBUG (BaseJdbcLogger.java:159)- ==> Parameters: %三%(String)
2019-04-29 22:06:05,462 DEBUG (BaseJdbcLogger.java:159)- <==      Total: 1
2019-04-29 22:06:49,145 DEBUG (BaseJdbcLogger.java:159)- ==>  Preparing: SELECT canteen_id,canteen_label,canteen_name,canteen_des,canteen_image,canteen_mark_number,canteen_mark,sales FROM canteen 
2019-04-29 22:06:49,146 DEBUG (BaseJdbcLogger.java:159)- ==> Parameters: 
2019-04-29 22:06:49,151 DEBUG (BaseJdbcLogger.java:159)- <==      Total: 9
2019-04-29 22:06:53,267 DEBUG (BaseJdbcLogger.java:159)- ==>  Preparing: select canteen_id,canteen_label,canteen_name,canteen_des,canteen_image,canteen_mark_number,sales,canteen_mark from canteen where canteen_name like ? 
2019-04-29 22:06:53,268 DEBUG (BaseJdbcLogger.java:159)- ==> Parameters: %三%(String)
2019-04-29 22:06:53,269 DEBUG (BaseJdbcLogger.java:159)- <==      Total: 1
2019-04-29 22:07:02,210 DEBUG (BaseJdbcLogger.java:159)- ==>  Preparing: select canteen_id,canteen_label,canteen_name,canteen_des,canteen_image,canteen_mark_number,sales,canteen_mark from canteen where canteen_name like ? 
2019-04-29 22:07:02,211 DEBUG (BaseJdbcLogger.java:159)- ==> Parameters: %食堂%(String)
2019-04-29 22:07:02,213 DEBUG (BaseJdbcLogger.java:159)- <==      Total: 9
2019-04-29 22:08:36,365 DEBUG (BaseJdbcLogger.java:159)- ==>  Preparing: SELECT canteen_id,canteen_label,canteen_name,canteen_des,canteen_image,canteen_mark_number,canteen_mark,sales FROM canteen 
2019-04-29 22:08:36,365 DEBUG (BaseJdbcLogger.java:159)- ==> Parameters: 
2019-04-29 22:08:36,369 DEBUG (BaseJdbcLogger.java:159)- <==      Total: 9
2019-04-29 22:08:52,365 DEBUG (BaseJdbcLogger.java:159)- ==>  Preparing: SELECT canteen_id,canteen_label,canteen_name,canteen_des,canteen_image,canteen_mark_number,canteen_mark,sales FROM canteen 
2019-04-29 22:08:52,366 DEBUG (BaseJdbcLogger.java:159)- ==> Parameters: 
2019-04-29 22:08:52,368 DEBUG (BaseJdbcLogger.java:159)- <==      Total: 9
2019-04-29 22:08:57,395 DEBUG (BaseJdbcLogger.java:159)- ==>  Preparing: SELECT canteen_id,canteen_label,canteen_name,canteen_des,canteen_image,canteen_mark_number,canteen_mark,sales FROM canteen 
2019-04-29 22:08:57,396 DEBUG (BaseJdbcLogger.java:159)- ==> Parameters: 
2019-04-29 22:08:57,398 DEBUG (BaseJdbcLogger.java:159)- <==      Total: 9
2019-04-29 22:09:01,528 DEBUG (BaseJdbcLogger.java:159)- ==>  Preparing: SELECT canteen_id,canteen_label,canteen_name,canteen_des,canteen_image,canteen_mark_number,canteen_mark,sales FROM canteen 
2019-04-29 22:09:01,530 DEBUG (BaseJdbcLogger.java:159)- ==> Parameters: 
2019-04-29 22:09:01,532 DEBUG (BaseJdbcLogger.java:159)- <==      Total: 9
2019-04-29 22:09:08,098 DEBUG (BaseJdbcLogger.java:159)- ==>  Preparing: SELECT canteen_id,canteen_label,canteen_name,canteen_des,canteen_image,canteen_mark_number,canteen_mark,sales FROM canteen 
2019-04-29 22:09:08,099 DEBUG (BaseJdbcLogger.java:159)- ==> Parameters: 
2019-04-29 22:09:08,103 DEBUG (BaseJdbcLogger.java:159)- <==      Total: 9
2019-04-29 22:09:12,622 DEBUG (BaseJdbcLogger.java:159)- ==>  Preparing: SELECT canteen_id,canteen_label,canteen_name,canteen_des,canteen_image,canteen_mark_number,canteen_mark,sales FROM canteen 
2019-04-29 22:09:12,623 DEBUG (BaseJdbcLogger.java:159)- ==> Parameters: 
2019-04-29 22:09:12,625 DEBUG (BaseJdbcLogger.java:159)- <==      Total: 9
2019-04-29 22:09:15,853 DEBUG (BaseJdbcLogger.java:159)- ==>  Preparing: SELECT canteen_id,canteen_label,canteen_name,canteen_des,canteen_image,canteen_mark_number,canteen_mark,sales FROM canteen 
2019-04-29 22:09:15,853 DEBUG (BaseJdbcLogger.java:159)- ==> Parameters: 
2019-04-29 22:09:15,856 DEBUG (BaseJdbcLogger.java:159)- <==      Total: 9
2019-04-29 22:09:22,266 DEBUG (BaseJdbcLogger.java:159)- ==>  Preparing: SELECT canteen_id,canteen_label,canteen_name,canteen_des,canteen_image,canteen_mark_number,canteen_mark,sales FROM canteen 
2019-04-29 22:09:22,267 DEBUG (BaseJdbcLogger.java:159)- ==> Parameters: 
2019-04-29 22:09:22,270 DEBUG (BaseJdbcLogger.java:159)- <==      Total: 9
2019-04-29 22:09:25,811 DEBUG (BaseJdbcLogger.java:159)- ==>  Preparing: SELECT canteen_id,canteen_label,canteen_name,canteen_des,canteen_image,canteen_mark_number,canteen_mark,sales FROM canteen 
2019-04-29 22:09:25,812 DEBUG (BaseJdbcLogger.java:159)- ==> Parameters: 
2019-04-29 22:09:25,814 DEBUG (BaseJdbcLogger.java:159)- <==      Total: 9
2019-04-29 22:09:34,588 DEBUG (BaseJdbcLogger.java:159)- ==>  Preparing: SELECT canteen_id,canteen_label,canteen_name,canteen_des,canteen_image,canteen_mark_number,canteen_mark,sales FROM canteen 
2019-04-29 22:09:34,590 DEBUG (BaseJdbcLogger.java:159)- ==> Parameters: 
2019-04-29 22:09:34,597 DEBUG (BaseJdbcLogger.java:159)- <==      Total: 9
2019-04-29 22:09:34,621 DEBUG (BaseJdbcLogger.java:159)- ==>  Preparing: SELECT canteen_id,canteen_label,canteen_name,canteen_des,canteen_image,canteen_mark_number,canteen_mark,sales FROM canteen 
2019-04-29 22:09:34,622 DEBUG (BaseJdbcLogger.java:159)- ==> Parameters: 
2019-04-29 22:09:34,624 DEBUG (BaseJdbcLogger.java:159)- <==      Total: 9
2019-04-29 22:09:49,365 DEBUG (BaseJdbcLogger.java:159)- ==>  Preparing: SELECT canteen_id,canteen_label,canteen_name,canteen_des,canteen_image,canteen_mark_number,canteen_mark,sales FROM canteen 
2019-04-29 22:09:49,366 DEBUG (BaseJdbcLogger.java:159)- ==> Parameters: 
2019-04-29 22:09:49,368 DEBUG (BaseJdbcLogger.java:159)- <==      Total: 9
2019-04-29 22:10:09,093 DEBUG (BaseJdbcLogger.java:159)- ==>  Preparing: SELECT canteen_id,canteen_label,canteen_name,canteen_des,canteen_image,canteen_mark_number,canteen_mark,sales FROM canteen 
2019-04-29 22:10:09,093 DEBUG (BaseJdbcLogger.java:159)- ==> Parameters: 
2019-04-29 22:10:09,096 DEBUG (BaseJdbcLogger.java:159)- <==      Total: 9
2019-04-29 22:10:13,968 DEBUG (BaseJdbcLogger.java:159)- ==>  Preparing: SELECT canteen_id,canteen_label,canteen_name,canteen_des,canteen_image,canteen_mark_number,canteen_mark,sales FROM canteen 
2019-04-29 22:10:13,970 DEBUG (BaseJdbcLogger.java:159)- ==> Parameters: 
2019-04-29 22:10:13,972 DEBUG (BaseJdbcLogger.java:159)- <==      Total: 9
2019-04-29 22:10:20,404 DEBUG (BaseJdbcLogger.java:159)- ==>  Preparing: SELECT canteen_id,canteen_label,canteen_name,canteen_des,canteen_image,canteen_mark_number,canteen_mark,sales FROM canteen 
2019-04-29 22:10:20,405 DEBUG (BaseJdbcLogger.java:159)- ==> Parameters: 
2019-04-29 22:10:20,407 DEBUG (BaseJdbcLogger.java:159)- <==      Total: 9
2019-04-29 22:10:35,266 DEBUG (BaseJdbcLogger.java:159)- ==>  Preparing: SELECT canteen_id,canteen_label,canteen_name,canteen_des,canteen_image,canteen_mark_number,canteen_mark,sales FROM canteen 
2019-04-29 22:10:35,267 DEBUG (BaseJdbcLogger.java:159)- ==> Parameters: 
2019-04-29 22:10:35,268 DEBUG (BaseJdbcLogger.java:159)- <==      Total: 9
2019-04-29 22:10:36,908 DEBUG (BaseJdbcLogger.java:159)- ==>  Preparing: select canteen_id,canteen_label,canteen_name,canteen_des,canteen_image,canteen_mark_number,sales,canteen_mark from canteen where canteen_name like ? 
2019-04-29 22:10:36,908 DEBUG (BaseJdbcLogger.java:159)- ==> Parameters: %%(String)
2019-04-29 22:10:36,910 DEBUG (BaseJdbcLogger.java:159)- <==      Total: 9
2019-04-29 22:10:46,607 DEBUG (BaseJdbcLogger.java:159)- ==>  Preparing: SELECT canteen_id,canteen_label,canteen_name,canteen_des,canteen_image,canteen_mark_number,canteen_mark,sales FROM canteen 
2019-04-29 22:10:46,609 DEBUG (BaseJdbcLogger.java:159)- ==> Parameters: 
2019-04-29 22:10:46,612 DEBUG (BaseJdbcLogger.java:159)- <==      Total: 9
2019-04-29 22:10:52,391 DEBUG (BaseJdbcLogger.java:159)- ==>  Preparing: SELECT canteen_id,canteen_label,canteen_name,canteen_des,canteen_image,canteen_mark_number,canteen_mark,sales FROM canteen 
2019-04-29 22:10:52,393 DEBUG (BaseJdbcLogger.java:159)- ==> Parameters: 
2019-04-29 22:10:52,395 DEBUG (BaseJdbcLogger.java:159)- <==      Total: 9
2019-04-29 22:11:06,861 DEBUG (BaseJdbcLogger.java:159)- ==>  Preparing: select canteen_id,canteen_label,canteen_name,canteen_des,canteen_image,canteen_mark_number,sales,canteen_mark from canteen where canteen_name like ? 
2019-04-29 22:11:06,862 DEBUG (BaseJdbcLogger.java:159)- ==> Parameters: %s%(String)
2019-04-29 22:11:06,863 DEBUG (BaseJdbcLogger.java:159)- <==      Total: 0
2019-04-29 22:11:14,539 DEBUG (BaseJdbcLogger.java:159)- ==>  Preparing: select canteen_id,canteen_label,canteen_name,canteen_des,canteen_image,canteen_mark_number,sales,canteen_mark from canteen where canteen_name like ? 
2019-04-29 22:11:14,541 DEBUG (BaseJdbcLogger.java:159)- ==> Parameters: %一%(String)
2019-04-29 22:11:14,542 DEBUG (BaseJdbcLogger.java:159)- <==      Total: 1
2019-04-29 22:11:19,834 DEBUG (BaseJdbcLogger.java:159)- ==>  Preparing: select canteen_id,canteen_label,canteen_name,canteen_des,canteen_image,canteen_mark_number,sales,canteen_mark from canteen where canteen_name like ? 
2019-04-29 22:11:19,835 DEBUG (BaseJdbcLogger.java:159)- ==> Parameters: %食堂%(String)
2019-04-29 22:11:19,837 DEBUG (BaseJdbcLogger.java:159)- <==      Total: 9
2019-04-29 22:11:51,520 DEBUG (BaseJdbcLogger.java:159)- ==>  Preparing: SELECT canteen_id,canteen_label,canteen_name,canteen_des,canteen_image,canteen_mark_number,canteen_mark,sales FROM canteen 
2019-04-29 22:11:51,520 DEBUG (BaseJdbcLogger.java:159)- ==> Parameters: 
2019-04-29 22:11:51,522 DEBUG (BaseJdbcLogger.java:159)- <==      Total: 9
2019-04-29 22:12:16,552 DEBUG (BaseJdbcLogger.java:159)- ==>  Preparing: SELECT food_id,food_describe,food_price,food_image,canteen_id,food_name FROM food WHERE canteen_id = ? 
2019-04-29 22:12:16,554 DEBUG (BaseJdbcLogger.java:159)- ==> Parameters: 8(Integer)
2019-04-29 22:12:16,556 DEBUG (BaseJdbcLogger.java:159)- <==      Total: 3
2019-04-29 22:12:18,351 DEBUG (BaseJdbcLogger.java:159)- ==>  Preparing: SELECT canteen_id,canteen_label,canteen_name,canteen_des,canteen_image,canteen_mark_number,canteen_mark,sales FROM canteen 
2019-04-29 22:12:18,352 DEBUG (BaseJdbcLogger.java:159)- ==> Parameters: 
2019-04-29 22:12:18,354 DEBUG (BaseJdbcLogger.java:159)- <==      Total: 9
2019-04-29 22:12:19,711 DEBUG (BaseJdbcLogger.java:159)- ==>  Preparing: SELECT food_id,food_describe,food_price,food_image,canteen_id,food_name FROM food WHERE canteen_id = ? 
2019-04-29 22:12:19,712 DEBUG (BaseJdbcLogger.java:159)- ==> Parameters: 8(Integer)
2019-04-29 22:12:19,714 DEBUG (BaseJdbcLogger.java:159)- <==      Total: 3
2019-04-29 22:12:20,710 DEBUG (BaseJdbcLogger.java:159)- ==>  Preparing: SELECT canteen_id,canteen_label,canteen_name,canteen_des,canteen_image,canteen_mark_number,canteen_mark,sales FROM canteen 
2019-04-29 22:12:20,710 DEBUG (BaseJdbcLogger.java:159)- ==> Parameters: 
2019-04-29 22:12:20,711 DEBUG (BaseJdbcLogger.java:159)- <==      Total: 9
2019-04-29 22:12:21,708 DEBUG (BaseJdbcLogger.java:159)- ==>  Preparing: SELECT food_id,food_describe,food_price,food_image,canteen_id,food_name FROM food WHERE canteen_id = ? 
2019-04-29 22:12:21,708 DEBUG (BaseJdbcLogger.java:159)- ==> Parameters: 9(Integer)
2019-04-29 22:12:21,709 DEBUG (BaseJdbcLogger.java:159)- <==      Total: 0
2019-04-29 22:12:22,749 DEBUG (BaseJdbcLogger.java:159)- ==>  Preparing: SELECT canteen_id,canteen_label,canteen_name,canteen_des,canteen_image,canteen_mark_number,canteen_mark,sales FROM canteen 
2019-04-29 22:12:22,749 DEBUG (BaseJdbcLogger.java:159)- ==> Parameters: 
2019-04-29 22:12:22,751 DEBUG (BaseJdbcLogger.java:159)- <==      Total: 9
2019-04-29 22:13:14,163 DEBUG (BaseJdbcLogger.java:159)- ==>  Preparing: SELECT food_id,food_describe,food_price,food_image,canteen_id,food_name FROM food WHERE canteen_id = ? 
2019-04-29 22:13:14,167 DEBUG (BaseJdbcLogger.java:159)- ==> Parameters: 8(Integer)
2019-04-29 22:13:14,169 DEBUG (BaseJdbcLogger.java:159)- <==      Total: 3
2019-04-29 22:14:20,498 DEBUG (BaseJdbcLogger.java:159)- ==>  Preparing: SELECT user_id,user_phone,user_pwd,user_email,user_status,user_name,canteen_id,verify_code FROM user WHERE user_pwd = ? AND user_email = ? 
2019-04-29 22:14:20,499 DEBUG (BaseJdbcLogger.java:159)- ==> Parameters: 310dcbbf4cce62f762a2aaa148d556bd(String), 333@qq.com(String)
2019-04-29 22:14:20,501 DEBUG (BaseJdbcLogger.java:159)- <==      Total: 1
2019-04-29 22:14:20,613 DEBUG (BaseJdbcLogger.java:159)- ==>  Preparing: SELECT canteen_id,canteen_label,canteen_name,canteen_des,canteen_image,canteen_mark_number,canteen_mark,sales FROM canteen WHERE canteen_id = ? 
2019-04-29 22:14:20,614 DEBUG (BaseJdbcLogger.java:159)- ==> Parameters: 8(Integer)
2019-04-29 22:14:20,615 DEBUG (BaseJdbcLogger.java:159)- <==      Total: 1
2019-04-29 22:14:25,194 DEBUG (BaseJdbcLogger.java:159)- ==>  Preparing: SELECT food_id,food_describe,food_price,food_image,canteen_id,food_name FROM food WHERE canteen_id = ? 
2019-04-29 22:14:25,195 DEBUG (BaseJdbcLogger.java:159)- ==> Parameters: 8(Integer)
2019-04-29 22:14:25,198 DEBUG (BaseJdbcLogger.java:159)- <==      Total: 3
2019-04-29 22:14:31,916 DEBUG (BaseJdbcLogger.java:159)- ==>  Preparing: SELECT food_id,food_describe,food_price,food_image,canteen_id,food_name FROM food WHERE canteen_id = ? 
2019-04-29 22:14:31,916 DEBUG (BaseJdbcLogger.java:159)- ==> Parameters: 8(Integer)
2019-04-29 22:14:31,917 DEBUG (BaseJdbcLogger.java:159)- <==      Total: 3
2019-04-29 22:14:59,661 DEBUG (BaseJdbcLogger.java:159)- ==>  Preparing: INSERT INTO food ( food_id,food_describe,food_price,food_image,canteen_id,food_name ) VALUES( ?,?,?,?,?,? ) 
2019-04-29 22:14:59,663 DEBUG (BaseJdbcLogger.java:159)- ==> Parameters: null, 量多(String), 15(Integer), null, 8(Integer), 鸡排饭(String)
2019-04-29 22:14:59,746 DEBUG (BaseJdbcLogger.java:159)- <==    Updates: 1
2019-04-29 22:15:00,829 DEBUG (BaseJdbcLogger.java:159)- ==>  Preparing: SELECT food_id,food_describe,food_price,food_image,canteen_id,food_name FROM food WHERE canteen_id = ? 
2019-04-29 22:15:00,830 DEBUG (BaseJdbcLogger.java:159)- ==> Parameters: 8(Integer)
2019-04-29 22:15:00,832 DEBUG (BaseJdbcLogger.java:159)- <==      Total: 4
2019-04-29 22:15:30,026 DEBUG (BaseJdbcLogger.java:159)- ==>  Preparing: INSERT INTO food ( food_id,food_describe,food_price,food_image,canteen_id,food_name ) VALUES( ?,?,?,?,?,? ) 
2019-04-29 22:15:30,027 DEBUG (BaseJdbcLogger.java:159)- ==> Parameters: null, 汤好(String), 16(Integer), null, 8(Integer), 土鸡汤饭(String)
2019-04-29 22:15:30,030 DEBUG (BaseJdbcLogger.java:159)- <==    Updates: 1
2019-04-29 22:15:30,764 DEBUG (BaseJdbcLogger.java:159)- ==>  Preparing: SELECT food_id,food_describe,food_price,food_image,canteen_id,food_name FROM food WHERE canteen_id = ? 
2019-04-29 22:15:30,765 DEBUG (BaseJdbcLogger.java:159)- ==> Parameters: 8(Integer)
2019-04-29 22:15:30,766 DEBUG (BaseJdbcLogger.java:159)- <==      Total: 5
2019-04-29 22:15:33,470 DEBUG (BaseJdbcLogger.java:159)- ==>  Preparing: SELECT food_id,food_describe,food_price,food_image,canteen_id,food_name FROM food WHERE canteen_id = ? 
2019-04-29 22:15:33,471 DEBUG (BaseJdbcLogger.java:159)- ==> Parameters: 8(Integer)
2019-04-29 22:15:33,472 DEBUG (BaseJdbcLogger.java:159)- <==      Total: 5
2019-04-29 22:15:52,075 DEBUG (BaseJdbcLogger.java:159)- ==>  Preparing: INSERT INTO food ( food_id,food_describe,food_price,food_image,canteen_id,food_name ) VALUES( ?,?,?,?,?,? ) 
2019-04-29 22:15:52,077 DEBUG (BaseJdbcLogger.java:159)- ==> Parameters: null, 骨头多(String), 12(Integer), null, 8(Integer), 排骨汤饭(String)
2019-04-29 22:15:52,082 DEBUG (BaseJdbcLogger.java:159)- <==    Updates: 1
2019-04-29 22:15:52,844 DEBUG (BaseJdbcLogger.java:159)- ==>  Preparing: SELECT food_id,food_describe,food_price,food_image,canteen_id,food_name FROM food WHERE canteen_id = ? 
2019-04-29 22:15:52,845 DEBUG (BaseJdbcLogger.java:159)- ==> Parameters: 8(Integer)
2019-04-29 22:15:52,846 DEBUG (BaseJdbcLogger.java:159)- <==      Total: 6
2019-04-29 22:15:53,963 DEBUG (BaseJdbcLogger.java:159)- ==>  Preparing: SELECT food_id,food_describe,food_price,food_image,canteen_id,food_name FROM food WHERE food_id = ? 
2019-04-29 22:15:53,966 DEBUG (BaseJdbcLogger.java:159)- ==> Parameters: 7(Long)
2019-04-29 22:15:53,968 DEBUG (BaseJdbcLogger.java:159)- <==      Total: 1
2019-04-29 22:18:25,014 DEBUG (BaseJdbcLogger.java:159)- ==>  Preparing: update food set food_id=? ,food_image = ? where food_id = ? 
2019-04-29 22:18:25,015 DEBUG (BaseJdbcLogger.java:159)- ==> Parameters: 7(Long), http://image.xikecanteen.com/canteen/8/7/1.png(String), 7(Long)
2019-04-29 22:18:25,018 DEBUG (BaseJdbcLogger.java:159)- <==    Updates: 1
2019-04-29 22:18:27,261 DEBUG (BaseJdbcLogger.java:159)- ==>  Preparing: SELECT food_id,food_describe,food_price,food_image,canteen_id,food_name FROM food WHERE canteen_id = ? 
2019-04-29 22:18:27,262 DEBUG (BaseJdbcLogger.java:159)- ==> Parameters: 8(Integer)
2019-04-29 22:18:27,265 DEBUG (BaseJdbcLogger.java:159)- <==      Total: 6
2019-04-29 22:18:28,559 DEBUG (BaseJdbcLogger.java:159)- ==>  Preparing: SELECT food_id,food_describe,food_price,food_image,canteen_id,food_name FROM food WHERE food_id = ? 
2019-04-29 22:18:28,560 DEBUG (BaseJdbcLogger.java:159)- ==> Parameters: 8(Long)
2019-04-29 22:18:28,562 DEBUG (BaseJdbcLogger.java:159)- <==      Total: 1
2019-04-29 22:18:31,866 DEBUG (BaseJdbcLogger.java:159)- ==>  Preparing: update food set food_id=? ,food_image = ? where food_id = ? 
2019-04-29 22:18:31,867 DEBUG (BaseJdbcLogger.java:159)- ==> Parameters: 8(Long), http://image.xikecanteen.com/canteen/8/8/2.png(String), 8(Long)
2019-04-29 22:18:31,870 DEBUG (BaseJdbcLogger.java:159)- <==    Updates: 1
2019-04-29 22:18:33,371 DEBUG (BaseJdbcLogger.java:159)- ==>  Preparing: SELECT food_id,food_describe,food_price,food_image,canteen_id,food_name FROM food WHERE canteen_id = ? 
2019-04-29 22:18:33,372 DEBUG (BaseJdbcLogger.java:159)- ==> Parameters: 8(Integer)
2019-04-29 22:18:33,373 DEBUG (BaseJdbcLogger.java:159)- <==      Total: 6
2019-04-29 22:18:34,371 DEBUG (BaseJdbcLogger.java:159)- ==>  Preparing: SELECT food_id,food_describe,food_price,food_image,canteen_id,food_name FROM food WHERE food_id = ? 
2019-04-29 22:18:34,372 DEBUG (BaseJdbcLogger.java:159)- ==> Parameters: 9(Long)
2019-04-29 22:18:34,373 DEBUG (BaseJdbcLogger.java:159)- <==      Total: 1
2019-04-29 22:18:37,534 DEBUG (BaseJdbcLogger.java:159)- ==>  Preparing: update food set food_id=? ,food_image = ? where food_id = ? 
2019-04-29 22:18:37,535 DEBUG (BaseJdbcLogger.java:159)- ==> Parameters: 9(Long), http://image.xikecanteen.com/canteen/8/9/3.png(String), 9(Long)
2019-04-29 22:18:37,538 DEBUG (BaseJdbcLogger.java:159)- <==    Updates: 1
2019-04-29 22:19:28,599 DEBUG (BaseJdbcLogger.java:159)- ==>  Preparing: SELECT user_id,user_phone,user_pwd,user_email,user_status,user_name,canteen_id,verify_code FROM user WHERE user_pwd = ? AND user_email = ? 
2019-04-29 22:19:28,600 DEBUG (BaseJdbcLogger.java:159)- ==> Parameters: 310dcbbf4cce62f762a2aaa148d556bd(String), 333@qq.com(String)
2019-04-29 22:19:28,601 DEBUG (BaseJdbcLogger.java:159)- <==      Total: 1
2019-04-29 22:19:28,640 DEBUG (BaseJdbcLogger.java:159)- ==>  Preparing: SELECT canteen_id,canteen_label,canteen_name,canteen_des,canteen_image,canteen_mark_number,canteen_mark,sales FROM canteen 
2019-04-29 22:19:28,641 DEBUG (BaseJdbcLogger.java:159)- ==> Parameters: 
2019-04-29 22:19:28,643 DEBUG (BaseJdbcLogger.java:159)- <==      Total: 9
