2019-04-26 11:54:51,098 INFO (SpringApplication.java:597)- The following profiles are active: dev
2019-04-26 11:55:05,631 INFO (StartupInfoLogger.java:57)- Started AdminServiceApp in 19.434 seconds (JVM running for 21.24)
2019-04-26 11:56:30,396 DEBUG (BaseJdbcLogger.java:159)- ==>  Preparing: SELECT user_id,user_phone,user_pwd,user_email,user_status,user_name,canteen_id,verify_code FROM user WHERE user_pwd = ? AND user_email = ? 
2019-04-26 11:56:30,417 DEBUG (BaseJdbcLogger.java:159)- ==> Parameters: 310dcbbf4cce62f762a2aaa148d556bd(String), 333@qq.com(String)
2019-04-26 11:56:30,444 DEBUG (BaseJdbcLogger.java:159)- <==      Total: 1
2019-04-26 11:56:30,893 DEBUG (BaseJdbcLogger.java:159)- ==>  Preparing: SELECT canteen_id,canteen_label,canteen_name,canteen_des,canteen_image FROM canteen WHERE canteen_id = ? 
2019-04-26 11:56:30,896 DEBUG (BaseJdbcLogger.java:159)- ==> Parameters: 8(Integer)
2019-04-26 11:56:30,900 DEBUG (BaseJdbcLogger.java:159)- <==      Total: 1
2019-04-26 11:56:38,445 DEBUG (BaseJdbcLogger.java:159)- ==>  Preparing: SELECT canteen_id,canteen_label,canteen_name,canteen_des,canteen_image FROM canteen WHERE canteen_id = ? 
2019-04-26 11:56:38,446 DEBUG (BaseJdbcLogger.java:159)- ==> Parameters: 8(Integer)
2019-04-26 11:56:38,448 DEBUG (BaseJdbcLogger.java:159)- <==      Total: 1
2019-04-26 11:56:49,464 DEBUG (BaseJdbcLogger.java:159)- ==>  Preparing: SELECT canteen_id,canteen_label,canteen_name,canteen_des,canteen_image FROM canteen WHERE canteen_id = ? 
2019-04-26 11:56:49,466 DEBUG (BaseJdbcLogger.java:159)- ==> Parameters: 8(Integer)
2019-04-26 11:56:49,469 DEBUG (BaseJdbcLogger.java:159)- <==      Total: 1
2019-04-26 11:57:11,568 DEBUG (BaseJdbcLogger.java:159)- ==>  Preparing: update canteen set canteen_image=? where canteen_id=? 
2019-04-26 11:57:11,569 DEBUG (BaseJdbcLogger.java:159)- ==> Parameters: image.xikecanteen.com//canteen/8/6.png(String), 8(Integer)
2019-04-26 11:57:11,582 DEBUG (BaseJdbcLogger.java:159)- <==    Updates: 1
2019-04-26 11:59:24,041 DEBUG (BaseJdbcLogger.java:159)- ==>  Preparing: update canteen set canteen_image=? where canteen_id=? 
2019-04-26 11:59:24,042 DEBUG (BaseJdbcLogger.java:159)- ==> Parameters: image.xikecanteen.com//canteen/8/2.png(String), 8(Integer)
2019-04-26 11:59:24,044 DEBUG (BaseJdbcLogger.java:159)- <==    Updates: 1
2019-04-26 12:00:24,529 DEBUG (BaseJdbcLogger.java:159)- ==>  Preparing: SELECT canteen_id,canteen_label,canteen_name,canteen_des,canteen_image FROM canteen WHERE canteen_id = ? 
2019-04-26 12:00:24,531 DEBUG (BaseJdbcLogger.java:159)- ==> Parameters: 8(Integer)
2019-04-26 12:00:24,534 DEBUG (BaseJdbcLogger.java:159)- <==      Total: 1
2019-04-26 12:00:50,031 DEBUG (BaseJdbcLogger.java:159)- ==>  Preparing: SELECT canteen_id,canteen_label,canteen_name,canteen_des,canteen_image FROM canteen WHERE canteen_id = ? 
2019-04-26 12:00:50,032 DEBUG (BaseJdbcLogger.java:159)- ==> Parameters: 8(Integer)
2019-04-26 12:00:50,033 DEBUG (BaseJdbcLogger.java:159)- <==      Total: 1
2019-04-26 12:00:51,980 DEBUG (BaseJdbcLogger.java:159)- ==>  Preparing: update canteen set canteen_image=? where canteen_id=? 
2019-04-26 12:00:51,982 DEBUG (BaseJdbcLogger.java:159)- ==> Parameters: image.xikecanteen.com//canteen/8/7.png(String), 8(Integer)
2019-04-26 12:00:51,986 DEBUG (BaseJdbcLogger.java:159)- <==    Updates: 1
2019-04-26 12:01:22,570 DEBUG (BaseJdbcLogger.java:159)- ==>  Preparing: SELECT canteen_id,canteen_label,canteen_name,canteen_des,canteen_image FROM canteen WHERE canteen_id = ? 
2019-04-26 12:01:22,572 DEBUG (BaseJdbcLogger.java:159)- ==> Parameters: 8(Integer)
2019-04-26 12:01:22,575 DEBUG (BaseJdbcLogger.java:159)- <==      Total: 1
2019-04-26 12:01:22,676 DEBUG (BaseJdbcLogger.java:159)- ==>  Preparing: SELECT canteen_id,canteen_label,canteen_name,canteen_des,canteen_image FROM canteen WHERE canteen_id = ? 
2019-04-26 12:01:22,677 DEBUG (BaseJdbcLogger.java:159)- ==> Parameters: 8(Integer)
2019-04-26 12:01:22,680 DEBUG (BaseJdbcLogger.java:159)- <==      Total: 1
2019-04-26 12:02:20,457 DEBUG (BaseJdbcLogger.java:159)- ==>  Preparing: update canteen set canteen_image=? where canteen_id=? 
2019-04-26 12:02:20,457 DEBUG (BaseJdbcLogger.java:159)- ==> Parameters: image.xikecanteen.com//canteen/8/4.png(String), 8(Integer)
2019-04-26 12:02:20,461 DEBUG (BaseJdbcLogger.java:159)- <==    Updates: 1
2019-04-26 12:02:47,989 DEBUG (BaseJdbcLogger.java:159)- ==>  Preparing: SELECT canteen_id,canteen_label,canteen_name,canteen_des,canteen_image FROM canteen WHERE canteen_id = ? 
2019-04-26 12:02:47,990 DEBUG (BaseJdbcLogger.java:159)- ==> Parameters: 8(Integer)
2019-04-26 12:02:47,993 DEBUG (BaseJdbcLogger.java:159)- <==      Total: 1
2019-04-26 12:03:39,254 DEBUG (BaseJdbcLogger.java:159)- ==>  Preparing: SELECT canteen_id,canteen_label,canteen_name,canteen_des,canteen_image FROM canteen WHERE canteen_id = ? 
2019-04-26 12:03:39,255 DEBUG (BaseJdbcLogger.java:159)- ==> Parameters: 8(Integer)
2019-04-26 12:03:39,257 DEBUG (BaseJdbcLogger.java:159)- <==      Total: 1
2019-04-26 12:04:25,050 DEBUG (BaseJdbcLogger.java:159)- ==>  Preparing: SELECT canteen_id,canteen_label,canteen_name,canteen_des,canteen_image FROM canteen WHERE canteen_id = ? 
2019-04-26 12:04:25,051 DEBUG (BaseJdbcLogger.java:159)- ==> Parameters: 8(Integer)
2019-04-26 12:04:25,053 DEBUG (BaseJdbcLogger.java:159)- <==      Total: 1
2019-04-26 12:04:32,336 DEBUG (BaseJdbcLogger.java:159)- ==>  Preparing: SELECT canteen_id,canteen_label,canteen_name,canteen_des,canteen_image FROM canteen WHERE canteen_id = ? 
2019-04-26 12:04:32,337 DEBUG (BaseJdbcLogger.java:159)- ==> Parameters: 8(Integer)
2019-04-26 12:04:32,342 DEBUG (BaseJdbcLogger.java:159)- <==      Total: 1
2019-04-26 12:04:32,417 DEBUG (BaseJdbcLogger.java:159)- ==>  Preparing: SELECT canteen_id,canteen_label,canteen_name,canteen_des,canteen_image FROM canteen WHERE canteen_id = ? 
2019-04-26 12:04:32,418 DEBUG (BaseJdbcLogger.java:159)- ==> Parameters: 8(Integer)
2019-04-26 12:04:32,422 DEBUG (BaseJdbcLogger.java:159)- <==      Total: 1
2019-04-26 12:05:05,291 DEBUG (BaseJdbcLogger.java:159)- ==>  Preparing: SELECT canteen_id,canteen_label,canteen_name,canteen_des,canteen_image FROM canteen WHERE canteen_id = ? 
2019-04-26 12:05:05,292 DEBUG (BaseJdbcLogger.java:159)- ==> Parameters: 8(Integer)
2019-04-26 12:05:05,295 DEBUG (BaseJdbcLogger.java:159)- <==      Total: 1
2019-04-26 12:05:14,873 DEBUG (BaseJdbcLogger.java:159)- ==>  Preparing: SELECT canteen_id,canteen_label,canteen_name,canteen_des,canteen_image FROM canteen WHERE canteen_id = ? 
2019-04-26 12:05:14,874 DEBUG (BaseJdbcLogger.java:159)- ==> Parameters: 8(Integer)
2019-04-26 12:05:14,877 DEBUG (BaseJdbcLogger.java:159)- <==      Total: 1
2019-04-26 12:05:17,202 DEBUG (BaseJdbcLogger.java:159)- ==>  Preparing: SELECT canteen_id,canteen_label,canteen_name,canteen_des,canteen_image FROM canteen WHERE canteen_id = ? 
2019-04-26 12:05:17,204 DEBUG (BaseJdbcLogger.java:159)- ==> Parameters: 8(Integer)
2019-04-26 12:05:17,207 DEBUG (BaseJdbcLogger.java:159)- <==      Total: 1
2019-04-26 12:05:58,505 DEBUG (BaseJdbcLogger.java:159)- ==>  Preparing: SELECT canteen_id,canteen_label,canteen_name,canteen_des,canteen_image FROM canteen WHERE canteen_id = ? 
2019-04-26 12:05:58,506 DEBUG (BaseJdbcLogger.java:159)- ==> Parameters: 8(Integer)
2019-04-26 12:05:58,509 DEBUG (BaseJdbcLogger.java:159)- <==      Total: 1
2019-04-26 12:06:24,551 DEBUG (BaseJdbcLogger.java:159)- ==>  Preparing: SELECT canteen_id,canteen_label,canteen_name,canteen_des,canteen_image FROM canteen WHERE canteen_id = ? 
2019-04-26 12:06:24,552 DEBUG (BaseJdbcLogger.java:159)- ==> Parameters: 8(Integer)
2019-04-26 12:06:24,554 DEBUG (BaseJdbcLogger.java:159)- <==      Total: 1
2019-04-26 12:06:44,492 DEBUG (BaseJdbcLogger.java:159)- ==>  Preparing: SELECT canteen_id,canteen_label,canteen_name,canteen_des,canteen_image FROM canteen WHERE canteen_id = ? 
2019-04-26 12:06:44,493 DEBUG (BaseJdbcLogger.java:159)- ==> Parameters: 8(Integer)
2019-04-26 12:06:44,496 DEBUG (BaseJdbcLogger.java:159)- <==      Total: 1
2019-04-26 12:06:47,994 DEBUG (BaseJdbcLogger.java:159)- ==>  Preparing: SELECT canteen_id,canteen_label,canteen_name,canteen_des,canteen_image FROM canteen WHERE canteen_id = ? 
2019-04-26 12:06:47,996 DEBUG (BaseJdbcLogger.java:159)- ==> Parameters: 8(Integer)
2019-04-26 12:06:47,999 DEBUG (BaseJdbcLogger.java:159)- <==      Total: 1
2019-04-26 12:07:00,211 DEBUG (BaseJdbcLogger.java:159)- ==>  Preparing: SELECT canteen_id,canteen_label,canteen_name,canteen_des,canteen_image FROM canteen WHERE canteen_id = ? 
2019-04-26 12:07:00,212 DEBUG (BaseJdbcLogger.java:159)- ==> Parameters: 8(Integer)
2019-04-26 12:07:00,214 DEBUG (BaseJdbcLogger.java:159)- <==      Total: 1
2019-04-26 12:07:06,820 DEBUG (BaseJdbcLogger.java:159)- ==>  Preparing: SELECT canteen_id,canteen_label,canteen_name,canteen_des,canteen_image FROM canteen WHERE canteen_id = ? 
2019-04-26 12:07:06,821 DEBUG (BaseJdbcLogger.java:159)- ==> Parameters: 8(Integer)
2019-04-26 12:07:06,823 DEBUG (BaseJdbcLogger.java:159)- <==      Total: 1
2019-04-26 12:07:11,669 DEBUG (BaseJdbcLogger.java:159)- ==>  Preparing: SELECT canteen_id,canteen_label,canteen_name,canteen_des,canteen_image FROM canteen WHERE canteen_id = ? 
2019-04-26 12:07:11,670 DEBUG (BaseJdbcLogger.java:159)- ==> Parameters: 8(Integer)
2019-04-26 12:07:11,673 DEBUG (BaseJdbcLogger.java:159)- <==      Total: 1
2019-04-26 12:07:25,751 DEBUG (BaseJdbcLogger.java:159)- ==>  Preparing: SELECT canteen_id,canteen_label,canteen_name,canteen_des,canteen_image FROM canteen WHERE canteen_id = ? 
2019-04-26 12:07:25,753 DEBUG (BaseJdbcLogger.java:159)- ==> Parameters: 8(Integer)
2019-04-26 12:07:25,756 DEBUG (BaseJdbcLogger.java:159)- <==      Total: 1
2019-04-26 12:08:35,142 DEBUG (BaseJdbcLogger.java:159)- ==>  Preparing: SELECT canteen_id,canteen_label,canteen_name,canteen_des,canteen_image FROM canteen WHERE canteen_id = ? 
2019-04-26 12:08:35,143 DEBUG (BaseJdbcLogger.java:159)- ==> Parameters: 8(Integer)
2019-04-26 12:08:35,147 DEBUG (BaseJdbcLogger.java:159)- <==      Total: 1
2019-04-26 12:08:35,185 DEBUG (BaseJdbcLogger.java:159)- ==>  Preparing: SELECT canteen_id,canteen_label,canteen_name,canteen_des,canteen_image FROM canteen WHERE canteen_id = ? 
2019-04-26 12:08:35,186 DEBUG (BaseJdbcLogger.java:159)- ==> Parameters: 8(Integer)
2019-04-26 12:08:35,190 DEBUG (BaseJdbcLogger.java:159)- <==      Total: 1
2019-04-26 12:08:46,914 DEBUG (BaseJdbcLogger.java:159)- ==>  Preparing: update canteen set canteen_label=?, canteen_des=? where canteen_id=? 
2019-04-26 12:08:46,915 DEBUG (BaseJdbcLogger.java:159)- ==> Parameters: 不错(String), 贵(String), 8(Integer)
2019-04-26 12:08:46,918 DEBUG (BaseJdbcLogger.java:159)- <==    Updates: 1
2019-04-26 12:09:51,024 DEBUG (BaseJdbcLogger.java:159)- ==>  Preparing: SELECT canteen_id,canteen_label,canteen_name,canteen_des,canteen_image FROM canteen WHERE canteen_id = ? 
2019-04-26 12:09:51,025 DEBUG (BaseJdbcLogger.java:159)- ==> Parameters: 8(Integer)
2019-04-26 12:09:51,027 DEBUG (BaseJdbcLogger.java:159)- <==      Total: 1
2019-04-26 12:09:55,628 DEBUG (BaseJdbcLogger.java:159)- ==>  Preparing: SELECT canteen_id,canteen_label,canteen_name,canteen_des,canteen_image FROM canteen WHERE canteen_id = ? 
2019-04-26 12:09:55,630 DEBUG (BaseJdbcLogger.java:159)- ==> Parameters: 8(Integer)
2019-04-26 12:09:55,632 DEBUG (BaseJdbcLogger.java:159)- <==      Total: 1
2019-04-26 12:10:00,585 DEBUG (BaseJdbcLogger.java:159)- ==>  Preparing: update canteen set canteen_image=? where canteen_id=? 
2019-04-26 12:10:00,587 DEBUG (BaseJdbcLogger.java:159)- ==> Parameters: image.xikecanteen.com//canteen/8/8.png(String), 8(Integer)
2019-04-26 12:10:00,592 DEBUG (BaseJdbcLogger.java:159)- <==    Updates: 1
2019-04-26 12:10:09,387 DEBUG (BaseJdbcLogger.java:159)- ==>  Preparing: update canteen set canteen_label=?, where canteen_id=? 
2019-04-26 12:10:09,388 DEBUG (BaseJdbcLogger.java:159)- ==> Parameters: 还好(String), 8(Integer)
2019-04-26 12:12:27,420 INFO (SpringApplication.java:597)- The following profiles are active: dev
2019-04-26 12:12:41,241 INFO (StartupInfoLogger.java:57)- Started AdminServiceApp in 18.142 seconds (JVM running for 19.752)
2019-04-26 12:16:48,227 INFO (SpringApplication.java:597)- The following profiles are active: dev
2019-04-26 12:17:01,965 INFO (StartupInfoLogger.java:57)- Started AdminServiceApp in 17.702 seconds (JVM running for 19.312)
2019-04-26 12:17:19,436 DEBUG (BaseJdbcLogger.java:159)- ==>  Preparing: SELECT canteen_id,canteen_label,canteen_name,canteen_des,canteen_image FROM canteen WHERE canteen_id = ? 
2019-04-26 12:17:19,453 DEBUG (BaseJdbcLogger.java:159)- ==> Parameters: 8(Integer)
2019-04-26 12:17:19,465 DEBUG (BaseJdbcLogger.java:159)- <==      Total: 1
2019-04-26 12:18:08,173 DEBUG (BaseJdbcLogger.java:159)- ==>  Preparing: SELECT canteen_id,canteen_label,canteen_name,canteen_des,canteen_image FROM canteen WHERE canteen_id = ? 
2019-04-26 12:18:08,174 DEBUG (BaseJdbcLogger.java:159)- ==> Parameters: 8(Integer)
2019-04-26 12:18:08,180 DEBUG (BaseJdbcLogger.java:159)- <==      Total: 1
2019-04-26 12:18:08,267 DEBUG (BaseJdbcLogger.java:159)- ==>  Preparing: SELECT canteen_id,canteen_label,canteen_name,canteen_des,canteen_image FROM canteen WHERE canteen_id = ? 
2019-04-26 12:18:08,268 DEBUG (BaseJdbcLogger.java:159)- ==> Parameters: 8(Integer)
2019-04-26 12:18:08,275 DEBUG (BaseJdbcLogger.java:159)- <==      Total: 1
2019-04-26 12:18:14,149 DEBUG (BaseJdbcLogger.java:159)- ==>  Preparing: update canteen set id=? ,canteen_image=? where canteen_id=? 
2019-04-26 12:20:01,683 INFO (SpringApplication.java:597)- The following profiles are active: dev
2019-04-26 12:20:16,348 INFO (StartupInfoLogger.java:57)- Started AdminServiceApp in 19.551 seconds (JVM running for 21.592)
2019-04-26 12:21:35,615 DEBUG (BaseJdbcLogger.java:159)- ==>  Preparing: update canteen set canteen_id=? ,canteen_image=? where canteen_id=? 
2019-04-26 12:21:35,635 DEBUG (BaseJdbcLogger.java:159)- ==> Parameters: 8(Integer), image.xikecanteen.com/canteen/8/2.png(String), 8(Integer)
2019-04-26 12:21:35,639 DEBUG (BaseJdbcLogger.java:159)- <==    Updates: 1
2019-04-26 12:21:45,953 DEBUG (BaseJdbcLogger.java:159)- ==>  Preparing: SELECT canteen_id,canteen_label,canteen_name,canteen_des,canteen_image FROM canteen WHERE canteen_id = ? 
2019-04-26 12:21:45,955 DEBUG (BaseJdbcLogger.java:159)- ==> Parameters: 8(Integer)
2019-04-26 12:21:45,967 DEBUG (BaseJdbcLogger.java:159)- <==      Total: 1
2019-04-26 12:21:46,002 DEBUG (BaseJdbcLogger.java:159)- ==>  Preparing: SELECT canteen_id,canteen_label,canteen_name,canteen_des,canteen_image FROM canteen WHERE canteen_id = ? 
2019-04-26 12:21:46,003 DEBUG (BaseJdbcLogger.java:159)- ==> Parameters: 8(Integer)
2019-04-26 12:21:46,006 DEBUG (BaseJdbcLogger.java:159)- <==      Total: 1
2019-04-26 12:21:52,248 DEBUG (BaseJdbcLogger.java:159)- ==>  Preparing: update canteen set canteen_id=? ,canteen_label=? where canteen_id=? 
2019-04-26 12:21:52,248 DEBUG (BaseJdbcLogger.java:159)- ==> Parameters: 8(Integer), 还好(String), 8(Integer)
2019-04-26 12:21:52,252 DEBUG (BaseJdbcLogger.java:159)- <==    Updates: 1
2019-04-26 12:22:55,999 DEBUG (BaseJdbcLogger.java:159)- ==>  Preparing: SELECT canteen_id,canteen_label,canteen_name,canteen_des,canteen_image FROM canteen WHERE canteen_id = ? 
2019-04-26 12:22:56,000 DEBUG (BaseJdbcLogger.java:159)- ==> Parameters: 8(Integer)
2019-04-26 12:22:56,002 DEBUG (BaseJdbcLogger.java:159)- <==      Total: 1
2019-04-26 12:23:09,976 DEBUG (BaseJdbcLogger.java:159)- ==>  Preparing: SELECT canteen_id,canteen_label,canteen_name,canteen_des,canteen_image FROM canteen WHERE canteen_id = ? 
2019-04-26 12:23:09,977 DEBUG (BaseJdbcLogger.java:159)- ==> Parameters: 8(Integer)
2019-04-26 12:23:09,980 DEBUG (BaseJdbcLogger.java:159)- <==      Total: 1
2019-04-26 12:23:14,323 DEBUG (BaseJdbcLogger.java:159)- ==>  Preparing: update canteen set canteen_id=? ,canteen_label=? where canteen_id=? 
2019-04-26 12:23:14,323 DEBUG (BaseJdbcLogger.java:159)- ==> Parameters: 8(Integer), haixing(String), 8(Integer)
2019-04-26 12:23:14,327 DEBUG (BaseJdbcLogger.java:159)- <==    Updates: 1
2019-04-26 12:23:28,750 DEBUG (BaseJdbcLogger.java:159)- ==>  Preparing: SELECT canteen_id,canteen_label,canteen_name,canteen_des,canteen_image FROM canteen WHERE canteen_id = ? 
2019-04-26 12:23:28,751 DEBUG (BaseJdbcLogger.java:159)- ==> Parameters: 8(Integer)
2019-04-26 12:23:28,752 DEBUG (BaseJdbcLogger.java:159)- <==      Total: 1
2019-04-26 12:23:34,890 DEBUG (BaseJdbcLogger.java:159)- ==>  Preparing: update canteen set canteen_id=? ,canteen_image=? where canteen_id=? 
2019-04-26 12:23:34,891 DEBUG (BaseJdbcLogger.java:159)- ==> Parameters: 8(Integer), image.xikecanteen.com/canteen/8/3.png(String), 8(Integer)
2019-04-26 12:23:34,895 DEBUG (BaseJdbcLogger.java:159)- <==    Updates: 1
2019-04-26 12:23:47,954 DEBUG (BaseJdbcLogger.java:159)- ==>  Preparing: SELECT canteen_id,canteen_label,canteen_name,canteen_des,canteen_image FROM canteen WHERE canteen_id = ? 
2019-04-26 12:23:47,955 DEBUG (BaseJdbcLogger.java:159)- ==> Parameters: 8(Integer)
2019-04-26 12:23:47,956 DEBUG (BaseJdbcLogger.java:159)- <==      Total: 1
2019-04-26 12:27:39,685 DEBUG (BaseJdbcLogger.java:159)- ==>  Preparing: SELECT canteen_id,canteen_label,canteen_name,canteen_des,canteen_image FROM canteen WHERE canteen_id = ? 
2019-04-26 12:27:39,686 DEBUG (BaseJdbcLogger.java:159)- ==> Parameters: 8(Integer)
2019-04-26 12:27:39,687 DEBUG (BaseJdbcLogger.java:159)- <==      Total: 1
2019-04-26 13:25:37,848 DEBUG (BaseJdbcLogger.java:159)- ==>  Preparing: SELECT canteen_id,canteen_label,canteen_name,canteen_des,canteen_image FROM canteen WHERE canteen_id = ? 
2019-04-26 13:25:37,852 DEBUG (BaseJdbcLogger.java:159)- ==> Parameters: 8(Integer)
2019-04-26 13:25:37,859 DEBUG (BaseJdbcLogger.java:159)- <==      Total: 1
2019-04-26 13:25:56,024 DEBUG (BaseJdbcLogger.java:159)- ==>  Preparing: SELECT canteen_id,canteen_label,canteen_name,canteen_des,canteen_image FROM canteen WHERE canteen_id = ? 
2019-04-26 13:25:56,025 DEBUG (BaseJdbcLogger.java:159)- ==> Parameters: 8(Integer)
2019-04-26 13:25:56,028 DEBUG (BaseJdbcLogger.java:159)- <==      Total: 1
2019-04-26 13:26:15,228 DEBUG (BaseJdbcLogger.java:159)- ==>  Preparing: SELECT canteen_id,canteen_label,canteen_name,canteen_des,canteen_image FROM canteen WHERE canteen_id = ? 
2019-04-26 13:26:15,229 DEBUG (BaseJdbcLogger.java:159)- ==> Parameters: 8(Integer)
2019-04-26 13:26:15,232 DEBUG (BaseJdbcLogger.java:159)- <==      Total: 1
2019-04-26 13:26:40,402 DEBUG (BaseJdbcLogger.java:159)- ==>  Preparing: SELECT canteen_id,canteen_label,canteen_name,canteen_des,canteen_image FROM canteen WHERE canteen_id = ? 
2019-04-26 13:26:40,403 DEBUG (BaseJdbcLogger.java:159)- ==> Parameters: 8(Integer)
2019-04-26 13:26:40,407 DEBUG (BaseJdbcLogger.java:159)- <==      Total: 1
2019-04-26 13:27:10,249 DEBUG (BaseJdbcLogger.java:159)- ==>  Preparing: SELECT canteen_id,canteen_label,canteen_name,canteen_des,canteen_image FROM canteen WHERE canteen_id = ? 
2019-04-26 13:27:10,251 DEBUG (BaseJdbcLogger.java:159)- ==> Parameters: 8(Integer)
2019-04-26 13:27:10,256 DEBUG (BaseJdbcLogger.java:159)- <==      Total: 1
2019-04-26 14:31:48,529 INFO (SpringApplication.java:597)- The following profiles are active: dev
2019-04-26 14:32:05,357 INFO (StartupInfoLogger.java:57)- Started AdminServiceApp in 21.942 seconds (JVM running for 24.842)
2019-04-26 14:34:06,337 DEBUG (BaseJdbcLogger.java:159)- ==>  Preparing: SELECT canteen_id,canteen_label,canteen_name,canteen_des,canteen_image FROM canteen WHERE canteen_id = ? 
2019-04-26 14:34:06,362 DEBUG (BaseJdbcLogger.java:159)- ==> Parameters: 8(Integer)
2019-04-26 14:34:06,385 DEBUG (BaseJdbcLogger.java:159)- <==      Total: 1
2019-04-26 14:35:09,310 DEBUG (BaseJdbcLogger.java:159)- ==>  Preparing: SELECT canteen_id,canteen_label,canteen_name,canteen_des,canteen_image FROM canteen WHERE canteen_id = ? 
2019-04-26 14:35:09,311 DEBUG (BaseJdbcLogger.java:159)- ==> Parameters: 8(Integer)
2019-04-26 14:35:09,315 DEBUG (BaseJdbcLogger.java:159)- <==      Total: 1
2019-04-26 14:36:31,235 DEBUG (BaseJdbcLogger.java:159)- ==>  Preparing: SELECT canteen_id,canteen_label,canteen_name,canteen_des,canteen_image FROM canteen WHERE canteen_id = ? 
2019-04-26 14:36:31,236 DEBUG (BaseJdbcLogger.java:159)- ==> Parameters: 8(Integer)
2019-04-26 14:36:31,240 DEBUG (BaseJdbcLogger.java:159)- <==      Total: 1
2019-04-26 14:36:42,324 DEBUG (BaseJdbcLogger.java:159)- ==>  Preparing: INSERT INTO food ( food_id,food_describe,food_price,food_image,canteen_id,food_name ) VALUES( ?,?,?,?,?,? ) 
2019-04-26 14:36:42,326 DEBUG (BaseJdbcLogger.java:159)- ==> Parameters: null, 好吃(String), 12(Integer), null, 8(Integer), 卤肉饭(String)
2019-04-26 14:36:42,339 DEBUG (BaseJdbcLogger.java:159)- <==    Updates: 1
2019-04-26 14:38:16,373 DEBUG (BaseJdbcLogger.java:159)- ==>  Preparing: INSERT INTO food ( food_id,food_describe,food_price,food_image,canteen_id,food_name ) VALUES( ?,?,?,?,?,? ) 
2019-04-26 14:38:16,375 DEBUG (BaseJdbcLogger.java:159)- ==> Parameters: null, 多(String), 15(Integer), null, 8(Integer), 双拼(String)
2019-04-26 14:38:16,383 DEBUG (BaseJdbcLogger.java:159)- <==    Updates: 1
2019-04-26 14:38:58,220 DEBUG (BaseJdbcLogger.java:159)- ==>  Preparing: INSERT INTO food ( food_id,food_describe,food_price,food_image,canteen_id,food_name ) VALUES( ?,?,?,?,?,? ) 
2019-04-26 14:38:58,222 DEBUG (BaseJdbcLogger.java:159)- ==> Parameters: null, 好吃(String), 13(Integer), null, 8(Integer), 叉烧(String)
2019-04-26 14:38:58,228 DEBUG (BaseJdbcLogger.java:159)- <==    Updates: 1
2019-04-26 14:39:34,645 DEBUG (BaseJdbcLogger.java:159)- ==>  Preparing: SELECT canteen_id,canteen_label,canteen_name,canteen_des,canteen_image FROM canteen WHERE canteen_id = ? 
2019-04-26 14:39:34,646 DEBUG (BaseJdbcLogger.java:159)- ==> Parameters: 8(Integer)
2019-04-26 14:39:34,651 DEBUG (BaseJdbcLogger.java:159)- <==      Total: 1
2019-04-26 14:39:58,656 DEBUG (BaseJdbcLogger.java:159)- ==>  Preparing: SELECT canteen_id,canteen_label,canteen_name,canteen_des,canteen_image FROM canteen WHERE canteen_id = ? 
2019-04-26 14:39:58,657 DEBUG (BaseJdbcLogger.java:159)- ==> Parameters: 8(Integer)
2019-04-26 14:39:58,661 DEBUG (BaseJdbcLogger.java:159)- <==      Total: 1
2019-04-26 14:40:11,068 DEBUG (BaseJdbcLogger.java:159)- ==>  Preparing: INSERT INTO food ( food_id,food_describe,food_price,food_image,canteen_id,food_name ) VALUES( ?,?,?,?,?,? ) 
2019-04-26 14:40:11,069 DEBUG (BaseJdbcLogger.java:159)- ==> Parameters: null, 分量大(String), 12(Integer), null, 8(Integer), 鸡排(String)
2019-04-26 14:40:11,076 DEBUG (BaseJdbcLogger.java:159)- <==    Updates: 1
2019-04-26 14:40:15,408 DEBUG (BaseJdbcLogger.java:159)- ==>  Preparing: SELECT canteen_id,canteen_label,canteen_name,canteen_des,canteen_image FROM canteen WHERE canteen_id = ? 
2019-04-26 14:40:15,409 DEBUG (BaseJdbcLogger.java:159)- ==> Parameters: 8(Integer)
2019-04-26 14:40:15,413 DEBUG (BaseJdbcLogger.java:159)- <==      Total: 1
2019-04-26 14:42:40,580 DEBUG (BaseJdbcLogger.java:159)- ==>  Preparing: SELECT canteen_id,canteen_label,canteen_name,canteen_des,canteen_image FROM canteen WHERE canteen_id = ? 
2019-04-26 14:42:40,582 DEBUG (BaseJdbcLogger.java:159)- ==> Parameters: 8(Integer)
2019-04-26 14:42:40,585 DEBUG (BaseJdbcLogger.java:159)- <==      Total: 1
2019-04-26 14:58:46,321 DEBUG (BaseJdbcLogger.java:159)- ==>  Preparing: SELECT canteen_id,canteen_label,canteen_name,canteen_des,canteen_image FROM canteen WHERE canteen_id = ? 
2019-04-26 14:58:46,323 DEBUG (BaseJdbcLogger.java:159)- ==> Parameters: 8(Integer)
2019-04-26 14:58:46,328 DEBUG (BaseJdbcLogger.java:159)- <==      Total: 1
2019-04-26 14:59:32,861 DEBUG (BaseJdbcLogger.java:159)- ==>  Preparing: SELECT canteen_id,canteen_label,canteen_name,canteen_des,canteen_image FROM canteen WHERE canteen_id = ? 
2019-04-26 14:59:32,863 DEBUG (BaseJdbcLogger.java:159)- ==> Parameters: 8(Integer)
2019-04-26 14:59:32,868 DEBUG (BaseJdbcLogger.java:159)- <==      Total: 1
2019-04-26 14:59:53,984 DEBUG (BaseJdbcLogger.java:159)- ==>  Preparing: SELECT canteen_id,canteen_label,canteen_name,canteen_des,canteen_image FROM canteen WHERE canteen_id = ? 
2019-04-26 14:59:53,985 DEBUG (BaseJdbcLogger.java:159)- ==> Parameters: 8(Integer)
2019-04-26 14:59:53,989 DEBUG (BaseJdbcLogger.java:159)- <==      Total: 1
2019-04-26 15:00:08,707 DEBUG (BaseJdbcLogger.java:159)- ==>  Preparing: SELECT canteen_id,canteen_label,canteen_name,canteen_des,canteen_image FROM canteen WHERE canteen_id = ? 
2019-04-26 15:00:08,708 DEBUG (BaseJdbcLogger.java:159)- ==> Parameters: 8(Integer)
2019-04-26 15:00:08,713 DEBUG (BaseJdbcLogger.java:159)- <==      Total: 1
2019-04-26 15:00:11,509 DEBUG (BaseJdbcLogger.java:159)- ==>  Preparing: SELECT canteen_id,canteen_label,canteen_name,canteen_des,canteen_image FROM canteen WHERE canteen_id = ? 
2019-04-26 15:00:11,510 DEBUG (BaseJdbcLogger.java:159)- ==> Parameters: 8(Integer)
2019-04-26 15:00:11,516 DEBUG (BaseJdbcLogger.java:159)- <==      Total: 1
2019-04-26 15:16:52,859 DEBUG (BaseJdbcLogger.java:159)- ==>  Preparing: SELECT food_id,food_describe,food_price,food_image,canteen_id,food_name FROM food WHERE canteen_id = ? 
2019-04-26 15:16:52,862 DEBUG (BaseJdbcLogger.java:159)- ==> Parameters: 8(Integer)
2019-04-26 15:16:52,869 DEBUG (BaseJdbcLogger.java:159)- <==      Total: 4
2019-04-26 15:17:17,733 DEBUG (BaseJdbcLogger.java:159)- ==>  Preparing: SELECT canteen_id,canteen_label,canteen_name,canteen_des,canteen_image FROM canteen WHERE canteen_id = ? 
2019-04-26 15:17:17,734 DEBUG (BaseJdbcLogger.java:159)- ==> Parameters: 8(Integer)
2019-04-26 15:17:17,739 DEBUG (BaseJdbcLogger.java:159)- <==      Total: 1
2019-04-26 15:17:59,051 DEBUG (BaseJdbcLogger.java:159)- ==>  Preparing: SELECT food_id,food_describe,food_price,food_image,canteen_id,food_name FROM food WHERE canteen_id = ? 
2019-04-26 15:17:59,053 DEBUG (BaseJdbcLogger.java:159)- ==> Parameters: 8(Integer)
2019-04-26 15:17:59,058 DEBUG (BaseJdbcLogger.java:159)- <==      Total: 4
2019-04-26 15:18:00,597 DEBUG (BaseJdbcLogger.java:159)- ==>  Preparing: SELECT canteen_id,canteen_label,canteen_name,canteen_des,canteen_image FROM canteen WHERE canteen_id = ? 
2019-04-26 15:18:00,598 DEBUG (BaseJdbcLogger.java:159)- ==> Parameters: 8(Integer)
2019-04-26 15:18:00,602 DEBUG (BaseJdbcLogger.java:159)- <==      Total: 1
2019-04-26 15:18:03,640 DEBUG (BaseJdbcLogger.java:159)- ==>  Preparing: SELECT food_id,food_describe,food_price,food_image,canteen_id,food_name FROM food WHERE canteen_id = ? 
2019-04-26 15:18:03,641 DEBUG (BaseJdbcLogger.java:159)- ==> Parameters: 8(Integer)
2019-04-26 15:18:03,648 DEBUG (BaseJdbcLogger.java:159)- <==      Total: 4
2019-04-26 15:18:03,683 DEBUG (BaseJdbcLogger.java:159)- ==>  Preparing: SELECT canteen_id,canteen_label,canteen_name,canteen_des,canteen_image FROM canteen WHERE canteen_id = ? 
2019-04-26 15:18:03,684 DEBUG (BaseJdbcLogger.java:159)- ==> Parameters: 8(Integer)
2019-04-26 15:18:03,691 DEBUG (BaseJdbcLogger.java:159)- <==      Total: 1
2019-04-26 15:19:01,149 DEBUG (BaseJdbcLogger.java:159)- ==>  Preparing: SELECT food_id,food_describe,food_price,food_image,canteen_id,food_name FROM food WHERE canteen_id = ? 
2019-04-26 15:19:01,150 DEBUG (BaseJdbcLogger.java:159)- ==> Parameters: 8(Integer)
2019-04-26 15:19:01,157 DEBUG (BaseJdbcLogger.java:159)- <==      Total: 4
2019-04-26 15:19:10,407 DEBUG (BaseJdbcLogger.java:159)- ==>  Preparing: SELECT food_id,food_describe,food_price,food_image,canteen_id,food_name FROM food WHERE canteen_id = ? 
2019-04-26 15:19:10,408 DEBUG (BaseJdbcLogger.java:159)- ==> Parameters: 8(Integer)
2019-04-26 15:19:10,412 DEBUG (BaseJdbcLogger.java:159)- <==      Total: 4
2019-04-26 15:19:13,564 DEBUG (BaseJdbcLogger.java:159)- ==>  Preparing: SELECT canteen_id,canteen_label,canteen_name,canteen_des,canteen_image FROM canteen WHERE canteen_id = ? 
2019-04-26 15:19:13,564 DEBUG (BaseJdbcLogger.java:159)- ==> Parameters: 8(Integer)
2019-04-26 15:19:13,576 DEBUG (BaseJdbcLogger.java:159)- <==      Total: 1
2019-04-26 15:19:32,271 DEBUG (BaseJdbcLogger.java:159)- ==>  Preparing: SELECT food_id,food_describe,food_price,food_image,canteen_id,food_name FROM food WHERE canteen_id = ? 
2019-04-26 15:19:32,272 DEBUG (BaseJdbcLogger.java:159)- ==> Parameters: 8(Integer)
2019-04-26 15:19:32,277 DEBUG (BaseJdbcLogger.java:159)- <==      Total: 4
2019-04-26 15:20:15,896 DEBUG (BaseJdbcLogger.java:159)- ==>  Preparing: SELECT food_id,food_describe,food_price,food_image,canteen_id,food_name FROM food WHERE canteen_id = ? 
2019-04-26 15:20:15,897 DEBUG (BaseJdbcLogger.java:159)- ==> Parameters: 8(Integer)
2019-04-26 15:20:15,903 DEBUG (BaseJdbcLogger.java:159)- <==      Total: 4
2019-04-26 15:20:19,314 DEBUG (BaseJdbcLogger.java:159)- ==>  Preparing: SELECT canteen_id,canteen_label,canteen_name,canteen_des,canteen_image FROM canteen WHERE canteen_id = ? 
2019-04-26 15:20:19,315 DEBUG (BaseJdbcLogger.java:159)- ==> Parameters: 8(Integer)
2019-04-26 15:20:19,319 DEBUG (BaseJdbcLogger.java:159)- <==      Total: 1
2019-04-26 15:20:39,118 DEBUG (BaseJdbcLogger.java:159)- ==>  Preparing: SELECT food_id,food_describe,food_price,food_image,canteen_id,food_name FROM food WHERE canteen_id = ? 
2019-04-26 15:20:39,120 DEBUG (BaseJdbcLogger.java:159)- ==> Parameters: 8(Integer)
2019-04-26 15:20:39,129 DEBUG (BaseJdbcLogger.java:159)- <==      Total: 4
2019-04-26 15:20:42,935 DEBUG (BaseJdbcLogger.java:159)- ==>  Preparing: SELECT canteen_id,canteen_label,canteen_name,canteen_des,canteen_image FROM canteen WHERE canteen_id = ? 
2019-04-26 15:20:42,936 DEBUG (BaseJdbcLogger.java:159)- ==> Parameters: 8(Integer)
2019-04-26 15:20:42,940 DEBUG (BaseJdbcLogger.java:159)- <==      Total: 1
2019-04-26 15:21:27,827 DEBUG (BaseJdbcLogger.java:159)- ==>  Preparing: SELECT food_id,food_describe,food_price,food_image,canteen_id,food_name FROM food WHERE canteen_id = ? 
2019-04-26 15:21:27,828 DEBUG (BaseJdbcLogger.java:159)- ==> Parameters: 8(Integer)
2019-04-26 15:21:27,836 DEBUG (BaseJdbcLogger.java:159)- <==      Total: 4
2019-04-26 15:21:28,433 DEBUG (BaseJdbcLogger.java:159)- ==>  Preparing: SELECT canteen_id,canteen_label,canteen_name,canteen_des,canteen_image FROM canteen WHERE canteen_id = ? 
2019-04-26 15:21:28,434 DEBUG (BaseJdbcLogger.java:159)- ==> Parameters: 8(Integer)
2019-04-26 15:21:28,438 DEBUG (BaseJdbcLogger.java:159)- <==      Total: 1
2019-04-26 15:22:29,864 DEBUG (BaseJdbcLogger.java:159)- ==>  Preparing: SELECT food_id,food_describe,food_price,food_image,canteen_id,food_name FROM food WHERE canteen_id = ? 
2019-04-26 15:22:29,865 DEBUG (BaseJdbcLogger.java:159)- ==> Parameters: 8(Integer)
2019-04-26 15:22:29,871 DEBUG (BaseJdbcLogger.java:159)- <==      Total: 4
2019-04-26 15:22:29,908 DEBUG (BaseJdbcLogger.java:159)- ==>  Preparing: SELECT canteen_id,canteen_label,canteen_name,canteen_des,canteen_image FROM canteen WHERE canteen_id = ? 
2019-04-26 15:22:29,909 DEBUG (BaseJdbcLogger.java:159)- ==> Parameters: 8(Integer)
2019-04-26 15:22:29,915 DEBUG (BaseJdbcLogger.java:159)- <==      Total: 1
2019-04-26 15:23:14,826 DEBUG (BaseJdbcLogger.java:159)- ==>  Preparing: SELECT food_id,food_describe,food_price,food_image,canteen_id,food_name FROM food WHERE canteen_id = ? 
2019-04-26 15:23:14,827 DEBUG (BaseJdbcLogger.java:159)- ==> Parameters: 8(Integer)
2019-04-26 15:23:14,832 DEBUG (BaseJdbcLogger.java:159)- <==      Total: 4
2019-04-26 15:23:14,880 DEBUG (BaseJdbcLogger.java:159)- ==>  Preparing: SELECT canteen_id,canteen_label,canteen_name,canteen_des,canteen_image FROM canteen WHERE canteen_id = ? 
2019-04-26 15:23:14,882 DEBUG (BaseJdbcLogger.java:159)- ==> Parameters: 8(Integer)
2019-04-26 15:23:14,886 DEBUG (BaseJdbcLogger.java:159)- <==      Total: 1
2019-04-26 15:25:18,473 DEBUG (BaseJdbcLogger.java:159)- ==>  Preparing: SELECT food_id,food_describe,food_price,food_image,canteen_id,food_name FROM food WHERE canteen_id = ? 
2019-04-26 15:25:18,473 DEBUG (BaseJdbcLogger.java:159)- ==> Parameters: 8(Integer)
2019-04-26 15:25:18,477 DEBUG (BaseJdbcLogger.java:159)- <==      Total: 4
2019-04-26 15:25:26,694 DEBUG (BaseJdbcLogger.java:159)- ==>  Preparing: SELECT food_id,food_describe,food_price,food_image,canteen_id,food_name FROM food WHERE canteen_id = ? 
2019-04-26 15:25:26,694 DEBUG (BaseJdbcLogger.java:159)- ==> Parameters: 8(Integer)
2019-04-26 15:25:26,698 DEBUG (BaseJdbcLogger.java:159)- <==      Total: 4
2019-04-26 15:25:28,279 DEBUG (BaseJdbcLogger.java:159)- ==>  Preparing: SELECT food_id,food_describe,food_price,food_image,canteen_id,food_name FROM food WHERE canteen_id = ? 
2019-04-26 15:25:28,279 DEBUG (BaseJdbcLogger.java:159)- ==> Parameters: 8(Integer)
2019-04-26 15:25:28,283 DEBUG (BaseJdbcLogger.java:159)- <==      Total: 4
2019-04-26 15:26:13,619 DEBUG (BaseJdbcLogger.java:159)- ==>  Preparing: SELECT food_id,food_describe,food_price,food_image,canteen_id,food_name FROM food WHERE canteen_id = ? 
2019-04-26 15:26:13,621 DEBUG (BaseJdbcLogger.java:159)- ==> Parameters: 8(Integer)
2019-04-26 15:26:13,625 DEBUG (BaseJdbcLogger.java:159)- <==      Total: 4
2019-04-26 15:26:14,356 DEBUG (BaseJdbcLogger.java:159)- ==>  Preparing: SELECT food_id,food_describe,food_price,food_image,canteen_id,food_name FROM food WHERE canteen_id = ? 
2019-04-26 15:26:14,357 DEBUG (BaseJdbcLogger.java:159)- ==> Parameters: 8(Integer)
2019-04-26 15:26:14,363 DEBUG (BaseJdbcLogger.java:159)- <==      Total: 4
2019-04-26 15:26:22,682 DEBUG (BaseJdbcLogger.java:159)- ==>  Preparing: SELECT food_id,food_describe,food_price,food_image,canteen_id,food_name FROM food WHERE canteen_id = ? 
2019-04-26 15:26:22,683 DEBUG (BaseJdbcLogger.java:159)- ==> Parameters: 8(Integer)
2019-04-26 15:26:22,687 DEBUG (BaseJdbcLogger.java:159)- <==      Total: 4
2019-04-26 15:26:25,805 DEBUG (BaseJdbcLogger.java:159)- ==>  Preparing: SELECT food_id,food_describe,food_price,food_image,canteen_id,food_name FROM food WHERE canteen_id = ? 
2019-04-26 15:26:25,806 DEBUG (BaseJdbcLogger.java:159)- ==> Parameters: 8(Integer)
2019-04-26 15:26:25,809 DEBUG (BaseJdbcLogger.java:159)- <==      Total: 4
2019-04-26 15:36:38,064 DEBUG (BaseJdbcLogger.java:159)- ==>  Preparing: SELECT food_id,food_describe,food_price,food_image,canteen_id,food_name FROM food WHERE canteen_id = ? 
2019-04-26 15:36:38,065 DEBUG (BaseJdbcLogger.java:159)- ==> Parameters: 8(Integer)
2019-04-26 15:36:38,070 DEBUG (BaseJdbcLogger.java:159)- <==      Total: 4
2019-04-26 15:36:38,134 DEBUG (BaseJdbcLogger.java:159)- ==>  Preparing: SELECT canteen_id,canteen_label,canteen_name,canteen_des,canteen_image FROM canteen WHERE canteen_id = ? 
2019-04-26 15:36:38,135 DEBUG (BaseJdbcLogger.java:159)- ==> Parameters: 8(Integer)
2019-04-26 15:36:38,139 DEBUG (BaseJdbcLogger.java:159)- <==      Total: 1
2019-04-26 15:48:51,351 DEBUG (BaseJdbcLogger.java:159)- ==>  Preparing: SELECT canteen_id,canteen_label,canteen_name,canteen_des,canteen_image FROM canteen WHERE canteen_id = ? 
2019-04-26 15:48:51,352 DEBUG (BaseJdbcLogger.java:159)- ==> Parameters: 8(Integer)
2019-04-26 15:48:51,357 DEBUG (BaseJdbcLogger.java:159)- <==      Total: 1
2019-04-26 15:48:56,720 DEBUG (BaseJdbcLogger.java:159)- ==>  Preparing: SELECT food_id,food_describe,food_price,food_image,canteen_id,food_name FROM food WHERE canteen_id = ? 
2019-04-26 15:48:56,720 DEBUG (BaseJdbcLogger.java:159)- ==> Parameters: 8(Integer)
2019-04-26 15:48:56,725 DEBUG (BaseJdbcLogger.java:159)- <==      Total: 4
2019-04-26 15:49:27,634 DEBUG (BaseJdbcLogger.java:159)- ==>  Preparing: SELECT food_id,food_describe,food_price,food_image,canteen_id,food_name FROM food WHERE canteen_id = ? 
2019-04-26 15:49:27,635 DEBUG (BaseJdbcLogger.java:159)- ==> Parameters: 8(Integer)
2019-04-26 15:49:27,640 DEBUG (BaseJdbcLogger.java:159)- <==      Total: 4
2019-04-26 15:49:31,116 DEBUG (BaseJdbcLogger.java:159)- ==>  Preparing: SELECT food_id,food_describe,food_price,food_image,canteen_id,food_name FROM food WHERE food_id = ? 
2019-04-26 15:49:31,123 DEBUG (BaseJdbcLogger.java:159)- ==> Parameters: 4(Long)
2019-04-26 15:49:31,129 DEBUG (BaseJdbcLogger.java:159)- <==      Total: 1
2019-04-26 15:50:22,399 DEBUG (BaseJdbcLogger.java:159)- ==>  Preparing: SELECT food_id,food_describe,food_price,food_image,canteen_id,food_name FROM food WHERE food_id = ? 
2019-04-26 15:50:22,399 DEBUG (BaseJdbcLogger.java:159)- ==> Parameters: 4(Long)
2019-04-26 15:50:22,404 DEBUG (BaseJdbcLogger.java:159)- <==      Total: 1
2019-04-26 15:50:23,513 DEBUG (BaseJdbcLogger.java:159)- ==>  Preparing: SELECT food_id,food_describe,food_price,food_image,canteen_id,food_name FROM food WHERE food_id = ? 
2019-04-26 15:50:23,513 DEBUG (BaseJdbcLogger.java:159)- ==> Parameters: 4(Long)
2019-04-26 15:50:23,518 DEBUG (BaseJdbcLogger.java:159)- <==      Total: 1
2019-04-26 15:50:27,056 DEBUG (BaseJdbcLogger.java:159)- ==>  Preparing: SELECT food_id,food_describe,food_price,food_image,canteen_id,food_name FROM food WHERE food_id = ? 
2019-04-26 15:50:27,057 DEBUG (BaseJdbcLogger.java:159)- ==> Parameters: 4(Long)
2019-04-26 15:50:27,062 DEBUG (BaseJdbcLogger.java:159)- <==      Total: 1
2019-04-26 15:51:19,178 DEBUG (BaseJdbcLogger.java:159)- ==>  Preparing: SELECT food_id,food_describe,food_price,food_image,canteen_id,food_name FROM food WHERE food_id = ? 
2019-04-26 15:51:19,179 DEBUG (BaseJdbcLogger.java:159)- ==> Parameters: 4(Long)
2019-04-26 15:51:19,182 DEBUG (BaseJdbcLogger.java:159)- <==      Total: 1
2019-04-26 15:51:29,509 DEBUG (BaseJdbcLogger.java:159)- ==>  Preparing: SELECT food_id,food_describe,food_price,food_image,canteen_id,food_name FROM food WHERE food_id = ? 
2019-04-26 15:51:29,510 DEBUG (BaseJdbcLogger.java:159)- ==> Parameters: 4(Long)
2019-04-26 15:51:29,515 DEBUG (BaseJdbcLogger.java:159)- <==      Total: 1
2019-04-26 15:51:29,550 DEBUG (BaseJdbcLogger.java:159)- ==>  Preparing: SELECT canteen_id,canteen_label,canteen_name,canteen_des,canteen_image FROM canteen WHERE canteen_id = ? 
2019-04-26 15:51:29,551 DEBUG (BaseJdbcLogger.java:159)- ==> Parameters: 8(Integer)
2019-04-26 15:51:29,559 DEBUG (BaseJdbcLogger.java:159)- <==      Total: 1
2019-04-26 15:51:44,898 DEBUG (BaseJdbcLogger.java:159)- ==>  Preparing: SELECT food_id,food_describe,food_price,food_image,canteen_id,food_name FROM food WHERE canteen_id = ? 
2019-04-26 15:51:44,899 DEBUG (BaseJdbcLogger.java:159)- ==> Parameters: 8(Integer)
2019-04-26 15:51:44,902 DEBUG (BaseJdbcLogger.java:159)- <==      Total: 4
2019-04-26 15:57:02,279 DEBUG (BaseJdbcLogger.java:159)- ==>  Preparing: SELECT food_id,food_describe,food_price,food_image,canteen_id,food_name FROM food WHERE canteen_id = ? 
2019-04-26 15:57:02,281 DEBUG (BaseJdbcLogger.java:159)- ==> Parameters: 8(Integer)
2019-04-26 15:57:02,288 DEBUG (BaseJdbcLogger.java:159)- <==      Total: 4
2019-04-26 15:57:02,319 DEBUG (BaseJdbcLogger.java:159)- ==>  Preparing: SELECT canteen_id,canteen_label,canteen_name,canteen_des,canteen_image FROM canteen WHERE canteen_id = ? 
2019-04-26 15:57:02,320 DEBUG (BaseJdbcLogger.java:159)- ==> Parameters: 8(Integer)
2019-04-26 15:57:02,324 DEBUG (BaseJdbcLogger.java:159)- <==      Total: 1
2019-04-26 15:57:09,973 DEBUG (BaseJdbcLogger.java:159)- ==>  Preparing: SELECT food_id,food_describe,food_price,food_image,canteen_id,food_name FROM food WHERE food_id = ? 
2019-04-26 15:57:09,974 DEBUG (BaseJdbcLogger.java:159)- ==> Parameters: 3(Long)
2019-04-26 15:57:09,979 DEBUG (BaseJdbcLogger.java:159)- <==      Total: 1
2019-04-26 15:58:06,030 DEBUG (BaseJdbcLogger.java:159)- ==>  Preparing: SELECT food_id,food_describe,food_price,food_image,canteen_id,food_name FROM food WHERE food_id = ? 
2019-04-26 15:58:06,033 DEBUG (BaseJdbcLogger.java:159)- ==> Parameters: 3(Long)
2019-04-26 15:58:06,037 DEBUG (BaseJdbcLogger.java:159)- <==      Total: 1
2019-04-26 15:58:17,369 DEBUG (BaseJdbcLogger.java:159)- ==>  Preparing: SELECT food_id,food_describe,food_price,food_image,canteen_id,food_name FROM food WHERE food_id = ? 
2019-04-26 15:58:17,371 DEBUG (BaseJdbcLogger.java:159)- ==> Parameters: 3(Long)
2019-04-26 15:58:17,378 DEBUG (BaseJdbcLogger.java:159)- <==      Total: 1
2019-04-26 15:58:17,432 DEBUG (BaseJdbcLogger.java:159)- ==>  Preparing: SELECT canteen_id,canteen_label,canteen_name,canteen_des,canteen_image FROM canteen WHERE canteen_id = ? 
2019-04-26 15:58:17,432 DEBUG (BaseJdbcLogger.java:159)- ==> Parameters: 8(Integer)
2019-04-26 15:58:17,438 DEBUG (BaseJdbcLogger.java:159)- <==      Total: 1
2019-04-26 16:06:51,388 DEBUG (BaseJdbcLogger.java:159)- ==>  Preparing: SELECT food_id,food_describe,food_price,food_image,canteen_id,food_name FROM food WHERE canteen_id = ? 
2019-04-26 16:06:51,388 DEBUG (BaseJdbcLogger.java:159)- ==> Parameters: 8(Integer)
2019-04-26 16:06:51,391 DEBUG (BaseJdbcLogger.java:159)- <==      Total: 4
2019-04-26 16:06:56,105 DEBUG (BaseJdbcLogger.java:159)- ==>  Preparing: SELECT canteen_id,canteen_label,canteen_name,canteen_des,canteen_image FROM canteen WHERE canteen_id = ? 
2019-04-26 16:06:56,106 DEBUG (BaseJdbcLogger.java:159)- ==> Parameters: 8(Integer)
2019-04-26 16:06:56,111 DEBUG (BaseJdbcLogger.java:159)- <==      Total: 1
2019-04-26 16:06:58,251 DEBUG (BaseJdbcLogger.java:159)- ==>  Preparing: SELECT food_id,food_describe,food_price,food_image,canteen_id,food_name FROM food WHERE canteen_id = ? 
2019-04-26 16:06:58,252 DEBUG (BaseJdbcLogger.java:159)- ==> Parameters: 8(Integer)
2019-04-26 16:06:58,255 DEBUG (BaseJdbcLogger.java:159)- <==      Total: 4
2019-04-26 16:07:00,263 DEBUG (BaseJdbcLogger.java:159)- ==>  Preparing: SELECT food_id,food_describe,food_price,food_image,canteen_id,food_name FROM food WHERE canteen_id = ? 
2019-04-26 16:07:00,264 DEBUG (BaseJdbcLogger.java:159)- ==> Parameters: 8(Integer)
2019-04-26 16:07:00,267 DEBUG (BaseJdbcLogger.java:159)- <==      Total: 4
2019-04-26 16:07:01,107 DEBUG (BaseJdbcLogger.java:159)- ==>  Preparing: SELECT food_id,food_describe,food_price,food_image,canteen_id,food_name FROM food WHERE food_id = ? 
2019-04-26 16:07:01,108 DEBUG (BaseJdbcLogger.java:159)- ==> Parameters: 1(Long)
2019-04-26 16:07:01,111 DEBUG (BaseJdbcLogger.java:159)- <==      Total: 1
2019-04-26 16:07:54,101 DEBUG (BaseJdbcLogger.java:159)- ==>  Preparing: SELECT food_id,food_describe,food_price,food_image,canteen_id,food_name FROM food WHERE food_id = ? 
2019-04-26 16:07:54,103 DEBUG (BaseJdbcLogger.java:159)- ==> Parameters: 1(Long)
2019-04-26 16:07:54,108 DEBUG (BaseJdbcLogger.java:159)- <==      Total: 1
2019-04-26 16:07:54,171 DEBUG (BaseJdbcLogger.java:159)- ==>  Preparing: SELECT food_id,food_describe,food_price,food_image,canteen_id,food_name FROM food WHERE food_id = ? 
2019-04-26 16:07:54,173 DEBUG (BaseJdbcLogger.java:159)- ==> Parameters: 1(Long)
2019-04-26 16:07:54,179 DEBUG (BaseJdbcLogger.java:159)- <==      Total: 1
2019-04-26 16:07:54,244 DEBUG (BaseJdbcLogger.java:159)- ==>  Preparing: SELECT food_id,food_describe,food_price,food_image,canteen_id,food_name FROM food WHERE food_id = ? 
2019-04-26 16:07:54,245 DEBUG (BaseJdbcLogger.java:159)- ==> Parameters: 1(Long)
2019-04-26 16:07:54,250 DEBUG (BaseJdbcLogger.java:159)- <==      Total: 1
2019-04-26 16:08:06,039 DEBUG (BaseJdbcLogger.java:159)- ==>  Preparing: SELECT food_id,food_describe,food_price,food_image,canteen_id,food_name FROM food WHERE food_id = ? 
2019-04-26 16:08:06,040 DEBUG (BaseJdbcLogger.java:159)- ==> Parameters: 1(Long)
2019-04-26 16:08:06,044 DEBUG (BaseJdbcLogger.java:159)- <==      Total: 1
2019-04-26 16:08:45,002 DEBUG (BaseJdbcLogger.java:159)- ==>  Preparing: SELECT food_id,food_describe,food_price,food_image,canteen_id,food_name FROM food WHERE food_id = ? 
2019-04-26 16:08:45,003 DEBUG (BaseJdbcLogger.java:159)- ==> Parameters: 1(Long)
2019-04-26 16:08:45,008 DEBUG (BaseJdbcLogger.java:159)- <==      Total: 1
2019-04-26 16:08:45,354 DEBUG (BaseJdbcLogger.java:159)- ==>  Preparing: SELECT canteen_id,canteen_label,canteen_name,canteen_des,canteen_image FROM canteen WHERE canteen_id = ? 
2019-04-26 16:08:45,354 DEBUG (BaseJdbcLogger.java:159)- ==> Parameters: 8(Integer)
2019-04-26 16:08:45,358 DEBUG (BaseJdbcLogger.java:159)- <==      Total: 1
2019-04-26 16:08:53,365 DEBUG (BaseJdbcLogger.java:159)- ==>  Preparing: SELECT food_id,food_describe,food_price,food_image,canteen_id,food_name FROM food WHERE food_id = ? 
2019-04-26 16:08:53,366 DEBUG (BaseJdbcLogger.java:159)- ==> Parameters: 1(Long)
2019-04-26 16:08:53,370 DEBUG (BaseJdbcLogger.java:159)- <==      Total: 1
2019-04-26 16:09:00,336 DEBUG (BaseJdbcLogger.java:159)- ==>  Preparing: SELECT food_id,food_describe,food_price,food_image,canteen_id,food_name FROM food WHERE food_id = ? 
2019-04-26 16:09:00,338 DEBUG (BaseJdbcLogger.java:159)- ==> Parameters: 1(Long)
2019-04-26 16:09:00,340 DEBUG (BaseJdbcLogger.java:159)- <==      Total: 1
2019-04-26 16:12:44,919 DEBUG (BaseJdbcLogger.java:159)- ==>  Preparing: SELECT food_id,food_describe,food_price,food_image,canteen_id,food_name FROM food WHERE food_id = ? 
2019-04-26 16:12:44,920 DEBUG (BaseJdbcLogger.java:159)- ==> Parameters: 1(Long)
2019-04-26 16:12:44,925 DEBUG (BaseJdbcLogger.java:159)- <==      Total: 1
2019-04-26 16:12:44,951 DEBUG (BaseJdbcLogger.java:159)- ==>  Preparing: SELECT canteen_id,canteen_label,canteen_name,canteen_des,canteen_image FROM canteen WHERE canteen_id = ? 
2019-04-26 16:12:44,951 DEBUG (BaseJdbcLogger.java:159)- ==> Parameters: 8(Integer)
2019-04-26 16:12:44,954 DEBUG (BaseJdbcLogger.java:159)- <==      Total: 1
2019-04-26 16:14:51,088 DEBUG (BaseJdbcLogger.java:159)- ==>  Preparing: SELECT food_id,food_describe,food_price,food_image,canteen_id,food_name FROM food WHERE food_id = ? 
2019-04-26 16:14:51,089 DEBUG (BaseJdbcLogger.java:159)- ==> Parameters: 1(Long)
2019-04-26 16:14:51,091 DEBUG (BaseJdbcLogger.java:159)- <==      Total: 1
2019-04-26 16:15:11,863 DEBUG (BaseJdbcLogger.java:159)- ==>  Preparing: SELECT food_id,food_describe,food_price,food_image,canteen_id,food_name FROM food WHERE food_id = ? 
2019-04-26 16:15:11,864 DEBUG (BaseJdbcLogger.java:159)- ==> Parameters: 1(Long)
2019-04-26 16:15:11,868 DEBUG (BaseJdbcLogger.java:159)- <==      Total: 1
2019-04-26 16:15:15,791 DEBUG (BaseJdbcLogger.java:159)- ==>  Preparing: SELECT food_id,food_describe,food_price,food_image,canteen_id,food_name FROM food WHERE food_id = ? 
2019-04-26 16:15:15,791 DEBUG (BaseJdbcLogger.java:159)- ==> Parameters: 1(Long)
2019-04-26 16:15:15,796 DEBUG (BaseJdbcLogger.java:159)- <==      Total: 1
2019-04-26 16:15:15,851 DEBUG (BaseJdbcLogger.java:159)- ==>  Preparing: SELECT food_id,food_describe,food_price,food_image,canteen_id,food_name FROM food WHERE food_id = ? 
2019-04-26 16:15:15,852 DEBUG (BaseJdbcLogger.java:159)- ==> Parameters: 1(Long)
2019-04-26 16:15:15,858 DEBUG (BaseJdbcLogger.java:159)- <==      Total: 1
2019-04-26 16:15:46,023 DEBUG (BaseJdbcLogger.java:159)- ==>  Preparing: SELECT food_id,food_describe,food_price,food_image,canteen_id,food_name FROM food WHERE food_id = ? 
2019-04-26 16:15:46,023 DEBUG (BaseJdbcLogger.java:159)- ==> Parameters: 1(Long)
2019-04-26 16:15:46,027 DEBUG (BaseJdbcLogger.java:159)- <==      Total: 1
2019-04-26 16:15:46,075 DEBUG (BaseJdbcLogger.java:159)- ==>  Preparing: SELECT food_id,food_describe,food_price,food_image,canteen_id,food_name FROM food WHERE food_id = ? 
2019-04-26 16:15:46,076 DEBUG (BaseJdbcLogger.java:159)- ==> Parameters: 1(Long)
2019-04-26 16:15:46,079 DEBUG (BaseJdbcLogger.java:159)- <==      Total: 1
2019-04-26 16:16:04,196 DEBUG (BaseJdbcLogger.java:159)- ==>  Preparing: SELECT food_id,food_describe,food_price,food_image,canteen_id,food_name FROM food WHERE food_id = ? 
2019-04-26 16:16:04,197 DEBUG (BaseJdbcLogger.java:159)- ==> Parameters: 1(Long)
2019-04-26 16:16:04,200 DEBUG (BaseJdbcLogger.java:159)- <==      Total: 1
2019-04-26 16:16:27,608 DEBUG (BaseJdbcLogger.java:159)- ==>  Preparing: SELECT food_id,food_describe,food_price,food_image,canteen_id,food_name FROM food WHERE food_id = ? 
2019-04-26 16:16:27,608 DEBUG (BaseJdbcLogger.java:159)- ==> Parameters: 1(Long)
2019-04-26 16:16:27,611 DEBUG (BaseJdbcLogger.java:159)- <==      Total: 1
2019-04-26 16:16:49,016 DEBUG (BaseJdbcLogger.java:159)- ==>  Preparing: SELECT food_id,food_describe,food_price,food_image,canteen_id,food_name FROM food WHERE food_id = ? 
2019-04-26 16:16:49,017 DEBUG (BaseJdbcLogger.java:159)- ==> Parameters: 1(Long)
2019-04-26 16:16:49,020 DEBUG (BaseJdbcLogger.java:159)- <==      Total: 1
2019-04-26 16:16:56,249 DEBUG (BaseJdbcLogger.java:159)- ==>  Preparing: SELECT food_id,food_describe,food_price,food_image,canteen_id,food_name FROM food WHERE food_id = ? 
2019-04-26 16:16:56,250 DEBUG (BaseJdbcLogger.java:159)- ==> Parameters: 1(Long)
2019-04-26 16:16:56,254 DEBUG (BaseJdbcLogger.java:159)- <==      Total: 1
2019-04-26 16:17:09,865 DEBUG (BaseJdbcLogger.java:159)- ==>  Preparing: SELECT food_id,food_describe,food_price,food_image,canteen_id,food_name FROM food WHERE food_id = ? 
2019-04-26 16:17:09,866 DEBUG (BaseJdbcLogger.java:159)- ==> Parameters: 1(Long)
2019-04-26 16:17:09,872 DEBUG (BaseJdbcLogger.java:159)- <==      Total: 1
2019-04-26 16:17:09,925 DEBUG (BaseJdbcLogger.java:159)- ==>  Preparing: SELECT canteen_id,canteen_label,canteen_name,canteen_des,canteen_image FROM canteen WHERE canteen_id = ? 
2019-04-26 16:17:09,926 DEBUG (BaseJdbcLogger.java:159)- ==> Parameters: 8(Integer)
2019-04-26 16:17:09,931 DEBUG (BaseJdbcLogger.java:159)- <==      Total: 1
2019-04-26 16:17:31,135 DEBUG (BaseJdbcLogger.java:159)- ==>  Preparing: SELECT food_id,food_describe,food_price,food_image,canteen_id,food_name FROM food WHERE food_id = ? 
2019-04-26 16:17:31,136 DEBUG (BaseJdbcLogger.java:159)- ==> Parameters: 1(Long)
2019-04-26 16:17:31,139 DEBUG (BaseJdbcLogger.java:159)- <==      Total: 1
2019-04-26 16:17:31,209 DEBUG (BaseJdbcLogger.java:159)- ==>  Preparing: SELECT food_id,food_describe,food_price,food_image,canteen_id,food_name FROM food WHERE food_id = ? 
2019-04-26 16:17:31,209 DEBUG (BaseJdbcLogger.java:159)- ==> Parameters: 1(Long)
2019-04-26 16:17:31,213 DEBUG (BaseJdbcLogger.java:159)- <==      Total: 1
2019-04-26 16:17:47,075 DEBUG (BaseJdbcLogger.java:159)- ==>  Preparing: SELECT food_id,food_describe,food_price,food_image,canteen_id,food_name FROM food WHERE food_id = ? 
2019-04-26 16:17:47,076 DEBUG (BaseJdbcLogger.java:159)- ==> Parameters: 1(Long)
2019-04-26 16:17:47,078 DEBUG (BaseJdbcLogger.java:159)- <==      Total: 1
2019-04-26 16:18:07,000 DEBUG (BaseJdbcLogger.java:159)- ==>  Preparing: SELECT food_id,food_describe,food_price,food_image,canteen_id,food_name FROM food WHERE food_id = ? 
2019-04-26 16:18:07,001 DEBUG (BaseJdbcLogger.java:159)- ==> Parameters: 1(Long)
2019-04-26 16:18:07,005 DEBUG (BaseJdbcLogger.java:159)- <==      Total: 1
2019-04-26 16:18:08,015 DEBUG (BaseJdbcLogger.java:159)- ==>  Preparing: SELECT food_id,food_describe,food_price,food_image,canteen_id,food_name FROM food WHERE food_id = ? 
2019-04-26 16:18:08,016 DEBUG (BaseJdbcLogger.java:159)- ==> Parameters: 1(Long)
2019-04-26 16:18:08,019 DEBUG (BaseJdbcLogger.java:159)- <==      Total: 1
2019-04-26 16:18:18,879 DEBUG (BaseJdbcLogger.java:159)- ==>  Preparing: SELECT food_id,food_describe,food_price,food_image,canteen_id,food_name FROM food WHERE food_id = ? 
2019-04-26 16:18:18,880 DEBUG (BaseJdbcLogger.java:159)- ==> Parameters: 1(Long)
2019-04-26 16:18:18,884 DEBUG (BaseJdbcLogger.java:159)- <==      Total: 1
2019-04-26 16:18:27,903 DEBUG (BaseJdbcLogger.java:159)- ==>  Preparing: SELECT food_id,food_describe,food_price,food_image,canteen_id,food_name FROM food WHERE food_id = ? 
2019-04-26 16:18:27,904 DEBUG (BaseJdbcLogger.java:159)- ==> Parameters: 1(Long)
2019-04-26 16:18:27,908 DEBUG (BaseJdbcLogger.java:159)- <==      Total: 1
2019-04-26 16:18:39,568 DEBUG (BaseJdbcLogger.java:159)- ==>  Preparing: SELECT food_id,food_describe,food_price,food_image,canteen_id,food_name FROM food WHERE food_id = ? 
2019-04-26 16:18:39,569 DEBUG (BaseJdbcLogger.java:159)- ==> Parameters: 1(Long)
2019-04-26 16:18:39,572 DEBUG (BaseJdbcLogger.java:159)- <==      Total: 1
2019-04-26 16:19:01,259 DEBUG (BaseJdbcLogger.java:159)- ==>  Preparing: SELECT food_id,food_describe,food_price,food_image,canteen_id,food_name FROM food WHERE food_id = ? 
2019-04-26 16:19:01,259 DEBUG (BaseJdbcLogger.java:159)- ==> Parameters: 1(Long)
2019-04-26 16:19:01,262 DEBUG (BaseJdbcLogger.java:159)- <==      Total: 1
2019-04-26 16:19:12,759 DEBUG (BaseJdbcLogger.java:159)- ==>  Preparing: SELECT food_id,food_describe,food_price,food_image,canteen_id,food_name FROM food WHERE food_id = ? 
2019-04-26 16:19:12,760 DEBUG (BaseJdbcLogger.java:159)- ==> Parameters: 1(Long)
2019-04-26 16:19:12,763 DEBUG (BaseJdbcLogger.java:159)- <==      Total: 1
2019-04-26 16:20:34,538 DEBUG (BaseJdbcLogger.java:159)- ==>  Preparing: SELECT food_id,food_describe,food_price,food_image,canteen_id,food_name FROM food WHERE food_id = ? 
2019-04-26 16:20:34,539 DEBUG (BaseJdbcLogger.java:159)- ==> Parameters: 1(Long)
2019-04-26 16:20:34,543 DEBUG (BaseJdbcLogger.java:159)- <==      Total: 1
2019-04-26 16:25:37,586 DEBUG (BaseJdbcLogger.java:159)- ==>  Preparing: update food set food_id=? ,food_price = ? where food_id = ? 
2019-04-26 16:25:37,588 DEBUG (BaseJdbcLogger.java:159)- ==> Parameters: 1(Long), 13(Integer), 1(Long)
2019-04-26 16:25:37,597 DEBUG (BaseJdbcLogger.java:159)- <==    Updates: 1
2019-04-26 16:28:19,032 INFO (SpringApplication.java:597)- The following profiles are active: dev
2019-04-26 16:28:43,899 INFO (StartupInfoLogger.java:57)- Started AdminServiceApp in 31.318 seconds (JVM running for 34.156)
2019-04-26 16:29:53,384 DEBUG (BaseJdbcLogger.java:159)- ==>  Preparing: SELECT food_id,food_describe,food_price,food_image,canteen_id,food_name FROM food WHERE canteen_id = ? 
2019-04-26 16:29:53,401 DEBUG (BaseJdbcLogger.java:159)- ==> Parameters: 8(Integer)
2019-04-26 16:29:53,411 DEBUG (BaseJdbcLogger.java:159)- <==      Total: 4
2019-04-26 16:29:54,569 DEBUG (BaseJdbcLogger.java:159)- ==>  Preparing: SELECT food_id,food_describe,food_price,food_image,canteen_id,food_name FROM food WHERE canteen_id = ? 
2019-04-26 16:29:54,569 DEBUG (BaseJdbcLogger.java:159)- ==> Parameters: 8(Integer)
2019-04-26 16:29:54,574 DEBUG (BaseJdbcLogger.java:159)- <==      Total: 4
2019-04-26 16:29:55,896 DEBUG (BaseJdbcLogger.java:159)- ==>  Preparing: SELECT food_id,food_describe,food_price,food_image,canteen_id,food_name FROM food WHERE food_id = ? 
2019-04-26 16:29:55,897 DEBUG (BaseJdbcLogger.java:159)- ==> Parameters: 1(Long)
2019-04-26 16:29:55,899 DEBUG (BaseJdbcLogger.java:159)- <==      Total: 1
2019-04-26 16:30:04,971 DEBUG (BaseJdbcLogger.java:159)- ==>  Preparing: update food set food_id=? where food_id = ? 
2019-04-26 16:30:04,973 DEBUG (BaseJdbcLogger.java:159)- ==> Parameters: 1(Long), 1(Long)
2019-04-26 16:30:04,976 DEBUG (BaseJdbcLogger.java:159)- <==    Updates: 1
2019-04-26 16:30:40,680 DEBUG (BaseJdbcLogger.java:159)- ==>  Preparing: SELECT food_id,food_describe,food_price,food_image,canteen_id,food_name FROM food WHERE canteen_id = ? 
2019-04-26 16:30:40,681 DEBUG (BaseJdbcLogger.java:159)- ==> Parameters: 8(Integer)
2019-04-26 16:30:40,683 DEBUG (BaseJdbcLogger.java:159)- <==      Total: 4
2019-04-26 16:31:01,652 INFO (SpringApplication.java:597)- The following profiles are active: dev
2019-04-26 16:31:16,431 INFO (StartupInfoLogger.java:57)- Started AdminServiceApp in 19.195 seconds (JVM running for 20.932)
2019-04-26 17:06:44,419 DEBUG (BaseJdbcLogger.java:159)- ==>  Preparing: SELECT food_id,food_describe,food_price,food_image,canteen_id,food_name FROM food WHERE food_id = ? 
2019-04-26 17:06:44,438 DEBUG (BaseJdbcLogger.java:159)- ==> Parameters: 3(Long)
2019-04-26 17:06:44,449 DEBUG (BaseJdbcLogger.java:159)- <==      Total: 1
2019-04-26 17:09:03,835 DEBUG (BaseJdbcLogger.java:159)- ==>  Preparing: update food set food_id=? ,food_image = ? where food_id = ? 
2019-04-26 17:09:03,836 DEBUG (BaseJdbcLogger.java:159)- ==> Parameters: 3(Long), image.xikecanteen.com/canteen/8/3/luroufan.png(String), 3(Long)
2019-04-26 17:09:03,842 DEBUG (BaseJdbcLogger.java:159)- <==    Updates: 1
2019-04-26 17:16:44,192 INFO (SpringApplication.java:597)- The following profiles are active: dev
2019-04-26 17:16:59,866 INFO (StartupInfoLogger.java:57)- Started AdminServiceApp in 20.993 seconds (JVM running for 23.102)
2019-04-26 17:18:06,523 DEBUG (BaseJdbcLogger.java:159)- ==>  Preparing: SELECT food_id,food_describe,food_price,food_image,canteen_id,food_name FROM food WHERE food_id = ? 
2019-04-26 17:18:06,547 DEBUG (BaseJdbcLogger.java:159)- ==> Parameters: 3(Long)
2019-04-26 17:18:06,578 DEBUG (BaseJdbcLogger.java:159)- <==      Total: 1
2019-04-26 17:18:06,579 DEBUG (BaseJdbcLogger.java:159)- ==>  Preparing: SELECT food_id,food_describe,food_price,food_image,canteen_id,food_name FROM food WHERE food_id = ? 
2019-04-26 17:18:06,581 DEBUG (BaseJdbcLogger.java:159)- ==> Parameters: 3(Long)
2019-04-26 17:18:06,584 DEBUG (BaseJdbcLogger.java:159)- <==      Total: 1
2019-04-26 17:18:11,872 DEBUG (BaseJdbcLogger.java:159)- ==>  Preparing: SELECT food_id,food_describe,food_price,food_image,canteen_id,food_name FROM food WHERE food_id = ? 
2019-04-26 17:18:11,874 DEBUG (BaseJdbcLogger.java:159)- ==> Parameters: 3(Long)
2019-04-26 17:18:11,879 DEBUG (BaseJdbcLogger.java:159)- <==      Total: 1
2019-04-26 17:18:11,978 DEBUG (BaseJdbcLogger.java:159)- ==>  Preparing: SELECT canteen_id,canteen_label,canteen_name,canteen_des,canteen_image FROM canteen WHERE canteen_id = ? 
2019-04-26 17:18:11,980 DEBUG (BaseJdbcLogger.java:159)- ==> Parameters: 8(Integer)
2019-04-26 17:18:11,984 DEBUG (BaseJdbcLogger.java:159)- <==      Total: 1
2019-04-26 17:19:03,013 DEBUG (BaseJdbcLogger.java:159)- ==>  Preparing: SELECT food_id,food_describe,food_price,food_image,canteen_id,food_name FROM food WHERE food_id = ? 
2019-04-26 17:19:03,014 DEBUG (BaseJdbcLogger.java:159)- ==> Parameters: 3(Long)
2019-04-26 17:19:03,017 DEBUG (BaseJdbcLogger.java:159)- <==      Total: 1
2019-04-26 17:19:03,115 DEBUG (BaseJdbcLogger.java:159)- ==>  Preparing: SELECT canteen_id,canteen_label,canteen_name,canteen_des,canteen_image FROM canteen WHERE canteen_id = ? 
2019-04-26 17:19:03,116 DEBUG (BaseJdbcLogger.java:159)- ==> Parameters: 8(Integer)
2019-04-26 17:19:03,121 DEBUG (BaseJdbcLogger.java:159)- <==      Total: 1
2019-04-26 17:19:17,753 DEBUG (BaseJdbcLogger.java:159)- ==>  Preparing: update food set food_id=? ,food_image = ? where food_id = ? 
2019-04-26 17:19:17,756 DEBUG (BaseJdbcLogger.java:159)- ==> Parameters: 3(Long), image.xikecanteen.com/canteen/8/3/ershitang.png(String), 3(Long)
2019-04-26 17:19:17,761 DEBUG (BaseJdbcLogger.java:159)- <==    Updates: 1
2019-04-26 17:20:31,085 DEBUG (BaseJdbcLogger.java:159)- ==>  Preparing: update food set food_id=? ,food_image = ? where food_id = ? 
2019-04-26 17:20:31,086 DEBUG (BaseJdbcLogger.java:159)- ==> Parameters: 3(Long), image.xikecanteen.com/canteen/8/3/ershitang.png(String), 3(Long)
2019-04-26 17:20:31,090 DEBUG (BaseJdbcLogger.java:159)- <==    Updates: 1
2019-04-26 17:22:12,973 DEBUG (BaseJdbcLogger.java:159)- ==>  Preparing: update food set food_id=? ,food_image = ? where food_id = ? 
2019-04-26 17:22:12,974 DEBUG (BaseJdbcLogger.java:159)- ==> Parameters: 3(Long), image.xikecanteen.com/canteen/8/3/ershitang.png(String), 3(Long)
2019-04-26 17:22:12,978 DEBUG (BaseJdbcLogger.java:159)- <==    Updates: 1
2019-04-26 17:23:09,724 INFO (SpringApplication.java:597)- The following profiles are active: dev
2019-04-26 17:23:25,312 INFO (StartupInfoLogger.java:57)- Started AdminServiceApp in 20.541 seconds (JVM running for 22.925)
2019-04-26 17:23:56,950 DEBUG (BaseJdbcLogger.java:159)- ==>  Preparing: SELECT food_id,food_describe,food_price,food_image,canteen_id,food_name FROM food WHERE food_id = ? 
2019-04-26 17:23:56,982 DEBUG (BaseJdbcLogger.java:159)- ==> Parameters: 3(Long)
2019-04-26 17:23:57,070 DEBUG (BaseJdbcLogger.java:159)- <==      Total: 1
2019-04-26 17:23:57,278 DEBUG (BaseJdbcLogger.java:159)- ==>  Preparing: SELECT canteen_id,canteen_label,canteen_name,canteen_des,canteen_image FROM canteen WHERE canteen_id = ? 
2019-04-26 17:23:57,280 DEBUG (BaseJdbcLogger.java:159)- ==> Parameters: 8(Integer)
2019-04-26 17:23:57,283 DEBUG (BaseJdbcLogger.java:159)- <==      Total: 1
2019-04-26 17:25:18,748 DEBUG (BaseJdbcLogger.java:159)- ==>  Preparing: update food set food_id=? ,food_image = ? where food_id = ? 
2019-04-26 17:25:18,751 DEBUG (BaseJdbcLogger.java:159)- ==> Parameters: 3(Long), image.xikecanteen.com/canteen/8/3/ershitang.png(String), 3(Long)
2019-04-26 17:25:18,757 DEBUG (BaseJdbcLogger.java:159)- <==    Updates: 1
2019-04-26 17:25:45,154 INFO (SpringApplication.java:597)- The following profiles are active: dev
2019-04-26 17:25:59,836 INFO (StartupInfoLogger.java:57)- Started AdminServiceApp in 19.365 seconds (JVM running for 21.252)
2019-04-26 17:26:23,516 DEBUG (BaseJdbcLogger.java:159)- ==>  Preparing: SELECT food_id,food_describe,food_price,food_image,canteen_id,food_name FROM food WHERE food_id = ? 
2019-04-26 17:26:23,552 DEBUG (BaseJdbcLogger.java:159)- ==> Parameters: 3(Long)
2019-04-26 17:26:23,565 DEBUG (BaseJdbcLogger.java:159)- <==      Total: 1
2019-04-26 17:26:54,661 DEBUG (BaseJdbcLogger.java:159)- ==>  Preparing: SELECT food_id,food_describe,food_price,food_image,canteen_id,food_name FROM food 
2019-04-26 17:26:54,662 DEBUG (BaseJdbcLogger.java:159)- ==> Parameters: 
2019-04-26 17:26:54,664 DEBUG (BaseJdbcLogger.java:159)- <==      Total: 4
2019-04-26 17:27:08,922 DEBUG (BaseJdbcLogger.java:159)- ==>  Preparing: SELECT canteen_id,canteen_label,canteen_name,canteen_des,canteen_image FROM canteen WHERE canteen_id = ? 
2019-04-26 17:27:08,924 DEBUG (BaseJdbcLogger.java:159)- ==> Parameters: 8(Integer)
2019-04-26 17:27:08,927 DEBUG (BaseJdbcLogger.java:159)- <==      Total: 1
2019-04-26 17:27:13,396 DEBUG (BaseJdbcLogger.java:159)- ==>  Preparing: SELECT food_id,food_describe,food_price,food_image,canteen_id,food_name FROM food WHERE canteen_id = ? 
2019-04-26 17:27:13,398 DEBUG (BaseJdbcLogger.java:159)- ==> Parameters: 8(Integer)
2019-04-26 17:27:13,401 DEBUG (BaseJdbcLogger.java:159)- <==      Total: 4
2019-04-26 17:27:14,387 DEBUG (BaseJdbcLogger.java:159)- ==>  Preparing: SELECT food_id,food_describe,food_price,food_image,canteen_id,food_name FROM food WHERE food_id = ? 
2019-04-26 17:27:14,388 DEBUG (BaseJdbcLogger.java:159)- ==> Parameters: 1(Long)
2019-04-26 17:27:14,390 DEBUG (BaseJdbcLogger.java:159)- <==      Total: 1
2019-04-26 17:28:01,314 DEBUG (BaseJdbcLogger.java:159)- ==>  Preparing: update food set food_id=? ,food_image = ? where food_id = ? 
2019-04-26 17:28:01,316 DEBUG (BaseJdbcLogger.java:159)- ==> Parameters: 1(Long), image.xikecanteen.com/canteen/8/1/ershitang.png(String), 1(Long)
2019-04-26 17:28:01,322 DEBUG (BaseJdbcLogger.java:159)- <==    Updates: 1
2019-04-26 17:28:04,495 DEBUG (BaseJdbcLogger.java:159)- ==>  Preparing: SELECT food_id,food_describe,food_price,food_image,canteen_id,food_name FROM food WHERE canteen_id = ? 
2019-04-26 17:28:04,495 DEBUG (BaseJdbcLogger.java:159)- ==> Parameters: 8(Integer)
2019-04-26 17:28:04,497 DEBUG (BaseJdbcLogger.java:159)- <==      Total: 4
2019-04-26 17:28:05,717 DEBUG (BaseJdbcLogger.java:159)- ==>  Preparing: SELECT food_id,food_describe,food_price,food_image,canteen_id,food_name FROM food WHERE food_id = ? 
2019-04-26 17:28:05,718 DEBUG (BaseJdbcLogger.java:159)- ==> Parameters: 3(Long)
2019-04-26 17:28:05,722 DEBUG (BaseJdbcLogger.java:159)- <==      Total: 1
2019-04-26 17:28:17,101 DEBUG (BaseJdbcLogger.java:159)- ==>  Preparing: update food set food_id=? ,food_image = ? where food_id = ? 
2019-04-26 17:28:17,101 DEBUG (BaseJdbcLogger.java:159)- ==> Parameters: 3(Long), image.xikecanteen.com/canteen/8/3/ershitang.png(String), 3(Long)
2019-04-26 17:28:17,105 DEBUG (BaseJdbcLogger.java:159)- <==    Updates: 1
2019-04-26 17:28:43,712 DEBUG (BaseJdbcLogger.java:159)- ==>  Preparing: update food set food_id=? ,food_image = ? where food_id = ? 
2019-04-26 17:28:43,713 DEBUG (BaseJdbcLogger.java:159)- ==> Parameters: 3(Long), image.xikecanteen.com/canteen/8/3/ershitang.png(String), 3(Long)
2019-04-26 17:28:43,717 DEBUG (BaseJdbcLogger.java:159)- <==    Updates: 1
2019-04-26 17:29:00,725 DEBUG (BaseJdbcLogger.java:159)- ==>  Preparing: SELECT food_id,food_describe,food_price,food_image,canteen_id,food_name FROM food WHERE food_id = ? 
2019-04-26 17:29:00,726 DEBUG (BaseJdbcLogger.java:159)- ==> Parameters: 3(Long)
2019-04-26 17:29:00,731 DEBUG (BaseJdbcLogger.java:159)- <==      Total: 1
2019-04-26 17:29:00,829 DEBUG (BaseJdbcLogger.java:159)- ==>  Preparing: SELECT canteen_id,canteen_label,canteen_name,canteen_des,canteen_image FROM canteen WHERE canteen_id = ? 
2019-04-26 17:29:00,830 DEBUG (BaseJdbcLogger.java:159)- ==> Parameters: 8(Integer)
2019-04-26 17:29:00,832 DEBUG (BaseJdbcLogger.java:159)- <==      Total: 1
2019-04-26 17:29:11,577 DEBUG (BaseJdbcLogger.java:159)- ==>  Preparing: update food set food_id=? ,food_image = ? where food_id = ? 
2019-04-26 17:29:11,578 DEBUG (BaseJdbcLogger.java:159)- ==> Parameters: 3(Long), image.xikecanteen.com/canteen/8/3/ershitang.png(String), 3(Long)
2019-04-26 17:29:11,581 DEBUG (BaseJdbcLogger.java:159)- <==    Updates: 1
2019-04-26 17:30:48,011 INFO (SpringApplication.java:597)- The following profiles are active: dev
2019-04-26 17:31:04,557 INFO (StartupInfoLogger.java:57)- Started AdminServiceApp in 21.96 seconds (JVM running for 24.743)
2019-04-26 17:31:55,697 DEBUG (BaseJdbcLogger.java:159)- ==>  Preparing: SELECT food_id,food_describe,food_price,food_image,canteen_id,food_name FROM food WHERE food_id = ? 
2019-04-26 17:31:55,731 DEBUG (BaseJdbcLogger.java:159)- ==> Parameters: 3(Long)
2019-04-26 17:31:55,813 DEBUG (BaseJdbcLogger.java:159)- <==      Total: 1
2019-04-26 17:31:55,858 DEBUG (BaseJdbcLogger.java:159)- ==>  Preparing: SELECT canteen_id,canteen_label,canteen_name,canteen_des,canteen_image FROM canteen WHERE canteen_id = ? 
2019-04-26 17:31:55,859 DEBUG (BaseJdbcLogger.java:159)- ==> Parameters: 8(Integer)
2019-04-26 17:31:55,885 DEBUG (BaseJdbcLogger.java:159)- <==      Total: 1
2019-04-26 17:32:10,019 DEBUG (BaseJdbcLogger.java:159)- ==>  Preparing: update food set food_id=? ,food_image = ? where food_id = ? 
2019-04-26 17:32:10,022 DEBUG (BaseJdbcLogger.java:159)- ==> Parameters: 3(Long), image.xikecanteen.com/canteen/8/3/ershitang.png(String), 3(Long)
2019-04-26 17:32:10,026 DEBUG (BaseJdbcLogger.java:159)- <==    Updates: 1
2019-04-26 17:34:09,252 DEBUG (BaseJdbcLogger.java:159)- ==>  Preparing: SELECT food_id,food_describe,food_price,food_image,canteen_id,food_name FROM food WHERE food_id = ? 
2019-04-26 17:34:09,253 DEBUG (BaseJdbcLogger.java:159)- ==> Parameters: 3(Long)
2019-04-26 17:34:09,257 DEBUG (BaseJdbcLogger.java:159)- <==      Total: 1
2019-04-26 17:34:09,307 DEBUG (BaseJdbcLogger.java:159)- ==>  Preparing: SELECT canteen_id,canteen_label,canteen_name,canteen_des,canteen_image FROM canteen WHERE canteen_id = ? 
2019-04-26 17:34:09,308 DEBUG (BaseJdbcLogger.java:159)- ==> Parameters: 8(Integer)
2019-04-26 17:34:09,311 DEBUG (BaseJdbcLogger.java:159)- <==      Total: 1
2019-04-26 17:34:23,191 INFO (SpringApplication.java:597)- The following profiles are active: dev
2019-04-26 17:34:37,262 INFO (StartupInfoLogger.java:57)- Started AdminServiceApp in 18.434 seconds (JVM running for 20.186)
