2019-07-23 15:28:44,098 INFO (SpringApplication.java:597)- The following profiles are active: dev
2019-07-23 15:29:02,515 INFO (StartupInfoLogger.java:57)- Started AdminServiceApp in 23.098 seconds (JVM running for 25.736)
2019-07-23 15:35:56,703 DEBUG (BaseJdbcLogger.java:159)- ==>  Preparing: SELECT user_id,user_phone,user_pwd,user_email,user_status,user_name,canteen_id,verify_code,cart_id FROM user WHERE user_pwd = ? AND user_email = ? 
2019-07-23 15:35:56,840 DEBUG (BaseJdbcLogger.java:159)- ==> Parameters: 310dcbbf4cce62f762a2aaa148d556bd(String), 2150866957@qq.com(String)
2019-07-23 15:35:56,900 DEBUG (BaseJdbcLogger.java:159)- <==      Total: 1
2019-07-23 15:36:24,334 DEBUG (BaseJdbcLogger.java:159)- ==>  Preparing: SELECT user_id,user_phone,user_pwd,user_email,user_status,user_name,canteen_id,verify_code,cart_id FROM user WHERE user_pwd = ? AND user_email = ? 
2019-07-23 15:36:24,335 DEBUG (BaseJdbcLogger.java:159)- ==> Parameters: 310dcbbf4cce62f762a2aaa148d556bd(String), 2150866957@qq.com(String)
2019-07-23 15:36:24,341 DEBUG (BaseJdbcLogger.java:159)- <==      Total: 1
2019-07-23 15:36:24,465 DEBUG (BaseJdbcLogger.java:159)- ==>  Preparing: SELECT canteen_id,canteen_label,canteen_name,canteen_des,canteen_image,canteen_mark_number,canteen_mark,sales,takeout_money FROM canteen 
2019-07-23 15:36:24,466 DEBUG (BaseJdbcLogger.java:159)- ==> Parameters: 
2019-07-23 15:36:24,482 DEBUG (BaseJdbcLogger.java:159)- <==      Total: 10
2019-07-23 15:36:33,667 DEBUG (BaseJdbcLogger.java:159)- ==>  Preparing: SELECT canteen_id,canteen_label,canteen_name,canteen_des,canteen_image,canteen_mark_number,canteen_mark,sales,takeout_money FROM canteen 
2019-07-23 15:36:33,668 DEBUG (BaseJdbcLogger.java:159)- ==> Parameters: 
2019-07-23 15:36:33,680 DEBUG (BaseJdbcLogger.java:159)- <==      Total: 10
2019-07-23 15:36:34,334 DEBUG (BaseJdbcLogger.java:159)- ==>  Preparing: SELECT canteen_id,canteen_label,canteen_name,canteen_des,canteen_image,canteen_mark_number,canteen_mark,sales,takeout_money FROM canteen 
2019-07-23 15:36:34,335 DEBUG (BaseJdbcLogger.java:159)- ==> Parameters: 
2019-07-23 15:36:34,337 DEBUG (BaseJdbcLogger.java:159)- <==      Total: 10
2019-07-23 15:36:37,380 DEBUG (BaseJdbcLogger.java:159)- ==>  Preparing: SELECT canteen_id,canteen_label,canteen_name,canteen_des,canteen_image,canteen_mark_number,canteen_mark,sales,takeout_money FROM canteen WHERE canteen_id = ? 
2019-07-23 15:36:37,384 DEBUG (BaseJdbcLogger.java:159)- ==> Parameters: 9(Integer)
2019-07-23 15:36:37,390 DEBUG (BaseJdbcLogger.java:159)- <==      Total: 1
2019-07-23 15:36:37,409 DEBUG (BaseJdbcLogger.java:159)- ==>  Preparing: DELETE FROM cart_info WHERE food_num = ? 
2019-07-23 15:36:37,413 DEBUG (BaseJdbcLogger.java:159)- ==> Parameters: 0(Integer)
2019-07-23 15:36:37,419 DEBUG (BaseJdbcLogger.java:159)- <==    Updates: 0
2019-07-23 15:36:37,422 DEBUG (BaseJdbcLogger.java:159)- ==>  Preparing: SELECT id,cart_id,food_id,food_num FROM cart_info 
2019-07-23 15:36:37,423 DEBUG (BaseJdbcLogger.java:159)- ==> Parameters: 
2019-07-23 15:36:37,425 DEBUG (BaseJdbcLogger.java:159)- <==      Total: 1
2019-07-23 15:36:37,426 DEBUG (BaseJdbcLogger.java:159)- ==>  Preparing: SELECT food_id,food_describe,food_price,food_image,canteen_id,food_name,food_rate,food_rate_number,created_time,food_sale FROM food WHERE canteen_id = ? 
2019-07-23 15:36:37,428 DEBUG (BaseJdbcLogger.java:159)- ==> Parameters: 9(Integer)
2019-07-23 15:36:37,440 DEBUG (BaseJdbcLogger.java:159)- <==      Total: 2
2019-07-23 15:36:37,442 DEBUG (BaseJdbcLogger.java:159)- ==>  Preparing: SELECT food_id,food_describe,food_price,food_image,canteen_id,food_name,food_rate,food_rate_number,created_time,food_sale FROM food WHERE food_id = ? 
2019-07-23 15:36:37,449 DEBUG (BaseJdbcLogger.java:159)- ==> Parameters: 2(Long)
2019-07-23 15:36:37,451 DEBUG (BaseJdbcLogger.java:159)- <==      Total: 1
2019-07-23 15:36:37,458 DEBUG (BaseJdbcLogger.java:159)- ==>  Preparing: SELECT cart_id,user_id,all_price FROM cart WHERE user_id = ? 
2019-07-23 15:36:37,459 DEBUG (BaseJdbcLogger.java:159)- ==> Parameters: 75(Long)
2019-07-23 15:36:37,465 DEBUG (BaseJdbcLogger.java:159)- <==      Total: 1
2019-07-23 15:36:39,839 DEBUG (BaseJdbcLogger.java:159)- ==>  Preparing: SELECT canteen_id,canteen_label,canteen_name,canteen_des,canteen_image,canteen_mark_number,canteen_mark,sales,takeout_money FROM canteen 
2019-07-23 15:36:39,843 DEBUG (BaseJdbcLogger.java:159)- ==> Parameters: 
2019-07-23 15:36:39,849 DEBUG (BaseJdbcLogger.java:159)- <==      Total: 10
2019-07-23 15:36:40,966 DEBUG (BaseJdbcLogger.java:159)- ==>  Preparing: SELECT canteen_id,canteen_label,canteen_name,canteen_des,canteen_image,canteen_mark_number,canteen_mark,sales,takeout_money FROM canteen WHERE canteen_id = ? 
2019-07-23 15:36:40,967 DEBUG (BaseJdbcLogger.java:159)- ==>  Preparing: SELECT food_id,food_describe,food_price,food_image,canteen_id,food_name,food_rate,food_rate_number,created_time,food_sale FROM food WHERE canteen_id = ? 
2019-07-23 15:36:40,976 DEBUG (BaseJdbcLogger.java:159)- ==> Parameters: 8(Integer)
2019-07-23 15:36:40,979 DEBUG (BaseJdbcLogger.java:159)- ==> Parameters: 8(Integer)
2019-07-23 15:36:40,982 DEBUG (BaseJdbcLogger.java:159)- <==      Total: 1
2019-07-23 15:36:40,983 DEBUG (BaseJdbcLogger.java:159)- ==>  Preparing: DELETE FROM cart_info WHERE food_num = ? 
2019-07-23 15:36:40,984 DEBUG (BaseJdbcLogger.java:159)- ==> Parameters: 0(Integer)
2019-07-23 15:36:40,983 DEBUG (BaseJdbcLogger.java:159)- <==      Total: 6
2019-07-23 15:36:40,986 DEBUG (BaseJdbcLogger.java:159)- <==    Updates: 0
2019-07-23 15:36:40,990 DEBUG (BaseJdbcLogger.java:159)- ==>  Preparing: SELECT id,cart_id,food_id,food_num FROM cart_info 
2019-07-23 15:36:40,992 DEBUG (BaseJdbcLogger.java:159)- ==> Parameters: 
2019-07-23 15:36:40,994 DEBUG (BaseJdbcLogger.java:159)- <==      Total: 1
2019-07-23 15:36:40,998 DEBUG (BaseJdbcLogger.java:159)- ==>  Preparing: SELECT food_id,food_describe,food_price,food_image,canteen_id,food_name,food_rate,food_rate_number,created_time,food_sale FROM food WHERE food_id = ? 
2019-07-23 15:36:40,999 DEBUG (BaseJdbcLogger.java:159)- ==> Parameters: 2(Long)
2019-07-23 15:36:41,001 DEBUG (BaseJdbcLogger.java:159)- <==      Total: 1
2019-07-23 15:36:41,002 DEBUG (BaseJdbcLogger.java:159)- ==>  Preparing: SELECT cart_id,user_id,all_price FROM cart WHERE user_id = ? 
2019-07-23 15:36:41,003 DEBUG (BaseJdbcLogger.java:159)- ==> Parameters: 75(Long)
2019-07-23 15:36:41,009 DEBUG (BaseJdbcLogger.java:159)- <==      Total: 1
2019-07-23 15:36:50,069 DEBUG (BaseJdbcLogger.java:159)- ==>  Preparing: SELECT canteen_id,canteen_label,canteen_name,canteen_des,canteen_image,canteen_mark_number,canteen_mark,sales,takeout_money FROM canteen 
2019-07-23 15:36:50,070 DEBUG (BaseJdbcLogger.java:159)- ==> Parameters: 
2019-07-23 15:36:50,072 DEBUG (BaseJdbcLogger.java:159)- <==      Total: 10
2019-07-23 15:36:53,199 DEBUG (BaseJdbcLogger.java:159)- ==>  Preparing: DELETE FROM cart_info WHERE food_num = ? 
2019-07-23 15:36:53,201 DEBUG (BaseJdbcLogger.java:159)- ==> Parameters: 0(Integer)
2019-07-23 15:36:53,202 DEBUG (BaseJdbcLogger.java:159)- <==    Updates: 0
2019-07-23 15:36:53,203 DEBUG (BaseJdbcLogger.java:159)- ==>  Preparing: SELECT id,cart_id,food_id,food_num FROM cart_info 
2019-07-23 15:36:53,204 DEBUG (BaseJdbcLogger.java:159)- ==> Parameters: 
2019-07-23 15:36:53,206 DEBUG (BaseJdbcLogger.java:159)- <==      Total: 1
2019-07-23 15:36:53,208 DEBUG (BaseJdbcLogger.java:159)- ==>  Preparing: SELECT food_id,food_describe,food_price,food_image,canteen_id,food_name,food_rate,food_rate_number,created_time,food_sale FROM food WHERE food_id = ? 
2019-07-23 15:36:53,212 DEBUG (BaseJdbcLogger.java:159)- ==> Parameters: 2(Long)
2019-07-23 15:36:53,213 DEBUG (BaseJdbcLogger.java:159)- ==>  Preparing: SELECT canteen_id,canteen_label,canteen_name,canteen_des,canteen_image,canteen_mark_number,canteen_mark,sales,takeout_money FROM canteen WHERE canteen_id = ? 
2019-07-23 15:36:53,217 DEBUG (BaseJdbcLogger.java:159)- <==      Total: 1
2019-07-23 15:36:53,218 DEBUG (BaseJdbcLogger.java:159)- ==> Parameters: 8(Integer)
2019-07-23 15:36:53,219 DEBUG (BaseJdbcLogger.java:159)- ==>  Preparing: SELECT cart_id,user_id,all_price FROM cart WHERE user_id = ? 
2019-07-23 15:36:53,220 DEBUG (BaseJdbcLogger.java:159)- ==> Parameters: 75(Long)
2019-07-23 15:36:53,221 DEBUG (BaseJdbcLogger.java:159)- <==      Total: 1
2019-07-23 15:36:53,222 DEBUG (BaseJdbcLogger.java:159)- <==      Total: 1
2019-07-23 15:36:53,230 DEBUG (BaseJdbcLogger.java:159)- ==>  Preparing: SELECT food_id,food_describe,food_price,food_image,canteen_id,food_name,food_rate,food_rate_number,created_time,food_sale FROM food WHERE canteen_id = ? 
2019-07-23 15:36:53,231 DEBUG (BaseJdbcLogger.java:159)- ==> Parameters: 8(Integer)
2019-07-23 15:36:53,238 DEBUG (BaseJdbcLogger.java:159)- <==      Total: 6
2019-07-23 15:36:57,277 DEBUG (BaseJdbcLogger.java:159)- ==>  Preparing: SELECT canteen_id,canteen_label,canteen_name,canteen_des,canteen_image,canteen_mark_number,canteen_mark,sales,takeout_money FROM canteen 
2019-07-23 15:36:57,278 DEBUG (BaseJdbcLogger.java:159)- ==> Parameters: 
2019-07-23 15:36:57,281 DEBUG (BaseJdbcLogger.java:159)- <==      Total: 10
2019-07-23 15:37:00,782 DEBUG (BaseJdbcLogger.java:159)- ==>  Preparing: SELECT canteen_id,canteen_label,canteen_name,canteen_des,canteen_image,canteen_mark_number,canteen_mark,sales,takeout_money FROM canteen 
2019-07-23 15:37:00,784 DEBUG (BaseJdbcLogger.java:159)- ==> Parameters: 
2019-07-23 15:37:00,785 DEBUG (BaseJdbcLogger.java:159)- <==      Total: 10
2019-07-23 15:37:04,837 DEBUG (BaseJdbcLogger.java:159)- ==>  Preparing: SELECT food_id,food_describe,food_price,food_image,canteen_id,food_name,food_rate,food_rate_number,created_time,food_sale FROM food WHERE canteen_id = ? 
2019-07-23 15:37:04,838 DEBUG (BaseJdbcLogger.java:159)- ==> Parameters: 9(Integer)
2019-07-23 15:37:04,837 DEBUG (BaseJdbcLogger.java:159)- ==>  Preparing: SELECT canteen_id,canteen_label,canteen_name,canteen_des,canteen_image,canteen_mark_number,canteen_mark,sales,takeout_money FROM canteen WHERE canteen_id = ? 
2019-07-23 15:37:04,841 DEBUG (BaseJdbcLogger.java:159)- <==      Total: 2
2019-07-23 15:37:04,846 DEBUG (BaseJdbcLogger.java:159)- ==>  Preparing: DELETE FROM cart_info WHERE food_num = ? 
2019-07-23 15:37:04,848 DEBUG (BaseJdbcLogger.java:159)- ==> Parameters: 9(Integer)
2019-07-23 15:37:04,850 DEBUG (BaseJdbcLogger.java:159)- <==      Total: 1
2019-07-23 15:37:04,850 DEBUG (BaseJdbcLogger.java:159)- ==> Parameters: 0(Integer)
2019-07-23 15:37:04,852 DEBUG (BaseJdbcLogger.java:159)- <==    Updates: 0
2019-07-23 15:37:04,854 DEBUG (BaseJdbcLogger.java:159)- ==>  Preparing: SELECT id,cart_id,food_id,food_num FROM cart_info 
2019-07-23 15:37:04,855 DEBUG (BaseJdbcLogger.java:159)- ==> Parameters: 
2019-07-23 15:37:04,857 DEBUG (BaseJdbcLogger.java:159)- <==      Total: 1
2019-07-23 15:37:04,858 DEBUG (BaseJdbcLogger.java:159)- ==>  Preparing: SELECT food_id,food_describe,food_price,food_image,canteen_id,food_name,food_rate,food_rate_number,created_time,food_sale FROM food WHERE food_id = ? 
2019-07-23 15:37:04,859 DEBUG (BaseJdbcLogger.java:159)- ==> Parameters: 2(Long)
2019-07-23 15:37:04,861 DEBUG (BaseJdbcLogger.java:159)- <==      Total: 1
2019-07-23 15:37:04,862 DEBUG (BaseJdbcLogger.java:159)- ==>  Preparing: SELECT cart_id,user_id,all_price FROM cart WHERE user_id = ? 
2019-07-23 15:37:04,864 DEBUG (BaseJdbcLogger.java:159)- ==> Parameters: 75(Long)
2019-07-23 15:37:04,865 DEBUG (BaseJdbcLogger.java:159)- <==      Total: 1
2019-07-23 15:37:19,648 DEBUG (BaseJdbcLogger.java:159)- ==>  Preparing: SELECT canteen_id,canteen_label,canteen_name,canteen_des,canteen_image,canteen_mark_number,canteen_mark,sales,takeout_money FROM canteen 
2019-07-23 15:37:19,650 DEBUG (BaseJdbcLogger.java:159)- ==> Parameters: 
2019-07-23 15:37:19,654 DEBUG (BaseJdbcLogger.java:159)- <==      Total: 10
2019-07-23 15:37:28,049 DEBUG (BaseJdbcLogger.java:159)- ==>  Preparing: SELECT order_id,user_id,user_email,all_price,user_address,user_name,order_remark,order_time,user_phone,order_state,created_time FROM ord WHERE user_id = ? 
2019-07-23 15:37:28,050 DEBUG (BaseJdbcLogger.java:159)- ==> Parameters: 75(Long)
2019-07-23 15:37:28,071 DEBUG (BaseJdbcLogger.java:159)- <==      Total: 20
2019-07-23 15:37:28,074 DEBUG (BaseJdbcLogger.java:159)- ==>  Preparing: SELECT id,order_id,food_id,food_num FROM order_info WHERE order_id = ? 
2019-07-23 15:37:28,076 DEBUG (BaseJdbcLogger.java:159)- ==> Parameters: 18(Long)
2019-07-23 15:37:28,084 DEBUG (BaseJdbcLogger.java:159)- <==      Total: 1
2019-07-23 15:37:28,085 DEBUG (BaseJdbcLogger.java:159)- ==>  Preparing: SELECT food_id,food_describe,food_price,food_image,canteen_id,food_name,food_rate,food_rate_number,created_time,food_sale FROM food WHERE food_id = ? 
2019-07-23 15:37:28,085 DEBUG (BaseJdbcLogger.java:159)- ==> Parameters: 102(Long)
2019-07-23 15:37:28,086 DEBUG (BaseJdbcLogger.java:159)- <==      Total: 1
2019-07-23 15:37:28,088 DEBUG (BaseJdbcLogger.java:159)- ==>  Preparing: SELECT id,order_id,food_id,food_num FROM order_info WHERE order_id = ? 
2019-07-23 15:37:28,089 DEBUG (BaseJdbcLogger.java:159)- ==> Parameters: 19(Long)
2019-07-23 15:37:28,090 DEBUG (BaseJdbcLogger.java:159)- <==      Total: 2
2019-07-23 15:37:28,093 DEBUG (BaseJdbcLogger.java:159)- ==>  Preparing: SELECT food_id,food_describe,food_price,food_image,canteen_id,food_name,food_rate,food_rate_number,created_time,food_sale FROM food WHERE food_id = ? 
2019-07-23 15:37:28,094 DEBUG (BaseJdbcLogger.java:159)- ==> Parameters: 102(Long)
2019-07-23 15:37:28,096 DEBUG (BaseJdbcLogger.java:159)- <==      Total: 1
2019-07-23 15:37:28,098 DEBUG (BaseJdbcLogger.java:159)- ==>  Preparing: SELECT food_id,food_describe,food_price,food_image,canteen_id,food_name,food_rate,food_rate_number,created_time,food_sale FROM food WHERE food_id = ? 
2019-07-23 15:37:28,098 DEBUG (BaseJdbcLogger.java:159)- ==> Parameters: 2(Long)
2019-07-23 15:37:28,099 DEBUG (BaseJdbcLogger.java:159)- <==      Total: 1
2019-07-23 15:37:28,100 DEBUG (BaseJdbcLogger.java:159)- ==>  Preparing: SELECT id,order_id,food_id,food_num FROM order_info WHERE order_id = ? 
2019-07-23 15:37:28,101 DEBUG (BaseJdbcLogger.java:159)- ==> Parameters: 20(Long)
2019-07-23 15:37:28,103 DEBUG (BaseJdbcLogger.java:159)- <==      Total: 1
2019-07-23 15:37:28,104 DEBUG (BaseJdbcLogger.java:159)- ==>  Preparing: SELECT food_id,food_describe,food_price,food_image,canteen_id,food_name,food_rate,food_rate_number,created_time,food_sale FROM food WHERE food_id = ? 
2019-07-23 15:37:28,104 DEBUG (BaseJdbcLogger.java:159)- ==> Parameters: 2(Long)
2019-07-23 15:37:28,106 DEBUG (BaseJdbcLogger.java:159)- <==      Total: 1
2019-07-23 15:37:28,107 DEBUG (BaseJdbcLogger.java:159)- ==>  Preparing: SELECT id,order_id,food_id,food_num FROM order_info WHERE order_id = ? 
2019-07-23 15:37:28,109 DEBUG (BaseJdbcLogger.java:159)- ==> Parameters: 21(Long)
2019-07-23 15:37:28,111 DEBUG (BaseJdbcLogger.java:159)- <==      Total: 1
2019-07-23 15:37:28,113 DEBUG (BaseJdbcLogger.java:159)- ==>  Preparing: SELECT food_id,food_describe,food_price,food_image,canteen_id,food_name,food_rate,food_rate_number,created_time,food_sale FROM food WHERE food_id = ? 
2019-07-23 15:37:28,114 DEBUG (BaseJdbcLogger.java:159)- ==> Parameters: 7(Long)
2019-07-23 15:37:28,116 DEBUG (BaseJdbcLogger.java:159)- <==      Total: 1
2019-07-23 15:37:28,117 DEBUG (BaseJdbcLogger.java:159)- ==>  Preparing: SELECT id,order_id,food_id,food_num FROM order_info WHERE order_id = ? 
2019-07-23 15:37:28,118 DEBUG (BaseJdbcLogger.java:159)- ==> Parameters: 22(Long)
2019-07-23 15:37:28,119 DEBUG (BaseJdbcLogger.java:159)- <==      Total: 1
2019-07-23 15:37:28,120 DEBUG (BaseJdbcLogger.java:159)- ==>  Preparing: SELECT food_id,food_describe,food_price,food_image,canteen_id,food_name,food_rate,food_rate_number,created_time,food_sale FROM food WHERE food_id = ? 
2019-07-23 15:37:28,121 DEBUG (BaseJdbcLogger.java:159)- ==> Parameters: 2(Long)
2019-07-23 15:37:28,122 DEBUG (BaseJdbcLogger.java:159)- <==      Total: 1
2019-07-23 15:37:28,125 DEBUG (BaseJdbcLogger.java:159)- ==>  Preparing: SELECT id,order_id,food_id,food_num FROM order_info WHERE order_id = ? 
2019-07-23 15:37:28,127 DEBUG (BaseJdbcLogger.java:159)- ==> Parameters: 23(Long)
2019-07-23 15:37:28,129 DEBUG (BaseJdbcLogger.java:159)- <==      Total: 2
2019-07-23 15:37:28,130 DEBUG (BaseJdbcLogger.java:159)- ==>  Preparing: SELECT food_id,food_describe,food_price,food_image,canteen_id,food_name,food_rate,food_rate_number,created_time,food_sale FROM food WHERE food_id = ? 
2019-07-23 15:37:28,131 DEBUG (BaseJdbcLogger.java:159)- ==> Parameters: 2(Long)
2019-07-23 15:37:28,132 DEBUG (BaseJdbcLogger.java:159)- <==      Total: 1
2019-07-23 15:37:28,134 DEBUG (BaseJdbcLogger.java:159)- ==>  Preparing: SELECT food_id,food_describe,food_price,food_image,canteen_id,food_name,food_rate,food_rate_number,created_time,food_sale FROM food WHERE food_id = ? 
2019-07-23 15:37:28,135 DEBUG (BaseJdbcLogger.java:159)- ==> Parameters: 1(Long)
2019-07-23 15:37:28,136 DEBUG (BaseJdbcLogger.java:159)- <==      Total: 1
2019-07-23 15:37:28,138 DEBUG (BaseJdbcLogger.java:159)- ==>  Preparing: SELECT id,order_id,food_id,food_num FROM order_info WHERE order_id = ? 
2019-07-23 15:37:28,139 DEBUG (BaseJdbcLogger.java:159)- ==> Parameters: 24(Long)
2019-07-23 15:37:28,140 DEBUG (BaseJdbcLogger.java:159)- <==      Total: 1
2019-07-23 15:37:28,141 DEBUG (BaseJdbcLogger.java:159)- ==>  Preparing: SELECT food_id,food_describe,food_price,food_image,canteen_id,food_name,food_rate,food_rate_number,created_time,food_sale FROM food WHERE food_id = ? 
2019-07-23 15:37:28,142 DEBUG (BaseJdbcLogger.java:159)- ==> Parameters: 1(Long)
2019-07-23 15:37:28,144 DEBUG (BaseJdbcLogger.java:159)- <==      Total: 1
2019-07-23 15:37:28,146 DEBUG (BaseJdbcLogger.java:159)- ==>  Preparing: SELECT id,order_id,food_id,food_num FROM order_info WHERE order_id = ? 
2019-07-23 15:37:28,147 DEBUG (BaseJdbcLogger.java:159)- ==> Parameters: 25(Long)
2019-07-23 15:37:28,148 DEBUG (BaseJdbcLogger.java:159)- <==      Total: 1
2019-07-23 15:37:28,150 DEBUG (BaseJdbcLogger.java:159)- ==>  Preparing: SELECT food_id,food_describe,food_price,food_image,canteen_id,food_name,food_rate,food_rate_number,created_time,food_sale FROM food WHERE food_id = ? 
2019-07-23 15:37:28,150 DEBUG (BaseJdbcLogger.java:159)- ==> Parameters: 102(Long)
2019-07-23 15:37:28,151 DEBUG (BaseJdbcLogger.java:159)- <==      Total: 1
2019-07-23 15:37:28,153 DEBUG (BaseJdbcLogger.java:159)- ==>  Preparing: SELECT id,order_id,food_id,food_num FROM order_info WHERE order_id = ? 
2019-07-23 15:37:28,153 DEBUG (BaseJdbcLogger.java:159)- ==> Parameters: 26(Long)
2019-07-23 15:37:28,154 DEBUG (BaseJdbcLogger.java:159)- <==      Total: 3
2019-07-23 15:37:28,155 DEBUG (BaseJdbcLogger.java:159)- ==>  Preparing: SELECT food_id,food_describe,food_price,food_image,canteen_id,food_name,food_rate,food_rate_number,created_time,food_sale FROM food WHERE food_id = ? 
2019-07-23 15:37:28,156 DEBUG (BaseJdbcLogger.java:159)- ==> Parameters: 1(Long)
2019-07-23 15:37:28,159 DEBUG (BaseJdbcLogger.java:159)- <==      Total: 1
2019-07-23 15:37:28,160 DEBUG (BaseJdbcLogger.java:159)- ==>  Preparing: SELECT food_id,food_describe,food_price,food_image,canteen_id,food_name,food_rate,food_rate_number,created_time,food_sale FROM food WHERE food_id = ? 
2019-07-23 15:37:28,161 DEBUG (BaseJdbcLogger.java:159)- ==> Parameters: 2(Long)
2019-07-23 15:37:28,166 DEBUG (BaseJdbcLogger.java:159)- <==      Total: 1
2019-07-23 15:37:28,167 DEBUG (BaseJdbcLogger.java:159)- ==>  Preparing: SELECT food_id,food_describe,food_price,food_image,canteen_id,food_name,food_rate,food_rate_number,created_time,food_sale FROM food WHERE food_id = ? 
2019-07-23 15:37:28,167 DEBUG (BaseJdbcLogger.java:159)- ==> Parameters: 102(Long)
2019-07-23 15:37:28,169 DEBUG (BaseJdbcLogger.java:159)- <==      Total: 1
2019-07-23 15:37:28,169 DEBUG (BaseJdbcLogger.java:159)- ==>  Preparing: SELECT id,order_id,food_id,food_num FROM order_info WHERE order_id = ? 
2019-07-23 15:37:28,170 DEBUG (BaseJdbcLogger.java:159)- ==> Parameters: 27(Long)
2019-07-23 15:37:28,171 DEBUG (BaseJdbcLogger.java:159)- <==      Total: 1
2019-07-23 15:37:28,172 DEBUG (BaseJdbcLogger.java:159)- ==>  Preparing: SELECT food_id,food_describe,food_price,food_image,canteen_id,food_name,food_rate,food_rate_number,created_time,food_sale FROM food WHERE food_id = ? 
2019-07-23 15:37:28,172 DEBUG (BaseJdbcLogger.java:159)- ==> Parameters: 102(Long)
2019-07-23 15:37:28,173 DEBUG (BaseJdbcLogger.java:159)- <==      Total: 1
2019-07-23 15:37:28,175 DEBUG (BaseJdbcLogger.java:159)- ==>  Preparing: SELECT id,order_id,food_id,food_num FROM order_info WHERE order_id = ? 
2019-07-23 15:37:28,176 DEBUG (BaseJdbcLogger.java:159)- ==> Parameters: 28(Long)
2019-07-23 15:37:28,177 DEBUG (BaseJdbcLogger.java:159)- <==      Total: 1
2019-07-23 15:37:28,180 DEBUG (BaseJdbcLogger.java:159)- ==>  Preparing: SELECT food_id,food_describe,food_price,food_image,canteen_id,food_name,food_rate,food_rate_number,created_time,food_sale FROM food WHERE food_id = ? 
2019-07-23 15:37:28,180 DEBUG (BaseJdbcLogger.java:159)- ==> Parameters: 7(Long)
2019-07-23 15:37:28,182 DEBUG (BaseJdbcLogger.java:159)- <==      Total: 1
2019-07-23 15:37:28,183 DEBUG (BaseJdbcLogger.java:159)- ==>  Preparing: SELECT id,order_id,food_id,food_num FROM order_info WHERE order_id = ? 
2019-07-23 15:37:28,184 DEBUG (BaseJdbcLogger.java:159)- ==> Parameters: 29(Long)
2019-07-23 15:37:28,186 DEBUG (BaseJdbcLogger.java:159)- <==      Total: 1
2019-07-23 15:37:28,187 DEBUG (BaseJdbcLogger.java:159)- ==>  Preparing: SELECT food_id,food_describe,food_price,food_image,canteen_id,food_name,food_rate,food_rate_number,created_time,food_sale FROM food WHERE food_id = ? 
2019-07-23 15:37:28,188 DEBUG (BaseJdbcLogger.java:159)- ==> Parameters: 102(Long)
2019-07-23 15:37:28,189 DEBUG (BaseJdbcLogger.java:159)- <==      Total: 1
2019-07-23 15:37:28,190 DEBUG (BaseJdbcLogger.java:159)- ==>  Preparing: SELECT id,order_id,food_id,food_num FROM order_info WHERE order_id = ? 
2019-07-23 15:37:28,192 DEBUG (BaseJdbcLogger.java:159)- ==> Parameters: 30(Long)
2019-07-23 15:37:28,194 DEBUG (BaseJdbcLogger.java:159)- <==      Total: 1
2019-07-23 15:37:28,196 DEBUG (BaseJdbcLogger.java:159)- ==>  Preparing: SELECT food_id,food_describe,food_price,food_image,canteen_id,food_name,food_rate,food_rate_number,created_time,food_sale FROM food WHERE food_id = ? 
2019-07-23 15:37:28,197 DEBUG (BaseJdbcLogger.java:159)- ==> Parameters: 102(Long)
2019-07-23 15:37:28,200 DEBUG (BaseJdbcLogger.java:159)- <==      Total: 1
2019-07-23 15:37:28,201 DEBUG (BaseJdbcLogger.java:159)- ==>  Preparing: SELECT id,order_id,food_id,food_num FROM order_info WHERE order_id = ? 
2019-07-23 15:37:28,202 DEBUG (BaseJdbcLogger.java:159)- ==> Parameters: 31(Long)
2019-07-23 15:37:28,204 DEBUG (BaseJdbcLogger.java:159)- <==      Total: 1
2019-07-23 15:37:28,205 DEBUG (BaseJdbcLogger.java:159)- ==>  Preparing: SELECT food_id,food_describe,food_price,food_image,canteen_id,food_name,food_rate,food_rate_number,created_time,food_sale FROM food WHERE food_id = ? 
2019-07-23 15:37:28,205 DEBUG (BaseJdbcLogger.java:159)- ==> Parameters: 2(Long)
2019-07-23 15:37:28,206 DEBUG (BaseJdbcLogger.java:159)- <==      Total: 1
2019-07-23 15:37:28,207 DEBUG (BaseJdbcLogger.java:159)- ==>  Preparing: SELECT id,order_id,food_id,food_num FROM order_info WHERE order_id = ? 
2019-07-23 15:37:28,210 DEBUG (BaseJdbcLogger.java:159)- ==> Parameters: 32(Long)
2019-07-23 15:37:28,212 DEBUG (BaseJdbcLogger.java:159)- <==      Total: 1
2019-07-23 15:37:28,214 DEBUG (BaseJdbcLogger.java:159)- ==>  Preparing: SELECT food_id,food_describe,food_price,food_image,canteen_id,food_name,food_rate,food_rate_number,created_time,food_sale FROM food WHERE food_id = ? 
2019-07-23 15:37:28,215 DEBUG (BaseJdbcLogger.java:159)- ==> Parameters: 102(Long)
2019-07-23 15:37:28,216 DEBUG (BaseJdbcLogger.java:159)- <==      Total: 1
2019-07-23 15:37:28,219 DEBUG (BaseJdbcLogger.java:159)- ==>  Preparing: SELECT id,order_id,food_id,food_num FROM order_info WHERE order_id = ? 
2019-07-23 15:37:28,219 DEBUG (BaseJdbcLogger.java:159)- ==> Parameters: 33(Long)
2019-07-23 15:37:28,222 DEBUG (BaseJdbcLogger.java:159)- <==      Total: 2
2019-07-23 15:37:28,222 DEBUG (BaseJdbcLogger.java:159)- ==>  Preparing: SELECT food_id,food_describe,food_price,food_image,canteen_id,food_name,food_rate,food_rate_number,created_time,food_sale FROM food WHERE food_id = ? 
2019-07-23 15:37:28,223 DEBUG (BaseJdbcLogger.java:159)- ==> Parameters: 101(Long)
2019-07-23 15:37:28,225 DEBUG (BaseJdbcLogger.java:159)- <==      Total: 1
2019-07-23 15:37:28,227 DEBUG (BaseJdbcLogger.java:159)- ==>  Preparing: SELECT food_id,food_describe,food_price,food_image,canteen_id,food_name,food_rate,food_rate_number,created_time,food_sale FROM food WHERE food_id = ? 
2019-07-23 15:37:28,228 DEBUG (BaseJdbcLogger.java:159)- ==> Parameters: 102(Long)
2019-07-23 15:37:28,230 DEBUG (BaseJdbcLogger.java:159)- <==      Total: 1
2019-07-23 15:37:28,232 DEBUG (BaseJdbcLogger.java:159)- ==>  Preparing: SELECT id,order_id,food_id,food_num FROM order_info WHERE order_id = ? 
2019-07-23 15:37:28,233 DEBUG (BaseJdbcLogger.java:159)- ==> Parameters: 34(Long)
2019-07-23 15:37:28,234 DEBUG (BaseJdbcLogger.java:159)- <==      Total: 2
2019-07-23 15:37:28,235 DEBUG (BaseJdbcLogger.java:159)- ==>  Preparing: SELECT food_id,food_describe,food_price,food_image,canteen_id,food_name,food_rate,food_rate_number,created_time,food_sale FROM food WHERE food_id = ? 
2019-07-23 15:37:28,236 DEBUG (BaseJdbcLogger.java:159)- ==> Parameters: 2(Long)
2019-07-23 15:37:28,237 DEBUG (BaseJdbcLogger.java:159)- <==      Total: 1
2019-07-23 15:37:28,238 DEBUG (BaseJdbcLogger.java:159)- ==>  Preparing: SELECT food_id,food_describe,food_price,food_image,canteen_id,food_name,food_rate,food_rate_number,created_time,food_sale FROM food WHERE food_id = ? 
2019-07-23 15:37:28,238 DEBUG (BaseJdbcLogger.java:159)- ==> Parameters: 7(Long)
2019-07-23 15:37:28,239 DEBUG (BaseJdbcLogger.java:159)- <==      Total: 1
2019-07-23 15:37:28,240 DEBUG (BaseJdbcLogger.java:159)- ==>  Preparing: SELECT id,order_id,food_id,food_num FROM order_info WHERE order_id = ? 
2019-07-23 15:37:28,241 DEBUG (BaseJdbcLogger.java:159)- ==> Parameters: 35(Long)
2019-07-23 15:37:28,242 DEBUG (BaseJdbcLogger.java:159)- <==      Total: 1
2019-07-23 15:37:28,244 DEBUG (BaseJdbcLogger.java:159)- ==>  Preparing: SELECT food_id,food_describe,food_price,food_image,canteen_id,food_name,food_rate,food_rate_number,created_time,food_sale FROM food WHERE food_id = ? 
2019-07-23 15:37:28,245 DEBUG (BaseJdbcLogger.java:159)- ==> Parameters: 102(Long)
2019-07-23 15:37:28,248 DEBUG (BaseJdbcLogger.java:159)- <==      Total: 1
2019-07-23 15:37:28,249 DEBUG (BaseJdbcLogger.java:159)- ==>  Preparing: SELECT id,order_id,food_id,food_num FROM order_info WHERE order_id = ? 
2019-07-23 15:37:28,250 DEBUG (BaseJdbcLogger.java:159)- ==> Parameters: 36(Long)
2019-07-23 15:37:28,251 DEBUG (BaseJdbcLogger.java:159)- <==      Total: 1
2019-07-23 15:37:28,252 DEBUG (BaseJdbcLogger.java:159)- ==>  Preparing: SELECT food_id,food_describe,food_price,food_image,canteen_id,food_name,food_rate,food_rate_number,created_time,food_sale FROM food WHERE food_id = ? 
2019-07-23 15:37:28,254 DEBUG (BaseJdbcLogger.java:159)- ==> Parameters: 2(Long)
2019-07-23 15:37:28,256 DEBUG (BaseJdbcLogger.java:159)- <==      Total: 1
2019-07-23 15:37:28,258 DEBUG (BaseJdbcLogger.java:159)- ==>  Preparing: SELECT id,order_id,food_id,food_num FROM order_info WHERE order_id = ? 
2019-07-23 15:37:28,259 DEBUG (BaseJdbcLogger.java:159)- ==> Parameters: 37(Long)
2019-07-23 15:37:28,261 DEBUG (BaseJdbcLogger.java:159)- <==      Total: 2
2019-07-23 15:37:28,262 DEBUG (BaseJdbcLogger.java:159)- ==>  Preparing: SELECT food_id,food_describe,food_price,food_image,canteen_id,food_name,food_rate,food_rate_number,created_time,food_sale FROM food WHERE food_id = ? 
2019-07-23 15:37:28,264 DEBUG (BaseJdbcLogger.java:159)- ==> Parameters: 2(Long)
2019-07-23 15:37:28,265 DEBUG (BaseJdbcLogger.java:159)- <==      Total: 1
2019-07-23 15:37:28,267 DEBUG (BaseJdbcLogger.java:159)- ==>  Preparing: SELECT food_id,food_describe,food_price,food_image,canteen_id,food_name,food_rate,food_rate_number,created_time,food_sale FROM food WHERE food_id = ? 
2019-07-23 15:37:28,268 DEBUG (BaseJdbcLogger.java:159)- ==> Parameters: 1(Long)
2019-07-23 15:37:28,272 DEBUG (BaseJdbcLogger.java:159)- <==      Total: 1
2019-07-23 15:37:39,014 DEBUG (BaseJdbcLogger.java:159)- ==>  Preparing: SELECT canteen_id,canteen_label,canteen_name,canteen_des,canteen_image,canteen_mark_number,canteen_mark,sales,takeout_money FROM canteen 
2019-07-23 15:37:39,015 DEBUG (BaseJdbcLogger.java:159)- ==> Parameters: 
2019-07-23 15:37:39,018 DEBUG (BaseJdbcLogger.java:159)- <==      Total: 10
2019-07-23 15:37:42,129 DEBUG (BaseJdbcLogger.java:159)- ==>  Preparing: SELECT food_id,food_describe,food_price,food_image,canteen_id,food_name,food_rate,food_rate_number,created_time,food_sale FROM food WHERE canteen_id = ? 
2019-07-23 15:37:42,130 DEBUG (BaseJdbcLogger.java:159)- ==> Parameters: 8(Integer)
2019-07-23 15:37:42,130 DEBUG (BaseJdbcLogger.java:159)- ==>  Preparing: SELECT canteen_id,canteen_label,canteen_name,canteen_des,canteen_image,canteen_mark_number,canteen_mark,sales,takeout_money FROM canteen WHERE canteen_id = ? 
2019-07-23 15:37:42,133 DEBUG (BaseJdbcLogger.java:159)- <==      Total: 6
2019-07-23 15:37:42,134 DEBUG (BaseJdbcLogger.java:159)- ==> Parameters: 8(Integer)
2019-07-23 15:37:42,144 DEBUG (BaseJdbcLogger.java:159)- <==      Total: 1
2019-07-23 15:37:42,153 DEBUG (BaseJdbcLogger.java:159)- ==>  Preparing: DELETE FROM cart_info WHERE food_num = ? 
2019-07-23 15:37:42,154 DEBUG (BaseJdbcLogger.java:159)- ==> Parameters: 0(Integer)
2019-07-23 15:37:42,156 DEBUG (BaseJdbcLogger.java:159)- <==    Updates: 0
2019-07-23 15:37:42,157 DEBUG (BaseJdbcLogger.java:159)- ==>  Preparing: SELECT id,cart_id,food_id,food_num FROM cart_info 
2019-07-23 15:37:42,158 DEBUG (BaseJdbcLogger.java:159)- ==> Parameters: 
2019-07-23 15:37:42,160 DEBUG (BaseJdbcLogger.java:159)- <==      Total: 1
2019-07-23 15:37:42,161 DEBUG (BaseJdbcLogger.java:159)- ==>  Preparing: SELECT food_id,food_describe,food_price,food_image,canteen_id,food_name,food_rate,food_rate_number,created_time,food_sale FROM food WHERE food_id = ? 
2019-07-23 15:37:42,162 DEBUG (BaseJdbcLogger.java:159)- ==> Parameters: 2(Long)
2019-07-23 15:37:42,163 DEBUG (BaseJdbcLogger.java:159)- <==      Total: 1
2019-07-23 15:37:42,165 DEBUG (BaseJdbcLogger.java:159)- ==>  Preparing: SELECT cart_id,user_id,all_price FROM cart WHERE user_id = ? 
2019-07-23 15:37:42,165 DEBUG (BaseJdbcLogger.java:159)- ==> Parameters: 75(Long)
2019-07-23 15:37:42,167 DEBUG (BaseJdbcLogger.java:159)- <==      Total: 1
2019-07-23 15:37:44,138 DEBUG (BaseJdbcLogger.java:159)- ==>  Preparing: SELECT canteen_id,canteen_label,canteen_name,canteen_des,canteen_image,canteen_mark_number,canteen_mark,sales,takeout_money FROM canteen 
2019-07-23 15:37:44,139 DEBUG (BaseJdbcLogger.java:159)- ==> Parameters: 
2019-07-23 15:37:44,140 DEBUG (BaseJdbcLogger.java:159)- <==      Total: 10
2019-07-23 15:38:56,074 DEBUG (BaseJdbcLogger.java:159)- ==>  Preparing: SELECT food_id,food_describe,food_price,food_image,canteen_id,food_name,food_rate,food_rate_number,created_time,food_sale FROM food WHERE canteen_id = ? 
2019-07-23 15:38:56,074 DEBUG (BaseJdbcLogger.java:159)- ==>  Preparing: SELECT canteen_id,canteen_label,canteen_name,canteen_des,canteen_image,canteen_mark_number,canteen_mark,sales,takeout_money FROM canteen WHERE canteen_id = ? 
2019-07-23 15:38:56,075 DEBUG (BaseJdbcLogger.java:159)- ==> Parameters: 8(Integer)
2019-07-23 15:38:56,076 DEBUG (BaseJdbcLogger.java:159)- ==>  Preparing: DELETE FROM cart_info WHERE food_num = ? 
2019-07-23 15:38:56,076 DEBUG (BaseJdbcLogger.java:159)- ==> Parameters: 8(Integer)
2019-07-23 15:38:56,077 DEBUG (BaseJdbcLogger.java:159)- ==> Parameters: 0(Integer)
2019-07-23 15:38:56,077 DEBUG (BaseJdbcLogger.java:159)- <==      Total: 1
2019-07-23 15:38:56,079 DEBUG (BaseJdbcLogger.java:159)- <==    Updates: 0
2019-07-23 15:38:56,079 DEBUG (BaseJdbcLogger.java:159)- <==      Total: 6
2019-07-23 15:38:56,081 DEBUG (BaseJdbcLogger.java:159)- ==>  Preparing: SELECT id,cart_id,food_id,food_num FROM cart_info 
2019-07-23 15:38:56,082 DEBUG (BaseJdbcLogger.java:159)- ==> Parameters: 
2019-07-23 15:38:56,084 DEBUG (BaseJdbcLogger.java:159)- <==      Total: 1
2019-07-23 15:38:56,086 DEBUG (BaseJdbcLogger.java:159)- ==>  Preparing: SELECT food_id,food_describe,food_price,food_image,canteen_id,food_name,food_rate,food_rate_number,created_time,food_sale FROM food WHERE food_id = ? 
2019-07-23 15:38:56,087 DEBUG (BaseJdbcLogger.java:159)- ==> Parameters: 2(Long)
2019-07-23 15:38:56,088 DEBUG (BaseJdbcLogger.java:159)- <==      Total: 1
2019-07-23 15:38:56,090 DEBUG (BaseJdbcLogger.java:159)- ==>  Preparing: SELECT cart_id,user_id,all_price FROM cart WHERE user_id = ? 
2019-07-23 15:38:56,091 DEBUG (BaseJdbcLogger.java:159)- ==> Parameters: 75(Long)
2019-07-23 15:38:56,092 DEBUG (BaseJdbcLogger.java:159)- <==      Total: 1
2019-07-23 15:38:59,260 DEBUG (BaseJdbcLogger.java:159)- ==>  Preparing: SELECT canteen_id,canteen_label,canteen_name,canteen_des,canteen_image,canteen_mark_number,canteen_mark,sales,takeout_money FROM canteen 
2019-07-23 15:38:59,260 DEBUG (BaseJdbcLogger.java:159)- ==> Parameters: 
2019-07-23 15:38:59,263 DEBUG (BaseJdbcLogger.java:159)- <==      Total: 10
2019-07-23 15:39:00,255 DEBUG (BaseJdbcLogger.java:159)- ==>  Preparing: SELECT canteen_id,canteen_label,canteen_name,canteen_des,canteen_image,canteen_mark_number,canteen_mark,sales,takeout_money FROM canteen 
2019-07-23 15:39:00,256 DEBUG (BaseJdbcLogger.java:159)- ==> Parameters: 
2019-07-23 15:39:00,259 DEBUG (BaseJdbcLogger.java:159)- <==      Total: 10
