2019-05-15 11:52:06,254 INFO (SpringApplication.java:597)- The following profiles are active: dev
2019-05-15 11:52:23,686 INFO (StartupInfoLogger.java:57)- Started AdminServiceApp in 22.024 seconds (JVM running for 24.165)
2019-05-15 11:55:43,851 INFO (SpringApplication.java:597)- The following profiles are active: dev
2019-05-15 11:55:56,210 INFO (StartupInfoLogger.java:57)- Started AdminServiceApp in 16.407 seconds (JVM running for 236.689)
2019-05-15 21:26:21,827 INFO (SpringApplication.java:597)- The following profiles are active: dev
2019-05-15 21:26:38,510 INFO (StartupInfoLogger.java:57)- Started AdminServiceApp in 20.452 seconds (JVM running for 22.166)
2019-05-15 21:30:59,807 DEBUG (BaseJdbcLogger.java:159)- ==>  Preparing: SELECT user_id,user_phone,user_pwd,user_email,user_status,user_name,canteen_id,verify_code,cart_id FROM user WHERE user_pwd = ? AND user_email = ? 
2019-05-15 21:30:59,828 DEBUG (BaseJdbcLogger.java:159)- ==> Parameters: 310dcbbf4cce62f762a2aaa148d556bd(String), 2150866957@qq.com(String)
2019-05-15 21:30:59,847 DEBUG (BaseJdbcLogger.java:159)- <==      Total: 1
2019-05-15 21:31:00,156 DEBUG (BaseJdbcLogger.java:159)- ==>  Preparing: SELECT canteen_id,canteen_label,canteen_name,canteen_des,canteen_image,canteen_mark_number,canteen_mark,sales,takeout_money FROM canteen WHERE canteen_id = ? 
2019-05-15 21:31:00,159 DEBUG (BaseJdbcLogger.java:159)- ==> Parameters: 8(Integer)
2019-05-15 21:31:00,177 DEBUG (BaseJdbcLogger.java:159)- <==      Total: 1
2019-05-15 21:31:03,054 DEBUG (BaseJdbcLogger.java:159)- ==>  Preparing: SELECT food_id,food_describe,food_price,food_image,canteen_id,food_name,food_rate,food_rate_number,created_time FROM food WHERE canteen_id = ? 
2019-05-15 21:31:03,055 DEBUG (BaseJdbcLogger.java:159)- ==> Parameters: 8(Integer)
2019-05-15 21:31:03,059 DEBUG (BaseJdbcLogger.java:159)- <==      Total: 6
2019-05-15 21:31:03,560 DEBUG (BaseJdbcLogger.java:159)- ==>  Preparing: SELECT food_id,food_describe,food_price,food_image,canteen_id,food_name,food_rate,food_rate_number,created_time FROM food WHERE canteen_id = ? 
2019-05-15 21:31:03,561 DEBUG (BaseJdbcLogger.java:159)- ==> Parameters: 8(Integer)
2019-05-15 21:31:03,564 DEBUG (BaseJdbcLogger.java:159)- <==      Total: 6
2019-05-15 21:31:04,331 DEBUG (BaseJdbcLogger.java:159)- ==>  Preparing: SELECT food_id,food_describe,food_price,food_image,canteen_id,food_name,food_rate,food_rate_number,created_time FROM food WHERE canteen_id = ? 
2019-05-15 21:31:04,332 DEBUG (BaseJdbcLogger.java:159)- ==> Parameters: 8(Integer)
2019-05-15 21:31:04,339 DEBUG (BaseJdbcLogger.java:159)- <==      Total: 6
2019-05-15 21:31:44,634 DEBUG (BaseJdbcLogger.java:159)- ==>  Preparing: SELECT user_id,user_phone,user_pwd,user_email,user_status,user_name,canteen_id,verify_code,cart_id FROM user WHERE user_pwd = ? AND user_email = ? 
2019-05-15 21:31:44,635 DEBUG (BaseJdbcLogger.java:159)- ==> Parameters: 310dcbbf4cce62f762a2aaa148d556bd(String), 2150866957@qq.com(String)
2019-05-15 21:31:44,637 DEBUG (BaseJdbcLogger.java:159)- <==      Total: 1
2019-05-15 21:31:44,689 DEBUG (BaseJdbcLogger.java:159)- ==>  Preparing: SELECT canteen_id,canteen_label,canteen_name,canteen_des,canteen_image,canteen_mark_number,canteen_mark,sales,takeout_money FROM canteen 
2019-05-15 21:31:44,689 DEBUG (BaseJdbcLogger.java:159)- ==> Parameters: 
2019-05-15 21:31:44,692 DEBUG (BaseJdbcLogger.java:159)- <==      Total: 9
2019-05-15 21:31:50,431 DEBUG (BaseJdbcLogger.java:159)- ==>  Preparing: SELECT food_id,food_describe,food_price,food_image,canteen_id,food_name,food_rate,food_rate_number,created_time FROM food WHERE canteen_id = ? 
2019-05-15 21:31:50,432 DEBUG (BaseJdbcLogger.java:159)- ==> Parameters: 8(Integer)
2019-05-15 21:31:50,443 DEBUG (BaseJdbcLogger.java:159)- <==      Total: 6
2019-05-15 21:31:50,446 DEBUG (BaseJdbcLogger.java:159)- ==>  Preparing: SELECT canteen_id,canteen_label,canteen_name,canteen_des,canteen_image,canteen_mark_number,canteen_mark,sales,takeout_money FROM canteen WHERE canteen_id = ? 
2019-05-15 21:31:50,449 DEBUG (BaseJdbcLogger.java:159)- ==> Parameters: 8(Integer)
2019-05-15 21:31:50,453 DEBUG (BaseJdbcLogger.java:159)- <==      Total: 1
2019-05-15 21:31:50,461 DEBUG (BaseJdbcLogger.java:159)- ==>  Preparing: DELETE FROM cart_info WHERE food_num = ? 
2019-05-15 21:31:50,462 DEBUG (BaseJdbcLogger.java:159)- ==> Parameters: 0(Integer)
2019-05-15 21:31:50,464 DEBUG (BaseJdbcLogger.java:159)- <==    Updates: 0
2019-05-15 21:31:50,466 DEBUG (BaseJdbcLogger.java:159)- ==>  Preparing: SELECT id,cart_id,food_id,food_num FROM cart_info 
2019-05-15 21:31:50,466 DEBUG (BaseJdbcLogger.java:159)- ==> Parameters: 
2019-05-15 21:31:50,468 DEBUG (BaseJdbcLogger.java:159)- <==      Total: 3
2019-05-15 21:31:50,470 DEBUG (BaseJdbcLogger.java:159)- ==>  Preparing: SELECT food_id,food_describe,food_price,food_image,canteen_id,food_name,food_rate,food_rate_number,created_time FROM food WHERE food_id = ? 
2019-05-15 21:31:50,472 DEBUG (BaseJdbcLogger.java:159)- ==> Parameters: 2(Long)
2019-05-15 21:31:50,473 DEBUG (BaseJdbcLogger.java:159)- <==      Total: 1
2019-05-15 21:31:50,475 DEBUG (BaseJdbcLogger.java:159)- ==>  Preparing: SELECT food_id,food_describe,food_price,food_image,canteen_id,food_name,food_rate,food_rate_number,created_time FROM food WHERE food_id = ? 
2019-05-15 21:31:50,476 DEBUG (BaseJdbcLogger.java:159)- ==> Parameters: 6(Long)
2019-05-15 21:31:50,477 DEBUG (BaseJdbcLogger.java:159)- <==      Total: 1
2019-05-15 21:31:50,479 DEBUG (BaseJdbcLogger.java:159)- ==>  Preparing: SELECT food_id,food_describe,food_price,food_image,canteen_id,food_name,food_rate,food_rate_number,created_time FROM food WHERE food_id = ? 
2019-05-15 21:31:50,480 DEBUG (BaseJdbcLogger.java:159)- ==> Parameters: 9(Long)
2019-05-15 21:31:50,481 DEBUG (BaseJdbcLogger.java:159)- <==      Total: 1
2019-05-15 21:31:50,483 DEBUG (BaseJdbcLogger.java:159)- ==>  Preparing: SELECT cart_id,user_id,all_price FROM cart 
2019-05-15 21:31:50,484 DEBUG (BaseJdbcLogger.java:159)- ==> Parameters: 
2019-05-15 21:31:50,488 DEBUG (BaseJdbcLogger.java:159)- <==      Total: 1
2019-05-15 21:31:53,566 DEBUG (BaseJdbcLogger.java:159)- ==>  Preparing: SELECT canteen_id,canteen_label,canteen_name,canteen_des,canteen_image,canteen_mark_number,canteen_mark,sales,takeout_money FROM canteen 
2019-05-15 21:31:53,567 DEBUG (BaseJdbcLogger.java:159)- ==> Parameters: 
2019-05-15 21:31:53,573 DEBUG (BaseJdbcLogger.java:159)- <==      Total: 9
2019-05-15 21:31:54,625 DEBUG (BaseJdbcLogger.java:159)- ==>  Preparing: SELECT food_id,food_describe,food_price,food_image,canteen_id,food_name,food_rate,food_rate_number,created_time FROM food WHERE canteen_id = ? 
2019-05-15 21:31:54,627 DEBUG (BaseJdbcLogger.java:159)- ==> Parameters: 9(Integer)
2019-05-15 21:31:54,629 DEBUG (BaseJdbcLogger.java:159)- <==      Total: 0
2019-05-15 21:31:54,630 DEBUG (BaseJdbcLogger.java:159)- ==>  Preparing: DELETE FROM cart_info WHERE food_num = ? 
2019-05-15 21:31:54,639 DEBUG (BaseJdbcLogger.java:159)- ==>  Preparing: SELECT canteen_id,canteen_label,canteen_name,canteen_des,canteen_image,canteen_mark_number,canteen_mark,sales,takeout_money FROM canteen WHERE canteen_id = ? 
2019-05-15 21:31:54,640 DEBUG (BaseJdbcLogger.java:159)- ==> Parameters: 9(Integer)
2019-05-15 21:31:54,641 DEBUG (BaseJdbcLogger.java:159)- ==> Parameters: 0(Integer)
2019-05-15 21:31:54,643 DEBUG (BaseJdbcLogger.java:159)- <==      Total: 1
2019-05-15 21:31:54,647 DEBUG (BaseJdbcLogger.java:159)- <==    Updates: 0
2019-05-15 21:31:54,648 DEBUG (BaseJdbcLogger.java:159)- ==>  Preparing: SELECT id,cart_id,food_id,food_num FROM cart_info 
2019-05-15 21:31:54,648 DEBUG (BaseJdbcLogger.java:159)- ==> Parameters: 
2019-05-15 21:31:54,650 DEBUG (BaseJdbcLogger.java:159)- <==      Total: 3
2019-05-15 21:31:54,652 DEBUG (BaseJdbcLogger.java:159)- ==>  Preparing: SELECT food_id,food_describe,food_price,food_image,canteen_id,food_name,food_rate,food_rate_number,created_time FROM food WHERE food_id = ? 
2019-05-15 21:31:54,653 DEBUG (BaseJdbcLogger.java:159)- ==> Parameters: 2(Long)
2019-05-15 21:31:54,654 DEBUG (BaseJdbcLogger.java:159)- <==      Total: 1
2019-05-15 21:31:54,656 DEBUG (BaseJdbcLogger.java:159)- ==>  Preparing: SELECT food_id,food_describe,food_price,food_image,canteen_id,food_name,food_rate,food_rate_number,created_time FROM food WHERE food_id = ? 
2019-05-15 21:31:54,657 DEBUG (BaseJdbcLogger.java:159)- ==> Parameters: 6(Long)
2019-05-15 21:31:54,659 DEBUG (BaseJdbcLogger.java:159)- <==      Total: 1
2019-05-15 21:31:54,660 DEBUG (BaseJdbcLogger.java:159)- ==>  Preparing: SELECT food_id,food_describe,food_price,food_image,canteen_id,food_name,food_rate,food_rate_number,created_time FROM food WHERE food_id = ? 
2019-05-15 21:31:54,661 DEBUG (BaseJdbcLogger.java:159)- ==> Parameters: 9(Long)
2019-05-15 21:31:54,662 DEBUG (BaseJdbcLogger.java:159)- <==      Total: 1
2019-05-15 21:31:54,663 DEBUG (BaseJdbcLogger.java:159)- ==>  Preparing: SELECT cart_id,user_id,all_price FROM cart 
2019-05-15 21:31:54,663 DEBUG (BaseJdbcLogger.java:159)- ==> Parameters: 
2019-05-15 21:31:54,665 DEBUG (BaseJdbcLogger.java:159)- <==      Total: 1
2019-05-15 21:31:56,208 DEBUG (BaseJdbcLogger.java:159)- ==>  Preparing: SELECT canteen_id,canteen_label,canteen_name,canteen_des,canteen_image,canteen_mark_number,canteen_mark,sales,takeout_money FROM canteen 
2019-05-15 21:31:56,209 DEBUG (BaseJdbcLogger.java:159)- ==> Parameters: 
2019-05-15 21:31:56,212 DEBUG (BaseJdbcLogger.java:159)- <==      Total: 9
2019-05-15 21:31:56,965 DEBUG (BaseJdbcLogger.java:159)- ==>  Preparing: SELECT food_id,food_describe,food_price,food_image,canteen_id,food_name,food_rate,food_rate_number,created_time FROM food WHERE canteen_id = ? 
2019-05-15 21:31:56,966 DEBUG (BaseJdbcLogger.java:159)- ==> Parameters: 8(Integer)
2019-05-15 21:31:56,968 DEBUG (BaseJdbcLogger.java:159)- <==      Total: 6
2019-05-15 21:31:56,975 DEBUG (BaseJdbcLogger.java:159)- ==>  Preparing: SELECT canteen_id,canteen_label,canteen_name,canteen_des,canteen_image,canteen_mark_number,canteen_mark,sales,takeout_money FROM canteen WHERE canteen_id = ? 
2019-05-15 21:31:56,976 DEBUG (BaseJdbcLogger.java:159)- ==> Parameters: 8(Integer)
2019-05-15 21:31:56,978 DEBUG (BaseJdbcLogger.java:159)- <==      Total: 1
2019-05-15 21:31:56,993 DEBUG (BaseJdbcLogger.java:159)- ==>  Preparing: DELETE FROM cart_info WHERE food_num = ? 
2019-05-15 21:31:56,994 DEBUG (BaseJdbcLogger.java:159)- ==> Parameters: 0(Integer)
2019-05-15 21:31:56,996 DEBUG (BaseJdbcLogger.java:159)- <==    Updates: 0
2019-05-15 21:31:56,997 DEBUG (BaseJdbcLogger.java:159)- ==>  Preparing: SELECT id,cart_id,food_id,food_num FROM cart_info 
2019-05-15 21:31:56,997 DEBUG (BaseJdbcLogger.java:159)- ==> Parameters: 
2019-05-15 21:31:56,999 DEBUG (BaseJdbcLogger.java:159)- <==      Total: 3
2019-05-15 21:31:57,000 DEBUG (BaseJdbcLogger.java:159)- ==>  Preparing: SELECT food_id,food_describe,food_price,food_image,canteen_id,food_name,food_rate,food_rate_number,created_time FROM food WHERE food_id = ? 
2019-05-15 21:31:57,001 DEBUG (BaseJdbcLogger.java:159)- ==> Parameters: 2(Long)
2019-05-15 21:31:57,002 DEBUG (BaseJdbcLogger.java:159)- <==      Total: 1
2019-05-15 21:31:57,005 DEBUG (BaseJdbcLogger.java:159)- ==>  Preparing: SELECT food_id,food_describe,food_price,food_image,canteen_id,food_name,food_rate,food_rate_number,created_time FROM food WHERE food_id = ? 
2019-05-15 21:31:57,006 DEBUG (BaseJdbcLogger.java:159)- ==> Parameters: 6(Long)
2019-05-15 21:31:57,007 DEBUG (BaseJdbcLogger.java:159)- <==      Total: 1
2019-05-15 21:31:57,008 DEBUG (BaseJdbcLogger.java:159)- ==>  Preparing: SELECT food_id,food_describe,food_price,food_image,canteen_id,food_name,food_rate,food_rate_number,created_time FROM food WHERE food_id = ? 
2019-05-15 21:31:57,009 DEBUG (BaseJdbcLogger.java:159)- ==> Parameters: 9(Long)
2019-05-15 21:31:57,010 DEBUG (BaseJdbcLogger.java:159)- <==      Total: 1
2019-05-15 21:31:57,011 DEBUG (BaseJdbcLogger.java:159)- ==>  Preparing: SELECT cart_id,user_id,all_price FROM cart 
2019-05-15 21:31:57,011 DEBUG (BaseJdbcLogger.java:159)- ==> Parameters: 
2019-05-15 21:31:57,012 DEBUG (BaseJdbcLogger.java:159)- <==      Total: 1
2019-05-15 21:33:16,307 DEBUG (BaseJdbcLogger.java:159)- ==>  Preparing: DELETE FROM cart_info WHERE food_num = ? 
2019-05-15 21:33:16,307 DEBUG (BaseJdbcLogger.java:159)- ==>  Preparing: SELECT canteen_id,canteen_label,canteen_name,canteen_des,canteen_image,canteen_mark_number,canteen_mark,sales,takeout_money FROM canteen WHERE canteen_id = ? 
2019-05-15 21:33:16,308 DEBUG (BaseJdbcLogger.java:159)- ==> Parameters: 0(Integer)
2019-05-15 21:33:16,309 DEBUG (BaseJdbcLogger.java:159)- <==    Updates: 0
2019-05-15 21:33:16,310 DEBUG (BaseJdbcLogger.java:159)- ==>  Preparing: SELECT id,cart_id,food_id,food_num FROM cart_info 
2019-05-15 21:33:16,311 DEBUG (BaseJdbcLogger.java:159)- ==> Parameters: 
2019-05-15 21:33:16,308 DEBUG (BaseJdbcLogger.java:159)- ==> Parameters: 8(Integer)
2019-05-15 21:33:16,312 DEBUG (BaseJdbcLogger.java:159)- <==      Total: 3
2019-05-15 21:33:16,314 DEBUG (BaseJdbcLogger.java:159)- ==>  Preparing: SELECT food_id,food_describe,food_price,food_image,canteen_id,food_name,food_rate,food_rate_number,created_time FROM food WHERE food_id = ? 
2019-05-15 21:33:16,314 DEBUG (BaseJdbcLogger.java:159)- ==> Parameters: 2(Long)
2019-05-15 21:33:16,315 DEBUG (BaseJdbcLogger.java:159)- <==      Total: 1
2019-05-15 21:33:16,315 DEBUG (BaseJdbcLogger.java:159)- <==      Total: 1
2019-05-15 21:33:16,316 DEBUG (BaseJdbcLogger.java:159)- ==>  Preparing: SELECT food_id,food_describe,food_price,food_image,canteen_id,food_name,food_rate,food_rate_number,created_time FROM food WHERE food_id = ? 
2019-05-15 21:33:16,317 DEBUG (BaseJdbcLogger.java:159)- ==> Parameters: 6(Long)
2019-05-15 21:33:16,319 DEBUG (BaseJdbcLogger.java:159)- <==      Total: 1
2019-05-15 21:33:16,320 DEBUG (BaseJdbcLogger.java:159)- ==>  Preparing: SELECT food_id,food_describe,food_price,food_image,canteen_id,food_name,food_rate,food_rate_number,created_time FROM food WHERE food_id = ? 
2019-05-15 21:33:16,320 DEBUG (BaseJdbcLogger.java:159)- ==> Parameters: 9(Long)
2019-05-15 21:33:16,323 DEBUG (BaseJdbcLogger.java:159)- <==      Total: 1
2019-05-15 21:33:16,324 DEBUG (BaseJdbcLogger.java:159)- ==>  Preparing: SELECT cart_id,user_id,all_price FROM cart 
2019-05-15 21:33:16,324 DEBUG (BaseJdbcLogger.java:159)- ==> Parameters: 
2019-05-15 21:33:16,326 DEBUG (BaseJdbcLogger.java:159)- <==      Total: 1
2019-05-15 21:33:16,326 DEBUG (BaseJdbcLogger.java:159)- ==>  Preparing: SELECT food_id,food_describe,food_price,food_image,canteen_id,food_name,food_rate,food_rate_number,created_time FROM food WHERE canteen_id = ? 
2019-05-15 21:33:16,332 DEBUG (BaseJdbcLogger.java:159)- ==> Parameters: 8(Integer)
2019-05-15 21:33:16,335 DEBUG (BaseJdbcLogger.java:159)- <==      Total: 6
2019-05-15 21:34:12,832 DEBUG (BaseJdbcLogger.java:159)- ==>  Preparing: SELECT food_id,food_describe,food_price,food_image,canteen_id,food_name,food_rate,food_rate_number,created_time FROM food WHERE canteen_id = ? 
2019-05-15 21:34:12,833 DEBUG (BaseJdbcLogger.java:159)- ==> Parameters: 8(Integer)
2019-05-15 21:34:12,835 DEBUG (BaseJdbcLogger.java:159)- <==      Total: 6
2019-05-15 21:34:12,857 DEBUG (BaseJdbcLogger.java:159)- ==>  Preparing: DELETE FROM cart_info WHERE food_num = ? 
2019-05-15 21:34:12,858 DEBUG (BaseJdbcLogger.java:159)- ==>  Preparing: SELECT canteen_id,canteen_label,canteen_name,canteen_des,canteen_image,canteen_mark_number,canteen_mark,sales,takeout_money FROM canteen WHERE canteen_id = ? 
2019-05-15 21:34:12,859 DEBUG (BaseJdbcLogger.java:159)- ==> Parameters: 0(Integer)
2019-05-15 21:34:12,860 DEBUG (BaseJdbcLogger.java:159)- ==> Parameters: 8(Integer)
2019-05-15 21:34:12,862 DEBUG (BaseJdbcLogger.java:159)- <==    Updates: 0
2019-05-15 21:34:12,863 DEBUG (BaseJdbcLogger.java:159)- <==      Total: 1
2019-05-15 21:34:12,864 DEBUG (BaseJdbcLogger.java:159)- ==>  Preparing: SELECT id,cart_id,food_id,food_num FROM cart_info 
2019-05-15 21:34:12,864 DEBUG (BaseJdbcLogger.java:159)- ==> Parameters: 
2019-05-15 21:34:12,866 DEBUG (BaseJdbcLogger.java:159)- <==      Total: 3
2019-05-15 21:34:12,867 DEBUG (BaseJdbcLogger.java:159)- ==>  Preparing: SELECT food_id,food_describe,food_price,food_image,canteen_id,food_name,food_rate,food_rate_number,created_time FROM food WHERE food_id = ? 
2019-05-15 21:34:12,868 DEBUG (BaseJdbcLogger.java:159)- ==> Parameters: 2(Long)
2019-05-15 21:34:12,869 DEBUG (BaseJdbcLogger.java:159)- <==      Total: 1
2019-05-15 21:34:12,870 DEBUG (BaseJdbcLogger.java:159)- ==>  Preparing: SELECT food_id,food_describe,food_price,food_image,canteen_id,food_name,food_rate,food_rate_number,created_time FROM food WHERE food_id = ? 
2019-05-15 21:34:12,871 DEBUG (BaseJdbcLogger.java:159)- ==> Parameters: 6(Long)
2019-05-15 21:34:12,873 DEBUG (BaseJdbcLogger.java:159)- <==      Total: 1
2019-05-15 21:34:12,874 DEBUG (BaseJdbcLogger.java:159)- ==>  Preparing: SELECT food_id,food_describe,food_price,food_image,canteen_id,food_name,food_rate,food_rate_number,created_time FROM food WHERE food_id = ? 
2019-05-15 21:34:12,875 DEBUG (BaseJdbcLogger.java:159)- ==> Parameters: 9(Long)
2019-05-15 21:34:12,876 DEBUG (BaseJdbcLogger.java:159)- <==      Total: 1
2019-05-15 21:34:12,878 DEBUG (BaseJdbcLogger.java:159)- ==>  Preparing: SELECT cart_id,user_id,all_price FROM cart 
2019-05-15 21:34:12,878 DEBUG (BaseJdbcLogger.java:159)- ==> Parameters: 
2019-05-15 21:34:12,879 DEBUG (BaseJdbcLogger.java:159)- <==      Total: 1
2019-05-15 21:34:20,506 DEBUG (BaseJdbcLogger.java:159)- ==>  Preparing: SELECT id,cart_id,food_id,food_num FROM cart_info WHERE food_id = ? 
2019-05-15 21:34:20,507 DEBUG (BaseJdbcLogger.java:159)- ==> Parameters: 2(Long)
2019-05-15 21:34:20,510 DEBUG (BaseJdbcLogger.java:159)- <==      Total: 1
2019-05-15 21:34:20,513 DEBUG (BaseJdbcLogger.java:159)- ==>  Preparing: update cart_info set food_num=food_num+1 WHERE food_id=? 
2019-05-15 21:34:20,513 DEBUG (BaseJdbcLogger.java:159)- ==> Parameters: 2(Long)
2019-05-15 21:34:20,522 DEBUG (BaseJdbcLogger.java:159)- <==    Updates: 1
2019-05-15 21:34:20,523 DEBUG (BaseJdbcLogger.java:159)- ==>  Preparing: SELECT id,cart_id,food_id,food_num FROM cart_info 
2019-05-15 21:34:20,523 DEBUG (BaseJdbcLogger.java:159)- ==> Parameters: 
2019-05-15 21:34:20,524 DEBUG (BaseJdbcLogger.java:159)- <==      Total: 3
2019-05-15 21:34:20,525 DEBUG (BaseJdbcLogger.java:159)- ==>  Preparing: SELECT food_id,food_describe,food_price,food_image,canteen_id,food_name,food_rate,food_rate_number,created_time FROM food WHERE food_id = ? 
2019-05-15 21:34:20,526 DEBUG (BaseJdbcLogger.java:159)- ==> Parameters: 2(Long)
2019-05-15 21:34:20,527 DEBUG (BaseJdbcLogger.java:159)- <==      Total: 1
2019-05-15 21:34:20,529 DEBUG (BaseJdbcLogger.java:159)- ==>  Preparing: SELECT food_id,food_describe,food_price,food_image,canteen_id,food_name,food_rate,food_rate_number,created_time FROM food WHERE food_id = ? 
2019-05-15 21:34:20,529 DEBUG (BaseJdbcLogger.java:159)- ==> Parameters: 6(Long)
2019-05-15 21:34:20,531 DEBUG (BaseJdbcLogger.java:159)- <==      Total: 1
2019-05-15 21:34:20,532 DEBUG (BaseJdbcLogger.java:159)- ==>  Preparing: SELECT food_id,food_describe,food_price,food_image,canteen_id,food_name,food_rate,food_rate_number,created_time FROM food WHERE food_id = ? 
2019-05-15 21:34:20,532 DEBUG (BaseJdbcLogger.java:159)- ==> Parameters: 9(Long)
2019-05-15 21:34:20,534 DEBUG (BaseJdbcLogger.java:159)- <==      Total: 1
2019-05-15 21:34:20,535 DEBUG (BaseJdbcLogger.java:159)- ==>  Preparing: update cart SET all_price =? 
2019-05-15 21:34:20,536 DEBUG (BaseJdbcLogger.java:159)- ==> Parameters: 74(Integer)
2019-05-15 21:34:20,539 DEBUG (BaseJdbcLogger.java:159)- <==    Updates: 1
2019-05-15 21:34:20,540 DEBUG (BaseJdbcLogger.java:159)- ==>  Preparing: DELETE FROM cart_info WHERE food_num = ? 
2019-05-15 21:34:20,541 DEBUG (BaseJdbcLogger.java:159)- ==> Parameters: 0(Integer)
2019-05-15 21:34:20,542 DEBUG (BaseJdbcLogger.java:159)- <==    Updates: 0
2019-05-15 21:34:20,543 DEBUG (BaseJdbcLogger.java:159)- ==>  Preparing: SELECT id,cart_id,food_id,food_num FROM cart_info 
2019-05-15 21:34:20,544 DEBUG (BaseJdbcLogger.java:159)- ==> Parameters: 
2019-05-15 21:34:20,546 DEBUG (BaseJdbcLogger.java:159)- <==      Total: 3
2019-05-15 21:34:20,547 DEBUG (BaseJdbcLogger.java:159)- ==>  Preparing: SELECT food_id,food_describe,food_price,food_image,canteen_id,food_name,food_rate,food_rate_number,created_time FROM food WHERE food_id = ? 
2019-05-15 21:34:20,547 DEBUG (BaseJdbcLogger.java:159)- ==> Parameters: 2(Long)
2019-05-15 21:34:20,549 DEBUG (BaseJdbcLogger.java:159)- <==      Total: 1
2019-05-15 21:34:20,550 DEBUG (BaseJdbcLogger.java:159)- ==>  Preparing: SELECT food_id,food_describe,food_price,food_image,canteen_id,food_name,food_rate,food_rate_number,created_time FROM food WHERE food_id = ? 
2019-05-15 21:34:20,550 DEBUG (BaseJdbcLogger.java:159)- ==> Parameters: 6(Long)
2019-05-15 21:34:20,551 DEBUG (BaseJdbcLogger.java:159)- <==      Total: 1
2019-05-15 21:34:20,553 DEBUG (BaseJdbcLogger.java:159)- ==>  Preparing: SELECT food_id,food_describe,food_price,food_image,canteen_id,food_name,food_rate,food_rate_number,created_time FROM food WHERE food_id = ? 
2019-05-15 21:34:20,553 DEBUG (BaseJdbcLogger.java:159)- ==> Parameters: 9(Long)
2019-05-15 21:34:20,554 DEBUG (BaseJdbcLogger.java:159)- <==      Total: 1
2019-05-15 21:34:20,556 DEBUG (BaseJdbcLogger.java:159)- ==>  Preparing: SELECT cart_id,user_id,all_price FROM cart WHERE all_price = ? 
2019-05-15 21:34:20,556 DEBUG (BaseJdbcLogger.java:159)- ==> Parameters: 74(Integer)
2019-05-15 21:34:20,557 DEBUG (BaseJdbcLogger.java:159)- <==      Total: 1
2019-05-15 21:34:21,912 DEBUG (BaseJdbcLogger.java:159)- ==>  Preparing: update cart_info set food_num=food_num-1 WHERE food_id=? 
2019-05-15 21:34:21,913 DEBUG (BaseJdbcLogger.java:159)- ==> Parameters: 2(Long)
2019-05-15 21:34:21,917 DEBUG (BaseJdbcLogger.java:159)- <==    Updates: 1
2019-05-15 21:34:21,918 DEBUG (BaseJdbcLogger.java:159)- ==>  Preparing: SELECT id,cart_id,food_id,food_num FROM cart_info 
2019-05-15 21:34:21,919 DEBUG (BaseJdbcLogger.java:159)- ==> Parameters: 
2019-05-15 21:34:21,920 DEBUG (BaseJdbcLogger.java:159)- <==      Total: 3
2019-05-15 21:34:21,921 DEBUG (BaseJdbcLogger.java:159)- ==>  Preparing: SELECT food_id,food_describe,food_price,food_image,canteen_id,food_name,food_rate,food_rate_number,created_time FROM food WHERE food_id = ? 
2019-05-15 21:34:21,921 DEBUG (BaseJdbcLogger.java:159)- ==> Parameters: 2(Long)
2019-05-15 21:34:21,922 DEBUG (BaseJdbcLogger.java:159)- <==      Total: 1
2019-05-15 21:34:21,923 DEBUG (BaseJdbcLogger.java:159)- ==>  Preparing: SELECT food_id,food_describe,food_price,food_image,canteen_id,food_name,food_rate,food_rate_number,created_time FROM food WHERE food_id = ? 
2019-05-15 21:34:21,923 DEBUG (BaseJdbcLogger.java:159)- ==> Parameters: 6(Long)
2019-05-15 21:34:21,925 DEBUG (BaseJdbcLogger.java:159)- <==      Total: 1
2019-05-15 21:34:21,925 DEBUG (BaseJdbcLogger.java:159)- ==>  Preparing: SELECT food_id,food_describe,food_price,food_image,canteen_id,food_name,food_rate,food_rate_number,created_time FROM food WHERE food_id = ? 
2019-05-15 21:34:21,926 DEBUG (BaseJdbcLogger.java:159)- ==> Parameters: 9(Long)
2019-05-15 21:34:21,927 DEBUG (BaseJdbcLogger.java:159)- <==      Total: 1
2019-05-15 21:34:21,928 DEBUG (BaseJdbcLogger.java:159)- ==>  Preparing: update cart SET all_price =? 
2019-05-15 21:34:21,929 DEBUG (BaseJdbcLogger.java:159)- ==> Parameters: 59(Integer)
2019-05-15 21:34:21,932 DEBUG (BaseJdbcLogger.java:159)- <==    Updates: 1
2019-05-15 21:34:21,933 DEBUG (BaseJdbcLogger.java:159)- ==>  Preparing: DELETE FROM cart_info WHERE food_num = ? 
2019-05-15 21:34:21,934 DEBUG (BaseJdbcLogger.java:159)- ==> Parameters: 0(Integer)
2019-05-15 21:34:21,934 DEBUG (BaseJdbcLogger.java:159)- <==    Updates: 0
2019-05-15 21:34:21,935 DEBUG (BaseJdbcLogger.java:159)- ==>  Preparing: SELECT id,cart_id,food_id,food_num FROM cart_info 
2019-05-15 21:34:21,935 DEBUG (BaseJdbcLogger.java:159)- ==> Parameters: 
2019-05-15 21:34:21,936 DEBUG (BaseJdbcLogger.java:159)- <==      Total: 3
2019-05-15 21:34:21,937 DEBUG (BaseJdbcLogger.java:159)- ==>  Preparing: SELECT food_id,food_describe,food_price,food_image,canteen_id,food_name,food_rate,food_rate_number,created_time FROM food WHERE food_id = ? 
2019-05-15 21:34:21,938 DEBUG (BaseJdbcLogger.java:159)- ==> Parameters: 2(Long)
2019-05-15 21:34:21,939 DEBUG (BaseJdbcLogger.java:159)- <==      Total: 1
2019-05-15 21:34:21,940 DEBUG (BaseJdbcLogger.java:159)- ==>  Preparing: SELECT food_id,food_describe,food_price,food_image,canteen_id,food_name,food_rate,food_rate_number,created_time FROM food WHERE food_id = ? 
2019-05-15 21:34:21,940 DEBUG (BaseJdbcLogger.java:159)- ==> Parameters: 6(Long)
2019-05-15 21:34:21,941 DEBUG (BaseJdbcLogger.java:159)- <==      Total: 1
2019-05-15 21:34:21,942 DEBUG (BaseJdbcLogger.java:159)- ==>  Preparing: SELECT food_id,food_describe,food_price,food_image,canteen_id,food_name,food_rate,food_rate_number,created_time FROM food WHERE food_id = ? 
2019-05-15 21:34:21,942 DEBUG (BaseJdbcLogger.java:159)- ==> Parameters: 9(Long)
2019-05-15 21:34:21,944 DEBUG (BaseJdbcLogger.java:159)- <==      Total: 1
2019-05-15 21:34:21,945 DEBUG (BaseJdbcLogger.java:159)- ==>  Preparing: SELECT cart_id,user_id,all_price FROM cart WHERE all_price = ? 
2019-05-15 21:34:21,945 DEBUG (BaseJdbcLogger.java:159)- ==> Parameters: 59(Integer)
2019-05-15 21:34:21,946 DEBUG (BaseJdbcLogger.java:159)- <==      Total: 1
2019-05-15 21:37:29,276 DEBUG (BaseJdbcLogger.java:159)- ==>  Preparing: SELECT canteen_id,canteen_label,canteen_name,canteen_des,canteen_image,canteen_mark_number,canteen_mark,sales,takeout_money FROM canteen WHERE canteen_id = ? 
2019-05-15 21:37:29,276 DEBUG (BaseJdbcLogger.java:159)- ==>  Preparing: SELECT food_id,food_describe,food_price,food_image,canteen_id,food_name,food_rate,food_rate_number,created_time FROM food WHERE canteen_id = ? 
2019-05-15 21:37:29,277 DEBUG (BaseJdbcLogger.java:159)- ==> Parameters: 8(Integer)
2019-05-15 21:37:29,277 DEBUG (BaseJdbcLogger.java:159)- ==> Parameters: 8(Integer)
2019-05-15 21:37:29,278 DEBUG (BaseJdbcLogger.java:159)- <==      Total: 1
2019-05-15 21:37:29,279 DEBUG (BaseJdbcLogger.java:159)- <==      Total: 6
2019-05-15 21:37:29,292 DEBUG (BaseJdbcLogger.java:159)- ==>  Preparing: DELETE FROM cart_info WHERE food_num = ? 
2019-05-15 21:37:29,293 DEBUG (BaseJdbcLogger.java:159)- ==> Parameters: 0(Integer)
2019-05-15 21:37:29,294 DEBUG (BaseJdbcLogger.java:159)- <==    Updates: 0
2019-05-15 21:37:29,295 DEBUG (BaseJdbcLogger.java:159)- ==>  Preparing: SELECT id,cart_id,food_id,food_num FROM cart_info 
2019-05-15 21:37:29,296 DEBUG (BaseJdbcLogger.java:159)- ==> Parameters: 
2019-05-15 21:37:29,297 DEBUG (BaseJdbcLogger.java:159)- <==      Total: 3
2019-05-15 21:37:29,298 DEBUG (BaseJdbcLogger.java:159)- ==>  Preparing: SELECT food_id,food_describe,food_price,food_image,canteen_id,food_name,food_rate,food_rate_number,created_time FROM food WHERE food_id = ? 
2019-05-15 21:37:29,299 DEBUG (BaseJdbcLogger.java:159)- ==> Parameters: 2(Long)
2019-05-15 21:37:29,301 DEBUG (BaseJdbcLogger.java:159)- <==      Total: 1
2019-05-15 21:37:29,302 DEBUG (BaseJdbcLogger.java:159)- ==>  Preparing: SELECT food_id,food_describe,food_price,food_image,canteen_id,food_name,food_rate,food_rate_number,created_time FROM food WHERE food_id = ? 
2019-05-15 21:37:29,303 DEBUG (BaseJdbcLogger.java:159)- ==> Parameters: 6(Long)
2019-05-15 21:37:29,305 DEBUG (BaseJdbcLogger.java:159)- <==      Total: 1
2019-05-15 21:37:29,306 DEBUG (BaseJdbcLogger.java:159)- ==>  Preparing: SELECT food_id,food_describe,food_price,food_image,canteen_id,food_name,food_rate,food_rate_number,created_time FROM food WHERE food_id = ? 
2019-05-15 21:37:29,307 DEBUG (BaseJdbcLogger.java:159)- ==> Parameters: 9(Long)
2019-05-15 21:37:29,308 DEBUG (BaseJdbcLogger.java:159)- <==      Total: 1
2019-05-15 21:37:29,310 DEBUG (BaseJdbcLogger.java:159)- ==>  Preparing: SELECT cart_id,user_id,all_price FROM cart WHERE user_id = ? 
2019-05-15 21:37:29,310 DEBUG (BaseJdbcLogger.java:159)- ==> Parameters: 75(Long)
2019-05-15 21:37:29,312 DEBUG (BaseJdbcLogger.java:159)- <==      Total: 1
2019-05-15 21:39:18,401 DEBUG (BaseJdbcLogger.java:159)- ==>  Preparing: SELECT id,cart_id,food_id,food_num FROM cart_info WHERE cart_id = ? AND food_id = ? 
2019-05-15 21:39:18,401 DEBUG (BaseJdbcLogger.java:159)- ==> Parameters: 1(Integer), 8(Long)
2019-05-15 21:39:18,402 DEBUG (BaseJdbcLogger.java:159)- <==      Total: 0
2019-05-15 21:39:18,407 DEBUG (BaseJdbcLogger.java:159)- ==>  Preparing: INSERT INTO cart_info ( id,cart_id,food_id,food_num ) VALUES( ?,?,?,? ) 
2019-05-15 21:39:18,409 DEBUG (BaseJdbcLogger.java:159)- ==> Parameters: null, 1(Integer), 8(Long), 1(Integer)
2019-05-15 21:39:18,418 DEBUG (BaseJdbcLogger.java:159)- <==    Updates: 1
2019-05-15 21:39:18,418 DEBUG (BaseJdbcLogger.java:159)- ==>  Preparing: SELECT id,cart_id,food_id,food_num FROM cart_info WHERE cart_id = ? 
2019-05-15 21:39:18,419 DEBUG (BaseJdbcLogger.java:159)- ==> Parameters: 1(Integer)
2019-05-15 21:39:18,420 DEBUG (BaseJdbcLogger.java:159)- <==      Total: 3
2019-05-15 21:39:18,421 DEBUG (BaseJdbcLogger.java:159)- ==>  Preparing: SELECT food_id,food_describe,food_price,food_image,canteen_id,food_name,food_rate,food_rate_number,created_time FROM food WHERE food_id = ? 
2019-05-15 21:39:18,422 DEBUG (BaseJdbcLogger.java:159)- ==> Parameters: 2(Long)
2019-05-15 21:39:18,424 DEBUG (BaseJdbcLogger.java:159)- <==      Total: 1
2019-05-15 21:39:18,425 DEBUG (BaseJdbcLogger.java:159)- ==>  Preparing: SELECT food_id,food_describe,food_price,food_image,canteen_id,food_name,food_rate,food_rate_number,created_time FROM food WHERE food_id = ? 
2019-05-15 21:39:18,426 DEBUG (BaseJdbcLogger.java:159)- ==> Parameters: 6(Long)
2019-05-15 21:39:18,428 DEBUG (BaseJdbcLogger.java:159)- <==      Total: 1
2019-05-15 21:39:18,429 DEBUG (BaseJdbcLogger.java:159)- ==>  Preparing: SELECT food_id,food_describe,food_price,food_image,canteen_id,food_name,food_rate,food_rate_number,created_time FROM food WHERE food_id = ? 
2019-05-15 21:39:18,430 DEBUG (BaseJdbcLogger.java:159)- ==> Parameters: 8(Long)
2019-05-15 21:39:18,431 DEBUG (BaseJdbcLogger.java:159)- <==      Total: 1
2019-05-15 21:39:18,432 DEBUG (BaseJdbcLogger.java:159)- ==>  Preparing: update cart SET all_price =? WHERE cart_id=? 
2019-05-15 21:39:18,432 DEBUG (BaseJdbcLogger.java:159)- ==> Parameters: 63(Integer), 1(Integer)
2019-05-15 21:39:18,436 DEBUG (BaseJdbcLogger.java:159)- <==    Updates: 1
2019-05-15 21:39:18,436 DEBUG (BaseJdbcLogger.java:159)- ==>  Preparing: DELETE FROM cart_info WHERE food_num = ? 
2019-05-15 21:39:18,437 DEBUG (BaseJdbcLogger.java:159)- ==> Parameters: 0(Integer)
2019-05-15 21:39:18,438 DEBUG (BaseJdbcLogger.java:159)- <==    Updates: 0
2019-05-15 21:39:18,439 DEBUG (BaseJdbcLogger.java:159)- ==>  Preparing: SELECT id,cart_id,food_id,food_num FROM cart_info WHERE cart_id = ? 
2019-05-15 21:39:18,440 DEBUG (BaseJdbcLogger.java:159)- ==> Parameters: 1(Integer)
2019-05-15 21:39:18,441 DEBUG (BaseJdbcLogger.java:159)- <==      Total: 3
2019-05-15 21:39:18,442 DEBUG (BaseJdbcLogger.java:159)- ==>  Preparing: SELECT food_id,food_describe,food_price,food_image,canteen_id,food_name,food_rate,food_rate_number,created_time FROM food WHERE food_id = ? 
2019-05-15 21:39:18,443 DEBUG (BaseJdbcLogger.java:159)- ==> Parameters: 2(Long)
2019-05-15 21:39:18,446 DEBUG (BaseJdbcLogger.java:159)- <==      Total: 1
2019-05-15 21:39:18,446 DEBUG (BaseJdbcLogger.java:159)- ==>  Preparing: SELECT food_id,food_describe,food_price,food_image,canteen_id,food_name,food_rate,food_rate_number,created_time FROM food WHERE food_id = ? 
2019-05-15 21:39:18,447 DEBUG (BaseJdbcLogger.java:159)- ==> Parameters: 6(Long)
2019-05-15 21:39:18,448 DEBUG (BaseJdbcLogger.java:159)- <==      Total: 1
2019-05-15 21:39:18,449 DEBUG (BaseJdbcLogger.java:159)- ==>  Preparing: SELECT food_id,food_describe,food_price,food_image,canteen_id,food_name,food_rate,food_rate_number,created_time FROM food WHERE food_id = ? 
2019-05-15 21:39:18,449 DEBUG (BaseJdbcLogger.java:159)- ==> Parameters: 8(Long)
2019-05-15 21:39:18,450 DEBUG (BaseJdbcLogger.java:159)- <==      Total: 1
2019-05-15 21:39:18,451 DEBUG (BaseJdbcLogger.java:159)- ==>  Preparing: SELECT cart_id,user_id,all_price FROM cart WHERE cart_id = ? AND user_id = ? AND all_price = ? 
2019-05-15 21:39:18,451 DEBUG (BaseJdbcLogger.java:159)- ==> Parameters: 1(Integer), 75(Long), 63(Integer)
2019-05-15 21:39:18,452 DEBUG (BaseJdbcLogger.java:159)- <==      Total: 1
2019-05-15 21:39:25,749 DEBUG (BaseJdbcLogger.java:159)- ==>  Preparing: SELECT id,cart_id,food_id,food_num FROM cart_info WHERE cart_id = ? AND food_id = ? 
2019-05-15 21:39:25,750 DEBUG (BaseJdbcLogger.java:159)- ==> Parameters: 1(Integer), 9(Long)
2019-05-15 21:39:25,751 DEBUG (BaseJdbcLogger.java:159)- <==      Total: 0
2019-05-15 21:39:25,752 DEBUG (BaseJdbcLogger.java:159)- ==>  Preparing: INSERT INTO cart_info ( id,cart_id,food_id,food_num ) VALUES( ?,?,?,? ) 
2019-05-15 21:39:25,753 DEBUG (BaseJdbcLogger.java:159)- ==> Parameters: null, 1(Integer), 9(Long), 1(Integer)
2019-05-15 21:39:25,756 DEBUG (BaseJdbcLogger.java:159)- <==    Updates: 1
2019-05-15 21:39:25,757 DEBUG (BaseJdbcLogger.java:159)- ==>  Preparing: SELECT id,cart_id,food_id,food_num FROM cart_info WHERE cart_id = ? 
2019-05-15 21:39:25,757 DEBUG (BaseJdbcLogger.java:159)- ==> Parameters: 1(Integer)
2019-05-15 21:39:25,759 DEBUG (BaseJdbcLogger.java:159)- <==      Total: 4
2019-05-15 21:39:25,760 DEBUG (BaseJdbcLogger.java:159)- ==>  Preparing: SELECT food_id,food_describe,food_price,food_image,canteen_id,food_name,food_rate,food_rate_number,created_time FROM food WHERE food_id = ? 
2019-05-15 21:39:25,760 DEBUG (BaseJdbcLogger.java:159)- ==> Parameters: 2(Long)
2019-05-15 21:39:25,761 DEBUG (BaseJdbcLogger.java:159)- <==      Total: 1
2019-05-15 21:39:25,762 DEBUG (BaseJdbcLogger.java:159)- ==>  Preparing: SELECT food_id,food_describe,food_price,food_image,canteen_id,food_name,food_rate,food_rate_number,created_time FROM food WHERE food_id = ? 
2019-05-15 21:39:25,763 DEBUG (BaseJdbcLogger.java:159)- ==> Parameters: 6(Long)
2019-05-15 21:39:25,764 DEBUG (BaseJdbcLogger.java:159)- <==      Total: 1
2019-05-15 21:39:25,765 DEBUG (BaseJdbcLogger.java:159)- ==>  Preparing: SELECT food_id,food_describe,food_price,food_image,canteen_id,food_name,food_rate,food_rate_number,created_time FROM food WHERE food_id = ? 
2019-05-15 21:39:25,766 DEBUG (BaseJdbcLogger.java:159)- ==> Parameters: 8(Long)
2019-05-15 21:39:25,767 DEBUG (BaseJdbcLogger.java:159)- <==      Total: 1
2019-05-15 21:39:25,768 DEBUG (BaseJdbcLogger.java:159)- ==>  Preparing: SELECT food_id,food_describe,food_price,food_image,canteen_id,food_name,food_rate,food_rate_number,created_time FROM food WHERE food_id = ? 
2019-05-15 21:39:25,768 DEBUG (BaseJdbcLogger.java:159)- ==> Parameters: 9(Long)
2019-05-15 21:39:25,769 DEBUG (BaseJdbcLogger.java:159)- <==      Total: 1
2019-05-15 21:39:25,770 DEBUG (BaseJdbcLogger.java:159)- ==>  Preparing: update cart SET all_price =? WHERE cart_id=? 
2019-05-15 21:39:25,770 DEBUG (BaseJdbcLogger.java:159)- ==> Parameters: 75(Integer), 1(Integer)
2019-05-15 21:39:25,774 DEBUG (BaseJdbcLogger.java:159)- <==    Updates: 1
2019-05-15 21:39:25,775 DEBUG (BaseJdbcLogger.java:159)- ==>  Preparing: DELETE FROM cart_info WHERE food_num = ? 
2019-05-15 21:39:25,776 DEBUG (BaseJdbcLogger.java:159)- ==> Parameters: 0(Integer)
2019-05-15 21:39:25,777 DEBUG (BaseJdbcLogger.java:159)- <==    Updates: 0
2019-05-15 21:39:25,778 DEBUG (BaseJdbcLogger.java:159)- ==>  Preparing: SELECT id,cart_id,food_id,food_num FROM cart_info WHERE cart_id = ? 
2019-05-15 21:39:25,778 DEBUG (BaseJdbcLogger.java:159)- ==> Parameters: 1(Integer)
2019-05-15 21:39:25,779 DEBUG (BaseJdbcLogger.java:159)- <==      Total: 4
2019-05-15 21:39:25,780 DEBUG (BaseJdbcLogger.java:159)- ==>  Preparing: SELECT food_id,food_describe,food_price,food_image,canteen_id,food_name,food_rate,food_rate_number,created_time FROM food WHERE food_id = ? 
2019-05-15 21:39:25,780 DEBUG (BaseJdbcLogger.java:159)- ==> Parameters: 2(Long)
2019-05-15 21:39:25,783 DEBUG (BaseJdbcLogger.java:159)- <==      Total: 1
2019-05-15 21:39:25,784 DEBUG (BaseJdbcLogger.java:159)- ==>  Preparing: SELECT food_id,food_describe,food_price,food_image,canteen_id,food_name,food_rate,food_rate_number,created_time FROM food WHERE food_id = ? 
2019-05-15 21:39:25,784 DEBUG (BaseJdbcLogger.java:159)- ==> Parameters: 6(Long)
2019-05-15 21:39:25,785 DEBUG (BaseJdbcLogger.java:159)- <==      Total: 1
2019-05-15 21:39:25,786 DEBUG (BaseJdbcLogger.java:159)- ==>  Preparing: SELECT food_id,food_describe,food_price,food_image,canteen_id,food_name,food_rate,food_rate_number,created_time FROM food WHERE food_id = ? 
2019-05-15 21:39:25,786 DEBUG (BaseJdbcLogger.java:159)- ==> Parameters: 8(Long)
2019-05-15 21:39:25,787 DEBUG (BaseJdbcLogger.java:159)- <==      Total: 1
2019-05-15 21:39:25,788 DEBUG (BaseJdbcLogger.java:159)- ==>  Preparing: SELECT food_id,food_describe,food_price,food_image,canteen_id,food_name,food_rate,food_rate_number,created_time FROM food WHERE food_id = ? 
2019-05-15 21:39:25,788 DEBUG (BaseJdbcLogger.java:159)- ==> Parameters: 9(Long)
2019-05-15 21:39:25,790 DEBUG (BaseJdbcLogger.java:159)- <==      Total: 1
2019-05-15 21:39:25,790 DEBUG (BaseJdbcLogger.java:159)- ==>  Preparing: SELECT cart_id,user_id,all_price FROM cart WHERE cart_id = ? AND user_id = ? AND all_price = ? 
2019-05-15 21:39:25,791 DEBUG (BaseJdbcLogger.java:159)- ==> Parameters: 1(Integer), 75(Long), 75(Integer)
2019-05-15 21:39:25,792 DEBUG (BaseJdbcLogger.java:159)- <==      Total: 1
2019-05-15 21:39:42,250 DEBUG (BaseJdbcLogger.java:159)- ==>  Preparing: SELECT id,cart_id,food_id,food_num FROM cart_info WHERE cart_id = ? AND food_id = ? 
2019-05-15 21:39:42,250 DEBUG (BaseJdbcLogger.java:159)- ==> Parameters: 1(Integer), 1(Long)
2019-05-15 21:39:42,251 DEBUG (BaseJdbcLogger.java:159)- <==      Total: 0
2019-05-15 21:39:42,252 DEBUG (BaseJdbcLogger.java:159)- ==>  Preparing: INSERT INTO cart_info ( id,cart_id,food_id,food_num ) VALUES( ?,?,?,? ) 
2019-05-15 21:39:42,253 DEBUG (BaseJdbcLogger.java:159)- ==> Parameters: null, 1(Integer), 1(Long), 1(Integer)
2019-05-15 21:39:42,255 DEBUG (BaseJdbcLogger.java:159)- <==    Updates: 1
2019-05-15 21:39:42,256 DEBUG (BaseJdbcLogger.java:159)- ==>  Preparing: SELECT id,cart_id,food_id,food_num FROM cart_info WHERE cart_id = ? 
2019-05-15 21:39:42,257 DEBUG (BaseJdbcLogger.java:159)- ==> Parameters: 1(Integer)
2019-05-15 21:39:42,258 DEBUG (BaseJdbcLogger.java:159)- <==      Total: 5
2019-05-15 21:39:42,260 DEBUG (BaseJdbcLogger.java:159)- ==>  Preparing: SELECT food_id,food_describe,food_price,food_image,canteen_id,food_name,food_rate,food_rate_number,created_time FROM food WHERE food_id = ? 
2019-05-15 21:39:42,260 DEBUG (BaseJdbcLogger.java:159)- ==> Parameters: 2(Long)
2019-05-15 21:39:42,262 DEBUG (BaseJdbcLogger.java:159)- <==      Total: 1
2019-05-15 21:39:42,263 DEBUG (BaseJdbcLogger.java:159)- ==>  Preparing: SELECT food_id,food_describe,food_price,food_image,canteen_id,food_name,food_rate,food_rate_number,created_time FROM food WHERE food_id = ? 
2019-05-15 21:39:42,263 DEBUG (BaseJdbcLogger.java:159)- ==> Parameters: 6(Long)
2019-05-15 21:39:42,264 DEBUG (BaseJdbcLogger.java:159)- <==      Total: 1
2019-05-15 21:39:42,265 DEBUG (BaseJdbcLogger.java:159)- ==>  Preparing: SELECT food_id,food_describe,food_price,food_image,canteen_id,food_name,food_rate,food_rate_number,created_time FROM food WHERE food_id = ? 
2019-05-15 21:39:42,265 DEBUG (BaseJdbcLogger.java:159)- ==> Parameters: 8(Long)
2019-05-15 21:39:42,266 DEBUG (BaseJdbcLogger.java:159)- <==      Total: 1
2019-05-15 21:39:42,267 DEBUG (BaseJdbcLogger.java:159)- ==>  Preparing: SELECT food_id,food_describe,food_price,food_image,canteen_id,food_name,food_rate,food_rate_number,created_time FROM food WHERE food_id = ? 
2019-05-15 21:39:42,267 DEBUG (BaseJdbcLogger.java:159)- ==> Parameters: 9(Long)
2019-05-15 21:39:42,268 DEBUG (BaseJdbcLogger.java:159)- <==      Total: 1
2019-05-15 21:39:42,269 DEBUG (BaseJdbcLogger.java:159)- ==>  Preparing: SELECT food_id,food_describe,food_price,food_image,canteen_id,food_name,food_rate,food_rate_number,created_time FROM food WHERE food_id = ? 
2019-05-15 21:39:42,269 DEBUG (BaseJdbcLogger.java:159)- ==> Parameters: 1(Long)
2019-05-15 21:39:42,270 DEBUG (BaseJdbcLogger.java:159)- <==      Total: 1
2019-05-15 21:39:42,271 DEBUG (BaseJdbcLogger.java:159)- ==>  Preparing: update cart SET all_price =? WHERE cart_id=? 
2019-05-15 21:39:42,271 DEBUG (BaseJdbcLogger.java:159)- ==> Parameters: 88(Integer), 1(Integer)
2019-05-15 21:39:42,276 DEBUG (BaseJdbcLogger.java:159)- <==    Updates: 1
2019-05-15 21:39:42,277 DEBUG (BaseJdbcLogger.java:159)- ==>  Preparing: DELETE FROM cart_info WHERE food_num = ? 
2019-05-15 21:39:42,277 DEBUG (BaseJdbcLogger.java:159)- ==> Parameters: 0(Integer)
2019-05-15 21:39:42,278 DEBUG (BaseJdbcLogger.java:159)- <==    Updates: 0
2019-05-15 21:39:42,279 DEBUG (BaseJdbcLogger.java:159)- ==>  Preparing: SELECT id,cart_id,food_id,food_num FROM cart_info WHERE cart_id = ? 
2019-05-15 21:39:42,279 DEBUG (BaseJdbcLogger.java:159)- ==> Parameters: 1(Integer)
2019-05-15 21:39:42,280 DEBUG (BaseJdbcLogger.java:159)- <==      Total: 5
2019-05-15 21:39:42,281 DEBUG (BaseJdbcLogger.java:159)- ==>  Preparing: SELECT food_id,food_describe,food_price,food_image,canteen_id,food_name,food_rate,food_rate_number,created_time FROM food WHERE food_id = ? 
2019-05-15 21:39:42,282 DEBUG (BaseJdbcLogger.java:159)- ==> Parameters: 2(Long)
2019-05-15 21:39:42,283 DEBUG (BaseJdbcLogger.java:159)- <==      Total: 1
2019-05-15 21:39:42,284 DEBUG (BaseJdbcLogger.java:159)- ==>  Preparing: SELECT food_id,food_describe,food_price,food_image,canteen_id,food_name,food_rate,food_rate_number,created_time FROM food WHERE food_id = ? 
2019-05-15 21:39:42,284 DEBUG (BaseJdbcLogger.java:159)- ==> Parameters: 6(Long)
2019-05-15 21:39:42,285 DEBUG (BaseJdbcLogger.java:159)- <==      Total: 1
2019-05-15 21:39:42,286 DEBUG (BaseJdbcLogger.java:159)- ==>  Preparing: SELECT food_id,food_describe,food_price,food_image,canteen_id,food_name,food_rate,food_rate_number,created_time FROM food WHERE food_id = ? 
2019-05-15 21:39:42,287 DEBUG (BaseJdbcLogger.java:159)- ==> Parameters: 8(Long)
2019-05-15 21:39:42,288 DEBUG (BaseJdbcLogger.java:159)- <==      Total: 1
2019-05-15 21:39:42,290 DEBUG (BaseJdbcLogger.java:159)- ==>  Preparing: SELECT food_id,food_describe,food_price,food_image,canteen_id,food_name,food_rate,food_rate_number,created_time FROM food WHERE food_id = ? 
2019-05-15 21:39:42,291 DEBUG (BaseJdbcLogger.java:159)- ==> Parameters: 9(Long)
2019-05-15 21:39:42,292 DEBUG (BaseJdbcLogger.java:159)- <==      Total: 1
2019-05-15 21:39:42,293 DEBUG (BaseJdbcLogger.java:159)- ==>  Preparing: SELECT food_id,food_describe,food_price,food_image,canteen_id,food_name,food_rate,food_rate_number,created_time FROM food WHERE food_id = ? 
2019-05-15 21:39:42,294 DEBUG (BaseJdbcLogger.java:159)- ==> Parameters: 1(Long)
2019-05-15 21:39:42,295 DEBUG (BaseJdbcLogger.java:159)- <==      Total: 1
2019-05-15 21:39:42,297 DEBUG (BaseJdbcLogger.java:159)- ==>  Preparing: SELECT cart_id,user_id,all_price FROM cart WHERE cart_id = ? AND user_id = ? AND all_price = ? 
2019-05-15 21:39:42,298 DEBUG (BaseJdbcLogger.java:159)- ==> Parameters: 1(Integer), 75(Long), 88(Integer)
2019-05-15 21:39:42,299 DEBUG (BaseJdbcLogger.java:159)- <==      Total: 1
2019-05-15 21:40:36,737 INFO (SpringApplication.java:597)- The following profiles are active: dev
2019-05-15 21:40:49,528 INFO (StartupInfoLogger.java:57)- Started AdminServiceApp in 16.2 seconds (JVM running for 873.185)
2019-05-15 21:48:26,195 INFO (SpringApplication.java:597)- The following profiles are active: dev
2019-05-15 21:48:35,813 INFO (StartupInfoLogger.java:57)- Started AdminServiceApp in 12.192 seconds (JVM running for 1339.47)
