2019-05-04 22:26:31,441 INFO (SpringApplication.java:597)- The following profiles are active: dev
2019-05-04 22:26:48,210 INFO (StartupInfoLogger.java:57)- Started AdminServiceApp in 21.367 seconds (JVM running for 23.139)
2019-05-04 22:28:08,241 DEBUG (BaseJdbcLogger.java:159)- ==>  Preparing: SELECT user_id,user_phone,user_pwd,user_email,user_status,user_name,canteen_id,verify_code FROM user WHERE user_pwd = ? AND user_email = ? 
2019-05-04 22:28:08,268 DEBUG (BaseJdbcLogger.java:159)- ==> Parameters: 310dcbbf4cce62f762a2aaa148d556bd(String), 333@qq.com(String)
2019-05-04 22:28:08,281 DEBUG (BaseJdbcLogger.java:159)- <==      Total: 1
2019-05-04 22:28:08,462 DEBUG (BaseJdbcLogger.java:159)- ==>  Preparing: SELECT canteen_id,canteen_label,canteen_name,canteen_des,canteen_image,canteen_mark_number,canteen_mark,sales FROM canteen WHERE canteen_id = ? 
2019-05-04 22:28:08,465 DEBUG (BaseJdbcLogger.java:159)- ==> Parameters: 8(Integer)
2019-05-04 22:28:08,468 DEBUG (BaseJdbcLogger.java:159)- <==      Total: 1
2019-05-04 22:28:12,332 DEBUG (BaseJdbcLogger.java:159)- ==>  Preparing: SELECT food_id,food_describe,food_price,food_image,canteen_id,food_name,food_rate,food_rate_number,created_time FROM food WHERE canteen_id = ? 
2019-05-04 22:28:12,332 DEBUG (BaseJdbcLogger.java:159)- ==> Parameters: 8(Integer)
2019-05-04 22:28:12,343 DEBUG (BaseJdbcLogger.java:159)- <==      Total: 6
2019-05-04 22:28:13,538 DEBUG (BaseJdbcLogger.java:159)- ==>  Preparing: SELECT food_id,food_describe,food_price,food_image,canteen_id,food_name,food_rate,food_rate_number,created_time FROM food WHERE food_id = ? 
2019-05-04 22:28:13,539 DEBUG (BaseJdbcLogger.java:159)- ==> Parameters: 1(Long)
2019-05-04 22:28:13,542 DEBUG (BaseJdbcLogger.java:159)- <==      Total: 1
2019-05-04 22:28:18,091 DEBUG (BaseJdbcLogger.java:159)- ==>  Preparing: update food set food_id=? ,food_image = ? where food_id = ? 
2019-05-04 22:28:18,091 DEBUG (BaseJdbcLogger.java:159)- ==> Parameters: 1(Long), http://image.xikecanteen.com/canteen/8/1/1.png(String), 1(Long)
2019-05-04 22:28:18,100 DEBUG (BaseJdbcLogger.java:159)- <==    Updates: 1
2019-05-04 22:28:47,818 DEBUG (BaseJdbcLogger.java:159)- ==>  Preparing: update food set food_id=? ,food_image = ? where food_id = ? 
2019-05-04 22:28:47,819 DEBUG (BaseJdbcLogger.java:159)- ==> Parameters: 1(Long), http://image.xikecanteen.com/canteen/8/1/4.png(String), 1(Long)
2019-05-04 22:28:47,822 DEBUG (BaseJdbcLogger.java:159)- <==    Updates: 1
2019-05-04 22:34:05,947 INFO (SpringApplication.java:597)- The following profiles are active: dev
2019-05-04 22:34:28,737 INFO (StartupInfoLogger.java:57)- Started AdminServiceApp in 28.236 seconds (JVM running for 32.08)
