2019-07-21 10:29:36,974 DEBUG (BaseJdbcLogger.java:159)- ==>  Preparing: SELECT user_id,user_phone,user_pwd,user_email,user_status,user_name,canteen_id,verify_code,cart_id FROM user WHERE user_pwd = ? AND user_email = ? 
2019-07-21 10:29:38,141 DEBUG (BaseJdbcLogger.java:159)- ==> Parameters: 310dcbbf4cce62f762a2aaa148d556bd(String), 2150866957@qq.com(String)
2019-07-21 10:29:38,186 DEBUG (BaseJdbcLogger.java:159)- <==      Total: 1
2019-07-21 10:29:45,795 DEBUG (BaseJdbcLogger.java:159)- ==>  Preparing: SELECT user_id,user_phone,user_pwd,user_email,user_status,user_name,canteen_id,verify_code,cart_id FROM user WHERE user_pwd = ? AND user_email = ? 
2019-07-21 10:29:45,798 DEBUG (BaseJdbcLogger.java:159)- ==> Parameters: 310dcbbf4cce62f762a2aaa148d556bd(String), 2150866957@qq.com(String)
2019-07-21 10:29:45,803 DEBUG (BaseJdbcLogger.java:159)- <==      Total: 1
2019-07-21 10:29:48,061 DEBUG (BaseJdbcLogger.java:159)- ==>  Preparing: SELECT user_id,user_phone,user_pwd,user_email,user_status,user_name,canteen_id,verify_code,cart_id FROM user WHERE user_pwd = ? AND user_email = ? 
2019-07-21 10:29:48,062 DEBUG (BaseJdbcLogger.java:159)- ==> Parameters: 310dcbbf4cce62f762a2aaa148d556bd(String), 2150866957@qq.com(String)
2019-07-21 10:29:48,064 DEBUG (BaseJdbcLogger.java:159)- <==      Total: 1
2019-07-21 10:29:54,070 DEBUG (BaseJdbcLogger.java:159)- ==>  Preparing: SELECT user_id,user_phone,user_pwd,user_email,user_status,user_name,canteen_id,verify_code,cart_id FROM user WHERE user_pwd = ? AND user_email = ? 
2019-07-21 10:29:54,071 DEBUG (BaseJdbcLogger.java:159)- ==> Parameters: 310dcbbf4cce62f762a2aaa148d556bd(String), 2150866957@qq.com(String)
2019-07-21 10:29:54,076 DEBUG (BaseJdbcLogger.java:159)- <==      Total: 1
2019-07-21 10:42:11,044 INFO (SpringApplication.java:597)- The following profiles are active: dev
2019-07-21 10:42:50,345 INFO (StartupInfoLogger.java:57)- Started AdminServiceApp in 45.381 seconds (JVM running for 50.503)
2019-07-21 10:46:35,906 INFO (SpringApplication.java:597)- The following profiles are active: dev
2019-07-21 10:46:59,588 INFO (StartupInfoLogger.java:57)- Started AdminServiceApp in 28.407 seconds (JVM running for 299.746)
2019-07-21 10:52:29,744 INFO (SpringApplication.java:597)- The following profiles are active: dev
2019-07-21 10:53:03,760 INFO (StartupInfoLogger.java:57)- Started AdminServiceApp in 37.56 seconds (JVM running for 663.918)
2019-07-21 11:01:25,114 INFO (SpringApplication.java:597)- The following profiles are active: dev
2019-07-21 11:01:45,039 INFO (StartupInfoLogger.java:57)- Started AdminServiceApp in 24.251 seconds (JVM running for 1185.198)
2019-07-21 12:22:54,469 DEBUG (BaseJdbcLogger.java:159)- ==>  Preparing: SELECT user_id,user_phone,user_pwd,user_email,user_status,user_name,canteen_id,verify_code,cart_id FROM user 
2019-07-21 12:22:54,579 DEBUG (BaseJdbcLogger.java:159)- ==> Parameters: 
2019-07-21 12:22:54,664 DEBUG (BaseJdbcLogger.java:159)- <==      Total: 20
2019-07-21 12:24:12,525 DEBUG (BaseJdbcLogger.java:159)- ==>  Preparing: SELECT user_id,user_phone,user_pwd,user_email,user_status,user_name,canteen_id,verify_code,cart_id FROM user 
2019-07-21 12:24:12,526 DEBUG (BaseJdbcLogger.java:159)- ==> Parameters: 
2019-07-21 12:24:12,534 DEBUG (BaseJdbcLogger.java:159)- <==      Total: 20
2019-07-21 12:24:23,149 DEBUG (BaseJdbcLogger.java:159)- ==>  Preparing: SELECT user_id,user_phone,user_pwd,user_email,user_status,user_name,canteen_id,verify_code,cart_id FROM user WHERE user_email = ? 
2019-07-21 12:24:23,154 DEBUG (BaseJdbcLogger.java:159)- ==> Parameters: 2150866957@qq.com(String)
2019-07-21 12:24:23,156 DEBUG (BaseJdbcLogger.java:159)- <==      Total: 1
2019-07-21 12:24:55,922 DEBUG (BaseJdbcLogger.java:159)- ==>  Preparing: SELECT user_id,user_phone,user_pwd,user_email,user_status,user_name,canteen_id,verify_code,cart_id FROM user WHERE user_email = ? 
2019-07-21 12:24:55,923 DEBUG (BaseJdbcLogger.java:159)- ==> Parameters: 2150866957@qq.com(String)
2019-07-21 12:24:55,925 DEBUG (BaseJdbcLogger.java:159)- <==      Total: 1
2019-07-21 12:25:58,431 DEBUG (BaseJdbcLogger.java:159)- ==>  Preparing: SELECT user_id,user_phone,user_pwd,user_email,user_status,user_name,canteen_id,verify_code,cart_id FROM user WHERE user_email = ? 
2019-07-21 12:25:58,432 DEBUG (BaseJdbcLogger.java:159)- ==> Parameters: 2150866957@qq.com(String)
2019-07-21 12:25:58,433 DEBUG (BaseJdbcLogger.java:159)- <==      Total: 1
2019-07-21 12:26:02,073 DEBUG (BaseJdbcLogger.java:159)- ==>  Preparing: SELECT user_id,user_phone,user_pwd,user_email,user_status,user_name,canteen_id,verify_code,cart_id FROM user WHERE user_email = ? 
2019-07-21 12:26:02,073 DEBUG (BaseJdbcLogger.java:159)- ==> Parameters: 2150866957@qq.com(String)
2019-07-21 12:26:02,075 DEBUG (BaseJdbcLogger.java:159)- <==      Total: 1
2019-07-21 12:26:04,931 DEBUG (BaseJdbcLogger.java:159)- ==>  Preparing: SELECT user_id,user_phone,user_pwd,user_email,user_status,user_name,canteen_id,verify_code,cart_id FROM user WHERE user_email = ? 
2019-07-21 12:26:04,932 DEBUG (BaseJdbcLogger.java:159)- ==> Parameters: 2150866957@qq.com(String)
2019-07-21 12:26:04,935 DEBUG (BaseJdbcLogger.java:159)- <==      Total: 1
2019-07-21 12:26:10,032 DEBUG (BaseJdbcLogger.java:159)- ==>  Preparing: SELECT user_id,user_phone,user_pwd,user_email,user_status,user_name,canteen_id,verify_code,cart_id FROM user WHERE user_email = ? 
2019-07-21 12:26:10,033 DEBUG (BaseJdbcLogger.java:159)- ==> Parameters: 2150866957@qq.com(String)
2019-07-21 12:26:10,034 DEBUG (BaseJdbcLogger.java:159)- <==      Total: 1
2019-07-21 12:43:38,318 DEBUG (BaseJdbcLogger.java:159)- ==>  Preparing: SELECT user_id,user_phone,user_pwd,user_email,user_status,user_name,canteen_id,verify_code,cart_id FROM user WHERE user_email = ? 
2019-07-21 12:43:38,320 DEBUG (BaseJdbcLogger.java:159)- ==> Parameters: haha(String)
2019-07-21 12:43:38,323 DEBUG (BaseJdbcLogger.java:159)- <==      Total: 0
2019-07-21 12:44:03,558 DEBUG (BaseJdbcLogger.java:159)- ==>  Preparing: SELECT user_id,user_phone,user_pwd,user_email,user_status,user_name,canteen_id,verify_code,cart_id FROM user WHERE user_email = ? 
2019-07-21 12:44:03,559 DEBUG (BaseJdbcLogger.java:159)- ==> Parameters: 2150866957@qq.com(String)
2019-07-21 12:44:03,561 DEBUG (BaseJdbcLogger.java:159)- <==      Total: 1
2019-07-21 12:44:13,961 DEBUG (BaseJdbcLogger.java:159)- ==>  Preparing: SELECT user_id,user_phone,user_pwd,user_email,user_status,user_name,canteen_id,verify_code,cart_id FROM user WHERE user_email = ? 
2019-07-21 12:44:13,962 DEBUG (BaseJdbcLogger.java:159)- ==> Parameters: 2150866957@qq.com(String)
2019-07-21 12:44:13,963 DEBUG (BaseJdbcLogger.java:159)- <==      Total: 1
2019-07-21 12:56:41,809 DEBUG (BaseJdbcLogger.java:159)- ==>  Preparing: SELECT user_id,user_phone,user_pwd,user_email,user_status,user_name,canteen_id,verify_code,cart_id FROM user WHERE user_email = ? 
2019-07-21 12:56:41,810 DEBUG (BaseJdbcLogger.java:159)- ==> Parameters: 2150866957@qq.com(String)
2019-07-21 12:56:41,811 DEBUG (BaseJdbcLogger.java:159)- <==      Total: 1
2019-07-21 13:22:24,583 DEBUG (BaseJdbcLogger.java:159)- ==>  Preparing: SELECT user_id,user_phone,user_pwd,user_email,user_status,user_name,canteen_id,verify_code,cart_id FROM user WHERE user_email = ? 
2019-07-21 13:22:24,591 DEBUG (BaseJdbcLogger.java:159)- ==> Parameters: 2150866957@qq.com(String)
2019-07-21 13:22:24,725 DEBUG (BaseJdbcLogger.java:159)- <==      Total: 1
2019-07-21 13:30:22,094 DEBUG (BaseJdbcLogger.java:159)- ==>  Preparing: SELECT user_id,user_phone,user_pwd,user_email,user_status,user_name,canteen_id,verify_code,cart_id FROM user WHERE user_email = ? 
2019-07-21 13:30:22,094 DEBUG (BaseJdbcLogger.java:159)- ==> Parameters: 2150866957@qq.com(String)
2019-07-21 13:30:22,096 DEBUG (BaseJdbcLogger.java:159)- <==      Total: 1
2019-07-21 13:56:27,555 DEBUG (BaseJdbcLogger.java:159)- ==>  Preparing: SELECT user_id,user_phone,user_pwd,user_email,user_status,user_name,canteen_id,verify_code,cart_id FROM user WHERE user_email = ? 
2019-07-21 13:56:27,556 DEBUG (BaseJdbcLogger.java:159)- ==> Parameters: 666@qq(String)
2019-07-21 13:56:27,560 DEBUG (BaseJdbcLogger.java:159)- <==      Total: 0
2019-07-21 13:57:03,729 DEBUG (BaseJdbcLogger.java:159)- ==>  Preparing: SELECT user_id,user_phone,user_pwd,user_email,user_status,user_name,canteen_id,verify_code,cart_id FROM user WHERE user_pwd = ? AND user_email = ? 
2019-07-21 13:57:03,731 DEBUG (BaseJdbcLogger.java:159)- ==> Parameters: 310dcbbf4cce62f762a2aaa148d556bd(String), 2150866957@qq.com(String)
2019-07-21 13:57:03,736 DEBUG (BaseJdbcLogger.java:159)- <==      Total: 1
2019-07-21 13:57:03,962 DEBUG (BaseJdbcLogger.java:159)- ==>  Preparing: SELECT canteen_id,canteen_label,canteen_name,canteen_des,canteen_image,canteen_mark_number,canteen_mark,sales,takeout_money FROM canteen 
2019-07-21 13:57:03,963 DEBUG (BaseJdbcLogger.java:159)- ==> Parameters: 
2019-07-21 13:57:03,993 DEBUG (BaseJdbcLogger.java:159)- <==      Total: 10
2019-07-21 14:00:27,303 DEBUG (BaseJdbcLogger.java:159)- ==>  Preparing: SELECT canteen_id,canteen_label,canteen_name,canteen_des,canteen_image,canteen_mark_number,canteen_mark,sales,takeout_money FROM canteen 
2019-07-21 14:00:27,304 DEBUG (BaseJdbcLogger.java:159)- ==> Parameters: 
2019-07-21 14:00:27,382 DEBUG (BaseJdbcLogger.java:159)- <==      Total: 10
2019-07-21 14:00:32,501 DEBUG (BaseJdbcLogger.java:159)- ==>  Preparing: SELECT canteen_id,canteen_label,canteen_name,canteen_des,canteen_image,canteen_mark_number,canteen_mark,sales,takeout_money FROM canteen 
2019-07-21 14:00:32,502 DEBUG (BaseJdbcLogger.java:159)- ==> Parameters: 
2019-07-21 14:00:32,504 DEBUG (BaseJdbcLogger.java:159)- <==      Total: 10
2019-07-21 14:04:40,826 DEBUG (BaseJdbcLogger.java:159)- ==>  Preparing: SELECT canteen_id,canteen_label,canteen_name,canteen_des,canteen_image,canteen_mark_number,canteen_mark,sales,takeout_money FROM canteen 
2019-07-21 14:04:40,828 DEBUG (BaseJdbcLogger.java:159)- ==> Parameters: 
2019-07-21 14:04:40,841 DEBUG (BaseJdbcLogger.java:159)- <==      Total: 10
2019-07-21 14:05:30,066 DEBUG (BaseJdbcLogger.java:159)- ==>  Preparing: SELECT canteen_id,canteen_label,canteen_name,canteen_des,canteen_image,canteen_mark_number,canteen_mark,sales,takeout_money FROM canteen 
2019-07-21 14:05:30,068 DEBUG (BaseJdbcLogger.java:159)- ==> Parameters: 
2019-07-21 14:05:30,070 DEBUG (BaseJdbcLogger.java:159)- <==      Total: 10
2019-07-21 14:07:14,555 DEBUG (BaseJdbcLogger.java:159)- ==>  Preparing: SELECT canteen_id,canteen_label,canteen_name,canteen_des,canteen_image,canteen_mark_number,canteen_mark,sales,takeout_money FROM canteen 
2019-07-21 14:07:14,556 DEBUG (BaseJdbcLogger.java:159)- ==> Parameters: 
2019-07-21 14:07:14,558 DEBUG (BaseJdbcLogger.java:159)- <==      Total: 10
2019-07-21 14:07:16,040 DEBUG (BaseJdbcLogger.java:159)- ==>  Preparing: SELECT canteen_id,canteen_label,canteen_name,canteen_des,canteen_image,canteen_mark_number,canteen_mark,sales,takeout_money FROM canteen 
2019-07-21 14:07:16,041 DEBUG (BaseJdbcLogger.java:159)- ==> Parameters: 
2019-07-21 14:07:16,043 DEBUG (BaseJdbcLogger.java:159)- <==      Total: 10
2019-07-21 14:07:17,245 DEBUG (BaseJdbcLogger.java:159)- ==>  Preparing: SELECT canteen_id,canteen_label,canteen_name,canteen_des,canteen_image,canteen_mark_number,canteen_mark,sales,takeout_money FROM canteen 
2019-07-21 14:07:17,245 DEBUG (BaseJdbcLogger.java:159)- ==> Parameters: 
2019-07-21 14:07:17,247 DEBUG (BaseJdbcLogger.java:159)- <==      Total: 10
2019-07-21 14:08:33,617 DEBUG (BaseJdbcLogger.java:159)- ==>  Preparing: SELECT canteen_id,canteen_label,canteen_name,canteen_des,canteen_image,canteen_mark_number,canteen_mark,sales,takeout_money FROM canteen WHERE canteen_id = ? 
2019-07-21 14:08:33,629 DEBUG (BaseJdbcLogger.java:159)- ==> Parameters: 8(Integer)
2019-07-21 14:08:33,641 DEBUG (BaseJdbcLogger.java:159)- <==      Total: 1
2019-07-21 14:08:33,642 DEBUG (BaseJdbcLogger.java:159)- ==>  Preparing: DELETE FROM cart_info WHERE food_num = ? 
2019-07-21 14:08:33,646 DEBUG (BaseJdbcLogger.java:159)- ==> Parameters: 0(Integer)
2019-07-21 14:08:33,660 DEBUG (BaseJdbcLogger.java:159)- <==    Updates: 0
2019-07-21 14:08:33,662 DEBUG (BaseJdbcLogger.java:159)- ==>  Preparing: SELECT food_id,food_describe,food_price,food_image,canteen_id,food_name,food_rate,food_rate_number,created_time,food_sale FROM food WHERE canteen_id = ? 
2019-07-21 14:08:33,662 DEBUG (BaseJdbcLogger.java:159)- ==> Parameters: 8(Integer)
2019-07-21 14:08:33,679 DEBUG (BaseJdbcLogger.java:159)- ==>  Preparing: SELECT id,cart_id,food_id,food_num FROM cart_info 
2019-07-21 14:08:33,680 DEBUG (BaseJdbcLogger.java:159)- <==      Total: 6
2019-07-21 14:08:33,681 DEBUG (BaseJdbcLogger.java:159)- ==> Parameters: 
2019-07-21 14:08:33,684 DEBUG (BaseJdbcLogger.java:159)- <==      Total: 1
2019-07-21 14:08:33,686 DEBUG (BaseJdbcLogger.java:159)- ==>  Preparing: SELECT food_id,food_describe,food_price,food_image,canteen_id,food_name,food_rate,food_rate_number,created_time,food_sale FROM food WHERE food_id = ? 
2019-07-21 14:08:33,690 DEBUG (BaseJdbcLogger.java:159)- ==> Parameters: 2(Long)
2019-07-21 14:08:33,692 DEBUG (BaseJdbcLogger.java:159)- <==      Total: 1
2019-07-21 14:08:33,695 DEBUG (BaseJdbcLogger.java:159)- ==>  Preparing: SELECT cart_id,user_id,all_price FROM cart WHERE user_id = ? 
2019-07-21 14:08:33,696 DEBUG (BaseJdbcLogger.java:159)- ==> Parameters: 75(Long)
2019-07-21 14:08:33,702 DEBUG (BaseJdbcLogger.java:159)- <==      Total: 1
2019-07-21 14:08:34,498 DEBUG (BaseJdbcLogger.java:159)- ==>  Preparing: SELECT canteen_id,canteen_label,canteen_name,canteen_des,canteen_image,canteen_mark_number,canteen_mark,sales,takeout_money FROM canteen 
2019-07-21 14:08:34,498 DEBUG (BaseJdbcLogger.java:159)- ==> Parameters: 
2019-07-21 14:08:34,501 DEBUG (BaseJdbcLogger.java:159)- <==      Total: 10
2019-07-21 14:08:36,688 DEBUG (BaseJdbcLogger.java:159)- ==>  Preparing: SELECT food_id,food_describe,food_price,food_image,canteen_id,food_name,food_rate,food_rate_number,created_time,food_sale FROM food WHERE canteen_id = ? 
2019-07-21 14:08:36,690 DEBUG (BaseJdbcLogger.java:159)- ==> Parameters: 8(Integer)
2019-07-21 14:08:36,694 DEBUG (BaseJdbcLogger.java:159)- <==      Total: 6
2019-07-21 14:08:36,699 DEBUG (BaseJdbcLogger.java:159)- ==>  Preparing: SELECT canteen_id,canteen_label,canteen_name,canteen_des,canteen_image,canteen_mark_number,canteen_mark,sales,takeout_money FROM canteen WHERE canteen_id = ? 
2019-07-21 14:08:36,705 DEBUG (BaseJdbcLogger.java:159)- ==> Parameters: 8(Integer)
2019-07-21 14:08:36,707 DEBUG (BaseJdbcLogger.java:159)- <==      Total: 1
2019-07-21 14:08:36,713 DEBUG (BaseJdbcLogger.java:159)- ==>  Preparing: DELETE FROM cart_info WHERE food_num = ? 
2019-07-21 14:08:36,714 DEBUG (BaseJdbcLogger.java:159)- ==> Parameters: 0(Integer)
2019-07-21 14:08:36,715 DEBUG (BaseJdbcLogger.java:159)- <==    Updates: 0
2019-07-21 14:08:36,716 DEBUG (BaseJdbcLogger.java:159)- ==>  Preparing: SELECT id,cart_id,food_id,food_num FROM cart_info 
2019-07-21 14:08:36,717 DEBUG (BaseJdbcLogger.java:159)- ==> Parameters: 
2019-07-21 14:08:36,718 DEBUG (BaseJdbcLogger.java:159)- <==      Total: 1
2019-07-21 14:08:36,721 DEBUG (BaseJdbcLogger.java:159)- ==>  Preparing: SELECT food_id,food_describe,food_price,food_image,canteen_id,food_name,food_rate,food_rate_number,created_time,food_sale FROM food WHERE food_id = ? 
2019-07-21 14:08:36,721 DEBUG (BaseJdbcLogger.java:159)- ==> Parameters: 2(Long)
2019-07-21 14:08:36,723 DEBUG (BaseJdbcLogger.java:159)- <==      Total: 1
2019-07-21 14:08:36,725 DEBUG (BaseJdbcLogger.java:159)- ==>  Preparing: SELECT cart_id,user_id,all_price FROM cart WHERE user_id = ? 
2019-07-21 14:08:36,726 DEBUG (BaseJdbcLogger.java:159)- ==> Parameters: 75(Long)
2019-07-21 14:08:36,728 DEBUG (BaseJdbcLogger.java:159)- <==      Total: 1
2019-07-21 14:08:42,151 DEBUG (BaseJdbcLogger.java:159)- ==>  Preparing: SELECT canteen_id,canteen_label,canteen_name,canteen_des,canteen_image,canteen_mark_number,canteen_mark,sales,takeout_money FROM canteen 
2019-07-21 14:08:42,152 DEBUG (BaseJdbcLogger.java:159)- ==> Parameters: 
2019-07-21 14:08:42,156 DEBUG (BaseJdbcLogger.java:159)- <==      Total: 10
2019-07-21 14:08:42,965 DEBUG (BaseJdbcLogger.java:159)- ==>  Preparing: SELECT food_id,food_describe,food_price,food_image,canteen_id,food_name,food_rate,food_rate_number,created_time,food_sale FROM food WHERE canteen_id = ? 
2019-07-21 14:08:42,966 DEBUG (BaseJdbcLogger.java:159)- ==> Parameters: 8(Integer)
2019-07-21 14:08:42,966 DEBUG (BaseJdbcLogger.java:159)- ==>  Preparing: SELECT canteen_id,canteen_label,canteen_name,canteen_des,canteen_image,canteen_mark_number,canteen_mark,sales,takeout_money FROM canteen WHERE canteen_id = ? 
2019-07-21 14:08:42,967 DEBUG (BaseJdbcLogger.java:159)- ==> Parameters: 8(Integer)
2019-07-21 14:08:42,969 DEBUG (BaseJdbcLogger.java:159)- <==      Total: 1
2019-07-21 14:08:42,976 DEBUG (BaseJdbcLogger.java:159)- ==>  Preparing: DELETE FROM cart_info WHERE food_num = ? 
2019-07-21 14:08:42,978 DEBUG (BaseJdbcLogger.java:159)- ==> Parameters: 0(Integer)
2019-07-21 14:08:42,978 DEBUG (BaseJdbcLogger.java:159)- <==      Total: 6
2019-07-21 14:08:42,979 DEBUG (BaseJdbcLogger.java:159)- <==    Updates: 0
2019-07-21 14:08:42,982 DEBUG (BaseJdbcLogger.java:159)- ==>  Preparing: SELECT id,cart_id,food_id,food_num FROM cart_info 
2019-07-21 14:08:42,983 DEBUG (BaseJdbcLogger.java:159)- ==> Parameters: 
2019-07-21 14:08:42,984 DEBUG (BaseJdbcLogger.java:159)- <==      Total: 1
2019-07-21 14:08:42,986 DEBUG (BaseJdbcLogger.java:159)- ==>  Preparing: SELECT food_id,food_describe,food_price,food_image,canteen_id,food_name,food_rate,food_rate_number,created_time,food_sale FROM food WHERE food_id = ? 
2019-07-21 14:08:42,987 DEBUG (BaseJdbcLogger.java:159)- ==> Parameters: 2(Long)
2019-07-21 14:08:42,989 DEBUG (BaseJdbcLogger.java:159)- <==      Total: 1
2019-07-21 14:08:42,990 DEBUG (BaseJdbcLogger.java:159)- ==>  Preparing: SELECT cart_id,user_id,all_price FROM cart WHERE user_id = ? 
2019-07-21 14:08:42,991 DEBUG (BaseJdbcLogger.java:159)- ==> Parameters: 75(Long)
2019-07-21 14:08:42,993 DEBUG (BaseJdbcLogger.java:159)- <==      Total: 1
2019-07-21 14:08:46,669 DEBUG (BaseJdbcLogger.java:159)- ==>  Preparing: SELECT canteen_id,canteen_label,canteen_name,canteen_des,canteen_image,canteen_mark_number,canteen_mark,sales,takeout_money FROM canteen 
2019-07-21 14:08:46,670 DEBUG (BaseJdbcLogger.java:159)- ==> Parameters: 
2019-07-21 14:08:46,674 DEBUG (BaseJdbcLogger.java:159)- <==      Total: 10
2019-07-21 14:17:13,987 DEBUG (BaseJdbcLogger.java:159)- ==>  Preparing: SELECT canteen_id,canteen_label,canteen_name,canteen_des,canteen_image,canteen_mark_number,canteen_mark,sales,takeout_money FROM canteen 
2019-07-21 14:17:13,988 DEBUG (BaseJdbcLogger.java:159)- ==> Parameters: 
2019-07-21 14:17:13,992 DEBUG (BaseJdbcLogger.java:159)- <==      Total: 10
2019-07-21 14:21:34,665 DEBUG (BaseJdbcLogger.java:159)- ==>  Preparing: SELECT food_id,food_describe,food_price,food_image,canteen_id,food_name,food_rate,food_rate_number,created_time,food_sale FROM food WHERE canteen_id = ? 
2019-07-21 14:21:34,668 DEBUG (BaseJdbcLogger.java:159)- ==> Parameters: 9(Integer)
2019-07-21 14:21:34,671 DEBUG (BaseJdbcLogger.java:159)- ==>  Preparing: SELECT canteen_id,canteen_label,canteen_name,canteen_des,canteen_image,canteen_mark_number,canteen_mark,sales,takeout_money FROM canteen WHERE canteen_id = ? 
2019-07-21 14:21:34,673 DEBUG (BaseJdbcLogger.java:159)- ==> Parameters: 9(Integer)
2019-07-21 14:21:34,673 DEBUG (BaseJdbcLogger.java:159)- <==      Total: 2
2019-07-21 14:21:34,678 DEBUG (BaseJdbcLogger.java:159)- <==      Total: 1
2019-07-21 14:21:34,674 DEBUG (BaseJdbcLogger.java:159)- ==>  Preparing: DELETE FROM cart_info WHERE food_num = ? 
2019-07-21 14:21:34,682 DEBUG (BaseJdbcLogger.java:159)- ==> Parameters: 0(Integer)
2019-07-21 14:21:34,683 DEBUG (BaseJdbcLogger.java:159)- <==    Updates: 0
2019-07-21 14:21:34,685 DEBUG (BaseJdbcLogger.java:159)- ==>  Preparing: SELECT id,cart_id,food_id,food_num FROM cart_info 
2019-07-21 14:21:34,685 DEBUG (BaseJdbcLogger.java:159)- ==> Parameters: 
2019-07-21 14:21:34,687 DEBUG (BaseJdbcLogger.java:159)- <==      Total: 1
2019-07-21 14:21:34,688 DEBUG (BaseJdbcLogger.java:159)- ==>  Preparing: SELECT food_id,food_describe,food_price,food_image,canteen_id,food_name,food_rate,food_rate_number,created_time,food_sale FROM food WHERE food_id = ? 
2019-07-21 14:21:34,688 DEBUG (BaseJdbcLogger.java:159)- ==> Parameters: 2(Long)
2019-07-21 14:21:34,689 DEBUG (BaseJdbcLogger.java:159)- <==      Total: 1
2019-07-21 14:21:34,690 DEBUG (BaseJdbcLogger.java:159)- ==>  Preparing: SELECT cart_id,user_id,all_price FROM cart WHERE user_id = ? 
2019-07-21 14:21:34,691 DEBUG (BaseJdbcLogger.java:159)- ==> Parameters: 75(Long)
2019-07-21 14:21:34,693 DEBUG (BaseJdbcLogger.java:159)- <==      Total: 1
2019-07-21 14:21:36,379 DEBUG (BaseJdbcLogger.java:159)- ==>  Preparing: SELECT canteen_id,canteen_label,canteen_name,canteen_des,canteen_image,canteen_mark_number,canteen_mark,sales,takeout_money FROM canteen 
2019-07-21 14:21:36,380 DEBUG (BaseJdbcLogger.java:159)- ==> Parameters: 
2019-07-21 14:21:36,382 DEBUG (BaseJdbcLogger.java:159)- <==      Total: 10
2019-07-21 14:49:26,523 DEBUG (BaseJdbcLogger.java:159)- ==>  Preparing: SELECT canteen_id,canteen_label,canteen_name,canteen_des,canteen_image,canteen_mark_number,canteen_mark,sales,takeout_money FROM canteen 
2019-07-21 14:49:26,528 DEBUG (BaseJdbcLogger.java:159)- ==> Parameters: 
2019-07-21 14:49:26,541 DEBUG (BaseJdbcLogger.java:159)- <==      Total: 10
2019-07-21 14:50:03,178 DEBUG (BaseJdbcLogger.java:159)- ==>  Preparing: SELECT canteen_id,canteen_label,canteen_name,canteen_des,canteen_image,canteen_mark_number,canteen_mark,sales,takeout_money FROM canteen 
2019-07-21 14:50:03,178 DEBUG (BaseJdbcLogger.java:159)- ==> Parameters: 
2019-07-21 14:50:03,181 DEBUG (BaseJdbcLogger.java:159)- <==      Total: 10
2019-07-21 14:50:16,629 DEBUG (BaseJdbcLogger.java:159)- ==>  Preparing: SELECT canteen_id,canteen_label,canteen_name,canteen_des,canteen_image,canteen_mark_number,canteen_mark,sales,takeout_money FROM canteen 
2019-07-21 14:50:16,629 DEBUG (BaseJdbcLogger.java:159)- ==> Parameters: 
2019-07-21 14:50:16,631 DEBUG (BaseJdbcLogger.java:159)- <==      Total: 10
2019-07-21 14:50:28,502 DEBUG (BaseJdbcLogger.java:159)- ==>  Preparing: SELECT canteen_id,canteen_label,canteen_name,canteen_des,canteen_image,canteen_mark_number,canteen_mark,sales,takeout_money FROM canteen 
2019-07-21 14:50:28,504 DEBUG (BaseJdbcLogger.java:159)- ==> Parameters: 
2019-07-21 14:50:28,507 DEBUG (BaseJdbcLogger.java:159)- <==      Total: 10
2019-07-21 14:56:53,643 DEBUG (BaseJdbcLogger.java:159)- ==>  Preparing: SELECT canteen_id,canteen_label,canteen_name,canteen_des,canteen_image,canteen_mark_number,canteen_mark,sales,takeout_money FROM canteen 
2019-07-21 14:56:53,644 DEBUG (BaseJdbcLogger.java:159)- ==> Parameters: 
2019-07-21 14:56:53,646 DEBUG (BaseJdbcLogger.java:159)- <==      Total: 10
2019-07-21 14:57:21,580 DEBUG (BaseJdbcLogger.java:159)- ==>  Preparing: SELECT canteen_id,canteen_label,canteen_name,canteen_des,canteen_image,canteen_mark_number,canteen_mark,sales,takeout_money FROM canteen 
2019-07-21 14:57:21,582 DEBUG (BaseJdbcLogger.java:159)- ==> Parameters: 
2019-07-21 14:57:21,583 DEBUG (BaseJdbcLogger.java:159)- <==      Total: 10
2019-07-21 15:03:31,570 DEBUG (BaseJdbcLogger.java:159)- ==>  Preparing: SELECT canteen_id,canteen_label,canteen_name,canteen_des,canteen_image,canteen_mark_number,canteen_mark,sales,takeout_money FROM canteen 
2019-07-21 15:03:31,574 DEBUG (BaseJdbcLogger.java:159)- ==> Parameters: 
2019-07-21 15:03:31,577 DEBUG (BaseJdbcLogger.java:159)- <==      Total: 10
2019-07-21 15:05:17,938 DEBUG (BaseJdbcLogger.java:159)- ==>  Preparing: SELECT canteen_id,canteen_label,canteen_name,canteen_des,canteen_image,canteen_mark_number,canteen_mark,sales,takeout_money FROM canteen 
2019-07-21 15:05:17,939 DEBUG (BaseJdbcLogger.java:159)- ==> Parameters: 
2019-07-21 15:05:17,942 DEBUG (BaseJdbcLogger.java:159)- <==      Total: 10
2019-07-21 15:05:18,649 DEBUG (BaseJdbcLogger.java:159)- ==>  Preparing: SELECT canteen_id,canteen_label,canteen_name,canteen_des,canteen_image,canteen_mark_number,canteen_mark,sales,takeout_money FROM canteen 
2019-07-21 15:05:18,649 DEBUG (BaseJdbcLogger.java:159)- ==> Parameters: 
2019-07-21 15:05:18,651 DEBUG (BaseJdbcLogger.java:159)- <==      Total: 10
2019-07-21 15:05:29,933 DEBUG (BaseJdbcLogger.java:159)- ==>  Preparing: SELECT canteen_id,canteen_label,canteen_name,canteen_des,canteen_image,canteen_mark_number,canteen_mark,sales,takeout_money FROM canteen 
2019-07-21 15:05:29,935 DEBUG (BaseJdbcLogger.java:159)- ==> Parameters: 
2019-07-21 15:05:29,937 DEBUG (BaseJdbcLogger.java:159)- <==      Total: 10
2019-07-21 15:05:50,290 DEBUG (BaseJdbcLogger.java:159)- ==>  Preparing: SELECT canteen_id,canteen_label,canteen_name,canteen_des,canteen_image,canteen_mark_number,canteen_mark,sales,takeout_money FROM canteen 
2019-07-21 15:05:50,291 DEBUG (BaseJdbcLogger.java:159)- ==> Parameters: 
2019-07-21 15:05:50,294 DEBUG (BaseJdbcLogger.java:159)- <==      Total: 10
2019-07-21 15:06:43,269 DEBUG (BaseJdbcLogger.java:159)- ==>  Preparing: SELECT canteen_id,canteen_label,canteen_name,canteen_des,canteen_image,canteen_mark_number,canteen_mark,sales,takeout_money FROM canteen 
2019-07-21 15:06:43,271 DEBUG (BaseJdbcLogger.java:159)- ==> Parameters: 
2019-07-21 15:06:43,273 DEBUG (BaseJdbcLogger.java:159)- <==      Total: 10
2019-07-21 15:08:16,612 DEBUG (BaseJdbcLogger.java:159)- ==>  Preparing: SELECT canteen_id,canteen_label,canteen_name,canteen_des,canteen_image,canteen_mark_number,canteen_mark,sales,takeout_money FROM canteen 
2019-07-21 15:08:16,613 DEBUG (BaseJdbcLogger.java:159)- ==> Parameters: 
2019-07-21 15:08:16,616 DEBUG (BaseJdbcLogger.java:159)- <==      Total: 10
2019-07-21 15:18:31,262 DEBUG (BaseJdbcLogger.java:159)- ==>  Preparing: SELECT canteen_id,canteen_label,canteen_name,canteen_des,canteen_image,canteen_mark_number,canteen_mark,sales,takeout_money FROM canteen 
2019-07-21 15:18:31,263 DEBUG (BaseJdbcLogger.java:159)- ==> Parameters: 
2019-07-21 15:18:31,267 DEBUG (BaseJdbcLogger.java:159)- <==      Total: 10
2019-07-21 15:19:17,512 DEBUG (BaseJdbcLogger.java:159)- ==>  Preparing: SELECT canteen_id,canteen_label,canteen_name,canteen_des,canteen_image,canteen_mark_number,canteen_mark,sales,takeout_money FROM canteen 
2019-07-21 15:19:17,516 DEBUG (BaseJdbcLogger.java:159)- ==> Parameters: 
2019-07-21 15:19:17,519 DEBUG (BaseJdbcLogger.java:159)- <==      Total: 10
2019-07-21 15:29:39,380 DEBUG (BaseJdbcLogger.java:159)- ==>  Preparing: SELECT canteen_id,canteen_label,canteen_name,canteen_des,canteen_image,canteen_mark_number,canteen_mark,sales,takeout_money FROM canteen 
2019-07-21 15:29:39,381 DEBUG (BaseJdbcLogger.java:159)- ==> Parameters: 
2019-07-21 15:29:39,383 DEBUG (BaseJdbcLogger.java:159)- <==      Total: 10
2019-07-21 15:29:46,474 DEBUG (BaseJdbcLogger.java:159)- ==>  Preparing: SELECT canteen_id,canteen_label,canteen_name,canteen_des,canteen_image,canteen_mark_number,canteen_mark,sales,takeout_money FROM canteen 
2019-07-21 15:29:46,475 DEBUG (BaseJdbcLogger.java:159)- ==> Parameters: 
2019-07-21 15:29:46,476 DEBUG (BaseJdbcLogger.java:159)- <==      Total: 10
2019-07-21 15:41:20,024 DEBUG (BaseJdbcLogger.java:159)- ==>  Preparing: SELECT canteen_id,canteen_label,canteen_name,canteen_des,canteen_image,canteen_mark_number,canteen_mark,sales,takeout_money FROM canteen 
2019-07-21 15:41:20,025 DEBUG (BaseJdbcLogger.java:159)- ==> Parameters: 
2019-07-21 15:41:20,028 DEBUG (BaseJdbcLogger.java:159)- <==      Total: 10
2019-07-21 15:47:22,104 DEBUG (BaseJdbcLogger.java:159)- ==>  Preparing: SELECT canteen_id,canteen_label,canteen_name,canteen_des,canteen_image,canteen_mark_number,canteen_mark,sales,takeout_money FROM canteen 
2019-07-21 15:47:22,106 DEBUG (BaseJdbcLogger.java:159)- ==> Parameters: 
2019-07-21 15:47:22,109 DEBUG (BaseJdbcLogger.java:159)- <==      Total: 10
2019-07-21 16:01:10,280 DEBUG (BaseJdbcLogger.java:159)- ==>  Preparing: SELECT canteen_id,canteen_label,canteen_name,canteen_des,canteen_image,canteen_mark_number,canteen_mark,sales,takeout_money FROM canteen 
2019-07-21 16:01:10,281 DEBUG (BaseJdbcLogger.java:159)- ==> Parameters: 
2019-07-21 16:01:10,284 DEBUG (BaseJdbcLogger.java:159)- <==      Total: 10
2019-07-21 16:14:24,270 DEBUG (BaseJdbcLogger.java:159)- ==>  Preparing: SELECT canteen_id,canteen_label,canteen_name,canteen_des,canteen_image,canteen_mark_number,canteen_mark,sales,takeout_money FROM canteen 
2019-07-21 16:14:24,272 DEBUG (BaseJdbcLogger.java:159)- ==> Parameters: 
2019-07-21 16:14:24,276 DEBUG (BaseJdbcLogger.java:159)- <==      Total: 10
2019-07-21 16:26:34,745 DEBUG (BaseJdbcLogger.java:159)- ==>  Preparing: SELECT canteen_id,canteen_label,canteen_name,canteen_des,canteen_image,canteen_mark_number,canteen_mark,sales,takeout_money FROM canteen 
2019-07-21 16:26:34,746 DEBUG (BaseJdbcLogger.java:159)- ==> Parameters: 
2019-07-21 16:26:34,752 DEBUG (BaseJdbcLogger.java:159)- <==      Total: 10
2019-07-21 16:28:29,963 DEBUG (BaseJdbcLogger.java:159)- ==>  Preparing: SELECT canteen_id,canteen_label,canteen_name,canteen_des,canteen_image,canteen_mark_number,canteen_mark,sales,takeout_money FROM canteen 
2019-07-21 16:28:29,980 DEBUG (BaseJdbcLogger.java:159)- ==> Parameters: 
2019-07-21 16:28:30,003 DEBUG (BaseJdbcLogger.java:159)- <==      Total: 10
2019-07-21 16:32:03,088 DEBUG (BaseJdbcLogger.java:159)- ==>  Preparing: SELECT canteen_id,canteen_label,canteen_name,canteen_des,canteen_image,canteen_mark_number,canteen_mark,sales,takeout_money FROM canteen 
2019-07-21 16:32:03,089 DEBUG (BaseJdbcLogger.java:159)- ==> Parameters: 
2019-07-21 16:32:03,093 DEBUG (BaseJdbcLogger.java:159)- <==      Total: 10
2019-07-21 16:32:26,964 DEBUG (BaseJdbcLogger.java:159)- ==>  Preparing: SELECT canteen_id,canteen_label,canteen_name,canteen_des,canteen_image,canteen_mark_number,canteen_mark,sales,takeout_money FROM canteen 
2019-07-21 16:32:26,966 DEBUG (BaseJdbcLogger.java:159)- ==> Parameters: 
2019-07-21 16:32:26,968 DEBUG (BaseJdbcLogger.java:159)- <==      Total: 10
2019-07-21 16:52:02,041 DEBUG (BaseJdbcLogger.java:159)- ==>  Preparing: SELECT canteen_id,canteen_label,canteen_name,canteen_des,canteen_image,canteen_mark_number,canteen_mark,sales,takeout_money FROM canteen 
2019-07-21 16:52:02,048 DEBUG (BaseJdbcLogger.java:159)- ==> Parameters: 
2019-07-21 16:52:02,055 DEBUG (BaseJdbcLogger.java:159)- <==      Total: 10
2019-07-21 16:56:20,899 DEBUG (BaseJdbcLogger.java:159)- ==>  Preparing: SELECT canteen_id,canteen_label,canteen_name,canteen_des,canteen_image,canteen_mark_number,canteen_mark,sales,takeout_money FROM canteen 
2019-07-21 16:56:20,901 DEBUG (BaseJdbcLogger.java:159)- ==> Parameters: 
2019-07-21 16:56:20,903 DEBUG (BaseJdbcLogger.java:159)- <==      Total: 10
2019-07-21 16:58:09,720 DEBUG (BaseJdbcLogger.java:159)- ==>  Preparing: SELECT canteen_id,canteen_label,canteen_name,canteen_des,canteen_image,canteen_mark_number,canteen_mark,sales,takeout_money FROM canteen 
2019-07-21 16:58:09,722 DEBUG (BaseJdbcLogger.java:159)- ==> Parameters: 
2019-07-21 16:58:09,728 DEBUG (BaseJdbcLogger.java:159)- <==      Total: 10
2019-07-21 16:58:23,762 DEBUG (BaseJdbcLogger.java:159)- ==>  Preparing: SELECT canteen_id,canteen_label,canteen_name,canteen_des,canteen_image,canteen_mark_number,canteen_mark,sales,takeout_money FROM canteen 
2019-07-21 16:58:23,765 DEBUG (BaseJdbcLogger.java:159)- ==> Parameters: 
2019-07-21 16:58:23,768 DEBUG (BaseJdbcLogger.java:159)- <==      Total: 10
2019-07-21 16:59:49,223 DEBUG (BaseJdbcLogger.java:159)- ==>  Preparing: SELECT canteen_id,canteen_label,canteen_name,canteen_des,canteen_image,canteen_mark_number,canteen_mark,sales,takeout_money FROM canteen 
2019-07-21 16:59:49,240 DEBUG (BaseJdbcLogger.java:159)- ==> Parameters: 
2019-07-21 16:59:49,244 DEBUG (BaseJdbcLogger.java:159)- <==      Total: 10
2019-07-21 16:59:59,576 DEBUG (BaseJdbcLogger.java:159)- ==>  Preparing: SELECT canteen_id,canteen_label,canteen_name,canteen_des,canteen_image,canteen_mark_number,canteen_mark,sales,takeout_money FROM canteen 
2019-07-21 16:59:59,578 DEBUG (BaseJdbcLogger.java:159)- ==> Parameters: 
2019-07-21 16:59:59,582 DEBUG (BaseJdbcLogger.java:159)- <==      Total: 10
2019-07-21 17:11:31,897 DEBUG (BaseJdbcLogger.java:159)- ==>  Preparing: SELECT canteen_id,canteen_label,canteen_name,canteen_des,canteen_image,canteen_mark_number,canteen_mark,sales,takeout_money FROM canteen 
2019-07-21 17:11:31,909 DEBUG (BaseJdbcLogger.java:159)- ==> Parameters: 
2019-07-21 17:11:31,920 DEBUG (BaseJdbcLogger.java:159)- <==      Total: 10
2019-07-21 18:13:30,228 DEBUG (BaseJdbcLogger.java:159)- ==>  Preparing: SELECT canteen_id,canteen_label,canteen_name,canteen_des,canteen_image,canteen_mark_number,canteen_mark,sales,takeout_money FROM canteen 
2019-07-21 18:13:30,242 DEBUG (BaseJdbcLogger.java:159)- ==> Parameters: 
2019-07-21 18:13:30,261 DEBUG (BaseJdbcLogger.java:159)- <==      Total: 10
2019-07-21 18:24:40,401 DEBUG (BaseJdbcLogger.java:159)- ==>  Preparing: SELECT canteen_id,canteen_label,canteen_name,canteen_des,canteen_image,canteen_mark_number,canteen_mark,sales,takeout_money FROM canteen 
2019-07-21 18:24:40,402 DEBUG (BaseJdbcLogger.java:159)- ==> Parameters: 
2019-07-21 18:24:40,845 DEBUG (BaseJdbcLogger.java:159)- <==      Total: 10
2019-07-21 18:27:29,935 DEBUG (BaseJdbcLogger.java:159)- ==>  Preparing: SELECT canteen_id,canteen_label,canteen_name,canteen_des,canteen_image,canteen_mark_number,canteen_mark,sales,takeout_money FROM canteen 
2019-07-21 18:27:29,936 DEBUG (BaseJdbcLogger.java:159)- ==> Parameters: 
2019-07-21 18:27:29,938 DEBUG (BaseJdbcLogger.java:159)- <==      Total: 10
2019-07-21 18:27:51,236 DEBUG (BaseJdbcLogger.java:159)- ==>  Preparing: SELECT canteen_id,canteen_label,canteen_name,canteen_des,canteen_image,canteen_mark_number,canteen_mark,sales,takeout_money FROM canteen 
2019-07-21 18:27:51,237 DEBUG (BaseJdbcLogger.java:159)- ==> Parameters: 
2019-07-21 18:27:51,240 DEBUG (BaseJdbcLogger.java:159)- <==      Total: 10
2019-07-21 18:28:20,192 DEBUG (BaseJdbcLogger.java:159)- ==>  Preparing: SELECT canteen_id,canteen_label,canteen_name,canteen_des,canteen_image,canteen_mark_number,canteen_mark,sales,takeout_money FROM canteen 
2019-07-21 18:28:20,195 DEBUG (BaseJdbcLogger.java:159)- ==> Parameters: 
2019-07-21 18:28:20,198 DEBUG (BaseJdbcLogger.java:159)- <==      Total: 10
2019-07-21 18:29:01,440 DEBUG (BaseJdbcLogger.java:159)- ==>  Preparing: SELECT canteen_id,canteen_label,canteen_name,canteen_des,canteen_image,canteen_mark_number,canteen_mark,sales,takeout_money FROM canteen 
2019-07-21 18:29:01,442 DEBUG (BaseJdbcLogger.java:159)- ==> Parameters: 
2019-07-21 18:29:01,447 DEBUG (BaseJdbcLogger.java:159)- <==      Total: 10
2019-07-21 18:29:27,776 DEBUG (BaseJdbcLogger.java:159)- ==>  Preparing: SELECT canteen_id,canteen_label,canteen_name,canteen_des,canteen_image,canteen_mark_number,canteen_mark,sales,takeout_money FROM canteen 
2019-07-21 18:29:27,777 DEBUG (BaseJdbcLogger.java:159)- ==> Parameters: 
2019-07-21 18:29:27,778 DEBUG (BaseJdbcLogger.java:159)- <==      Total: 10
2019-07-21 18:30:54,753 DEBUG (BaseJdbcLogger.java:159)- ==>  Preparing: SELECT canteen_id,canteen_label,canteen_name,canteen_des,canteen_image,canteen_mark_number,canteen_mark,sales,takeout_money FROM canteen 
2019-07-21 18:30:54,755 DEBUG (BaseJdbcLogger.java:159)- ==> Parameters: 
2019-07-21 18:30:54,759 DEBUG (BaseJdbcLogger.java:159)- <==      Total: 10
2019-07-21 18:42:49,796 DEBUG (BaseJdbcLogger.java:159)- ==>  Preparing: SELECT food_id,food_describe,food_price,food_image,canteen_id,food_name,food_rate,food_rate_number,created_time,food_sale FROM food WHERE canteen_id = ? 
2019-07-21 18:42:49,797 DEBUG (BaseJdbcLogger.java:159)- ==> Parameters: 9(Integer)
2019-07-21 18:42:49,804 DEBUG (BaseJdbcLogger.java:159)- <==      Total: 2
2019-07-21 18:42:49,806 DEBUG (BaseJdbcLogger.java:159)- ==>  Preparing: DELETE FROM cart_info WHERE food_num = ? 
2019-07-21 18:42:49,812 DEBUG (BaseJdbcLogger.java:159)- ==>  Preparing: SELECT canteen_id,canteen_label,canteen_name,canteen_des,canteen_image,canteen_mark_number,canteen_mark,sales,takeout_money FROM canteen WHERE canteen_id = ? 
2019-07-21 18:42:49,812 DEBUG (BaseJdbcLogger.java:159)- ==> Parameters: 0(Integer)
2019-07-21 18:42:49,819 DEBUG (BaseJdbcLogger.java:159)- ==> Parameters: 9(Integer)
2019-07-21 18:42:49,822 DEBUG (BaseJdbcLogger.java:159)- <==    Updates: 0
2019-07-21 18:42:49,823 DEBUG (BaseJdbcLogger.java:159)- <==      Total: 1
2019-07-21 18:42:49,824 DEBUG (BaseJdbcLogger.java:159)- ==>  Preparing: SELECT id,cart_id,food_id,food_num FROM cart_info 
2019-07-21 18:42:49,825 DEBUG (BaseJdbcLogger.java:159)- ==> Parameters: 
2019-07-21 18:42:49,826 DEBUG (BaseJdbcLogger.java:159)- <==      Total: 1
2019-07-21 18:42:49,827 DEBUG (BaseJdbcLogger.java:159)- ==>  Preparing: SELECT food_id,food_describe,food_price,food_image,canteen_id,food_name,food_rate,food_rate_number,created_time,food_sale FROM food WHERE food_id = ? 
2019-07-21 18:42:49,828 DEBUG (BaseJdbcLogger.java:159)- ==> Parameters: 2(Long)
2019-07-21 18:42:49,830 DEBUG (BaseJdbcLogger.java:159)- <==      Total: 1
2019-07-21 18:42:49,831 DEBUG (BaseJdbcLogger.java:159)- ==>  Preparing: SELECT cart_id,user_id,all_price FROM cart WHERE user_id = ? 
2019-07-21 18:42:49,832 DEBUG (BaseJdbcLogger.java:159)- ==> Parameters: 75(Long)
2019-07-21 18:42:49,833 DEBUG (BaseJdbcLogger.java:159)- <==      Total: 1
2019-07-21 18:42:51,261 DEBUG (BaseJdbcLogger.java:159)- ==>  Preparing: SELECT canteen_id,canteen_label,canteen_name,canteen_des,canteen_image,canteen_mark_number,canteen_mark,sales,takeout_money FROM canteen 
2019-07-21 18:42:51,261 DEBUG (BaseJdbcLogger.java:159)- ==> Parameters: 
2019-07-21 18:42:51,263 DEBUG (BaseJdbcLogger.java:159)- <==      Total: 10
2019-07-21 18:42:52,546 DEBUG (BaseJdbcLogger.java:159)- ==>  Preparing: SELECT canteen_id,canteen_label,canteen_name,canteen_des,canteen_image,canteen_mark_number,canteen_mark,sales,takeout_money FROM canteen WHERE canteen_id = ? 
2019-07-21 18:42:52,549 DEBUG (BaseJdbcLogger.java:159)- ==>  Preparing: SELECT food_id,food_describe,food_price,food_image,canteen_id,food_name,food_rate,food_rate_number,created_time,food_sale FROM food WHERE canteen_id = ? 
2019-07-21 18:42:52,556 DEBUG (BaseJdbcLogger.java:159)- ==> Parameters: 10(Integer)
2019-07-21 18:42:52,559 DEBUG (BaseJdbcLogger.java:159)- <==      Total: 0
2019-07-21 18:42:52,560 DEBUG (BaseJdbcLogger.java:159)- ==>  Preparing: DELETE FROM cart_info WHERE food_num = ? 
2019-07-21 18:42:52,563 DEBUG (BaseJdbcLogger.java:159)- ==> Parameters: 0(Integer)
2019-07-21 18:42:52,564 DEBUG (BaseJdbcLogger.java:159)- <==    Updates: 0
2019-07-21 18:42:52,564 DEBUG (BaseJdbcLogger.java:159)- ==> Parameters: 10(Integer)
2019-07-21 18:42:52,565 DEBUG (BaseJdbcLogger.java:159)- ==>  Preparing: SELECT id,cart_id,food_id,food_num FROM cart_info 
2019-07-21 18:42:52,567 DEBUG (BaseJdbcLogger.java:159)- ==> Parameters: 
2019-07-21 18:42:52,568 DEBUG (BaseJdbcLogger.java:159)- <==      Total: 1
2019-07-21 18:42:52,569 DEBUG (BaseJdbcLogger.java:159)- <==      Total: 1
2019-07-21 18:42:52,570 DEBUG (BaseJdbcLogger.java:159)- ==>  Preparing: SELECT food_id,food_describe,food_price,food_image,canteen_id,food_name,food_rate,food_rate_number,created_time,food_sale FROM food WHERE food_id = ? 
2019-07-21 18:42:52,571 DEBUG (BaseJdbcLogger.java:159)- ==> Parameters: 2(Long)
2019-07-21 18:42:52,573 DEBUG (BaseJdbcLogger.java:159)- <==      Total: 1
2019-07-21 18:42:52,574 DEBUG (BaseJdbcLogger.java:159)- ==>  Preparing: SELECT cart_id,user_id,all_price FROM cart WHERE user_id = ? 
2019-07-21 18:42:52,575 DEBUG (BaseJdbcLogger.java:159)- ==> Parameters: 75(Long)
2019-07-21 18:42:52,576 DEBUG (BaseJdbcLogger.java:159)- <==      Total: 1
