2019-04-27 11:05:04,316 DEBUG (BaseJdbcLogger.java:159)- ==>  Preparing: update food set food_id=? ,food_image = ? where food_id = ? 
2019-04-27 11:05:04,360 DEBUG (BaseJdbcLogger.java:159)- ==> Parameters: 3(Long), image.xikecanteen.com/canteen/8/3/ershitang.png(String), 3(Long)
2019-04-27 11:05:04,367 DEBUG (BaseJdbcLogger.java:159)- <==    Updates: 1
2019-04-27 11:17:12,454 INFO (SpringApplication.java:597)- The following profiles are active: dev
2019-04-27 11:17:32,872 INFO (StartupInfoLogger.java:57)- Started AdminServiceApp in 25.228 seconds (JVM running for 28.366)
2019-04-27 12:06:45,994 DEBUG (BaseJdbcLogger.java:159)- ==>  Preparing: SELECT user_id,user_phone,user_pwd,user_email,user_status,user_name,canteen_id,verify_code FROM user WHERE user_pwd = ? AND user_email = ? 
2019-04-27 12:06:46,012 DEBUG (BaseJdbcLogger.java:159)- ==> Parameters: 698d51a19d8a121ce581499d7b701668(String), 111(String)
2019-04-27 12:06:46,023 DEBUG (BaseJdbcLogger.java:159)- <==      Total: 1
2019-04-27 12:06:49,645 DEBUG (BaseJdbcLogger.java:159)- ==>  Preparing: SELECT canteen_id,canteen_label,canteen_name,canteen_des,canteen_image FROM canteen 
2019-04-27 12:06:49,646 DEBUG (BaseJdbcLogger.java:159)- ==> Parameters: 
2019-04-27 12:06:49,650 DEBUG (BaseJdbcLogger.java:159)- <==      Total: 8
2019-04-27 12:07:15,479 DEBUG (BaseJdbcLogger.java:159)- ==>  Preparing: SELECT canteen_id,canteen_label,canteen_name,canteen_des,canteen_image FROM canteen 
2019-04-27 12:07:15,479 DEBUG (BaseJdbcLogger.java:159)- ==> Parameters: 
2019-04-27 12:07:15,483 DEBUG (BaseJdbcLogger.java:159)- <==      Total: 8
2019-04-27 12:07:23,268 DEBUG (BaseJdbcLogger.java:159)- ==>  Preparing: SELECT canteen_id,canteen_label,canteen_name,canteen_des,canteen_image FROM canteen 
2019-04-27 12:07:23,269 DEBUG (BaseJdbcLogger.java:159)- ==> Parameters: 
2019-04-27 12:07:23,271 DEBUG (BaseJdbcLogger.java:159)- <==      Total: 8
2019-04-27 12:07:45,799 DEBUG (BaseJdbcLogger.java:159)- ==>  Preparing: SELECT user_id,user_phone,user_pwd,user_email,user_status,user_name,canteen_id,verify_code FROM user WHERE user_pwd = ? AND user_email = ? 
2019-04-27 12:07:45,800 DEBUG (BaseJdbcLogger.java:159)- ==> Parameters: 310dcbbf4cce62f762a2aaa148d556bd(String), 333@qq.com(String)
2019-04-27 12:07:45,802 DEBUG (BaseJdbcLogger.java:159)- <==      Total: 1
2019-04-27 12:07:45,890 DEBUG (BaseJdbcLogger.java:159)- ==>  Preparing: SELECT canteen_id,canteen_label,canteen_name,canteen_des,canteen_image FROM canteen WHERE canteen_id = ? 
2019-04-27 12:07:45,891 DEBUG (BaseJdbcLogger.java:159)- ==> Parameters: 8(Integer)
2019-04-27 12:07:45,894 DEBUG (BaseJdbcLogger.java:159)- <==      Total: 1
2019-04-27 12:07:48,496 DEBUG (BaseJdbcLogger.java:159)- ==>  Preparing: SELECT canteen_id,canteen_label,canteen_name,canteen_des,canteen_image FROM canteen WHERE canteen_id = ? 
2019-04-27 12:07:48,498 DEBUG (BaseJdbcLogger.java:159)- ==> Parameters: 8(Integer)
2019-04-27 12:07:48,501 DEBUG (BaseJdbcLogger.java:159)- <==      Total: 1
2019-04-27 12:07:56,673 DEBUG (BaseJdbcLogger.java:159)- ==>  Preparing: update canteen set canteen_id=? ,canteen_image=? where canteen_id=? 
2019-04-27 12:07:56,673 DEBUG (BaseJdbcLogger.java:159)- ==> Parameters: 8(Integer), image.xikecanteen.com/canteen/8/ershitang.png(String), 8(Integer)
2019-04-27 12:07:56,678 DEBUG (BaseJdbcLogger.java:159)- <==    Updates: 1
2019-04-27 12:08:25,297 DEBUG (BaseJdbcLogger.java:159)- ==>  Preparing: update canteen set canteen_id=? ,canteen_image=? where canteen_id=? 
2019-04-27 12:08:25,298 DEBUG (BaseJdbcLogger.java:159)- ==> Parameters: 8(Integer), image.xikecanteen.com/canteen/8/luroufan.png(String), 8(Integer)
2019-04-27 12:08:25,303 DEBUG (BaseJdbcLogger.java:159)- <==    Updates: 1
2019-04-27 12:08:32,160 DEBUG (BaseJdbcLogger.java:159)- ==>  Preparing: SELECT food_id,food_describe,food_price,food_image,canteen_id,food_name FROM food WHERE canteen_id = ? 
2019-04-27 12:08:32,161 DEBUG (BaseJdbcLogger.java:159)- ==> Parameters: 8(Integer)
2019-04-27 12:08:32,168 DEBUG (BaseJdbcLogger.java:159)- <==      Total: 4
2019-04-27 12:08:37,349 DEBUG (BaseJdbcLogger.java:159)- ==>  Preparing: SELECT food_id,food_describe,food_price,food_image,canteen_id,food_name FROM food WHERE food_id = ? 
2019-04-27 12:08:37,352 DEBUG (BaseJdbcLogger.java:159)- ==> Parameters: 3(Long)
2019-04-27 12:08:37,354 DEBUG (BaseJdbcLogger.java:159)- <==      Total: 1
2019-04-27 12:09:11,933 INFO (SpringApplication.java:597)- The following profiles are active: dev
2019-04-27 12:09:27,195 INFO (StartupInfoLogger.java:57)- Started AdminServiceApp in 20.392 seconds (JVM running for 22.224)
2019-04-27 12:11:09,840 DEBUG (BaseJdbcLogger.java:159)- ==>  Preparing: SELECT canteen_id,canteen_label,canteen_name,canteen_des,canteen_image FROM canteen WHERE canteen_id = ? 
2019-04-27 12:11:09,864 DEBUG (BaseJdbcLogger.java:159)- ==> Parameters: 8(Integer)
2019-04-27 12:11:09,876 DEBUG (BaseJdbcLogger.java:159)- <==      Total: 1
2019-04-27 12:11:12,761 DEBUG (BaseJdbcLogger.java:159)- ==>  Preparing: update canteen set canteen_id=? ,canteen_image=? where canteen_id=? 
2019-04-27 12:11:12,763 DEBUG (BaseJdbcLogger.java:159)- ==> Parameters: 8(Integer), image.xikecanteen.com/canteen/8/ershitang.png(String), 8(Integer)
2019-04-27 12:11:12,836 DEBUG (BaseJdbcLogger.java:159)- <==    Updates: 1
2019-04-27 12:15:18,480 DEBUG (BaseJdbcLogger.java:159)- ==>  Preparing: update canteen set canteen_id=? ,canteen_image=? where canteen_id=? 
2019-04-27 12:15:18,481 DEBUG (BaseJdbcLogger.java:159)- ==> Parameters: 8(Integer), image.xikecanteen.com/canteen/8/luroufan.png(String), 8(Integer)
2019-04-27 12:15:18,485 DEBUG (BaseJdbcLogger.java:159)- <==    Updates: 1
2019-04-27 12:15:49,404 INFO (SpringApplication.java:597)- The following profiles are active: dev
2019-04-27 12:16:03,624 INFO (StartupInfoLogger.java:57)- Started AdminServiceApp in 19.067 seconds (JVM running for 20.681)
2019-04-27 12:20:17,187 DEBUG (BaseJdbcLogger.java:159)- ==>  Preparing: SELECT canteen_id,canteen_label,canteen_name,canteen_des,canteen_image FROM canteen WHERE canteen_id = ? 
2019-04-27 12:20:17,211 DEBUG (BaseJdbcLogger.java:159)- ==> Parameters: 8(Integer)
2019-04-27 12:20:17,225 DEBUG (BaseJdbcLogger.java:159)- <==      Total: 1
2019-04-27 12:20:26,516 DEBUG (BaseJdbcLogger.java:159)- ==>  Preparing: SELECT food_id,food_describe,food_price,food_image,canteen_id,food_name FROM food WHERE canteen_id = ? 
2019-04-27 12:20:26,516 DEBUG (BaseJdbcLogger.java:159)- ==> Parameters: 8(Integer)
2019-04-27 12:20:26,518 DEBUG (BaseJdbcLogger.java:159)- <==      Total: 4
2019-04-27 12:20:28,629 DEBUG (BaseJdbcLogger.java:159)- ==>  Preparing: SELECT food_id,food_describe,food_price,food_image,canteen_id,food_name FROM food WHERE canteen_id = ? 
2019-04-27 12:20:28,630 DEBUG (BaseJdbcLogger.java:159)- ==> Parameters: 8(Integer)
2019-04-27 12:20:28,633 DEBUG (BaseJdbcLogger.java:159)- <==      Total: 4
2019-04-27 12:20:30,102 DEBUG (BaseJdbcLogger.java:159)- ==>  Preparing: SELECT canteen_id,canteen_label,canteen_name,canteen_des,canteen_image FROM canteen WHERE canteen_id = ? 
2019-04-27 12:20:30,102 DEBUG (BaseJdbcLogger.java:159)- ==> Parameters: 8(Integer)
2019-04-27 12:20:30,103 DEBUG (BaseJdbcLogger.java:159)- <==      Total: 1
2019-04-27 12:20:42,657 DEBUG (BaseJdbcLogger.java:159)- ==>  Preparing: update canteen set canteen_id=? ,canteen_image=? where canteen_id=? 
2019-04-27 12:20:42,659 DEBUG (BaseJdbcLogger.java:159)- ==> Parameters: 8(Integer), image.xikecanteen.com/canteen/8/ershitang.png(String), 8(Integer)
2019-04-27 12:20:42,668 DEBUG (BaseJdbcLogger.java:159)- <==    Updates: 1
2019-04-27 12:20:48,483 DEBUG (BaseJdbcLogger.java:159)- ==>  Preparing: update canteen set canteen_id=? ,canteen_image=? where canteen_id=? 
2019-04-27 12:20:48,484 DEBUG (BaseJdbcLogger.java:159)- ==> Parameters: 8(Integer), image.xikecanteen.com/canteen/8/luroufan.png(String), 8(Integer)
2019-04-27 12:20:48,487 DEBUG (BaseJdbcLogger.java:159)- <==    Updates: 1
2019-04-27 12:20:56,800 DEBUG (BaseJdbcLogger.java:159)- ==>  Preparing: SELECT food_id,food_describe,food_price,food_image,canteen_id,food_name FROM food WHERE canteen_id = ? 
2019-04-27 12:20:56,802 DEBUG (BaseJdbcLogger.java:159)- ==> Parameters: 8(Integer)
2019-04-27 12:20:56,804 DEBUG (BaseJdbcLogger.java:159)- <==      Total: 4
2019-04-27 12:20:59,034 DEBUG (BaseJdbcLogger.java:159)- ==>  Preparing: SELECT food_id,food_describe,food_price,food_image,canteen_id,food_name FROM food WHERE food_id = ? 
2019-04-27 12:20:59,036 DEBUG (BaseJdbcLogger.java:159)- ==> Parameters: 3(Long)
2019-04-27 12:20:59,039 DEBUG (BaseJdbcLogger.java:159)- <==      Total: 1
2019-04-27 12:23:23,613 INFO (SpringApplication.java:597)- The following profiles are active: dev
2019-04-27 12:23:37,706 INFO (StartupInfoLogger.java:57)- Started AdminServiceApp in 18.831 seconds (JVM running for 20.658)
2019-04-27 12:25:01,047 DEBUG (BaseJdbcLogger.java:159)- ==>  Preparing: update food set food_id=? ,food_image = ? where food_id = ? 
2019-04-27 12:25:01,072 DEBUG (BaseJdbcLogger.java:159)- ==> Parameters: 3(Long), image.xikecanteen.com/canteen/8/3/ershitang.png(String), 3(Long)
2019-04-27 12:25:01,075 DEBUG (BaseJdbcLogger.java:159)- <==    Updates: 1
2019-04-27 12:25:41,084 DEBUG (BaseJdbcLogger.java:159)- ==>  Preparing: update food set food_id=? ,food_image = ? where food_id = ? 
2019-04-27 12:25:41,085 DEBUG (BaseJdbcLogger.java:159)- ==> Parameters: 3(Long), image.xikecanteen.com/canteen/8/3/luroufan.png(String), 3(Long)
2019-04-27 12:25:41,089 DEBUG (BaseJdbcLogger.java:159)- <==    Updates: 1
2019-04-27 12:26:16,091 DEBUG (BaseJdbcLogger.java:159)- ==>  Preparing: SELECT food_id,food_describe,food_price,food_image,canteen_id,food_name FROM food WHERE food_id = ? 
2019-04-27 12:26:16,092 DEBUG (BaseJdbcLogger.java:159)- ==> Parameters: 3(Long)
2019-04-27 12:26:16,104 DEBUG (BaseJdbcLogger.java:159)- <==      Total: 1
2019-04-27 12:26:18,745 DEBUG (BaseJdbcLogger.java:159)- ==>  Preparing: update food set food_id=? ,food_image = ? where food_id = ? 
2019-04-27 12:26:18,746 DEBUG (BaseJdbcLogger.java:159)- ==> Parameters: 3(Long), image.xikecanteen.com/canteen/8/3/ershitang.png(String), 3(Long)
2019-04-27 12:26:18,750 DEBUG (BaseJdbcLogger.java:159)- <==    Updates: 1
2019-04-27 12:27:20,012 INFO (SpringApplication.java:597)- The following profiles are active: dev
2019-04-27 12:27:36,071 INFO (StartupInfoLogger.java:57)- Started AdminServiceApp in 21.162 seconds (JVM running for 23.567)
2019-04-27 12:28:39,328 DEBUG (BaseJdbcLogger.java:159)- ==>  Preparing: SELECT food_id,food_describe,food_price,food_image,canteen_id,food_name FROM food WHERE food_id = ? 
2019-04-27 12:28:39,351 DEBUG (BaseJdbcLogger.java:159)- ==> Parameters: 3(Long)
2019-04-27 12:28:39,362 DEBUG (BaseJdbcLogger.java:159)- ==>  Preparing: SELECT food_id,food_describe,food_price,food_image,canteen_id,food_name FROM food WHERE food_id = ? 
2019-04-27 12:28:39,364 DEBUG (BaseJdbcLogger.java:159)- ==> Parameters: 3(Long)
2019-04-27 12:28:39,370 DEBUG (BaseJdbcLogger.java:159)- <==      Total: 1
2019-04-27 12:28:39,370 DEBUG (BaseJdbcLogger.java:159)- <==      Total: 1
2019-04-27 12:29:00,508 DEBUG (BaseJdbcLogger.java:159)- ==>  Preparing: SELECT food_id,food_describe,food_price,food_image,canteen_id,food_name FROM food WHERE food_id = ? 
2019-04-27 12:29:00,509 DEBUG (BaseJdbcLogger.java:159)- ==> Parameters: 3(Long)
2019-04-27 12:29:00,514 DEBUG (BaseJdbcLogger.java:159)- <==      Total: 1
2019-04-27 12:29:07,837 DEBUG (BaseJdbcLogger.java:159)- ==>  Preparing: SELECT food_id,food_describe,food_price,food_image,canteen_id,food_name FROM food WHERE food_id = ? 
2019-04-27 12:29:07,838 DEBUG (BaseJdbcLogger.java:159)- ==> Parameters: 3(Long)
2019-04-27 12:29:07,844 DEBUG (BaseJdbcLogger.java:159)- <==      Total: 1
2019-04-27 12:29:07,911 DEBUG (BaseJdbcLogger.java:159)- ==>  Preparing: SELECT food_id,food_describe,food_price,food_image,canteen_id,food_name FROM food WHERE food_id = ? 
2019-04-27 12:29:07,912 DEBUG (BaseJdbcLogger.java:159)- ==> Parameters: 3(Long)
2019-04-27 12:29:07,916 DEBUG (BaseJdbcLogger.java:159)- <==      Total: 1
2019-04-27 12:29:59,559 DEBUG (BaseJdbcLogger.java:159)- ==>  Preparing: SELECT food_id,food_describe,food_price,food_image,canteen_id,food_name FROM food WHERE food_id = ? 
2019-04-27 12:29:59,561 DEBUG (BaseJdbcLogger.java:159)- ==> Parameters: 3(Long)
2019-04-27 12:29:59,566 DEBUG (BaseJdbcLogger.java:159)- <==      Total: 1
2019-04-27 12:29:59,629 DEBUG (BaseJdbcLogger.java:159)- ==>  Preparing: SELECT food_id,food_describe,food_price,food_image,canteen_id,food_name FROM food WHERE food_id = ? 
2019-04-27 12:29:59,630 DEBUG (BaseJdbcLogger.java:159)- ==> Parameters: 3(Long)
2019-04-27 12:29:59,635 DEBUG (BaseJdbcLogger.java:159)- <==      Total: 1
2019-04-27 12:30:29,053 DEBUG (BaseJdbcLogger.java:159)- ==>  Preparing: SELECT food_id,food_describe,food_price,food_image,canteen_id,food_name FROM food WHERE food_id = ? 
2019-04-27 12:30:29,054 DEBUG (BaseJdbcLogger.java:159)- ==> Parameters: 3(Long)
2019-04-27 12:30:29,058 DEBUG (BaseJdbcLogger.java:159)- <==      Total: 1
2019-04-27 12:30:36,145 DEBUG (BaseJdbcLogger.java:159)- ==>  Preparing: SELECT food_id,food_describe,food_price,food_image,canteen_id,food_name FROM food WHERE food_id = ? 
2019-04-27 12:30:36,146 DEBUG (BaseJdbcLogger.java:159)- ==> Parameters: 3(Long)
2019-04-27 12:30:36,150 DEBUG (BaseJdbcLogger.java:159)- <==      Total: 1
2019-04-27 12:30:40,491 DEBUG (BaseJdbcLogger.java:159)- ==>  Preparing: SELECT food_id,food_describe,food_price,food_image,canteen_id,food_name FROM food WHERE food_id = ? 
2019-04-27 12:30:40,492 DEBUG (BaseJdbcLogger.java:159)- ==> Parameters: 3(Long)
2019-04-27 12:30:40,496 DEBUG (BaseJdbcLogger.java:159)- <==      Total: 1
2019-04-27 12:31:03,709 DEBUG (BaseJdbcLogger.java:159)- ==>  Preparing: SELECT food_id,food_describe,food_price,food_image,canteen_id,food_name FROM food WHERE food_id = ? 
2019-04-27 12:31:03,711 DEBUG (BaseJdbcLogger.java:159)- ==> Parameters: 3(Long)
2019-04-27 12:31:03,715 DEBUG (BaseJdbcLogger.java:159)- <==      Total: 1
2019-04-27 12:31:15,669 DEBUG (BaseJdbcLogger.java:159)- ==>  Preparing: SELECT food_id,food_describe,food_price,food_image,canteen_id,food_name FROM food WHERE food_id = ? 
2019-04-27 12:31:15,671 DEBUG (BaseJdbcLogger.java:159)- ==> Parameters: 3(Long)
2019-04-27 12:31:15,676 DEBUG (BaseJdbcLogger.java:159)- <==      Total: 1
2019-04-27 12:31:16,229 DEBUG (BaseJdbcLogger.java:159)- ==>  Preparing: SELECT food_id,food_describe,food_price,food_image,canteen_id,food_name FROM food WHERE food_id = ? 
2019-04-27 12:31:16,230 DEBUG (BaseJdbcLogger.java:159)- ==> Parameters: 3(Long)
2019-04-27 12:31:16,234 DEBUG (BaseJdbcLogger.java:159)- <==      Total: 1
2019-04-27 12:31:42,871 DEBUG (BaseJdbcLogger.java:159)- ==>  Preparing: SELECT food_id,food_describe,food_price,food_image,canteen_id,food_name FROM food WHERE food_id = ? 
2019-04-27 12:31:42,872 DEBUG (BaseJdbcLogger.java:159)- ==> Parameters: 3(Long)
2019-04-27 12:31:42,876 DEBUG (BaseJdbcLogger.java:159)- <==      Total: 1
2019-04-27 12:32:15,405 DEBUG (BaseJdbcLogger.java:159)- ==>  Preparing: update food set food_id=? ,food_image = ? where food_id = ? 
2019-04-27 12:32:15,407 DEBUG (BaseJdbcLogger.java:159)- ==> Parameters: 3(Long), image.xikecanteen.com/canteen/8/3/ershitang.png(String), 3(Long)
2019-04-27 12:32:15,415 DEBUG (BaseJdbcLogger.java:159)- <==    Updates: 1
2019-04-27 12:33:09,083 DEBUG (BaseJdbcLogger.java:159)- ==>  Preparing: SELECT food_id,food_describe,food_price,food_image,canteen_id,food_name FROM food WHERE food_id = ? 
2019-04-27 12:33:09,087 DEBUG (BaseJdbcLogger.java:159)- ==> Parameters: 3(Long)
2019-04-27 12:33:09,092 DEBUG (BaseJdbcLogger.java:159)- <==      Total: 1
2019-04-27 12:33:09,211 DEBUG (BaseJdbcLogger.java:159)- ==>  Preparing: SELECT canteen_id,canteen_label,canteen_name,canteen_des,canteen_image FROM canteen WHERE canteen_id = ? 
2019-04-27 12:33:09,215 DEBUG (BaseJdbcLogger.java:159)- ==> Parameters: 8(Integer)
2019-04-27 12:33:09,224 DEBUG (BaseJdbcLogger.java:159)- <==      Total: 1
2019-04-27 12:33:47,761 DEBUG (BaseJdbcLogger.java:159)- ==>  Preparing: update food set food_id=? ,food_describe = ? ,food_price = ? where food_id = ? 
2019-04-27 12:33:47,763 DEBUG (BaseJdbcLogger.java:159)- ==> Parameters: 3(Long), 超好吃(String), 16(Integer), 3(Long)
2019-04-27 12:33:47,767 DEBUG (BaseJdbcLogger.java:159)- <==    Updates: 1
2019-04-27 12:34:04,054 DEBUG (BaseJdbcLogger.java:159)- ==>  Preparing: SELECT food_id,food_describe,food_price,food_image,canteen_id,food_name FROM food WHERE canteen_id = ? 
2019-04-27 12:34:04,055 DEBUG (BaseJdbcLogger.java:159)- ==> Parameters: 8(Integer)
2019-04-27 12:34:04,060 DEBUG (BaseJdbcLogger.java:159)- <==      Total: 4
2019-04-27 12:34:05,296 DEBUG (BaseJdbcLogger.java:159)- ==>  Preparing: SELECT food_id,food_describe,food_price,food_image,canteen_id,food_name FROM food WHERE food_id = ? 
2019-04-27 12:34:05,297 DEBUG (BaseJdbcLogger.java:159)- ==> Parameters: 3(Long)
2019-04-27 12:34:05,301 DEBUG (BaseJdbcLogger.java:159)- <==      Total: 1
2019-04-27 12:34:35,169 DEBUG (BaseJdbcLogger.java:159)- ==>  Preparing: update food set food_id=? where food_id = ? 
2019-04-27 12:34:35,170 DEBUG (BaseJdbcLogger.java:159)- ==> Parameters: 3(Long), 3(Long)
2019-04-27 12:34:35,173 DEBUG (BaseJdbcLogger.java:159)- <==    Updates: 1
2019-04-27 12:35:04,534 DEBUG (BaseJdbcLogger.java:159)- ==>  Preparing: SELECT canteen_id,canteen_label,canteen_name,canteen_des,canteen_image FROM canteen WHERE canteen_id = ? 
2019-04-27 12:35:04,536 DEBUG (BaseJdbcLogger.java:159)- ==> Parameters: 8(Integer)
2019-04-27 12:35:04,539 DEBUG (BaseJdbcLogger.java:159)- <==      Total: 1
2019-04-27 12:36:02,081 INFO (SpringApplication.java:597)- The following profiles are active: dev
2019-04-27 12:36:15,585 INFO (StartupInfoLogger.java:57)- Started AdminServiceApp in 17.665 seconds (JVM running for 19.275)
2019-04-27 12:39:21,802 DEBUG (BaseJdbcLogger.java:159)- ==>  Preparing: SELECT food_id,food_describe,food_price,food_image,canteen_id,food_name FROM food WHERE canteen_id = ? 
2019-04-27 12:39:21,820 DEBUG (BaseJdbcLogger.java:159)- ==> Parameters: 8(Integer)
2019-04-27 12:39:21,830 DEBUG (BaseJdbcLogger.java:159)- <==      Total: 4
2019-04-27 12:39:23,705 DEBUG (BaseJdbcLogger.java:159)- ==>  Preparing: SELECT food_id,food_describe,food_price,food_image,canteen_id,food_name FROM food WHERE canteen_id = ? 
2019-04-27 12:39:23,706 DEBUG (BaseJdbcLogger.java:159)- ==> Parameters: 8(Integer)
2019-04-27 12:39:23,708 DEBUG (BaseJdbcLogger.java:159)- <==      Total: 4
2019-04-27 12:39:25,101 DEBUG (BaseJdbcLogger.java:159)- ==>  Preparing: SELECT food_id,food_describe,food_price,food_image,canteen_id,food_name FROM food WHERE food_id = ? 
2019-04-27 12:39:25,103 DEBUG (BaseJdbcLogger.java:159)- ==> Parameters: 3(Long)
2019-04-27 12:39:25,106 DEBUG (BaseJdbcLogger.java:159)- <==      Total: 1
2019-04-27 12:39:31,949 DEBUG (BaseJdbcLogger.java:159)- ==>  Preparing: update food set food_id=? ,food_name = ? where food_id = ? 
2019-04-27 12:39:31,951 DEBUG (BaseJdbcLogger.java:159)- ==> Parameters: 3(Long), 大份叉烧(String), 3(Long)
2019-04-27 12:39:31,956 DEBUG (BaseJdbcLogger.java:159)- <==    Updates: 1
2019-04-27 12:39:41,057 DEBUG (BaseJdbcLogger.java:159)- ==>  Preparing: SELECT food_id,food_describe,food_price,food_image,canteen_id,food_name FROM food WHERE canteen_id = ? 
2019-04-27 12:39:41,057 DEBUG (BaseJdbcLogger.java:159)- ==> Parameters: 8(Integer)
2019-04-27 12:39:41,059 DEBUG (BaseJdbcLogger.java:159)- <==      Total: 4
2019-04-27 12:39:44,351 DEBUG (BaseJdbcLogger.java:159)- ==>  Preparing: SELECT food_id,food_describe,food_price,food_image,canteen_id,food_name FROM food WHERE canteen_id = ? 
2019-04-27 12:39:44,352 DEBUG (BaseJdbcLogger.java:159)- ==> Parameters: 8(Integer)
2019-04-27 12:39:44,355 DEBUG (BaseJdbcLogger.java:159)- <==      Total: 4
2019-04-27 12:40:22,938 DEBUG (BaseJdbcLogger.java:159)- ==>  Preparing: INSERT INTO food ( food_id,food_describe,food_price,food_image,canteen_id,food_name ) VALUES( ?,?,?,?,?,? ) 
2019-04-27 12:40:22,940 DEBUG (BaseJdbcLogger.java:159)- ==> Parameters: null, 又大又香(String), 3(Integer), null, 8(Integer), 烤肠(String)
2019-04-27 12:40:22,945 DEBUG (BaseJdbcLogger.java:159)- <==    Updates: 1
2019-04-27 12:40:23,898 DEBUG (BaseJdbcLogger.java:159)- ==>  Preparing: SELECT food_id,food_describe,food_price,food_image,canteen_id,food_name FROM food WHERE canteen_id = ? 
2019-04-27 12:40:23,899 DEBUG (BaseJdbcLogger.java:159)- ==> Parameters: 8(Integer)
2019-04-27 12:40:23,901 DEBUG (BaseJdbcLogger.java:159)- <==      Total: 5
2019-04-27 12:40:24,983 DEBUG (BaseJdbcLogger.java:159)- ==>  Preparing: SELECT food_id,food_describe,food_price,food_image,canteen_id,food_name FROM food WHERE food_id = ? 
2019-04-27 12:40:24,984 DEBUG (BaseJdbcLogger.java:159)- ==> Parameters: 5(Long)
2019-04-27 12:40:24,985 DEBUG (BaseJdbcLogger.java:159)- <==      Total: 1
2019-04-27 12:40:51,941 DEBUG (BaseJdbcLogger.java:159)- ==>  Preparing: SELECT food_id,food_describe,food_price,food_image,canteen_id,food_name FROM food WHERE food_id = ? 
2019-04-27 12:40:51,942 DEBUG (BaseJdbcLogger.java:159)- ==> Parameters: 5(Long)
2019-04-27 12:40:51,944 DEBUG (BaseJdbcLogger.java:159)- <==      Total: 1
2019-04-27 12:41:25,167 DEBUG (BaseJdbcLogger.java:159)- ==>  Preparing: SELECT food_id,food_describe,food_price,food_image,canteen_id,food_name FROM food WHERE food_id = ? 
2019-04-27 12:41:25,168 DEBUG (BaseJdbcLogger.java:159)- ==> Parameters: 5(Long)
2019-04-27 12:41:25,170 DEBUG (BaseJdbcLogger.java:159)- <==      Total: 1
2019-04-27 12:41:25,242 DEBUG (BaseJdbcLogger.java:159)- ==>  Preparing: SELECT canteen_id,canteen_label,canteen_name,canteen_des,canteen_image FROM canteen WHERE canteen_id = ? 
2019-04-27 12:41:25,243 DEBUG (BaseJdbcLogger.java:159)- ==> Parameters: 8(Integer)
2019-04-27 12:41:25,246 DEBUG (BaseJdbcLogger.java:159)- <==      Total: 1
2019-04-27 12:41:56,331 DEBUG (BaseJdbcLogger.java:159)- ==>  Preparing: SELECT food_id,food_describe,food_price,food_image,canteen_id,food_name FROM food WHERE food_id = ? 
2019-04-27 12:41:56,332 DEBUG (BaseJdbcLogger.java:159)- ==> Parameters: 5(Long)
2019-04-27 12:41:56,334 DEBUG (BaseJdbcLogger.java:159)- <==      Total: 1
2019-04-27 12:41:59,359 DEBUG (BaseJdbcLogger.java:159)- ==>  Preparing: SELECT food_id,food_describe,food_price,food_image,canteen_id,food_name FROM food WHERE food_id = ? 
2019-04-27 12:41:59,360 DEBUG (BaseJdbcLogger.java:159)- ==> Parameters: 5(Long)
2019-04-27 12:41:59,362 DEBUG (BaseJdbcLogger.java:159)- <==      Total: 1
2019-04-27 12:42:01,715 DEBUG (BaseJdbcLogger.java:159)- ==>  Preparing: SELECT food_id,food_describe,food_price,food_image,canteen_id,food_name FROM food WHERE food_id = ? 
2019-04-27 12:42:01,716 DEBUG (BaseJdbcLogger.java:159)- ==> Parameters: 5(Long)
2019-04-27 12:42:01,719 DEBUG (BaseJdbcLogger.java:159)- <==      Total: 1
2019-04-27 12:42:03,418 DEBUG (BaseJdbcLogger.java:159)- ==>  Preparing: SELECT food_id,food_describe,food_price,food_image,canteen_id,food_name FROM food WHERE food_id = ? 
2019-04-27 12:42:03,421 DEBUG (BaseJdbcLogger.java:159)- ==> Parameters: 5(Long)
2019-04-27 12:42:03,424 DEBUG (BaseJdbcLogger.java:159)- <==      Total: 1
2019-04-27 12:42:32,017 DEBUG (BaseJdbcLogger.java:159)- ==>  Preparing: SELECT food_id,food_describe,food_price,food_image,canteen_id,food_name FROM food WHERE food_id = ? 
2019-04-27 12:42:32,019 DEBUG (BaseJdbcLogger.java:159)- ==> Parameters: 5(Long)
2019-04-27 12:42:32,021 DEBUG (BaseJdbcLogger.java:159)- <==      Total: 1
2019-04-27 12:42:54,973 DEBUG (BaseJdbcLogger.java:159)- ==>  Preparing: SELECT food_id,food_describe,food_price,food_image,canteen_id,food_name FROM food WHERE food_id = ? 
2019-04-27 12:42:54,974 DEBUG (BaseJdbcLogger.java:159)- ==> Parameters: 5(Long)
2019-04-27 12:42:54,976 DEBUG (BaseJdbcLogger.java:159)- <==      Total: 1
2019-04-27 12:43:30,371 DEBUG (BaseJdbcLogger.java:159)- ==>  Preparing: SELECT food_id,food_describe,food_price,food_image,canteen_id,food_name FROM food WHERE food_id = ? 
2019-04-27 12:43:30,372 DEBUG (BaseJdbcLogger.java:159)- ==> Parameters: 5(Long)
2019-04-27 12:43:30,374 DEBUG (BaseJdbcLogger.java:159)- <==      Total: 1
2019-04-27 12:45:14,035 DEBUG (BaseJdbcLogger.java:159)- ==>  Preparing: SELECT food_id,food_describe,food_price,food_image,canteen_id,food_name FROM food WHERE food_id = ? 
2019-04-27 12:45:14,035 DEBUG (BaseJdbcLogger.java:159)- ==> Parameters: 5(Long)
2019-04-27 12:45:14,037 DEBUG (BaseJdbcLogger.java:159)- <==      Total: 1
2019-04-27 12:45:30,493 DEBUG (BaseJdbcLogger.java:159)- ==>  Preparing: SELECT food_id,food_describe,food_price,food_image,canteen_id,food_name FROM food WHERE food_id = ? 
2019-04-27 12:45:30,494 DEBUG (BaseJdbcLogger.java:159)- ==> Parameters: 5(Long)
2019-04-27 12:45:30,496 DEBUG (BaseJdbcLogger.java:159)- <==      Total: 1
2019-04-27 12:46:24,213 DEBUG (BaseJdbcLogger.java:159)- ==>  Preparing: SELECT food_id,food_describe,food_price,food_image,canteen_id,food_name FROM food WHERE canteen_id = ? 
2019-04-27 12:46:24,214 DEBUG (BaseJdbcLogger.java:159)- ==> Parameters: 8(Integer)
2019-04-27 12:46:24,217 DEBUG (BaseJdbcLogger.java:159)- <==      Total: 5
2019-04-27 12:46:26,202 DEBUG (BaseJdbcLogger.java:159)- ==>  Preparing: SELECT food_id,food_describe,food_price,food_image,canteen_id,food_name FROM food WHERE food_id = ? 
2019-04-27 12:46:26,203 DEBUG (BaseJdbcLogger.java:159)- ==> Parameters: 3(Long)
2019-04-27 12:46:26,204 DEBUG (BaseJdbcLogger.java:159)- <==      Total: 1
2019-04-27 12:47:14,932 DEBUG (BaseJdbcLogger.java:159)- ==>  Preparing: SELECT food_id,food_describe,food_price,food_image,canteen_id,food_name FROM food WHERE food_id = ? 
2019-04-27 12:47:14,933 DEBUG (BaseJdbcLogger.java:159)- ==> Parameters: 3(Long)
2019-04-27 12:47:14,934 DEBUG (BaseJdbcLogger.java:159)- <==      Total: 1
2019-04-27 12:47:25,195 DEBUG (BaseJdbcLogger.java:159)- ==>  Preparing: SELECT food_id,food_describe,food_price,food_image,canteen_id,food_name FROM food WHERE food_id = ? 
2019-04-27 12:47:25,196 DEBUG (BaseJdbcLogger.java:159)- ==> Parameters: 3(Long)
2019-04-27 12:47:25,199 DEBUG (BaseJdbcLogger.java:159)- <==      Total: 1
2019-04-27 12:47:25,275 DEBUG (BaseJdbcLogger.java:159)- ==>  Preparing: SELECT canteen_id,canteen_label,canteen_name,canteen_des,canteen_image FROM canteen WHERE canteen_id = ? 
2019-04-27 12:47:25,276 DEBUG (BaseJdbcLogger.java:159)- ==> Parameters: 8(Integer)
2019-04-27 12:47:25,277 DEBUG (BaseJdbcLogger.java:159)- <==      Total: 1
2019-04-27 12:47:33,122 DEBUG (BaseJdbcLogger.java:159)- ==>  Preparing: SELECT food_id,food_describe,food_price,food_image,canteen_id,food_name FROM food WHERE food_id = ? 
2019-04-27 12:47:33,123 DEBUG (BaseJdbcLogger.java:159)- ==> Parameters: 3(Long)
2019-04-27 12:47:33,126 DEBUG (BaseJdbcLogger.java:159)- <==      Total: 1
2019-04-27 12:47:44,667 DEBUG (BaseJdbcLogger.java:159)- ==>  Preparing: SELECT food_id,food_describe,food_price,food_image,canteen_id,food_name FROM food WHERE food_id = ? 
2019-04-27 12:47:44,667 DEBUG (BaseJdbcLogger.java:159)- ==> Parameters: 3(Long)
2019-04-27 12:47:44,669 DEBUG (BaseJdbcLogger.java:159)- <==      Total: 1
2019-04-27 12:48:26,678 DEBUG (BaseJdbcLogger.java:159)- ==>  Preparing: SELECT canteen_id,canteen_label,canteen_name,canteen_des,canteen_image FROM canteen WHERE canteen_id = ? 
2019-04-27 12:48:26,678 DEBUG (BaseJdbcLogger.java:159)- ==> Parameters: 8(Integer)
2019-04-27 12:48:26,680 DEBUG (BaseJdbcLogger.java:159)- <==      Total: 1
2019-04-27 12:48:31,045 DEBUG (BaseJdbcLogger.java:159)- ==>  Preparing: SELECT food_id,food_describe,food_price,food_image,canteen_id,food_name FROM food WHERE food_id = ? 
2019-04-27 12:48:31,046 DEBUG (BaseJdbcLogger.java:159)- ==> Parameters: 3(Long)
2019-04-27 12:48:31,049 DEBUG (BaseJdbcLogger.java:159)- <==      Total: 1
2019-04-27 12:48:31,097 DEBUG (BaseJdbcLogger.java:159)- ==>  Preparing: SELECT canteen_id,canteen_label,canteen_name,canteen_des,canteen_image FROM canteen WHERE canteen_id = ? 
2019-04-27 12:48:31,098 DEBUG (BaseJdbcLogger.java:159)- ==> Parameters: 8(Integer)
2019-04-27 12:48:31,099 DEBUG (BaseJdbcLogger.java:159)- <==      Total: 1
2019-04-27 12:48:45,319 DEBUG (BaseJdbcLogger.java:159)- ==>  Preparing: SELECT food_id,food_describe,food_price,food_image,canteen_id,food_name FROM food WHERE food_id = ? 
2019-04-27 12:48:45,320 DEBUG (BaseJdbcLogger.java:159)- ==> Parameters: 3(Long)
2019-04-27 12:48:45,322 DEBUG (BaseJdbcLogger.java:159)- <==      Total: 1
2019-04-27 12:48:50,443 DEBUG (BaseJdbcLogger.java:159)- ==>  Preparing: SELECT food_id,food_describe,food_price,food_image,canteen_id,food_name FROM food WHERE food_id = ? 
2019-04-27 12:48:50,444 DEBUG (BaseJdbcLogger.java:159)- ==> Parameters: 3(Long)
2019-04-27 12:48:50,447 DEBUG (BaseJdbcLogger.java:159)- <==      Total: 1
2019-04-27 12:49:09,203 DEBUG (BaseJdbcLogger.java:159)- ==>  Preparing: SELECT food_id,food_describe,food_price,food_image,canteen_id,food_name FROM food WHERE food_id = ? 
2019-04-27 12:49:09,204 DEBUG (BaseJdbcLogger.java:159)- ==> Parameters: 3(Long)
2019-04-27 12:49:09,206 DEBUG (BaseJdbcLogger.java:159)- <==      Total: 1
2019-04-27 12:49:17,563 DEBUG (BaseJdbcLogger.java:159)- ==>  Preparing: SELECT food_id,food_describe,food_price,food_image,canteen_id,food_name FROM food WHERE food_id = ? 
2019-04-27 12:49:17,565 DEBUG (BaseJdbcLogger.java:159)- ==> Parameters: 3(Long)
2019-04-27 12:49:17,566 DEBUG (BaseJdbcLogger.java:159)- <==      Total: 1
2019-04-27 12:49:33,545 DEBUG (BaseJdbcLogger.java:159)- ==>  Preparing: SELECT food_id,food_describe,food_price,food_image,canteen_id,food_name FROM food WHERE food_id = ? 
2019-04-27 12:49:33,545 DEBUG (BaseJdbcLogger.java:159)- ==> Parameters: 3(Long)
2019-04-27 12:49:33,547 DEBUG (BaseJdbcLogger.java:159)- <==      Total: 1
2019-04-27 12:49:57,690 DEBUG (BaseJdbcLogger.java:159)- ==>  Preparing: SELECT food_id,food_describe,food_price,food_image,canteen_id,food_name FROM food WHERE food_id = ? 
2019-04-27 12:49:57,693 DEBUG (BaseJdbcLogger.java:159)- ==> Parameters: 3(Long)
2019-04-27 12:49:57,695 DEBUG (BaseJdbcLogger.java:159)- <==      Total: 1
2019-04-27 12:50:04,889 DEBUG (BaseJdbcLogger.java:159)- ==>  Preparing: SELECT food_id,food_describe,food_price,food_image,canteen_id,food_name FROM food WHERE food_id = ? 
2019-04-27 12:50:04,890 DEBUG (BaseJdbcLogger.java:159)- ==> Parameters: 3(Long)
2019-04-27 12:50:04,892 DEBUG (BaseJdbcLogger.java:159)- <==      Total: 1
2019-04-27 12:50:04,953 DEBUG (BaseJdbcLogger.java:159)- ==>  Preparing: SELECT canteen_id,canteen_label,canteen_name,canteen_des,canteen_image FROM canteen WHERE canteen_id = ? 
2019-04-27 12:50:04,955 DEBUG (BaseJdbcLogger.java:159)- ==> Parameters: 8(Integer)
2019-04-27 12:50:04,956 DEBUG (BaseJdbcLogger.java:159)- <==      Total: 1
2019-04-27 12:50:19,218 DEBUG (BaseJdbcLogger.java:159)- ==>  Preparing: SELECT food_id,food_describe,food_price,food_image,canteen_id,food_name FROM food WHERE food_id = ? 
2019-04-27 12:50:19,221 DEBUG (BaseJdbcLogger.java:159)- ==> Parameters: 3(Long)
2019-04-27 12:50:19,222 DEBUG (BaseJdbcLogger.java:159)- <==      Total: 1
2019-04-27 12:50:50,794 DEBUG (BaseJdbcLogger.java:159)- ==>  Preparing: SELECT food_id,food_describe,food_price,food_image,canteen_id,food_name FROM food WHERE food_id = ? 
2019-04-27 12:50:50,795 DEBUG (BaseJdbcLogger.java:159)- ==> Parameters: 3(Long)
2019-04-27 12:50:50,796 DEBUG (BaseJdbcLogger.java:159)- <==      Total: 1
2019-04-27 12:50:50,847 DEBUG (BaseJdbcLogger.java:159)- ==>  Preparing: SELECT canteen_id,canteen_label,canteen_name,canteen_des,canteen_image FROM canteen WHERE canteen_id = ? 
2019-04-27 12:50:50,848 DEBUG (BaseJdbcLogger.java:159)- ==> Parameters: 8(Integer)
2019-04-27 12:50:50,850 DEBUG (BaseJdbcLogger.java:159)- <==      Total: 1
2019-04-27 12:51:11,163 DEBUG (BaseJdbcLogger.java:159)- ==>  Preparing: SELECT food_id,food_describe,food_price,food_image,canteen_id,food_name FROM food WHERE food_id = ? 
2019-04-27 12:51:11,163 DEBUG (BaseJdbcLogger.java:159)- ==> Parameters: 3(Long)
2019-04-27 12:51:11,165 DEBUG (BaseJdbcLogger.java:159)- <==      Total: 1
2019-04-27 12:51:51,138 DEBUG (BaseJdbcLogger.java:159)- ==>  Preparing: SELECT food_id,food_describe,food_price,food_image,canteen_id,food_name FROM food WHERE food_id = ? 
2019-04-27 12:51:51,140 DEBUG (BaseJdbcLogger.java:159)- ==> Parameters: 3(Long)
2019-04-27 12:51:51,142 DEBUG (BaseJdbcLogger.java:159)- <==      Total: 1
2019-04-27 12:51:51,666 DEBUG (BaseJdbcLogger.java:159)- ==>  Preparing: SELECT canteen_id,canteen_label,canteen_name,canteen_des,canteen_image FROM canteen WHERE canteen_id = ? 
2019-04-27 12:51:51,667 DEBUG (BaseJdbcLogger.java:159)- ==> Parameters: 8(Integer)
2019-04-27 12:51:51,668 DEBUG (BaseJdbcLogger.java:159)- <==      Total: 1
2019-04-27 12:52:23,022 DEBUG (BaseJdbcLogger.java:159)- ==>  Preparing: SELECT food_id,food_describe,food_price,food_image,canteen_id,food_name FROM food WHERE food_id = ? 
2019-04-27 12:52:23,023 DEBUG (BaseJdbcLogger.java:159)- ==> Parameters: 3(Long)
2019-04-27 12:52:23,025 DEBUG (BaseJdbcLogger.java:159)- <==      Total: 1
2019-04-27 12:53:49,648 DEBUG (BaseJdbcLogger.java:159)- ==>  Preparing: SELECT food_id,food_describe,food_price,food_image,canteen_id,food_name FROM food WHERE food_id = ? 
2019-04-27 12:53:49,649 DEBUG (BaseJdbcLogger.java:159)- ==> Parameters: 3(Long)
2019-04-27 12:53:49,651 DEBUG (BaseJdbcLogger.java:159)- <==      Total: 1
2019-04-27 12:54:19,761 DEBUG (BaseJdbcLogger.java:159)- ==>  Preparing: SELECT food_id,food_describe,food_price,food_image,canteen_id,food_name FROM food WHERE food_id = ? 
2019-04-27 12:54:19,762 DEBUG (BaseJdbcLogger.java:159)- ==> Parameters: 3(Long)
2019-04-27 12:54:19,764 DEBUG (BaseJdbcLogger.java:159)- <==      Total: 1
2019-04-27 12:54:19,873 DEBUG (BaseJdbcLogger.java:159)- ==>  Preparing: SELECT canteen_id,canteen_label,canteen_name,canteen_des,canteen_image FROM canteen WHERE canteen_id = ? 
2019-04-27 12:54:19,875 DEBUG (BaseJdbcLogger.java:159)- ==> Parameters: 8(Integer)
2019-04-27 12:54:19,877 DEBUG (BaseJdbcLogger.java:159)- <==      Total: 1
2019-04-27 12:56:38,746 INFO (SpringApplication.java:597)- The following profiles are active: dev
2019-04-27 12:56:54,706 INFO (StartupInfoLogger.java:57)- Started AdminServiceApp in 20.847 seconds (JVM running for 23.004)
2019-04-27 12:57:51,871 DEBUG (BaseJdbcLogger.java:159)- ==>  Preparing: SELECT food_id,food_describe,food_price,food_image,canteen_id,food_name FROM food WHERE food_id = ? 
2019-04-27 12:57:51,896 DEBUG (BaseJdbcLogger.java:159)- ==> Parameters: 3(Long)
2019-04-27 12:57:51,909 DEBUG (BaseJdbcLogger.java:159)- <==      Total: 1
2019-04-27 12:59:10,004 DEBUG (BaseJdbcLogger.java:159)- ==>  Preparing: SELECT food_id,food_describe,food_price,food_image,canteen_id,food_name FROM food WHERE food_id = ? 
2019-04-27 12:59:10,006 DEBUG (BaseJdbcLogger.java:159)- ==> Parameters: 3(Long)
2019-04-27 12:59:10,010 DEBUG (BaseJdbcLogger.java:159)- <==      Total: 1
2019-04-27 12:59:10,094 DEBUG (BaseJdbcLogger.java:159)- ==>  Preparing: SELECT canteen_id,canteen_label,canteen_name,canteen_des,canteen_image FROM canteen WHERE canteen_id = ? 
2019-04-27 12:59:10,095 DEBUG (BaseJdbcLogger.java:159)- ==> Parameters: 8(Integer)
2019-04-27 12:59:10,104 DEBUG (BaseJdbcLogger.java:159)- <==      Total: 1
2019-04-27 12:59:46,843 DEBUG (BaseJdbcLogger.java:159)- ==>  Preparing: SELECT food_id,food_describe,food_price,food_image,canteen_id,food_name FROM food WHERE canteen_id = ? 
2019-04-27 12:59:46,844 DEBUG (BaseJdbcLogger.java:159)- ==> Parameters: 8(Integer)
2019-04-27 12:59:46,848 DEBUG (BaseJdbcLogger.java:159)- <==      Total: 5
2019-04-27 12:59:48,279 DEBUG (BaseJdbcLogger.java:159)- ==>  Preparing: SELECT food_id,food_describe,food_price,food_image,canteen_id,food_name FROM food WHERE food_id = ? 
2019-04-27 12:59:48,280 DEBUG (BaseJdbcLogger.java:159)- ==> Parameters: 3(Long)
2019-04-27 12:59:48,285 DEBUG (BaseJdbcLogger.java:159)- <==      Total: 1
2019-04-27 12:59:51,777 DEBUG (BaseJdbcLogger.java:159)- ==>  Preparing: update food set food_id=? ,food_image = ? where food_id = ? 
2019-04-27 12:59:51,779 DEBUG (BaseJdbcLogger.java:159)- ==> Parameters: 3(Long), http://image.xikecanteen.com/canteen/8/3/ershitang.png(String), 3(Long)
2019-04-27 12:59:51,785 DEBUG (BaseJdbcLogger.java:159)- <==    Updates: 1
2019-04-27 13:00:06,175 DEBUG (BaseJdbcLogger.java:159)- ==>  Preparing: SELECT food_id,food_describe,food_price,food_image,canteen_id,food_name FROM food WHERE canteen_id = ? 
2019-04-27 13:00:06,175 DEBUG (BaseJdbcLogger.java:159)- ==> Parameters: 8(Integer)
2019-04-27 13:00:06,179 DEBUG (BaseJdbcLogger.java:159)- <==      Total: 5
2019-04-27 13:00:06,915 DEBUG (BaseJdbcLogger.java:159)- ==>  Preparing: SELECT food_id,food_describe,food_price,food_image,canteen_id,food_name FROM food WHERE food_id = ? 
2019-04-27 13:00:06,917 DEBUG (BaseJdbcLogger.java:159)- ==> Parameters: 1(Long)
2019-04-27 13:00:06,920 DEBUG (BaseJdbcLogger.java:159)- <==      Total: 1
2019-04-27 13:00:09,612 DEBUG (BaseJdbcLogger.java:159)- ==>  Preparing: update food set food_id=? ,food_image = ? where food_id = ? 
2019-04-27 13:00:09,612 DEBUG (BaseJdbcLogger.java:159)- ==> Parameters: 1(Long), http://image.xikecanteen.com/canteen/8/1/luroufan.png(String), 1(Long)
2019-04-27 13:00:09,616 DEBUG (BaseJdbcLogger.java:159)- <==    Updates: 1
2019-04-27 13:00:56,597 DEBUG (BaseJdbcLogger.java:159)- ==>  Preparing: SELECT food_id,food_describe,food_price,food_image,canteen_id,food_name FROM food WHERE canteen_id = ? 
2019-04-27 13:00:56,598 DEBUG (BaseJdbcLogger.java:159)- ==> Parameters: 8(Integer)
2019-04-27 13:00:56,602 DEBUG (BaseJdbcLogger.java:159)- <==      Total: 5
2019-04-27 13:00:57,776 DEBUG (BaseJdbcLogger.java:159)- ==>  Preparing: SELECT food_id,food_describe,food_price,food_image,canteen_id,food_name FROM food WHERE food_id = ? 
2019-04-27 13:00:57,776 DEBUG (BaseJdbcLogger.java:159)- ==> Parameters: 3(Long)
2019-04-27 13:00:57,779 DEBUG (BaseJdbcLogger.java:159)- <==      Total: 1
2019-04-27 13:01:00,087 DEBUG (BaseJdbcLogger.java:159)- ==>  Preparing: SELECT food_id,food_describe,food_price,food_image,canteen_id,food_name FROM food WHERE canteen_id = ? 
2019-04-27 13:01:00,088 DEBUG (BaseJdbcLogger.java:159)- ==> Parameters: 8(Integer)
2019-04-27 13:01:00,090 DEBUG (BaseJdbcLogger.java:159)- <==      Total: 5
2019-04-27 13:01:00,797 DEBUG (BaseJdbcLogger.java:159)- ==>  Preparing: SELECT food_id,food_describe,food_price,food_image,canteen_id,food_name FROM food WHERE food_id = ? 
2019-04-27 13:01:00,798 DEBUG (BaseJdbcLogger.java:159)- ==> Parameters: 1(Long)
2019-04-27 13:01:00,801 DEBUG (BaseJdbcLogger.java:159)- <==      Total: 1
2019-04-27 13:01:02,467 DEBUG (BaseJdbcLogger.java:159)- ==>  Preparing: SELECT food_id,food_describe,food_price,food_image,canteen_id,food_name FROM food WHERE canteen_id = ? 
2019-04-27 13:01:02,468 DEBUG (BaseJdbcLogger.java:159)- ==> Parameters: 8(Integer)
2019-04-27 13:01:02,473 DEBUG (BaseJdbcLogger.java:159)- <==      Total: 5
2019-04-27 13:01:03,506 DEBUG (BaseJdbcLogger.java:159)- ==>  Preparing: SELECT food_id,food_describe,food_price,food_image,canteen_id,food_name FROM food WHERE food_id = ? 
2019-04-27 13:01:03,506 DEBUG (BaseJdbcLogger.java:159)- ==> Parameters: 3(Long)
2019-04-27 13:01:03,509 DEBUG (BaseJdbcLogger.java:159)- <==      Total: 1
2019-04-27 13:01:37,013 DEBUG (BaseJdbcLogger.java:159)- ==>  Preparing: update food set food_id=? ,food_image = ? where food_id = ? 
2019-04-27 13:01:37,014 DEBUG (BaseJdbcLogger.java:159)- ==> Parameters: 3(Long), http://image.xikecanteen.com/canteen/8/3/luroufan.png(String), 3(Long)
2019-04-27 13:01:37,020 DEBUG (BaseJdbcLogger.java:159)- <==    Updates: 1
2019-04-27 13:02:09,639 DEBUG (BaseJdbcLogger.java:159)- ==>  Preparing: SELECT food_id,food_describe,food_price,food_image,canteen_id,food_name FROM food WHERE food_id = ? 
2019-04-27 13:02:09,640 DEBUG (BaseJdbcLogger.java:159)- ==> Parameters: 3(Long)
2019-04-27 13:02:09,645 DEBUG (BaseJdbcLogger.java:159)- <==      Total: 1
2019-04-27 13:02:26,322 DEBUG (BaseJdbcLogger.java:159)- ==>  Preparing: SELECT food_id,food_describe,food_price,food_image,canteen_id,food_name FROM food WHERE food_id = ? 
2019-04-27 13:02:26,323 DEBUG (BaseJdbcLogger.java:159)- ==> Parameters: 3(Long)
2019-04-27 13:02:26,327 DEBUG (BaseJdbcLogger.java:159)- <==      Total: 1
2019-04-27 13:02:38,418 DEBUG (BaseJdbcLogger.java:159)- ==>  Preparing: SELECT food_id,food_describe,food_price,food_image,canteen_id,food_name FROM food WHERE food_id = ? 
2019-04-27 13:02:38,420 DEBUG (BaseJdbcLogger.java:159)- ==> Parameters: 3(Long)
2019-04-27 13:02:38,424 DEBUG (BaseJdbcLogger.java:159)- <==      Total: 1
2019-04-27 13:02:40,421 DEBUG (BaseJdbcLogger.java:159)- ==>  Preparing: SELECT food_id,food_describe,food_price,food_image,canteen_id,food_name FROM food WHERE canteen_id = ? 
2019-04-27 13:02:40,421 DEBUG (BaseJdbcLogger.java:159)- ==> Parameters: 8(Integer)
2019-04-27 13:02:40,424 DEBUG (BaseJdbcLogger.java:159)- <==      Total: 5
2019-04-27 13:02:41,128 DEBUG (BaseJdbcLogger.java:159)- ==>  Preparing: SELECT food_id,food_describe,food_price,food_image,canteen_id,food_name FROM food WHERE food_id = ? 
2019-04-27 13:02:41,128 DEBUG (BaseJdbcLogger.java:159)- ==> Parameters: 1(Long)
2019-04-27 13:02:41,131 DEBUG (BaseJdbcLogger.java:159)- <==      Total: 1
2019-04-27 13:02:56,963 DEBUG (BaseJdbcLogger.java:159)- ==>  Preparing: SELECT food_id,food_describe,food_price,food_image,canteen_id,food_name FROM food WHERE canteen_id = ? 
2019-04-27 13:02:56,964 DEBUG (BaseJdbcLogger.java:159)- ==> Parameters: 8(Integer)
2019-04-27 13:02:56,966 DEBUG (BaseJdbcLogger.java:159)- <==      Total: 5
2019-04-27 13:02:57,840 DEBUG (BaseJdbcLogger.java:159)- ==>  Preparing: SELECT food_id,food_describe,food_price,food_image,canteen_id,food_name FROM food WHERE food_id = ? 
2019-04-27 13:02:57,840 DEBUG (BaseJdbcLogger.java:159)- ==> Parameters: 1(Long)
2019-04-27 13:02:57,843 DEBUG (BaseJdbcLogger.java:159)- <==      Total: 1
2019-04-27 13:03:01,673 DEBUG (BaseJdbcLogger.java:159)- ==>  Preparing: update food set food_id=? ,food_image = ? where food_id = ? 
2019-04-27 13:03:01,674 DEBUG (BaseJdbcLogger.java:159)- ==> Parameters: 1(Long), http://image.xikecanteen.com/canteen/8/1/ershitang.png(String), 1(Long)
2019-04-27 13:03:01,679 DEBUG (BaseJdbcLogger.java:159)- <==    Updates: 1
2019-04-27 13:03:05,554 DEBUG (BaseJdbcLogger.java:159)- ==>  Preparing: update food set food_id=? ,food_image = ? where food_id = ? 
2019-04-27 13:03:05,555 DEBUG (BaseJdbcLogger.java:159)- ==> Parameters: 1(Long), http://image.xikecanteen.com/canteen/8/1/luroufan.png(String), 1(Long)
2019-04-27 13:03:05,559 DEBUG (BaseJdbcLogger.java:159)- <==    Updates: 1
2019-04-27 13:03:19,245 DEBUG (BaseJdbcLogger.java:159)- ==>  Preparing: SELECT food_id,food_describe,food_price,food_image,canteen_id,food_name FROM food WHERE canteen_id = ? 
2019-04-27 13:03:19,246 DEBUG (BaseJdbcLogger.java:159)- ==> Parameters: 8(Integer)
2019-04-27 13:03:19,248 DEBUG (BaseJdbcLogger.java:159)- <==      Total: 5
2019-04-27 13:03:20,543 DEBUG (BaseJdbcLogger.java:159)- ==>  Preparing: SELECT food_id,food_describe,food_price,food_image,canteen_id,food_name FROM food WHERE food_id = ? 
2019-04-27 13:03:20,544 DEBUG (BaseJdbcLogger.java:159)- ==> Parameters: 1(Long)
2019-04-27 13:03:20,547 DEBUG (BaseJdbcLogger.java:159)- <==      Total: 1
2019-04-27 13:04:45,830 DEBUG (BaseJdbcLogger.java:159)- ==>  Preparing: SELECT food_id,food_describe,food_price,food_image,canteen_id,food_name FROM food WHERE canteen_id = ? 
2019-04-27 13:04:45,832 DEBUG (BaseJdbcLogger.java:159)- ==> Parameters: 8(Integer)
2019-04-27 13:04:45,835 DEBUG (BaseJdbcLogger.java:159)- <==      Total: 5
2019-04-27 13:04:46,829 DEBUG (BaseJdbcLogger.java:159)- ==>  Preparing: SELECT food_id,food_describe,food_price,food_image,canteen_id,food_name FROM food WHERE food_id = ? 
2019-04-27 13:04:46,831 DEBUG (BaseJdbcLogger.java:159)- ==> Parameters: 3(Long)
2019-04-27 13:04:46,834 DEBUG (BaseJdbcLogger.java:159)- <==      Total: 1
2019-04-27 13:04:50,701 DEBUG (BaseJdbcLogger.java:159)- ==>  Preparing: update food set food_id=? ,food_image = ? where food_id = ? 
2019-04-27 13:04:50,702 DEBUG (BaseJdbcLogger.java:159)- ==> Parameters: 3(Long), http://image.xikecanteen.com/canteen/8/3/ershitang.png(String), 3(Long)
2019-04-27 13:04:50,706 DEBUG (BaseJdbcLogger.java:159)- <==    Updates: 1
2019-04-27 13:05:00,573 DEBUG (BaseJdbcLogger.java:159)- ==>  Preparing: SELECT food_id,food_describe,food_price,food_image,canteen_id,food_name FROM food WHERE canteen_id = ? 
2019-04-27 13:05:00,574 DEBUG (BaseJdbcLogger.java:159)- ==> Parameters: 8(Integer)
2019-04-27 13:05:00,577 DEBUG (BaseJdbcLogger.java:159)- <==      Total: 5
2019-04-27 13:05:02,417 DEBUG (BaseJdbcLogger.java:159)- ==>  Preparing: SELECT food_id,food_describe,food_price,food_image,canteen_id,food_name FROM food WHERE food_id = ? 
2019-04-27 13:05:02,418 DEBUG (BaseJdbcLogger.java:159)- ==> Parameters: 1(Long)
2019-04-27 13:05:02,421 DEBUG (BaseJdbcLogger.java:159)- <==      Total: 1
2019-04-27 13:05:04,516 DEBUG (BaseJdbcLogger.java:159)- ==>  Preparing: SELECT food_id,food_describe,food_price,food_image,canteen_id,food_name FROM food WHERE canteen_id = ? 
2019-04-27 13:05:04,517 DEBUG (BaseJdbcLogger.java:159)- ==> Parameters: 8(Integer)
2019-04-27 13:05:04,519 DEBUG (BaseJdbcLogger.java:159)- <==      Total: 5
2019-04-27 13:05:05,763 DEBUG (BaseJdbcLogger.java:159)- ==>  Preparing: SELECT food_id,food_describe,food_price,food_image,canteen_id,food_name FROM food WHERE food_id = ? 
2019-04-27 13:05:05,763 DEBUG (BaseJdbcLogger.java:159)- ==> Parameters: 4(Long)
2019-04-27 13:05:05,766 DEBUG (BaseJdbcLogger.java:159)- <==      Total: 1
2019-04-27 13:05:10,612 DEBUG (BaseJdbcLogger.java:159)- ==>  Preparing: update food set food_id=? ,food_image = ? where food_id = ? 
2019-04-27 13:05:10,612 DEBUG (BaseJdbcLogger.java:159)- ==> Parameters: 4(Long), http://image.xikecanteen.com/canteen/8/4/ershitang.png(String), 4(Long)
2019-04-27 13:05:10,617 DEBUG (BaseJdbcLogger.java:159)- <==    Updates: 1
2019-04-27 13:05:36,128 DEBUG (BaseJdbcLogger.java:159)- ==>  Preparing: SELECT food_id,food_describe,food_price,food_image,canteen_id,food_name FROM food WHERE canteen_id = ? 
2019-04-27 13:05:36,129 DEBUG (BaseJdbcLogger.java:159)- ==> Parameters: 8(Integer)
2019-04-27 13:05:36,132 DEBUG (BaseJdbcLogger.java:159)- <==      Total: 5
2019-04-27 13:05:37,135 DEBUG (BaseJdbcLogger.java:159)- ==>  Preparing: SELECT food_id,food_describe,food_price,food_image,canteen_id,food_name FROM food WHERE food_id = ? 
2019-04-27 13:05:37,136 DEBUG (BaseJdbcLogger.java:159)- ==> Parameters: 4(Long)
2019-04-27 13:05:37,139 DEBUG (BaseJdbcLogger.java:159)- <==      Total: 1
2019-04-27 13:05:38,771 DEBUG (BaseJdbcLogger.java:159)- ==>  Preparing: SELECT food_id,food_describe,food_price,food_image,canteen_id,food_name FROM food WHERE canteen_id = ? 
2019-04-27 13:05:38,771 DEBUG (BaseJdbcLogger.java:159)- ==> Parameters: 8(Integer)
2019-04-27 13:05:38,774 DEBUG (BaseJdbcLogger.java:159)- <==      Total: 5
2019-04-27 13:05:39,460 DEBUG (BaseJdbcLogger.java:159)- ==>  Preparing: SELECT food_id,food_describe,food_price,food_image,canteen_id,food_name FROM food WHERE food_id = ? 
2019-04-27 13:05:39,461 DEBUG (BaseJdbcLogger.java:159)- ==> Parameters: 4(Long)
2019-04-27 13:05:39,464 DEBUG (BaseJdbcLogger.java:159)- <==      Total: 1
2019-04-27 13:05:40,752 DEBUG (BaseJdbcLogger.java:159)- ==>  Preparing: SELECT food_id,food_describe,food_price,food_image,canteen_id,food_name FROM food WHERE canteen_id = ? 
2019-04-27 13:05:40,752 DEBUG (BaseJdbcLogger.java:159)- ==> Parameters: 8(Integer)
2019-04-27 13:05:40,755 DEBUG (BaseJdbcLogger.java:159)- <==      Total: 5
2019-04-27 13:06:21,621 DEBUG (BaseJdbcLogger.java:159)- ==>  Preparing: SELECT food_id,food_describe,food_price,food_image,canteen_id,food_name FROM food WHERE food_id = ? 
2019-04-27 13:06:21,622 DEBUG (BaseJdbcLogger.java:159)- ==> Parameters: 5(Long)
2019-04-27 13:06:21,625 DEBUG (BaseJdbcLogger.java:159)- <==      Total: 1
2019-04-27 13:06:24,766 DEBUG (BaseJdbcLogger.java:159)- ==>  Preparing: update food set food_id=? ,food_image = ? where food_id = ? 
2019-04-27 13:06:24,768 DEBUG (BaseJdbcLogger.java:159)- ==> Parameters: 5(Long), http://image.xikecanteen.com/canteen/8/5/kaochang.png(String), 5(Long)
2019-04-27 13:06:24,776 DEBUG (BaseJdbcLogger.java:159)- <==    Updates: 1
2019-04-27 13:06:29,421 DEBUG (BaseJdbcLogger.java:159)- ==>  Preparing: SELECT food_id,food_describe,food_price,food_image,canteen_id,food_name FROM food WHERE canteen_id = ? 
2019-04-27 13:06:29,422 DEBUG (BaseJdbcLogger.java:159)- ==> Parameters: 8(Integer)
2019-04-27 13:06:29,425 DEBUG (BaseJdbcLogger.java:159)- <==      Total: 5
2019-04-27 13:06:30,796 DEBUG (BaseJdbcLogger.java:159)- ==>  Preparing: SELECT food_id,food_describe,food_price,food_image,canteen_id,food_name FROM food WHERE food_id = ? 
2019-04-27 13:06:30,796 DEBUG (BaseJdbcLogger.java:159)- ==> Parameters: 1(Long)
2019-04-27 13:06:30,798 DEBUG (BaseJdbcLogger.java:159)- <==      Total: 1
2019-04-27 13:06:32,358 DEBUG (BaseJdbcLogger.java:159)- ==>  Preparing: SELECT food_id,food_describe,food_price,food_image,canteen_id,food_name FROM food WHERE canteen_id = ? 
2019-04-27 13:06:32,358 DEBUG (BaseJdbcLogger.java:159)- ==> Parameters: 8(Integer)
2019-04-27 13:06:32,362 DEBUG (BaseJdbcLogger.java:159)- <==      Total: 5
2019-04-27 13:06:33,075 DEBUG (BaseJdbcLogger.java:159)- ==>  Preparing: SELECT food_id,food_describe,food_price,food_image,canteen_id,food_name FROM food WHERE food_id = ? 
2019-04-27 13:06:33,075 DEBUG (BaseJdbcLogger.java:159)- ==> Parameters: 2(Long)
2019-04-27 13:06:33,077 DEBUG (BaseJdbcLogger.java:159)- <==      Total: 1
2019-04-27 13:07:19,095 DEBUG (BaseJdbcLogger.java:159)- ==>  Preparing: update food set food_id=? ,food_image = ? where food_id = ? 
2019-04-27 13:07:19,096 DEBUG (BaseJdbcLogger.java:159)- ==> Parameters: 2(Long), http://image.xikecanteen.com/canteen/8/2/shuangpin.png(String), 2(Long)
2019-04-27 13:07:19,103 DEBUG (BaseJdbcLogger.java:159)- <==    Updates: 1
2019-04-27 13:07:24,228 DEBUG (BaseJdbcLogger.java:159)- ==>  Preparing: SELECT food_id,food_describe,food_price,food_image,canteen_id,food_name FROM food WHERE canteen_id = ? 
2019-04-27 13:07:24,229 DEBUG (BaseJdbcLogger.java:159)- ==> Parameters: 8(Integer)
2019-04-27 13:07:24,231 DEBUG (BaseJdbcLogger.java:159)- <==      Total: 5
2019-04-27 13:07:25,038 DEBUG (BaseJdbcLogger.java:159)- ==>  Preparing: SELECT food_id,food_describe,food_price,food_image,canteen_id,food_name FROM food WHERE food_id = ? 
2019-04-27 13:07:25,039 DEBUG (BaseJdbcLogger.java:159)- ==> Parameters: 1(Long)
2019-04-27 13:07:25,041 DEBUG (BaseJdbcLogger.java:159)- <==      Total: 1
2019-04-27 13:07:26,676 DEBUG (BaseJdbcLogger.java:159)- ==>  Preparing: SELECT food_id,food_describe,food_price,food_image,canteen_id,food_name FROM food WHERE canteen_id = ? 
2019-04-27 13:07:26,677 DEBUG (BaseJdbcLogger.java:159)- ==> Parameters: 8(Integer)
2019-04-27 13:07:26,679 DEBUG (BaseJdbcLogger.java:159)- <==      Total: 5
2019-04-27 13:07:27,225 DEBUG (BaseJdbcLogger.java:159)- ==>  Preparing: SELECT food_id,food_describe,food_price,food_image,canteen_id,food_name FROM food WHERE food_id = ? 
2019-04-27 13:07:27,225 DEBUG (BaseJdbcLogger.java:159)- ==> Parameters: 2(Long)
2019-04-27 13:07:27,228 DEBUG (BaseJdbcLogger.java:159)- <==      Total: 1
2019-04-27 13:07:28,557 DEBUG (BaseJdbcLogger.java:159)- ==>  Preparing: SELECT food_id,food_describe,food_price,food_image,canteen_id,food_name FROM food WHERE canteen_id = ? 
2019-04-27 13:07:28,558 DEBUG (BaseJdbcLogger.java:159)- ==> Parameters: 8(Integer)
2019-04-27 13:07:28,561 DEBUG (BaseJdbcLogger.java:159)- <==      Total: 5
2019-04-27 13:07:29,151 DEBUG (BaseJdbcLogger.java:159)- ==>  Preparing: SELECT food_id,food_describe,food_price,food_image,canteen_id,food_name FROM food WHERE food_id = ? 
2019-04-27 13:07:29,151 DEBUG (BaseJdbcLogger.java:159)- ==> Parameters: 3(Long)
2019-04-27 13:07:29,154 DEBUG (BaseJdbcLogger.java:159)- <==      Total: 1
2019-04-27 13:07:37,376 DEBUG (BaseJdbcLogger.java:159)- ==>  Preparing: update food set food_id=? ,food_name = ? ,food_price = ? where food_id = ? 
2019-04-27 13:07:37,377 DEBUG (BaseJdbcLogger.java:159)- ==> Parameters: 3(Long), 叉烧(String), 12(Integer), 3(Long)
2019-04-27 13:07:37,383 DEBUG (BaseJdbcLogger.java:159)- <==    Updates: 1
2019-04-27 13:07:38,983 DEBUG (BaseJdbcLogger.java:159)- ==>  Preparing: SELECT food_id,food_describe,food_price,food_image,canteen_id,food_name FROM food WHERE canteen_id = ? 
2019-04-27 13:07:38,984 DEBUG (BaseJdbcLogger.java:159)- ==> Parameters: 8(Integer)
2019-04-27 13:07:38,986 DEBUG (BaseJdbcLogger.java:159)- <==      Total: 5
2019-04-27 13:07:40,667 DEBUG (BaseJdbcLogger.java:159)- ==>  Preparing: SELECT food_id,food_describe,food_price,food_image,canteen_id,food_name FROM food WHERE food_id = ? 
2019-04-27 13:07:40,667 DEBUG (BaseJdbcLogger.java:159)- ==> Parameters: 4(Long)
2019-04-27 13:07:40,669 DEBUG (BaseJdbcLogger.java:159)- <==      Total: 1
2019-04-27 13:07:44,080 DEBUG (BaseJdbcLogger.java:159)- ==>  Preparing: SELECT food_id,food_describe,food_price,food_image,canteen_id,food_name FROM food WHERE canteen_id = ? 
2019-04-27 13:07:44,081 DEBUG (BaseJdbcLogger.java:159)- ==> Parameters: 8(Integer)
2019-04-27 13:07:44,083 DEBUG (BaseJdbcLogger.java:159)- <==      Total: 5
2019-04-27 13:07:44,843 DEBUG (BaseJdbcLogger.java:159)- ==>  Preparing: SELECT food_id,food_describe,food_price,food_image,canteen_id,food_name FROM food WHERE food_id = ? 
2019-04-27 13:07:44,844 DEBUG (BaseJdbcLogger.java:159)- ==> Parameters: 3(Long)
2019-04-27 13:07:44,846 DEBUG (BaseJdbcLogger.java:159)- <==      Total: 1
2019-04-27 13:08:05,731 DEBUG (BaseJdbcLogger.java:159)- ==>  Preparing: SELECT food_id,food_describe,food_price,food_image,canteen_id,food_name FROM food WHERE canteen_id = ? 
2019-04-27 13:08:05,731 DEBUG (BaseJdbcLogger.java:159)- ==> Parameters: 8(Integer)
2019-04-27 13:08:05,734 DEBUG (BaseJdbcLogger.java:159)- <==      Total: 5
2019-04-27 13:08:07,222 DEBUG (BaseJdbcLogger.java:159)- ==>  Preparing: SELECT food_id,food_describe,food_price,food_image,canteen_id,food_name FROM food WHERE food_id = ? 
2019-04-27 13:08:07,223 DEBUG (BaseJdbcLogger.java:159)- ==> Parameters: 4(Long)
2019-04-27 13:08:07,226 DEBUG (BaseJdbcLogger.java:159)- <==      Total: 1
2019-04-27 13:08:09,503 DEBUG (BaseJdbcLogger.java:159)- ==>  Preparing: SELECT food_id,food_describe,food_price,food_image,canteen_id,food_name FROM food WHERE canteen_id = ? 
2019-04-27 13:08:09,504 DEBUG (BaseJdbcLogger.java:159)- ==> Parameters: 8(Integer)
2019-04-27 13:08:09,507 DEBUG (BaseJdbcLogger.java:159)- <==      Total: 5
2019-04-27 13:08:10,851 DEBUG (BaseJdbcLogger.java:159)- ==>  Preparing: SELECT food_id,food_describe,food_price,food_image,canteen_id,food_name FROM food WHERE food_id = ? 
2019-04-27 13:08:10,852 DEBUG (BaseJdbcLogger.java:159)- ==> Parameters: 5(Long)
2019-04-27 13:08:10,854 DEBUG (BaseJdbcLogger.java:159)- <==      Total: 1
2019-04-27 13:08:13,211 DEBUG (BaseJdbcLogger.java:159)- ==>  Preparing: SELECT food_id,food_describe,food_price,food_image,canteen_id,food_name FROM food WHERE canteen_id = ? 
2019-04-27 13:08:13,211 DEBUG (BaseJdbcLogger.java:159)- ==> Parameters: 8(Integer)
2019-04-27 13:08:13,214 DEBUG (BaseJdbcLogger.java:159)- <==      Total: 5
2019-04-27 13:08:17,602 DEBUG (BaseJdbcLogger.java:159)- ==>  Preparing: SELECT food_id,food_describe,food_price,food_image,canteen_id,food_name FROM food WHERE canteen_id = ? 
2019-04-27 13:08:17,603 DEBUG (BaseJdbcLogger.java:159)- ==> Parameters: 8(Integer)
2019-04-27 13:08:17,606 DEBUG (BaseJdbcLogger.java:159)- <==      Total: 5
2019-04-27 13:08:20,251 DEBUG (BaseJdbcLogger.java:159)- ==>  Preparing: SELECT food_id,food_describe,food_price,food_image,canteen_id,food_name FROM food WHERE food_id = ? 
2019-04-27 13:08:20,251 DEBUG (BaseJdbcLogger.java:159)- ==> Parameters: 1(Long)
2019-04-27 13:08:20,254 DEBUG (BaseJdbcLogger.java:159)- <==      Total: 1
2019-04-27 13:08:21,724 DEBUG (BaseJdbcLogger.java:159)- ==>  Preparing: SELECT food_id,food_describe,food_price,food_image,canteen_id,food_name FROM food WHERE canteen_id = ? 
2019-04-27 13:08:21,725 DEBUG (BaseJdbcLogger.java:159)- ==> Parameters: 8(Integer)
2019-04-27 13:08:21,728 DEBUG (BaseJdbcLogger.java:159)- <==      Total: 5
2019-04-27 13:08:22,899 DEBUG (BaseJdbcLogger.java:159)- ==>  Preparing: SELECT food_id,food_describe,food_price,food_image,canteen_id,food_name FROM food WHERE food_id = ? 
2019-04-27 13:08:22,900 DEBUG (BaseJdbcLogger.java:159)- ==> Parameters: 2(Long)
2019-04-27 13:08:22,903 DEBUG (BaseJdbcLogger.java:159)- <==      Total: 1
2019-04-27 13:08:25,661 DEBUG (BaseJdbcLogger.java:159)- ==>  Preparing: SELECT food_id,food_describe,food_price,food_image,canteen_id,food_name FROM food WHERE canteen_id = ? 
2019-04-27 13:08:25,662 DEBUG (BaseJdbcLogger.java:159)- ==> Parameters: 8(Integer)
2019-04-27 13:08:25,664 DEBUG (BaseJdbcLogger.java:159)- <==      Total: 5
2019-04-27 13:08:26,701 DEBUG (BaseJdbcLogger.java:159)- ==>  Preparing: SELECT food_id,food_describe,food_price,food_image,canteen_id,food_name FROM food WHERE food_id = ? 
2019-04-27 13:08:26,702 DEBUG (BaseJdbcLogger.java:159)- ==> Parameters: 5(Long)
2019-04-27 13:08:26,705 DEBUG (BaseJdbcLogger.java:159)- <==      Total: 1
2019-04-27 13:08:29,271 DEBUG (BaseJdbcLogger.java:159)- ==>  Preparing: SELECT food_id,food_describe,food_price,food_image,canteen_id,food_name FROM food WHERE canteen_id = ? 
2019-04-27 13:08:29,272 DEBUG (BaseJdbcLogger.java:159)- ==> Parameters: 8(Integer)
2019-04-27 13:08:29,275 DEBUG (BaseJdbcLogger.java:159)- <==      Total: 5
2019-04-27 13:08:29,911 DEBUG (BaseJdbcLogger.java:159)- ==>  Preparing: SELECT food_id,food_describe,food_price,food_image,canteen_id,food_name FROM food WHERE food_id = ? 
2019-04-27 13:08:29,912 DEBUG (BaseJdbcLogger.java:159)- ==> Parameters: 4(Long)
2019-04-27 13:08:29,915 DEBUG (BaseJdbcLogger.java:159)- <==      Total: 1
2019-04-27 13:08:56,917 DEBUG (BaseJdbcLogger.java:159)- ==>  Preparing: update food set food_id=? ,food_image = ? where food_id = ? 
2019-04-27 13:08:56,918 DEBUG (BaseJdbcLogger.java:159)- ==> Parameters: 4(Long), http://image.xikecanteen.com/canteen/8/4/jipai.png(String), 4(Long)
2019-04-27 13:08:56,922 DEBUG (BaseJdbcLogger.java:159)- <==    Updates: 1
2019-04-27 13:09:00,824 DEBUG (BaseJdbcLogger.java:159)- ==>  Preparing: SELECT food_id,food_describe,food_price,food_image,canteen_id,food_name FROM food WHERE canteen_id = ? 
2019-04-27 13:09:00,824 DEBUG (BaseJdbcLogger.java:159)- ==> Parameters: 8(Integer)
2019-04-27 13:09:00,827 DEBUG (BaseJdbcLogger.java:159)- <==      Total: 5
2019-04-27 13:09:02,787 DEBUG (BaseJdbcLogger.java:159)- ==>  Preparing: SELECT food_id,food_describe,food_price,food_image,canteen_id,food_name FROM food WHERE canteen_id = ? 
2019-04-27 13:09:02,787 DEBUG (BaseJdbcLogger.java:159)- ==> Parameters: 8(Integer)
2019-04-27 13:09:02,790 DEBUG (BaseJdbcLogger.java:159)- <==      Total: 5
2019-04-27 13:09:03,607 DEBUG (BaseJdbcLogger.java:159)- ==>  Preparing: SELECT food_id,food_describe,food_price,food_image,canteen_id,food_name FROM food WHERE food_id = ? 
2019-04-27 13:09:03,607 DEBUG (BaseJdbcLogger.java:159)- ==> Parameters: 1(Long)
2019-04-27 13:09:03,610 DEBUG (BaseJdbcLogger.java:159)- <==      Total: 1
2019-04-27 13:09:05,280 DEBUG (BaseJdbcLogger.java:159)- ==>  Preparing: SELECT food_id,food_describe,food_price,food_image,canteen_id,food_name FROM food WHERE canteen_id = ? 
2019-04-27 13:09:05,280 DEBUG (BaseJdbcLogger.java:159)- ==> Parameters: 8(Integer)
2019-04-27 13:09:05,284 DEBUG (BaseJdbcLogger.java:159)- <==      Total: 5
2019-04-27 13:09:07,407 DEBUG (BaseJdbcLogger.java:159)- ==>  Preparing: SELECT food_id,food_describe,food_price,food_image,canteen_id,food_name FROM food WHERE canteen_id = ? 
2019-04-27 13:09:07,408 DEBUG (BaseJdbcLogger.java:159)- ==> Parameters: 8(Integer)
2019-04-27 13:09:07,411 DEBUG (BaseJdbcLogger.java:159)- <==      Total: 5
2019-04-27 13:09:08,343 DEBUG (BaseJdbcLogger.java:159)- ==>  Preparing: SELECT food_id,food_describe,food_price,food_image,canteen_id,food_name FROM food WHERE food_id = ? 
2019-04-27 13:09:08,344 DEBUG (BaseJdbcLogger.java:159)- ==> Parameters: 1(Long)
2019-04-27 13:09:08,346 DEBUG (BaseJdbcLogger.java:159)- <==      Total: 1
2019-04-27 13:09:19,673 DEBUG (BaseJdbcLogger.java:159)- ==>  Preparing: SELECT canteen_id,canteen_label,canteen_name,canteen_des,canteen_image FROM canteen WHERE canteen_id = ? 
2019-04-27 13:09:19,673 DEBUG (BaseJdbcLogger.java:159)- ==> Parameters: 8(Integer)
2019-04-27 13:09:19,676 DEBUG (BaseJdbcLogger.java:159)- <==      Total: 1
2019-04-27 13:09:30,742 DEBUG (BaseJdbcLogger.java:159)- ==>  Preparing: SELECT food_id,food_describe,food_price,food_image,canteen_id,food_name FROM food WHERE canteen_id = ? 
2019-04-27 13:09:30,742 DEBUG (BaseJdbcLogger.java:159)- ==> Parameters: 8(Integer)
2019-04-27 13:09:30,745 DEBUG (BaseJdbcLogger.java:159)- <==      Total: 5
2019-04-27 13:17:20,295 DEBUG (BaseJdbcLogger.java:159)- ==>  Preparing: SELECT food_id,food_describe,food_price,food_image,canteen_id,food_name FROM food WHERE canteen_id = ? 
2019-04-27 13:17:20,296 DEBUG (BaseJdbcLogger.java:159)- ==> Parameters: 8(Integer)
2019-04-27 13:17:20,301 DEBUG (BaseJdbcLogger.java:159)- <==      Total: 5
2019-04-27 13:17:20,325 DEBUG (BaseJdbcLogger.java:159)- ==>  Preparing: SELECT canteen_id,canteen_label,canteen_name,canteen_des,canteen_image FROM canteen WHERE canteen_id = ? 
2019-04-27 13:17:20,326 DEBUG (BaseJdbcLogger.java:159)- ==> Parameters: 8(Integer)
2019-04-27 13:17:20,329 DEBUG (BaseJdbcLogger.java:159)- <==      Total: 1
2019-04-27 13:19:10,139 DEBUG (BaseJdbcLogger.java:159)- ==>  Preparing: SELECT food_id,food_describe,food_price,food_image,canteen_id,food_name FROM food WHERE canteen_id = ? 
2019-04-27 13:19:10,140 DEBUG (BaseJdbcLogger.java:159)- ==> Parameters: 8(Integer)
2019-04-27 13:19:10,143 DEBUG (BaseJdbcLogger.java:159)- <==      Total: 5
2019-04-27 13:19:10,184 DEBUG (BaseJdbcLogger.java:159)- ==>  Preparing: SELECT canteen_id,canteen_label,canteen_name,canteen_des,canteen_image FROM canteen WHERE canteen_id = ? 
2019-04-27 13:19:10,185 DEBUG (BaseJdbcLogger.java:159)- ==> Parameters: 8(Integer)
2019-04-27 13:19:10,188 DEBUG (BaseJdbcLogger.java:159)- <==      Total: 1
2019-04-27 13:19:44,628 DEBUG (BaseJdbcLogger.java:159)- ==>  Preparing: SELECT food_id,food_describe,food_price,food_image,canteen_id,food_name FROM food WHERE canteen_id = ? 
2019-04-27 13:19:44,629 DEBUG (BaseJdbcLogger.java:159)- ==> Parameters: 8(Integer)
2019-04-27 13:19:44,634 DEBUG (BaseJdbcLogger.java:159)- <==      Total: 5
2019-04-27 13:19:44,718 DEBUG (BaseJdbcLogger.java:159)- ==>  Preparing: SELECT canteen_id,canteen_label,canteen_name,canteen_des,canteen_image FROM canteen WHERE canteen_id = ? 
2019-04-27 13:19:44,719 DEBUG (BaseJdbcLogger.java:159)- ==> Parameters: 8(Integer)
2019-04-27 13:19:44,724 DEBUG (BaseJdbcLogger.java:159)- <==      Total: 1
2019-04-27 13:19:54,176 DEBUG (BaseJdbcLogger.java:159)- ==>  Preparing: SELECT food_id,food_describe,food_price,food_image,canteen_id,food_name FROM food WHERE canteen_id = ? 
2019-04-27 13:19:54,176 DEBUG (BaseJdbcLogger.java:159)- ==> Parameters: 8(Integer)
2019-04-27 13:19:54,181 DEBUG (BaseJdbcLogger.java:159)- <==      Total: 5
2019-04-27 13:19:54,240 DEBUG (BaseJdbcLogger.java:159)- ==>  Preparing: SELECT canteen_id,canteen_label,canteen_name,canteen_des,canteen_image FROM canteen WHERE canteen_id = ? 
2019-04-27 13:19:54,241 DEBUG (BaseJdbcLogger.java:159)- ==> Parameters: 8(Integer)
2019-04-27 13:19:54,245 DEBUG (BaseJdbcLogger.java:159)- <==      Total: 1
2019-04-27 13:20:21,103 DEBUG (BaseJdbcLogger.java:159)- ==>  Preparing: SELECT food_id,food_describe,food_price,food_image,canteen_id,food_name FROM food WHERE canteen_id = ? 
2019-04-27 13:20:21,104 DEBUG (BaseJdbcLogger.java:159)- ==> Parameters: 8(Integer)
2019-04-27 13:20:21,109 DEBUG (BaseJdbcLogger.java:159)- <==      Total: 5
2019-04-27 13:20:21,173 DEBUG (BaseJdbcLogger.java:159)- ==>  Preparing: SELECT canteen_id,canteen_label,canteen_name,canteen_des,canteen_image FROM canteen WHERE canteen_id = ? 
2019-04-27 13:20:21,175 DEBUG (BaseJdbcLogger.java:159)- ==> Parameters: 8(Integer)
2019-04-27 13:20:21,178 DEBUG (BaseJdbcLogger.java:159)- <==      Total: 1
2019-04-27 13:20:30,701 DEBUG (BaseJdbcLogger.java:159)- ==>  Preparing: SELECT food_id,food_describe,food_price,food_image,canteen_id,food_name FROM food WHERE canteen_id = ? 
2019-04-27 13:20:30,703 DEBUG (BaseJdbcLogger.java:159)- ==> Parameters: 8(Integer)
2019-04-27 13:20:30,707 DEBUG (BaseJdbcLogger.java:159)- <==      Total: 5
2019-04-27 13:20:30,747 DEBUG (BaseJdbcLogger.java:159)- ==>  Preparing: SELECT canteen_id,canteen_label,canteen_name,canteen_des,canteen_image FROM canteen WHERE canteen_id = ? 
2019-04-27 13:20:30,748 DEBUG (BaseJdbcLogger.java:159)- ==> Parameters: 8(Integer)
2019-04-27 13:20:30,751 DEBUG (BaseJdbcLogger.java:159)- <==      Total: 1
2019-04-27 13:21:16,735 DEBUG (BaseJdbcLogger.java:159)- ==>  Preparing: SELECT canteen_id,canteen_label,canteen_name,canteen_des,canteen_image FROM canteen WHERE canteen_id = ? 
2019-04-27 13:21:16,736 DEBUG (BaseJdbcLogger.java:159)- ==> Parameters: 8(Integer)
2019-04-27 13:21:16,739 DEBUG (BaseJdbcLogger.java:159)- <==      Total: 1
2019-04-27 13:21:18,831 DEBUG (BaseJdbcLogger.java:159)- ==>  Preparing: SELECT food_id,food_describe,food_price,food_image,canteen_id,food_name FROM food WHERE canteen_id = ? 
2019-04-27 13:21:18,832 DEBUG (BaseJdbcLogger.java:159)- ==> Parameters: 8(Integer)
2019-04-27 13:21:18,835 DEBUG (BaseJdbcLogger.java:159)- <==      Total: 5
2019-04-27 13:21:21,716 DEBUG (BaseJdbcLogger.java:159)- ==>  Preparing: SELECT food_id,food_describe,food_price,food_image,canteen_id,food_name FROM food WHERE canteen_id = ? 
2019-04-27 13:21:21,717 DEBUG (BaseJdbcLogger.java:159)- ==> Parameters: 8(Integer)
2019-04-27 13:21:21,722 DEBUG (BaseJdbcLogger.java:159)- <==      Total: 5
2019-04-27 13:21:21,747 DEBUG (BaseJdbcLogger.java:159)- ==>  Preparing: SELECT canteen_id,canteen_label,canteen_name,canteen_des,canteen_image FROM canteen WHERE canteen_id = ? 
2019-04-27 13:21:21,747 DEBUG (BaseJdbcLogger.java:159)- ==> Parameters: 8(Integer)
2019-04-27 13:21:21,750 DEBUG (BaseJdbcLogger.java:159)- <==      Total: 1
2019-04-27 13:21:40,010 DEBUG (BaseJdbcLogger.java:159)- ==>  Preparing: SELECT food_id,food_describe,food_price,food_image,canteen_id,food_name FROM food WHERE canteen_id = ? 
2019-04-27 13:21:40,011 DEBUG (BaseJdbcLogger.java:159)- ==> Parameters: 8(Integer)
2019-04-27 13:21:40,016 DEBUG (BaseJdbcLogger.java:159)- <==      Total: 5
2019-04-27 13:21:40,056 DEBUG (BaseJdbcLogger.java:159)- ==>  Preparing: SELECT canteen_id,canteen_label,canteen_name,canteen_des,canteen_image FROM canteen WHERE canteen_id = ? 
2019-04-27 13:21:40,057 DEBUG (BaseJdbcLogger.java:159)- ==> Parameters: 8(Integer)
2019-04-27 13:21:40,060 DEBUG (BaseJdbcLogger.java:159)- <==      Total: 1
2019-04-27 13:21:42,766 DEBUG (BaseJdbcLogger.java:159)- ==>  Preparing: SELECT food_id,food_describe,food_price,food_image,canteen_id,food_name FROM food WHERE canteen_id = ? 
2019-04-27 13:21:42,766 DEBUG (BaseJdbcLogger.java:159)- ==> Parameters: 8(Integer)
2019-04-27 13:21:42,769 DEBUG (BaseJdbcLogger.java:159)- <==      Total: 5
2019-04-27 14:00:46,474 DEBUG (BaseJdbcLogger.java:159)- ==>  Preparing: SELECT food_id,food_describe,food_price,food_image,canteen_id,food_name FROM food WHERE canteen_id = ? 
2019-04-27 14:00:46,475 DEBUG (BaseJdbcLogger.java:159)- ==> Parameters: 8(Integer)
2019-04-27 14:00:46,479 DEBUG (BaseJdbcLogger.java:159)- <==      Total: 5
2019-04-27 14:03:10,573 DEBUG (BaseJdbcLogger.java:159)- ==>  Preparing: SELECT canteen_id,canteen_label,canteen_name,canteen_des,canteen_image FROM canteen WHERE canteen_id = ? 
2019-04-27 14:03:10,574 DEBUG (BaseJdbcLogger.java:159)- ==> Parameters: 8(Integer)
2019-04-27 14:03:10,576 DEBUG (BaseJdbcLogger.java:159)- <==      Total: 1
2019-04-27 14:08:17,820 DEBUG (BaseJdbcLogger.java:159)- ==>  Preparing: SELECT canteen_id,canteen_label,canteen_name,canteen_des,canteen_image FROM canteen WHERE canteen_id = ? 
2019-04-27 14:08:17,821 DEBUG (BaseJdbcLogger.java:159)- ==> Parameters: 8(Integer)
2019-04-27 14:08:17,825 DEBUG (BaseJdbcLogger.java:159)- <==      Total: 1
2019-04-27 14:08:50,319 DEBUG (BaseJdbcLogger.java:159)- ==>  Preparing: SELECT canteen_id,canteen_label,canteen_name,canteen_des,canteen_image FROM canteen WHERE canteen_id = ? 
2019-04-27 14:08:50,320 DEBUG (BaseJdbcLogger.java:159)- ==> Parameters: 8(Integer)
2019-04-27 14:08:50,322 DEBUG (BaseJdbcLogger.java:159)- <==      Total: 1
2019-04-27 14:09:06,763 DEBUG (BaseJdbcLogger.java:159)- ==>  Preparing: SELECT canteen_id,canteen_label,canteen_name,canteen_des,canteen_image FROM canteen WHERE canteen_id = ? 
2019-04-27 14:09:06,764 DEBUG (BaseJdbcLogger.java:159)- ==> Parameters: 8(Integer)
2019-04-27 14:09:06,766 DEBUG (BaseJdbcLogger.java:159)- <==      Total: 1
2019-04-27 14:10:04,530 DEBUG (BaseJdbcLogger.java:159)- ==>  Preparing: SELECT food_id,food_describe,food_price,food_image,canteen_id,food_name FROM food 
2019-04-27 14:10:04,530 DEBUG (BaseJdbcLogger.java:159)- ==> Parameters: 
2019-04-27 14:10:04,533 DEBUG (BaseJdbcLogger.java:159)- <==      Total: 5
2019-04-27 14:10:08,932 DEBUG (BaseJdbcLogger.java:159)- ==>  Preparing: SELECT food_id,food_describe,food_price,food_image,canteen_id,food_name FROM food 
2019-04-27 14:10:08,932 DEBUG (BaseJdbcLogger.java:159)- ==> Parameters: 
2019-04-27 14:10:08,935 DEBUG (BaseJdbcLogger.java:159)- <==      Total: 5
2019-04-27 14:10:10,829 DEBUG (BaseJdbcLogger.java:159)- ==>  Preparing: SELECT food_id,food_describe,food_price,food_image,canteen_id,food_name FROM food 
2019-04-27 14:10:10,830 DEBUG (BaseJdbcLogger.java:159)- ==> Parameters: 
2019-04-27 14:10:10,833 DEBUG (BaseJdbcLogger.java:159)- <==      Total: 5
2019-04-27 14:10:18,867 DEBUG (BaseJdbcLogger.java:159)- ==>  Preparing: SELECT food_id,food_describe,food_price,food_image,canteen_id,food_name FROM food 
2019-04-27 14:10:18,868 DEBUG (BaseJdbcLogger.java:159)- ==> Parameters: 
2019-04-27 14:10:18,870 DEBUG (BaseJdbcLogger.java:159)- <==      Total: 5
2019-04-27 14:20:07,537 DEBUG (BaseJdbcLogger.java:159)- ==>  Preparing: SELECT food_id,food_describe,food_price,food_image,canteen_id,food_name FROM food 
2019-04-27 14:20:07,538 DEBUG (BaseJdbcLogger.java:159)- ==> Parameters: 
2019-04-27 14:20:07,540 DEBUG (BaseJdbcLogger.java:159)- <==      Total: 5
2019-04-27 14:21:10,963 DEBUG (BaseJdbcLogger.java:159)- ==>  Preparing: SELECT food_id,food_describe,food_price,food_image,canteen_id,food_name FROM food 
2019-04-27 14:21:10,963 DEBUG (BaseJdbcLogger.java:159)- ==> Parameters: 
2019-04-27 14:21:10,966 DEBUG (BaseJdbcLogger.java:159)- <==      Total: 5
2019-04-27 14:21:11,011 DEBUG (BaseJdbcLogger.java:159)- ==>  Preparing: SELECT canteen_id,canteen_label,canteen_name,canteen_des,canteen_image FROM canteen WHERE canteen_id = ? 
2019-04-27 14:21:11,012 DEBUG (BaseJdbcLogger.java:159)- ==> Parameters: 8(Integer)
2019-04-27 14:21:11,017 DEBUG (BaseJdbcLogger.java:159)- <==      Total: 1
2019-04-27 14:25:21,931 DEBUG (BaseJdbcLogger.java:159)- ==>  Preparing: SELECT food_id,food_describe,food_price,food_image,canteen_id,food_name FROM food 
2019-04-27 14:25:21,932 DEBUG (BaseJdbcLogger.java:159)- ==> Parameters: 
2019-04-27 14:25:21,935 DEBUG (BaseJdbcLogger.java:159)- <==      Total: 5
2019-04-27 14:25:22,903 DEBUG (BaseJdbcLogger.java:159)- ==>  Preparing: SELECT food_id,food_describe,food_price,food_image,canteen_id,food_name FROM food 
2019-04-27 14:25:22,904 DEBUG (BaseJdbcLogger.java:159)- ==> Parameters: 
2019-04-27 14:25:22,907 DEBUG (BaseJdbcLogger.java:159)- <==      Total: 5
2019-04-27 14:25:44,649 DEBUG (BaseJdbcLogger.java:159)- ==>  Preparing: SELECT food_id,food_describe,food_price,food_image,canteen_id,food_name FROM food 
2019-04-27 14:25:44,650 DEBUG (BaseJdbcLogger.java:159)- ==> Parameters: 
2019-04-27 14:25:44,652 DEBUG (BaseJdbcLogger.java:159)- <==      Total: 5
2019-04-27 14:25:44,724 DEBUG (BaseJdbcLogger.java:159)- ==>  Preparing: SELECT canteen_id,canteen_label,canteen_name,canteen_des,canteen_image FROM canteen WHERE canteen_id = ? 
2019-04-27 14:25:44,725 DEBUG (BaseJdbcLogger.java:159)- ==> Parameters: 8(Integer)
2019-04-27 14:25:44,729 DEBUG (BaseJdbcLogger.java:159)- <==      Total: 1
2019-04-27 14:25:56,093 DEBUG (BaseJdbcLogger.java:159)- ==>  Preparing: SELECT food_id,food_describe,food_price,food_image,canteen_id,food_name FROM food WHERE canteen_id = ? 
2019-04-27 14:25:56,094 DEBUG (BaseJdbcLogger.java:159)- ==> Parameters: 8(Integer)
2019-04-27 14:25:56,097 DEBUG (BaseJdbcLogger.java:159)- <==      Total: 5
2019-04-27 14:25:57,378 DEBUG (BaseJdbcLogger.java:159)- ==>  Preparing: SELECT food_id,food_describe,food_price,food_image,canteen_id,food_name FROM food 
2019-04-27 14:25:57,379 DEBUG (BaseJdbcLogger.java:159)- ==> Parameters: 
2019-04-27 14:25:57,381 DEBUG (BaseJdbcLogger.java:159)- <==      Total: 5
2019-04-27 14:26:00,524 DEBUG (BaseJdbcLogger.java:159)- ==>  Preparing: SELECT food_id,food_describe,food_price,food_image,canteen_id,food_name FROM food 
2019-04-27 14:26:00,524 DEBUG (BaseJdbcLogger.java:159)- ==> Parameters: 
2019-04-27 14:26:00,527 DEBUG (BaseJdbcLogger.java:159)- <==      Total: 5
2019-04-27 14:26:00,578 DEBUG (BaseJdbcLogger.java:159)- ==>  Preparing: SELECT canteen_id,canteen_label,canteen_name,canteen_des,canteen_image FROM canteen WHERE canteen_id = ? 
2019-04-27 14:26:00,579 DEBUG (BaseJdbcLogger.java:159)- ==> Parameters: 8(Integer)
2019-04-27 14:26:00,582 DEBUG (BaseJdbcLogger.java:159)- <==      Total: 1
2019-04-27 14:26:50,746 DEBUG (BaseJdbcLogger.java:159)- ==>  Preparing: SELECT food_id,food_describe,food_price,food_image,canteen_id,food_name FROM food 
2019-04-27 14:26:50,747 DEBUG (BaseJdbcLogger.java:159)- ==> Parameters: 
2019-04-27 14:26:50,749 DEBUG (BaseJdbcLogger.java:159)- <==      Total: 5
2019-04-27 14:27:35,982 DEBUG (BaseJdbcLogger.java:159)- ==>  Preparing: SELECT food_id,food_describe,food_price,food_image,canteen_id,food_name FROM food 
2019-04-27 14:27:35,984 DEBUG (BaseJdbcLogger.java:159)- ==> Parameters: 
2019-04-27 14:27:35,988 DEBUG (BaseJdbcLogger.java:159)- <==      Total: 5
2019-04-27 14:27:58,490 DEBUG (BaseJdbcLogger.java:159)- ==>  Preparing: SELECT food_id,food_describe,food_price,food_image,canteen_id,food_name FROM food WHERE canteen_id = ? 
2019-04-27 14:27:58,492 DEBUG (BaseJdbcLogger.java:159)- ==> Parameters: 8(Integer)
2019-04-27 14:27:58,495 DEBUG (BaseJdbcLogger.java:159)- <==      Total: 5
2019-04-27 14:28:07,398 DEBUG (BaseJdbcLogger.java:159)- ==>  Preparing: SELECT food_id,food_describe,food_price,food_image,canteen_id,food_name FROM food WHERE canteen_id = ? 
2019-04-27 14:28:07,399 DEBUG (BaseJdbcLogger.java:159)- ==> Parameters: 8(Integer)
2019-04-27 14:28:07,402 DEBUG (BaseJdbcLogger.java:159)- <==      Total: 5
2019-04-27 14:28:07,456 DEBUG (BaseJdbcLogger.java:159)- ==>  Preparing: SELECT canteen_id,canteen_label,canteen_name,canteen_des,canteen_image FROM canteen WHERE canteen_id = ? 
2019-04-27 14:28:07,457 DEBUG (BaseJdbcLogger.java:159)- ==> Parameters: 8(Integer)
2019-04-27 14:28:07,459 DEBUG (BaseJdbcLogger.java:159)- <==      Total: 1
2019-04-27 14:28:41,192 DEBUG (BaseJdbcLogger.java:159)- ==>  Preparing: SELECT food_id,food_describe,food_price,food_image,canteen_id,food_name FROM food WHERE canteen_id = ? 
2019-04-27 14:28:41,193 DEBUG (BaseJdbcLogger.java:159)- ==> Parameters: 8(Integer)
2019-04-27 14:28:41,195 DEBUG (BaseJdbcLogger.java:159)- <==      Total: 5
2019-04-27 14:29:55,896 DEBUG (BaseJdbcLogger.java:159)- ==>  Preparing: SELECT food_id,food_describe,food_price,food_image,canteen_id,food_name FROM food WHERE canteen_id = ? 
2019-04-27 14:29:55,898 DEBUG (BaseJdbcLogger.java:159)- ==> Parameters: 8(Integer)
2019-04-27 14:29:55,900 DEBUG (BaseJdbcLogger.java:159)- <==      Total: 5
2019-04-27 14:30:05,058 DEBUG (BaseJdbcLogger.java:159)- ==>  Preparing: SELECT food_id,food_describe,food_price,food_image,canteen_id,food_name FROM food WHERE canteen_id = ? 
2019-04-27 14:30:05,059 DEBUG (BaseJdbcLogger.java:159)- ==> Parameters: 8(Integer)
2019-04-27 14:30:05,061 DEBUG (BaseJdbcLogger.java:159)- <==      Total: 5
2019-04-27 14:30:10,684 DEBUG (BaseJdbcLogger.java:159)- ==>  Preparing: SELECT food_id,food_describe,food_price,food_image,canteen_id,food_name FROM food WHERE canteen_id = ? 
2019-04-27 14:30:10,685 DEBUG (BaseJdbcLogger.java:159)- ==> Parameters: 8(Integer)
2019-04-27 14:30:10,687 DEBUG (BaseJdbcLogger.java:159)- <==      Total: 5
2019-04-27 14:30:17,208 DEBUG (BaseJdbcLogger.java:159)- ==>  Preparing: SELECT food_id,food_describe,food_price,food_image,canteen_id,food_name FROM food WHERE canteen_id = ? 
2019-04-27 14:30:17,209 DEBUG (BaseJdbcLogger.java:159)- ==> Parameters: 8(Integer)
2019-04-27 14:30:17,211 DEBUG (BaseJdbcLogger.java:159)- <==      Total: 5
2019-04-27 14:30:28,808 DEBUG (BaseJdbcLogger.java:159)- ==>  Preparing: SELECT food_id,food_describe,food_price,food_image,canteen_id,food_name FROM food WHERE canteen_id = ? 
2019-04-27 14:30:28,808 DEBUG (BaseJdbcLogger.java:159)- ==> Parameters: 8(Integer)
2019-04-27 14:30:28,810 DEBUG (BaseJdbcLogger.java:159)- <==      Total: 5
2019-04-27 14:30:28,879 DEBUG (BaseJdbcLogger.java:159)- ==>  Preparing: SELECT food_id,food_describe,food_price,food_image,canteen_id,food_name FROM food WHERE canteen_id = ? 
2019-04-27 14:30:28,880 DEBUG (BaseJdbcLogger.java:159)- ==> Parameters: 8(Integer)
2019-04-27 14:30:28,882 DEBUG (BaseJdbcLogger.java:159)- <==      Total: 5
2019-04-27 14:30:53,114 DEBUG (BaseJdbcLogger.java:159)- ==>  Preparing: SELECT food_id,food_describe,food_price,food_image,canteen_id,food_name FROM food WHERE canteen_id = ? 
2019-04-27 14:30:53,115 DEBUG (BaseJdbcLogger.java:159)- ==> Parameters: 8(Integer)
2019-04-27 14:30:53,119 DEBUG (BaseJdbcLogger.java:159)- <==      Total: 5
2019-04-27 14:30:53,166 DEBUG (BaseJdbcLogger.java:159)- ==>  Preparing: SELECT canteen_id,canteen_label,canteen_name,canteen_des,canteen_image FROM canteen WHERE canteen_id = ? 
2019-04-27 14:30:53,167 DEBUG (BaseJdbcLogger.java:159)- ==> Parameters: 8(Integer)
2019-04-27 14:30:53,170 DEBUG (BaseJdbcLogger.java:159)- <==      Total: 1
2019-04-27 14:33:23,905 DEBUG (BaseJdbcLogger.java:159)- ==>  Preparing: SELECT food_id,food_describe,food_price,food_image,canteen_id,food_name FROM food WHERE canteen_id = ? 
2019-04-27 14:33:23,906 DEBUG (BaseJdbcLogger.java:159)- ==> Parameters: 8(Integer)
2019-04-27 14:33:23,908 DEBUG (BaseJdbcLogger.java:159)- <==      Total: 5
2019-04-27 14:33:24,065 DEBUG (BaseJdbcLogger.java:159)- ==>  Preparing: SELECT canteen_id,canteen_label,canteen_name,canteen_des,canteen_image FROM canteen WHERE canteen_id = ? 
2019-04-27 14:33:24,066 DEBUG (BaseJdbcLogger.java:159)- ==> Parameters: 8(Integer)
2019-04-27 14:33:24,067 DEBUG (BaseJdbcLogger.java:159)- <==      Total: 1
2019-04-27 14:45:45,622 DEBUG (BaseJdbcLogger.java:159)- ==>  Preparing: SELECT food_id,food_describe,food_price,food_image,canteen_id,food_name FROM food WHERE canteen_id = ? 
2019-04-27 14:45:45,624 DEBUG (BaseJdbcLogger.java:159)- ==> Parameters: 8(Integer)
2019-04-27 14:45:45,628 DEBUG (BaseJdbcLogger.java:159)- <==      Total: 5
2019-04-27 14:45:45,677 DEBUG (BaseJdbcLogger.java:159)- ==>  Preparing: SELECT canteen_id,canteen_label,canteen_name,canteen_des,canteen_image FROM canteen WHERE canteen_id = ? 
2019-04-27 14:45:45,677 DEBUG (BaseJdbcLogger.java:159)- ==> Parameters: 8(Integer)
2019-04-27 14:45:45,680 DEBUG (BaseJdbcLogger.java:159)- <==      Total: 1
2019-04-27 14:46:04,303 DEBUG (BaseJdbcLogger.java:159)- ==>  Preparing: SELECT food_id,food_describe,food_price,food_image,canteen_id,food_name FROM food WHERE canteen_id = ? 
2019-04-27 14:46:04,304 DEBUG (BaseJdbcLogger.java:159)- ==> Parameters: 8(Integer)
2019-04-27 14:46:04,307 DEBUG (BaseJdbcLogger.java:159)- <==      Total: 5
2019-04-27 14:46:43,923 DEBUG (BaseJdbcLogger.java:159)- ==>  Preparing: SELECT food_id,food_describe,food_price,food_image,canteen_id,food_name FROM food WHERE canteen_id = ? 
2019-04-27 14:46:43,925 DEBUG (BaseJdbcLogger.java:159)- ==> Parameters: 8(Integer)
2019-04-27 14:46:43,929 DEBUG (BaseJdbcLogger.java:159)- <==      Total: 5
2019-04-27 14:46:43,978 DEBUG (BaseJdbcLogger.java:159)- ==>  Preparing: SELECT canteen_id,canteen_label,canteen_name,canteen_des,canteen_image FROM canteen WHERE canteen_id = ? 
2019-04-27 14:46:43,979 DEBUG (BaseJdbcLogger.java:159)- ==> Parameters: 8(Integer)
2019-04-27 14:46:43,980 DEBUG (BaseJdbcLogger.java:159)- <==      Total: 1
2019-04-27 14:49:14,052 DEBUG (BaseJdbcLogger.java:159)- ==>  Preparing: SELECT food_id,food_describe,food_price,food_image,canteen_id,food_name FROM food WHERE canteen_id = ? 
2019-04-27 14:49:14,054 DEBUG (BaseJdbcLogger.java:159)- ==> Parameters: 8(Integer)
2019-04-27 14:49:14,058 DEBUG (BaseJdbcLogger.java:159)- <==      Total: 5
2019-04-27 14:49:14,095 DEBUG (BaseJdbcLogger.java:159)- ==>  Preparing: SELECT canteen_id,canteen_label,canteen_name,canteen_des,canteen_image FROM canteen WHERE canteen_id = ? 
2019-04-27 14:49:14,096 DEBUG (BaseJdbcLogger.java:159)- ==> Parameters: 8(Integer)
2019-04-27 14:49:14,098 DEBUG (BaseJdbcLogger.java:159)- <==      Total: 1
2019-04-27 14:49:27,879 DEBUG (BaseJdbcLogger.java:159)- ==>  Preparing: SELECT food_id,food_describe,food_price,food_image,canteen_id,food_name FROM food WHERE canteen_id = ? 
2019-04-27 14:49:27,881 DEBUG (BaseJdbcLogger.java:159)- ==> Parameters: 8(Integer)
2019-04-27 14:49:27,885 DEBUG (BaseJdbcLogger.java:159)- <==      Total: 5
2019-04-27 14:49:27,929 DEBUG (BaseJdbcLogger.java:159)- ==>  Preparing: SELECT canteen_id,canteen_label,canteen_name,canteen_des,canteen_image FROM canteen WHERE canteen_id = ? 
2019-04-27 14:49:27,929 DEBUG (BaseJdbcLogger.java:159)- ==> Parameters: 8(Integer)
2019-04-27 14:49:27,931 DEBUG (BaseJdbcLogger.java:159)- <==      Total: 1
2019-04-27 14:51:36,847 DEBUG (BaseJdbcLogger.java:159)- ==>  Preparing: SELECT food_id,food_describe,food_price,food_image,canteen_id,food_name FROM food WHERE canteen_id = ? 
2019-04-27 14:51:36,848 DEBUG (BaseJdbcLogger.java:159)- ==> Parameters: 8(Integer)
2019-04-27 14:51:36,852 DEBUG (BaseJdbcLogger.java:159)- <==      Total: 5
2019-04-27 14:51:36,892 DEBUG (BaseJdbcLogger.java:159)- ==>  Preparing: SELECT canteen_id,canteen_label,canteen_name,canteen_des,canteen_image FROM canteen WHERE canteen_id = ? 
2019-04-27 14:51:36,893 DEBUG (BaseJdbcLogger.java:159)- ==> Parameters: 8(Integer)
2019-04-27 14:51:36,896 DEBUG (BaseJdbcLogger.java:159)- <==      Total: 1
2019-04-27 14:53:09,527 DEBUG (BaseJdbcLogger.java:159)- ==>  Preparing: SELECT food_id,food_describe,food_price,food_image,canteen_id,food_name FROM food WHERE canteen_id = ? 
2019-04-27 14:53:09,529 DEBUG (BaseJdbcLogger.java:159)- ==> Parameters: 8(Integer)
2019-04-27 14:53:09,531 DEBUG (BaseJdbcLogger.java:159)- <==      Total: 5
2019-04-27 14:53:09,576 DEBUG (BaseJdbcLogger.java:159)- ==>  Preparing: SELECT canteen_id,canteen_label,canteen_name,canteen_des,canteen_image FROM canteen WHERE canteen_id = ? 
2019-04-27 14:53:09,576 DEBUG (BaseJdbcLogger.java:159)- ==> Parameters: 8(Integer)
2019-04-27 14:53:09,578 DEBUG (BaseJdbcLogger.java:159)- <==      Total: 1
2019-04-27 14:56:31,543 DEBUG (BaseJdbcLogger.java:159)- ==>  Preparing: SELECT food_id,food_describe,food_price,food_image,canteen_id,food_name FROM food WHERE canteen_id = ? 
2019-04-27 14:56:31,543 DEBUG (BaseJdbcLogger.java:159)- ==> Parameters: 8(Integer)
2019-04-27 14:56:31,546 DEBUG (BaseJdbcLogger.java:159)- <==      Total: 5
2019-04-27 14:56:31,605 DEBUG (BaseJdbcLogger.java:159)- ==>  Preparing: SELECT canteen_id,canteen_label,canteen_name,canteen_des,canteen_image FROM canteen WHERE canteen_id = ? 
2019-04-27 14:56:31,606 DEBUG (BaseJdbcLogger.java:159)- ==> Parameters: 8(Integer)
2019-04-27 14:56:31,608 DEBUG (BaseJdbcLogger.java:159)- <==      Total: 1
2019-04-27 14:56:35,229 DEBUG (BaseJdbcLogger.java:159)- ==>  Preparing: SELECT food_id,food_describe,food_price,food_image,canteen_id,food_name FROM food WHERE canteen_id = ? 
2019-04-27 14:56:35,230 DEBUG (BaseJdbcLogger.java:159)- ==> Parameters: 8(Integer)
2019-04-27 14:56:35,232 DEBUG (BaseJdbcLogger.java:159)- <==      Total: 5
2019-04-27 14:56:36,680 DEBUG (BaseJdbcLogger.java:159)- ==>  Preparing: SELECT food_id,food_describe,food_price,food_image,canteen_id,food_name FROM food WHERE canteen_id = ? 
2019-04-27 14:56:36,680 DEBUG (BaseJdbcLogger.java:159)- ==> Parameters: 8(Integer)
2019-04-27 14:56:36,682 DEBUG (BaseJdbcLogger.java:159)- <==      Total: 5
2019-04-27 14:57:24,143 DEBUG (BaseJdbcLogger.java:159)- ==>  Preparing: SELECT food_id,food_describe,food_price,food_image,canteen_id,food_name FROM food WHERE canteen_id = ? 
2019-04-27 14:57:24,144 DEBUG (BaseJdbcLogger.java:159)- ==> Parameters: 8(Integer)
2019-04-27 14:57:24,146 DEBUG (BaseJdbcLogger.java:159)- <==      Total: 5
2019-04-27 14:57:27,194 DEBUG (BaseJdbcLogger.java:159)- ==>  Preparing: SELECT food_id,food_describe,food_price,food_image,canteen_id,food_name FROM food WHERE canteen_id = ? 
2019-04-27 14:57:27,195 DEBUG (BaseJdbcLogger.java:159)- ==> Parameters: 8(Integer)
2019-04-27 14:57:27,198 DEBUG (BaseJdbcLogger.java:159)- <==      Total: 5
2019-04-27 14:57:27,299 DEBUG (BaseJdbcLogger.java:159)- ==>  Preparing: SELECT food_id,food_describe,food_price,food_image,canteen_id,food_name FROM food WHERE canteen_id = ? 
2019-04-27 14:57:27,300 DEBUG (BaseJdbcLogger.java:159)- ==> Parameters: 8(Integer)
2019-04-27 14:57:27,302 DEBUG (BaseJdbcLogger.java:159)- <==      Total: 5
